2024-11-28 22:28:37,803 - detection_engine - DEBUG - Initializing DetectionEngine with binance://BTCUSDT_M1, M1
2024-11-28 22:28:38,847 - detection_engine - DEBUG - Cache updated for fvgs with hash c88e8133534dacd8a76d5af9011b34f1
2024-11-28 22:28:38,847 - detection_engine - DEBUG - Found 9 bullish and 17 bearish FVGs
2024-11-28 22:28:39,053 - detection_engine - DEBUG - Using valid cached FVG results
2024-11-28 22:28:39,257 - detection_engine - DEBUG - Using valid cached FVG results
2024-11-28 22:28:39,459 - detection_engine - DEBUG - Using valid cached FVG results
2024-11-28 22:28:39,664 - detection_engine - DEBUG - Using valid cached FVG results
2024-11-28 22:28:40,893 - detection_engine - DEBUG - Cache updated for fvgs with hash c88e8133534dacd8a76d5af9011b34f1
2024-11-28 22:28:40,893 - detection_engine - DEBUG - Found 9 bullish and 17 bearish FVGs
2024-11-28 22:28:41,099 - detection_engine - DEBUG - Using valid cached FVG results
2024-11-28 22:28:41,302 - detection_engine - DEBUG - Using valid cached FVG results
2024-11-28 22:28:41,507 - detection_engine - DEBUG - Using valid cached FVG results
2024-11-28 22:28:41,709 - detection_engine - DEBUG - Using valid cached FVG results
2024-11-28 22:28:42,904 - detection_engine - DEBUG - Cache updated for fvgs with hash c88e8133534dacd8a76d5af9011b34f1
2024-11-28 22:28:42,904 - detection_engine - DEBUG - Found 9 bullish and 17 bearish FVGs
2024-11-28 22:28:43,110 - detection_engine - DEBUG - Using valid cached FVG results
2024-11-28 22:28:43,316 - detection_engine - DEBUG - Using valid cached FVG results
2024-11-28 22:28:43,520 - detection_engine - DEBUG - Using valid cached FVG results
2024-11-28 22:28:43,724 - detection_engine - DEBUG - Using valid cached FVG results
2024-11-28 22:28:44,922 - detection_engine - DEBUG - Cache updated for fvgs with hash c88e8133534dacd8a76d5af9011b34f1
2024-11-28 22:28:44,923 - detection_engine - DEBUG - Found 9 bullish and 17 bearish FVGs
2024-11-28 22:28:45,128 - detection_engine - DEBUG - Using valid cached FVG results
2024-11-28 22:28:45,335 - detection_engine - DEBUG - Using valid cached FVG results
2024-11-28 22:28:45,536 - detection_engine - DEBUG - Using valid cached FVG results
2024-11-28 22:28:45,743 - detection_engine - DEBUG - Using valid cached FVG results
2024-11-28 22:28:46,947 - detection_engine - DEBUG - Cache updated for fvgs with hash c88e8133534dacd8a76d5af9011b34f1
2024-11-28 22:28:46,947 - detection_engine - DEBUG - Found 9 bullish and 17 bearish FVGs
2024-11-28 22:28:47,154 - detection_engine - DEBUG - Using valid cached FVG results
2024-11-28 22:28:47,360 - detection_engine - DEBUG - Using valid cached FVG results
2024-11-28 22:28:47,568 - detection_engine - DEBUG - Using valid cached FVG results
2024-11-28 22:28:47,774 - detection_engine - DEBUG - Using valid cached FVG results
2024-11-28 22:28:48,980 - detection_engine - DEBUG - Cache updated for fvgs with hash c88e8133534dacd8a76d5af9011b34f1
2024-11-28 22:28:48,980 - detection_engine - DEBUG - Found 9 bullish and 17 bearish FVGs
2024-11-28 22:28:49,186 - detection_engine - DEBUG - Using valid cached FVG results
2024-11-28 22:28:49,394 - detection_engine - DEBUG - Using valid cached FVG results
2024-11-28 22:28:49,601 - detection_engine - DEBUG - Using valid cached FVG results
2024-11-28 22:28:49,806 - detection_engine - DEBUG - Using valid cached FVG results
2024-11-28 22:28:51,068 - detection_engine - DEBUG - Cache updated for fvgs with hash c88e8133534dacd8a76d5af9011b34f1
2024-11-28 22:28:51,068 - detection_engine - DEBUG - Found 9 bullish and 17 bearish FVGs
2024-11-28 22:28:51,272 - detection_engine - DEBUG - Using valid cached FVG results
2024-11-28 22:28:51,479 - detection_engine - DEBUG - Using valid cached FVG results
2024-11-28 22:28:51,684 - detection_engine - DEBUG - Using valid cached FVG results
2024-11-28 22:28:51,889 - detection_engine - DEBUG - Using valid cached FVG results
2024-11-28 22:28:53,091 - detection_engine - DEBUG - Cache updated for fvgs with hash c88e8133534dacd8a76d5af9011b34f1
2024-11-28 22:28:53,091 - detection_engine - DEBUG - Found 9 bullish and 17 bearish FVGs
2024-11-28 22:28:53,298 - detection_engine - DEBUG - Using valid cached FVG results
2024-11-28 22:28:53,500 - detection_engine - DEBUG - Using valid cached FVG results
2024-11-28 22:28:53,705 - detection_engine - DEBUG - Using valid cached FVG results
2024-11-28 22:28:53,906 - detection_engine - DEBUG - Using valid cached FVG results
2024-11-28 22:28:55,117 - detection_engine - DEBUG - Cache updated for fvgs with hash c88e8133534dacd8a76d5af9011b34f1
2024-11-28 22:28:55,117 - detection_engine - DEBUG - Found 9 bullish and 17 bearish FVGs
2024-11-28 22:28:55,319 - detection_engine - DEBUG - Using valid cached FVG results
2024-11-28 22:28:55,524 - detection_engine - DEBUG - Using valid cached FVG results
2024-11-28 22:28:55,728 - detection_engine - DEBUG - Using valid cached FVG results
2024-11-28 22:28:55,934 - detection_engine - DEBUG - Using valid cached FVG results
2024-11-28 22:28:57,180 - detection_engine - DEBUG - Cache updated for fvgs with hash c88e8133534dacd8a76d5af9011b34f1
2024-11-28 22:28:57,180 - detection_engine - DEBUG - Found 9 bullish and 17 bearish FVGs
2024-11-28 22:28:57,386 - detection_engine - DEBUG - Using valid cached FVG results
2024-11-28 22:28:57,592 - detection_engine - DEBUG - Using valid cached FVG results
2024-11-28 22:28:57,798 - detection_engine - DEBUG - Using valid cached FVG results
2024-11-28 22:28:58,001 - detection_engine - DEBUG - Using valid cached FVG results
2024-11-28 22:28:59,207 - detection_engine - DEBUG - Cache updated for fvgs with hash c88e8133534dacd8a76d5af9011b34f1
2024-11-28 22:28:59,207 - detection_engine - DEBUG - Found 9 bullish and 17 bearish FVGs
2024-11-28 22:28:59,411 - detection_engine - DEBUG - Using valid cached FVG results
2024-11-28 22:28:59,617 - detection_engine - DEBUG - Using valid cached FVG results
2024-11-28 22:28:59,821 - detection_engine - DEBUG - Using valid cached FVG results
2024-11-28 22:29:00,027 - detection_engine - DEBUG - Using valid cached FVG results
2024-11-28 22:29:01,224 - detection_engine - DEBUG - Cache updated for fvgs with hash c88e8133534dacd8a76d5af9011b34f1
2024-11-28 22:29:01,224 - detection_engine - DEBUG - Found 9 bullish and 17 bearish FVGs
2024-11-28 22:29:01,426 - detection_engine - DEBUG - Using valid cached FVG results
2024-11-28 22:29:01,629 - detection_engine - DEBUG - Using valid cached FVG results
2024-11-28 22:29:01,836 - detection_engine - DEBUG - Using valid cached FVG results
2024-11-28 22:29:02,040 - detection_engine - DEBUG - Using valid cached FVG results
2024-11-28 22:29:03,335 - detection_engine - DEBUG - Cache updated for fvgs with hash f45b6091f3b8a1afd6521616ea0f0eaa
2024-11-28 22:29:03,335 - detection_engine - DEBUG - Found 9 bullish and 17 bearish FVGs
2024-11-28 22:29:03,540 - detection_engine - DEBUG - Using valid cached FVG results
2024-11-28 22:29:03,746 - detection_engine - DEBUG - Using valid cached FVG results
2024-11-28 22:29:03,949 - detection_engine - DEBUG - Using valid cached FVG results
2024-11-28 22:29:04,150 - detection_engine - DEBUG - Using valid cached FVG results
2024-11-28 22:29:05,481 - detection_engine - DEBUG - Cache updated for fvgs with hash f45b6091f3b8a1afd6521616ea0f0eaa
2024-11-28 22:29:05,482 - detection_engine - DEBUG - Found 9 bullish and 17 bearish FVGs
2024-11-28 22:29:05,686 - detection_engine - DEBUG - Using valid cached FVG results
2024-11-28 22:29:05,888 - detection_engine - DEBUG - Using valid cached FVG results
2024-11-28 22:29:06,095 - detection_engine - DEBUG - Using valid cached FVG results
2024-11-28 22:29:06,302 - detection_engine - DEBUG - Using valid cached FVG results
2024-11-28 22:29:07,535 - detection_engine - DEBUG - Cache updated for fvgs with hash f45b6091f3b8a1afd6521616ea0f0eaa
2024-11-28 22:29:07,535 - detection_engine - DEBUG - Found 9 bullish and 17 bearish FVGs
2024-11-28 22:29:07,741 - detection_engine - DEBUG - Using valid cached FVG results
2024-11-28 22:29:07,949 - detection_engine - DEBUG - Using valid cached FVG results
2024-11-28 22:29:08,152 - detection_engine - DEBUG - Using valid cached FVG results
2024-11-28 22:29:08,356 - detection_engine - DEBUG - Using valid cached FVG results
2024-11-28 22:29:09,592 - detection_engine - DEBUG - Cache updated for fvgs with hash f45b6091f3b8a1afd6521616ea0f0eaa
2024-11-28 22:29:09,592 - detection_engine - DEBUG - Found 9 bullish and 17 bearish FVGs
2024-11-28 22:29:09,798 - detection_engine - DEBUG - Using valid cached FVG results
2024-11-28 22:29:10,002 - detection_engine - DEBUG - Using valid cached FVG results
2024-11-28 22:29:10,208 - detection_engine - DEBUG - Using valid cached FVG results
2024-11-28 22:29:10,418 - detection_engine - DEBUG - Using valid cached FVG results
2024-11-28 22:29:11,648 - detection_engine - DEBUG - Cache updated for fvgs with hash f45b6091f3b8a1afd6521616ea0f0eaa
2024-11-28 22:29:11,648 - detection_engine - DEBUG - Found 9 bullish and 17 bearish FVGs
2024-11-28 22:29:11,855 - detection_engine - DEBUG - Using valid cached FVG results
2024-11-28 22:29:12,059 - detection_engine - DEBUG - Using valid cached FVG results
2024-11-28 22:29:12,265 - detection_engine - DEBUG - Using valid cached FVG results
2024-11-28 22:29:12,471 - detection_engine - DEBUG - Using valid cached FVG results
2024-11-28 22:29:13,716 - detection_engine - DEBUG - Cache updated for fvgs with hash f45b6091f3b8a1afd6521616ea0f0eaa
2024-11-28 22:29:13,717 - detection_engine - DEBUG - Found 9 bullish and 17 bearish FVGs
2024-11-28 22:29:13,923 - detection_engine - DEBUG - Using valid cached FVG results
2024-11-28 22:29:14,129 - detection_engine - DEBUG - Using valid cached FVG results
2024-11-28 22:29:14,337 - detection_engine - DEBUG - Using valid cached FVG results
2024-11-28 22:29:14,542 - detection_engine - DEBUG - Using valid cached FVG results
2024-11-28 22:29:15,775 - detection_engine - DEBUG - Cache updated for fvgs with hash f45b6091f3b8a1afd6521616ea0f0eaa
2024-11-28 22:29:15,775 - detection_engine - DEBUG - Found 9 bullish and 17 bearish FVGs
2024-11-28 22:29:15,981 - detection_engine - DEBUG - Using valid cached FVG results
2024-11-28 22:29:16,185 - detection_engine - DEBUG - Using valid cached FVG results
2024-11-28 22:29:16,391 - detection_engine - DEBUG - Using valid cached FVG results
2024-11-28 22:29:16,596 - detection_engine - DEBUG - Using valid cached FVG results
2024-11-28 22:29:17,880 - detection_engine - DEBUG - Cache updated for fvgs with hash f45b6091f3b8a1afd6521616ea0f0eaa
2024-11-28 22:29:17,880 - detection_engine - DEBUG - Found 9 bullish and 17 bearish FVGs
2024-11-28 22:29:18,085 - detection_engine - DEBUG - Using valid cached FVG results
2024-11-28 22:29:18,288 - detection_engine - DEBUG - Using valid cached FVG results
2024-11-28 22:29:18,495 - detection_engine - DEBUG - Using valid cached FVG results
2024-11-28 22:29:18,700 - detection_engine - DEBUG - Using valid cached FVG results
2024-11-28 22:29:19,936 - detection_engine - DEBUG - Cache updated for fvgs with hash f45b6091f3b8a1afd6521616ea0f0eaa
2024-11-28 22:29:19,936 - detection_engine - DEBUG - Found 9 bullish and 17 bearish FVGs
2024-11-28 22:29:20,142 - detection_engine - DEBUG - Using valid cached FVG results
2024-11-28 22:29:20,345 - detection_engine - DEBUG - Using valid cached FVG results
2024-11-28 22:29:20,553 - detection_engine - DEBUG - Using valid cached FVG results
2024-11-28 22:29:20,759 - detection_engine - DEBUG - Using valid cached FVG results
2024-11-28 22:29:22,009 - detection_engine - DEBUG - Cache updated for fvgs with hash f45b6091f3b8a1afd6521616ea0f0eaa
2024-11-28 22:29:22,009 - detection_engine - DEBUG - Found 9 bullish and 17 bearish FVGs
2024-11-28 22:29:22,214 - detection_engine - DEBUG - Using valid cached FVG results
2024-11-28 22:29:22,419 - detection_engine - DEBUG - Using valid cached FVG results
2024-11-28 22:29:22,626 - detection_engine - DEBUG - Using valid cached FVG results
2024-11-28 22:29:22,833 - detection_engine - DEBUG - Using valid cached FVG results
2024-11-28 22:29:24,098 - detection_engine - DEBUG - Cache updated for fvgs with hash f45b6091f3b8a1afd6521616ea0f0eaa
2024-11-28 22:29:24,099 - detection_engine - DEBUG - Found 9 bullish and 17 bearish FVGs
2024-11-28 22:29:24,305 - detection_engine - DEBUG - Using valid cached FVG results
2024-11-28 22:29:24,511 - detection_engine - DEBUG - Using valid cached FVG results
2024-11-28 22:29:24,714 - detection_engine - DEBUG - Using valid cached FVG results
2024-11-28 22:29:24,919 - detection_engine - DEBUG - Using valid cached FVG results
2024-11-28 22:29:26,201 - detection_engine - DEBUG - Cache updated for fvgs with hash f45b6091f3b8a1afd6521616ea0f0eaa
2024-11-28 22:29:26,201 - detection_engine - DEBUG - Found 9 bullish and 17 bearish FVGs
2024-11-28 22:29:26,406 - detection_engine - DEBUG - Using valid cached FVG results
2024-11-28 22:29:26,612 - detection_engine - DEBUG - Using valid cached FVG results
2024-11-28 22:29:26,814 - detection_engine - DEBUG - Using valid cached FVG results
2024-11-28 22:29:27,022 - detection_engine - DEBUG - Using valid cached FVG results
2024-11-28 22:29:28,316 - detection_engine - DEBUG - Cache updated for fvgs with hash f45b6091f3b8a1afd6521616ea0f0eaa
2024-11-28 22:29:28,316 - detection_engine - DEBUG - Found 9 bullish and 17 bearish FVGs
2024-11-28 22:29:28,518 - detection_engine - DEBUG - Using valid cached FVG results
2024-11-28 22:29:28,721 - detection_engine - DEBUG - Using valid cached FVG results
2024-11-28 22:29:28,930 - detection_engine - DEBUG - Using valid cached FVG results
2024-11-28 22:29:29,135 - detection_engine - DEBUG - Using valid cached FVG results
2024-11-28 22:29:30,409 - detection_engine - DEBUG - Cache updated for fvgs with hash f45b6091f3b8a1afd6521616ea0f0eaa
2024-11-28 22:29:30,409 - detection_engine - DEBUG - Found 9 bullish and 17 bearish FVGs
2024-11-28 22:29:30,621 - detection_engine - DEBUG - Using valid cached FVG results
2024-11-28 22:29:30,828 - detection_engine - DEBUG - Using valid cached FVG results
2024-11-28 22:29:31,031 - detection_engine - DEBUG - Using valid cached FVG results
2024-11-28 22:29:31,237 - detection_engine - DEBUG - Using valid cached FVG results
2024-11-28 22:29:32,520 - detection_engine - DEBUG - Cache updated for fvgs with hash f45b6091f3b8a1afd6521616ea0f0eaa
2024-11-28 22:29:32,520 - detection_engine - DEBUG - Found 9 bullish and 17 bearish FVGs
2024-11-28 22:29:32,725 - detection_engine - DEBUG - Using valid cached FVG results
2024-11-28 22:29:32,933 - detection_engine - DEBUG - Using valid cached FVG results
2024-11-28 22:29:33,139 - detection_engine - DEBUG - Using valid cached FVG results
2024-11-28 22:29:33,344 - detection_engine - DEBUG - Using valid cached FVG results
2024-11-28 22:29:34,611 - detection_engine - DEBUG - Cache updated for fvgs with hash f45b6091f3b8a1afd6521616ea0f0eaa
2024-11-28 22:29:34,611 - detection_engine - DEBUG - Found 9 bullish and 17 bearish FVGs
2024-11-28 22:29:34,817 - detection_engine - DEBUG - Using valid cached FVG results
2024-11-28 22:29:35,022 - detection_engine - DEBUG - Using valid cached FVG results
2024-11-28 22:29:35,224 - detection_engine - DEBUG - Using valid cached FVG results
2024-11-28 22:29:35,430 - detection_engine - DEBUG - Using valid cached FVG results
2024-11-28 22:29:36,717 - detection_engine - DEBUG - Cache updated for fvgs with hash f45b6091f3b8a1afd6521616ea0f0eaa
2024-11-28 22:29:36,717 - detection_engine - DEBUG - Found 9 bullish and 17 bearish FVGs
2024-11-28 22:29:36,925 - detection_engine - DEBUG - Using valid cached FVG results
2024-11-28 22:29:37,132 - detection_engine - DEBUG - Using valid cached FVG results
2024-11-28 22:29:37,335 - detection_engine - DEBUG - Using valid cached FVG results
2024-11-28 22:29:37,541 - detection_engine - DEBUG - Using valid cached FVG results
2024-11-28 22:29:38,827 - detection_engine - DEBUG - Cache updated for fvgs with hash f45b6091f3b8a1afd6521616ea0f0eaa
2024-11-28 22:29:38,827 - detection_engine - DEBUG - Found 9 bullish and 17 bearish FVGs
2024-11-28 22:29:39,034 - detection_engine - DEBUG - Using valid cached FVG results
2024-11-28 22:29:39,241 - detection_engine - DEBUG - Using valid cached FVG results
2024-11-28 22:29:39,447 - detection_engine - DEBUG - Using valid cached FVG results
2024-11-28 22:29:39,653 - detection_engine - DEBUG - Using valid cached FVG results
2024-11-28 22:29:40,935 - detection_engine - DEBUG - Cache updated for fvgs with hash f45b6091f3b8a1afd6521616ea0f0eaa
2024-11-28 22:29:40,935 - detection_engine - DEBUG - Found 9 bullish and 17 bearish FVGs
2024-11-28 22:29:41,141 - detection_engine - DEBUG - Using valid cached FVG results
2024-11-28 22:29:41,344 - detection_engine - DEBUG - Using valid cached FVG results
2024-11-28 22:29:41,546 - detection_engine - DEBUG - Using valid cached FVG results
2024-11-28 22:29:41,753 - detection_engine - DEBUG - Using valid cached FVG results
2024-11-28 22:29:43,023 - detection_engine - DEBUG - Cache updated for fvgs with hash f45b6091f3b8a1afd6521616ea0f0eaa
2024-11-28 22:29:43,023 - detection_engine - DEBUG - Found 9 bullish and 17 bearish FVGs
2024-11-28 22:29:43,229 - detection_engine - DEBUG - Using valid cached FVG results
2024-11-28 22:29:43,436 - detection_engine - DEBUG - Using valid cached FVG results
2024-11-28 22:29:43,640 - detection_engine - DEBUG - Using valid cached FVG results
2024-11-28 22:29:43,847 - detection_engine - DEBUG - Using valid cached FVG results
2024-11-28 22:29:45,145 - detection_engine - DEBUG - Cache updated for fvgs with hash f45b6091f3b8a1afd6521616ea0f0eaa
2024-11-28 22:29:45,145 - detection_engine - DEBUG - Found 9 bullish and 17 bearish FVGs
2024-11-28 22:29:45,350 - detection_engine - DEBUG - Using valid cached FVG results
2024-11-28 22:29:45,555 - detection_engine - DEBUG - Using valid cached FVG results
2024-11-28 22:29:45,761 - detection_engine - DEBUG - Using valid cached FVG results
2024-11-28 22:29:45,967 - detection_engine - DEBUG - Using valid cached FVG results
2024-11-28 22:29:47,266 - detection_engine - DEBUG - Cache updated for fvgs with hash f45b6091f3b8a1afd6521616ea0f0eaa
2024-11-28 22:29:47,266 - detection_engine - DEBUG - Found 9 bullish and 17 bearish FVGs
2024-11-28 22:29:47,467 - detection_engine - DEBUG - Using valid cached FVG results
2024-11-28 22:29:47,673 - detection_engine - DEBUG - Using valid cached FVG results
2024-11-28 22:29:47,884 - detection_engine - DEBUG - Using valid cached FVG results
2024-11-28 22:29:48,091 - detection_engine - DEBUG - Using valid cached FVG results
2024-11-28 22:29:49,374 - detection_engine - DEBUG - Cache updated for fvgs with hash f45b6091f3b8a1afd6521616ea0f0eaa
2024-11-28 22:29:49,374 - detection_engine - DEBUG - Found 9 bullish and 17 bearish FVGs
2024-11-28 22:29:49,580 - detection_engine - DEBUG - Using valid cached FVG results
2024-11-28 22:29:49,786 - detection_engine - DEBUG - Using valid cached FVG results
2024-11-28 22:29:49,989 - detection_engine - DEBUG - Using valid cached FVG results
2024-11-28 22:29:50,209 - detection_engine - DEBUG - Using valid cached FVG results
2024-11-28 22:29:51,485 - detection_engine - DEBUG - Cache updated for fvgs with hash f45b6091f3b8a1afd6521616ea0f0eaa
2024-11-28 22:29:51,485 - detection_engine - DEBUG - Found 9 bullish and 17 bearish FVGs
2024-11-28 22:29:51,686 - detection_engine - DEBUG - Using valid cached FVG results
2024-11-28 22:29:51,892 - detection_engine - DEBUG - Using valid cached FVG results
2024-11-28 22:29:52,099 - detection_engine - DEBUG - Using valid cached FVG results
2024-11-28 22:29:52,304 - detection_engine - DEBUG - Using valid cached FVG results
2024-11-28 22:29:53,587 - detection_engine - DEBUG - Cache updated for fvgs with hash f45b6091f3b8a1afd6521616ea0f0eaa
2024-11-28 22:29:53,587 - detection_engine - DEBUG - Found 9 bullish and 17 bearish FVGs
2024-11-28 22:29:53,789 - detection_engine - DEBUG - Using valid cached FVG results
2024-11-28 22:29:53,995 - detection_engine - DEBUG - Using valid cached FVG results
2024-11-28 22:29:54,198 - detection_engine - DEBUG - Using valid cached FVG results
2024-11-28 22:29:54,404 - detection_engine - DEBUG - Using valid cached FVG results
2024-11-28 22:29:55,720 - detection_engine - DEBUG - Cache updated for fvgs with hash f45b6091f3b8a1afd6521616ea0f0eaa
2024-11-28 22:29:55,720 - detection_engine - DEBUG - Found 9 bullish and 17 bearish FVGs
2024-11-28 22:29:55,926 - detection_engine - DEBUG - Using valid cached FVG results
2024-11-28 22:29:56,133 - detection_engine - DEBUG - Using valid cached FVG results
2024-11-28 22:29:56,335 - detection_engine - DEBUG - Using valid cached FVG results
2024-11-28 22:29:56,541 - detection_engine - DEBUG - Using valid cached FVG results
2024-11-28 22:29:57,857 - detection_engine - DEBUG - Cache updated for fvgs with hash f45b6091f3b8a1afd6521616ea0f0eaa
2024-11-28 22:29:57,857 - detection_engine - DEBUG - Found 9 bullish and 17 bearish FVGs
2024-11-28 22:29:58,063 - detection_engine - DEBUG - Using valid cached FVG results
2024-11-28 22:29:58,269 - detection_engine - DEBUG - Using valid cached FVG results
2024-11-28 22:29:58,475 - detection_engine - DEBUG - Using valid cached FVG results
2024-11-28 22:29:58,680 - detection_engine - DEBUG - Using valid cached FVG results
2024-11-28 22:30:00,031 - detection_engine - DEBUG - Cache updated for fvgs with hash f45b6091f3b8a1afd6521616ea0f0eaa
2024-11-28 22:30:00,031 - detection_engine - DEBUG - Found 9 bullish and 17 bearish FVGs
2024-11-28 22:30:00,234 - detection_engine - DEBUG - Using valid cached FVG results
2024-11-28 22:30:00,436 - detection_engine - DEBUG - Using valid cached FVG results
2024-11-28 22:30:00,641 - detection_engine - DEBUG - Using valid cached FVG results
2024-11-28 22:30:00,847 - detection_engine - DEBUG - Using valid cached FVG results
2024-11-28 22:30:02,138 - detection_engine - DEBUG - Cache updated for fvgs with hash 394cc5c44d99f12d002f07285516af65
2024-11-28 22:30:02,138 - detection_engine - DEBUG - Found 9 bullish and 16 bearish FVGs
2024-11-28 22:30:02,344 - detection_engine - DEBUG - Using valid cached FVG results
2024-11-28 22:30:02,547 - detection_engine - DEBUG - Using valid cached FVG results
2024-11-28 22:30:02,750 - detection_engine - DEBUG - Using valid cached FVG results
2024-11-28 22:30:02,954 - detection_engine - DEBUG - Using valid cached FVG results
2024-11-28 22:30:04,398 - detection_engine - DEBUG - Cache updated for fvgs with hash 394cc5c44d99f12d002f07285516af65
2024-11-28 22:30:04,398 - detection_engine - DEBUG - Found 9 bullish and 16 bearish FVGs
2024-11-28 22:30:04,600 - detection_engine - DEBUG - Using valid cached FVG results
2024-11-28 22:30:04,803 - detection_engine - DEBUG - Using valid cached FVG results
2024-11-28 22:30:05,007 - detection_engine - DEBUG - Using valid cached FVG results
2024-11-28 22:30:05,213 - detection_engine - DEBUG - Using valid cached FVG results
2024-11-28 22:30:06,566 - detection_engine - DEBUG - Cache updated for fvgs with hash 394cc5c44d99f12d002f07285516af65
2024-11-28 22:30:06,566 - detection_engine - DEBUG - Found 9 bullish and 16 bearish FVGs
2024-11-28 22:30:06,772 - detection_engine - DEBUG - Using valid cached FVG results
2024-11-28 22:30:06,978 - detection_engine - DEBUG - Using valid cached FVG results
2024-11-28 22:30:07,182 - detection_engine - DEBUG - Using valid cached FVG results
2024-11-28 22:30:07,388 - detection_engine - DEBUG - Using valid cached FVG results
2024-11-28 22:30:08,671 - detection_engine - DEBUG - Cache updated for fvgs with hash 394cc5c44d99f12d002f07285516af65
2024-11-28 22:30:08,671 - detection_engine - DEBUG - Found 9 bullish and 16 bearish FVGs
2024-11-28 22:30:08,877 - detection_engine - DEBUG - Using valid cached FVG results
2024-11-28 22:30:09,084 - detection_engine - DEBUG - Using valid cached FVG results
2024-11-28 22:30:09,289 - detection_engine - DEBUG - Using valid cached FVG results
2024-11-28 22:30:09,494 - detection_engine - DEBUG - Using valid cached FVG results
2024-11-28 22:30:10,752 - detection_engine - DEBUG - Cache updated for fvgs with hash 394cc5c44d99f12d002f07285516af65
2024-11-28 22:30:10,752 - detection_engine - DEBUG - Found 9 bullish and 16 bearish FVGs
2024-11-28 22:30:10,957 - detection_engine - DEBUG - Using valid cached FVG results
2024-11-28 22:30:11,161 - detection_engine - DEBUG - Using valid cached FVG results
2024-11-28 22:30:11,368 - detection_engine - DEBUG - Using valid cached FVG results
2024-11-28 22:30:11,575 - detection_engine - DEBUG - Using valid cached FVG results
2024-11-28 22:30:12,852 - detection_engine - DEBUG - Cache updated for fvgs with hash 394cc5c44d99f12d002f07285516af65
2024-11-28 22:30:12,852 - detection_engine - DEBUG - Found 9 bullish and 16 bearish FVGs
2024-11-28 22:30:13,058 - detection_engine - DEBUG - Using valid cached FVG results
2024-11-28 22:30:13,263 - detection_engine - DEBUG - Using valid cached FVG results
2024-11-28 22:30:13,469 - detection_engine - DEBUG - Using valid cached FVG results
2024-11-28 22:30:13,678 - detection_engine - DEBUG - Using valid cached FVG results
2024-11-28 22:30:15,045 - detection_engine - DEBUG - Cache updated for fvgs with hash 394cc5c44d99f12d002f07285516af65
2024-11-28 22:30:15,045 - detection_engine - DEBUG - Found 9 bullish and 16 bearish FVGs
2024-11-28 22:30:15,248 - detection_engine - DEBUG - Using valid cached FVG results
2024-11-28 22:30:15,452 - detection_engine - DEBUG - Using valid cached FVG results
2024-11-28 22:30:15,659 - detection_engine - DEBUG - Using valid cached FVG results
2024-11-28 22:30:15,863 - detection_engine - DEBUG - Using valid cached FVG results
2024-11-28 22:30:17,135 - detection_engine - DEBUG - Cache updated for fvgs with hash 394cc5c44d99f12d002f07285516af65
2024-11-28 22:30:17,135 - detection_engine - DEBUG - Found 9 bullish and 16 bearish FVGs
2024-11-28 22:30:17,341 - detection_engine - DEBUG - Using valid cached FVG results
2024-11-28 22:30:17,549 - detection_engine - DEBUG - Using valid cached FVG results
2024-11-28 22:30:17,756 - detection_engine - DEBUG - Using valid cached FVG results
2024-11-28 22:30:17,958 - detection_engine - DEBUG - Using valid cached FVG results
2024-11-28 22:30:19,223 - detection_engine - DEBUG - Cache updated for fvgs with hash 394cc5c44d99f12d002f07285516af65
2024-11-28 22:30:19,223 - detection_engine - DEBUG - Found 9 bullish and 16 bearish FVGs
2024-11-28 22:30:19,433 - detection_engine - DEBUG - Using valid cached FVG results
2024-11-28 22:30:19,641 - detection_engine - DEBUG - Using valid cached FVG results
2024-11-28 22:30:19,847 - detection_engine - DEBUG - Using valid cached FVG results
2024-11-28 22:30:20,053 - detection_engine - DEBUG - Using valid cached FVG results
2024-11-28 22:30:21,340 - detection_engine - DEBUG - Cache updated for fvgs with hash 394cc5c44d99f12d002f07285516af65
2024-11-28 22:30:21,340 - detection_engine - DEBUG - Found 9 bullish and 16 bearish FVGs
2024-11-28 22:30:21,543 - detection_engine - DEBUG - Using valid cached FVG results
2024-11-28 22:30:21,746 - detection_engine - DEBUG - Using valid cached FVG results
2024-11-28 22:30:21,952 - detection_engine - DEBUG - Using valid cached FVG results
2024-11-28 22:30:22,158 - detection_engine - DEBUG - Using valid cached FVG results
2024-11-28 22:30:23,456 - detection_engine - DEBUG - Cache updated for fvgs with hash 394cc5c44d99f12d002f07285516af65
2024-11-28 22:30:23,456 - detection_engine - DEBUG - Found 9 bullish and 16 bearish FVGs
2024-11-28 22:30:23,670 - detection_engine - DEBUG - Using valid cached FVG results
2024-11-28 22:30:23,883 - detection_engine - DEBUG - Using valid cached FVG results
2024-11-28 22:30:24,089 - detection_engine - DEBUG - Using valid cached FVG results
2024-11-28 22:30:24,294 - detection_engine - DEBUG - Using valid cached FVG results
2024-11-28 22:30:25,548 - detection_engine - DEBUG - Cache updated for fvgs with hash 394cc5c44d99f12d002f07285516af65
2024-11-28 22:30:25,548 - detection_engine - DEBUG - Found 9 bullish and 16 bearish FVGs
2024-11-28 22:30:25,753 - detection_engine - DEBUG - Using valid cached FVG results
2024-11-28 22:30:25,961 - detection_engine - DEBUG - Using valid cached FVG results
2024-11-28 22:30:26,166 - detection_engine - DEBUG - Using valid cached FVG results
2024-11-28 22:30:26,372 - detection_engine - DEBUG - Using valid cached FVG results
2024-11-28 22:30:27,629 - detection_engine - DEBUG - Cache updated for fvgs with hash 394cc5c44d99f12d002f07285516af65
2024-11-28 22:30:27,629 - detection_engine - DEBUG - Found 9 bullish and 16 bearish FVGs
2024-11-28 22:30:27,835 - detection_engine - DEBUG - Using valid cached FVG results
2024-11-28 22:30:28,043 - detection_engine - DEBUG - Using valid cached FVG results
2024-11-28 22:30:28,250 - detection_engine - DEBUG - Using valid cached FVG results
2024-11-28 22:30:28,455 - detection_engine - DEBUG - Using valid cached FVG results
2024-11-28 22:30:29,715 - detection_engine - DEBUG - Cache updated for fvgs with hash 394cc5c44d99f12d002f07285516af65
2024-11-28 22:30:29,715 - detection_engine - DEBUG - Found 9 bullish and 16 bearish FVGs
2024-11-28 22:30:29,922 - detection_engine - DEBUG - Using valid cached FVG results
2024-11-28 22:30:30,127 - detection_engine - DEBUG - Using valid cached FVG results
2024-11-28 22:30:30,329 - detection_engine - DEBUG - Using valid cached FVG results
2024-11-28 22:30:30,535 - detection_engine - DEBUG - Using valid cached FVG results
2024-11-28 22:30:31,808 - detection_engine - DEBUG - Cache updated for fvgs with hash 394cc5c44d99f12d002f07285516af65
2024-11-28 22:30:31,808 - detection_engine - DEBUG - Found 9 bullish and 16 bearish FVGs
2024-11-28 22:30:32,016 - detection_engine - DEBUG - Using valid cached FVG results
2024-11-28 22:30:32,223 - detection_engine - DEBUG - Using valid cached FVG results
2024-11-28 22:30:32,430 - detection_engine - DEBUG - Using valid cached FVG results
2024-11-28 22:30:32,636 - detection_engine - DEBUG - Using valid cached FVG results
2024-11-28 22:30:33,909 - detection_engine - DEBUG - Cache updated for fvgs with hash 394cc5c44d99f12d002f07285516af65
2024-11-28 22:30:33,909 - detection_engine - DEBUG - Found 9 bullish and 16 bearish FVGs
2024-11-28 22:30:34,114 - detection_engine - DEBUG - Using valid cached FVG results
2024-11-28 22:30:34,320 - detection_engine - DEBUG - Using valid cached FVG results
2024-11-28 22:30:34,525 - detection_engine - DEBUG - Using valid cached FVG results
2024-11-28 22:30:34,727 - detection_engine - DEBUG - Using valid cached FVG results
2024-11-28 22:30:35,956 - detection_engine - DEBUG - Cache updated for fvgs with hash 394cc5c44d99f12d002f07285516af65
2024-11-28 22:30:35,956 - detection_engine - DEBUG - Found 9 bullish and 16 bearish FVGs
2024-11-28 22:30:36,168 - detection_engine - DEBUG - Using valid cached FVG results
2024-11-28 22:30:36,371 - detection_engine - DEBUG - Using valid cached FVG results
2024-11-28 22:30:36,578 - detection_engine - DEBUG - Using valid cached FVG results
2024-11-28 22:30:36,779 - detection_engine - DEBUG - Using valid cached FVG results
2024-11-28 22:30:38,053 - detection_engine - DEBUG - Cache updated for fvgs with hash 394cc5c44d99f12d002f07285516af65
2024-11-28 22:30:38,053 - detection_engine - DEBUG - Found 9 bullish and 16 bearish FVGs
2024-11-28 22:30:38,260 - detection_engine - DEBUG - Using valid cached FVG results
2024-11-28 22:30:38,466 - detection_engine - DEBUG - Using valid cached FVG results
2024-11-28 22:30:38,670 - detection_engine - DEBUG - Using valid cached FVG results
2024-11-28 22:30:38,874 - detection_engine - DEBUG - Using valid cached FVG results
2024-11-28 22:30:40,174 - detection_engine - DEBUG - Cache updated for fvgs with hash 394cc5c44d99f12d002f07285516af65
2024-11-28 22:30:40,174 - detection_engine - DEBUG - Found 9 bullish and 16 bearish FVGs
2024-11-28 22:30:40,381 - detection_engine - DEBUG - Using valid cached FVG results
2024-11-28 22:30:40,587 - detection_engine - DEBUG - Using valid cached FVG results
2024-11-28 22:30:40,790 - detection_engine - DEBUG - Using valid cached FVG results
2024-11-28 22:30:40,995 - detection_engine - DEBUG - Using valid cached FVG results
2024-11-28 22:30:42,245 - detection_engine - DEBUG - Cache updated for fvgs with hash 394cc5c44d99f12d002f07285516af65
2024-11-28 22:30:42,245 - detection_engine - DEBUG - Found 9 bullish and 16 bearish FVGs
2024-11-28 22:30:42,448 - detection_engine - DEBUG - Using valid cached FVG results
2024-11-28 22:30:42,654 - detection_engine - DEBUG - Using valid cached FVG results
2024-11-28 22:30:42,860 - detection_engine - DEBUG - Using valid cached FVG results
2024-11-28 22:30:43,065 - detection_engine - DEBUG - Using valid cached FVG results
2024-11-28 22:30:44,326 - detection_engine - DEBUG - Cache updated for fvgs with hash 394cc5c44d99f12d002f07285516af65
2024-11-28 22:30:44,326 - detection_engine - DEBUG - Found 9 bullish and 16 bearish FVGs
2024-11-28 22:30:44,532 - detection_engine - DEBUG - Using valid cached FVG results
2024-11-28 22:30:44,738 - detection_engine - DEBUG - Using valid cached FVG results
2024-11-28 22:30:44,942 - detection_engine - DEBUG - Using valid cached FVG results
2024-11-28 22:30:45,148 - detection_engine - DEBUG - Using valid cached FVG results
2024-11-28 22:30:46,443 - detection_engine - DEBUG - Cache updated for fvgs with hash 394cc5c44d99f12d002f07285516af65
2024-11-28 22:30:46,444 - detection_engine - DEBUG - Found 9 bullish and 16 bearish FVGs
2024-11-28 22:30:46,648 - detection_engine - DEBUG - Using valid cached FVG results
2024-11-28 22:30:46,852 - detection_engine - DEBUG - Using valid cached FVG results
2024-11-28 22:30:47,058 - detection_engine - DEBUG - Using valid cached FVG results
2024-11-28 22:30:47,260 - detection_engine - DEBUG - Using valid cached FVG results
2024-11-28 22:30:48,552 - detection_engine - DEBUG - Cache updated for fvgs with hash 394cc5c44d99f12d002f07285516af65
2024-11-28 22:30:48,552 - detection_engine - DEBUG - Found 9 bullish and 16 bearish FVGs
2024-11-28 22:30:48,758 - detection_engine - DEBUG - Using valid cached FVG results
2024-11-28 22:30:48,964 - detection_engine - DEBUG - Using valid cached FVG results
2024-11-28 22:30:49,167 - detection_engine - DEBUG - Using valid cached FVG results
2024-11-28 22:30:49,374 - detection_engine - DEBUG - Using valid cached FVG results
2024-11-28 22:30:50,661 - detection_engine - DEBUG - Cache updated for fvgs with hash 394cc5c44d99f12d002f07285516af65
2024-11-28 22:30:50,661 - detection_engine - DEBUG - Found 9 bullish and 16 bearish FVGs
2024-11-28 22:30:50,869 - detection_engine - DEBUG - Using valid cached FVG results
2024-11-28 22:30:51,075 - detection_engine - DEBUG - Using valid cached FVG results
2024-11-28 22:30:51,280 - detection_engine - DEBUG - Using valid cached FVG results
2024-11-28 22:30:51,487 - detection_engine - DEBUG - Using valid cached FVG results
2024-11-28 22:30:52,754 - detection_engine - DEBUG - Cache updated for fvgs with hash 394cc5c44d99f12d002f07285516af65
2024-11-28 22:30:52,754 - detection_engine - DEBUG - Found 9 bullish and 16 bearish FVGs
2024-11-28 22:30:52,960 - detection_engine - DEBUG - Using valid cached FVG results
2024-11-28 22:30:53,166 - detection_engine - DEBUG - Using valid cached FVG results
2024-11-28 22:30:53,370 - detection_engine - DEBUG - Using valid cached FVG results
2024-11-28 22:30:53,572 - detection_engine - DEBUG - Using valid cached FVG results
2024-11-28 22:30:54,877 - detection_engine - DEBUG - Cache updated for fvgs with hash 394cc5c44d99f12d002f07285516af65
2024-11-28 22:30:54,878 - detection_engine - DEBUG - Found 9 bullish and 16 bearish FVGs
2024-11-28 22:30:55,082 - detection_engine - DEBUG - Using valid cached FVG results
2024-11-28 22:30:55,284 - detection_engine - DEBUG - Using valid cached FVG results
2024-11-28 22:30:55,488 - detection_engine - DEBUG - Using valid cached FVG results
2024-11-28 22:30:55,691 - detection_engine - DEBUG - Using valid cached FVG results
2024-11-28 22:30:57,019 - detection_engine - DEBUG - Cache updated for fvgs with hash 394cc5c44d99f12d002f07285516af65
2024-11-28 22:30:57,019 - detection_engine - DEBUG - Found 9 bullish and 16 bearish FVGs
2024-11-28 22:30:57,224 - detection_engine - DEBUG - Using valid cached FVG results
2024-11-28 22:30:57,429 - detection_engine - DEBUG - Using valid cached FVG results
2024-11-28 22:30:57,635 - detection_engine - DEBUG - Using valid cached FVG results
2024-11-28 22:30:57,839 - detection_engine - DEBUG - Using valid cached FVG results
2024-11-28 22:30:59,117 - detection_engine - DEBUG - Cache updated for fvgs with hash 394cc5c44d99f12d002f07285516af65
2024-11-28 22:30:59,117 - detection_engine - DEBUG - Found 9 bullish and 16 bearish FVGs
2024-11-28 22:30:59,323 - detection_engine - DEBUG - Using valid cached FVG results
2024-11-28 22:30:59,526 - detection_engine - DEBUG - Using valid cached FVG results
2024-11-28 22:30:59,733 - detection_engine - DEBUG - Using valid cached FVG results
2024-11-28 22:30:59,935 - detection_engine - DEBUG - Using valid cached FVG results
2024-11-28 22:31:01,303 - detection_engine - DEBUG - Cache updated for fvgs with hash 394cc5c44d99f12d002f07285516af65
2024-11-28 22:31:01,303 - detection_engine - DEBUG - Found 9 bullish and 16 bearish FVGs
2024-11-28 22:31:01,505 - detection_engine - DEBUG - Using valid cached FVG results
2024-11-28 22:31:01,712 - detection_engine - DEBUG - Using valid cached FVG results
2024-11-28 22:31:01,914 - detection_engine - DEBUG - Using valid cached FVG results
2024-11-28 22:31:02,120 - detection_engine - DEBUG - Using valid cached FVG results
2024-11-28 22:31:03,412 - detection_engine - DEBUG - Cache updated for fvgs with hash 223c41cf8459f8ac7c5cb4610ae490c2
2024-11-28 22:31:03,412 - detection_engine - DEBUG - Found 10 bullish and 16 bearish FVGs
2024-11-28 22:31:03,616 - detection_engine - DEBUG - Using valid cached FVG results
2024-11-28 22:31:03,822 - detection_engine - DEBUG - Using valid cached FVG results
2024-11-28 22:31:04,028 - detection_engine - DEBUG - Using valid cached FVG results
2024-11-28 22:31:04,232 - detection_engine - DEBUG - Using valid cached FVG results
2024-11-28 22:31:05,522 - detection_engine - DEBUG - Cache updated for fvgs with hash ae0e2bd62ebc79498f72a733c44c6219
2024-11-28 22:31:05,522 - detection_engine - DEBUG - Found 10 bullish and 16 bearish FVGs
2024-11-28 22:31:05,729 - detection_engine - DEBUG - Using valid cached FVG results
2024-11-28 22:31:05,936 - detection_engine - DEBUG - Using valid cached FVG results
2024-11-28 22:31:06,142 - detection_engine - DEBUG - Using valid cached FVG results
2024-11-28 22:31:06,347 - detection_engine - DEBUG - Using valid cached FVG results
2024-11-28 22:31:07,627 - detection_engine - DEBUG - Cache updated for fvgs with hash 8e93bd60dbd3ba5be007ea6ebea857a2
2024-11-28 22:31:07,627 - detection_engine - DEBUG - Found 10 bullish and 16 bearish FVGs
2024-11-28 22:31:07,830 - detection_engine - DEBUG - Using valid cached FVG results
2024-11-28 22:31:08,036 - detection_engine - DEBUG - Using valid cached FVG results
2024-11-28 22:31:08,241 - detection_engine - DEBUG - Using valid cached FVG results
2024-11-28 22:31:08,454 - detection_engine - DEBUG - Using valid cached FVG results
2024-11-28 22:31:09,868 - detection_engine - DEBUG - Cache updated for fvgs with hash 8e93bd60dbd3ba5be007ea6ebea857a2
2024-11-28 22:31:09,869 - detection_engine - DEBUG - Found 10 bullish and 16 bearish FVGs
2024-11-28 22:31:10,074 - detection_engine - DEBUG - Using valid cached FVG results
2024-11-28 22:31:10,279 - detection_engine - DEBUG - Using valid cached FVG results
2024-11-28 22:31:10,482 - detection_engine - DEBUG - Using valid cached FVG results
2024-11-28 22:31:10,688 - detection_engine - DEBUG - Using valid cached FVG results
2024-11-28 22:31:11,965 - detection_engine - DEBUG - Cache updated for fvgs with hash 8e93bd60dbd3ba5be007ea6ebea857a2
2024-11-28 22:31:11,965 - detection_engine - DEBUG - Found 10 bullish and 16 bearish FVGs
2024-11-28 22:31:12,174 - detection_engine - DEBUG - Using valid cached FVG results
2024-11-28 22:31:12,379 - detection_engine - DEBUG - Using valid cached FVG results
2024-11-28 22:31:12,585 - detection_engine - DEBUG - Using valid cached FVG results
2024-11-28 22:31:12,791 - detection_engine - DEBUG - Using valid cached FVG results
2024-11-28 22:31:14,153 - detection_engine - DEBUG - Cache updated for fvgs with hash 8e93bd60dbd3ba5be007ea6ebea857a2
2024-11-28 22:31:14,153 - detection_engine - DEBUG - Found 10 bullish and 16 bearish FVGs
2024-11-28 22:31:14,359 - detection_engine - DEBUG - Using valid cached FVG results
2024-11-28 22:31:14,564 - detection_engine - DEBUG - Using valid cached FVG results
2024-11-28 22:31:14,769 - detection_engine - DEBUG - Using valid cached FVG results
2024-11-28 22:31:14,976 - detection_engine - DEBUG - Using valid cached FVG results
2024-11-28 22:31:16,456 - detection_engine - DEBUG - Cache updated for fvgs with hash 8e93bd60dbd3ba5be007ea6ebea857a2
2024-11-28 22:31:16,459 - detection_engine - DEBUG - Found 10 bullish and 16 bearish FVGs
2024-11-28 22:31:16,663 - detection_engine - DEBUG - Using valid cached FVG results
2024-11-28 22:31:16,869 - detection_engine - DEBUG - Using valid cached FVG results
2024-11-28 22:31:17,078 - detection_engine - DEBUG - Using valid cached FVG results
2024-11-28 22:31:17,284 - detection_engine - DEBUG - Using valid cached FVG results
2024-11-28 22:31:18,581 - detection_engine - DEBUG - Cache updated for fvgs with hash 8e93bd60dbd3ba5be007ea6ebea857a2
2024-11-28 22:31:18,581 - detection_engine - DEBUG - Found 10 bullish and 16 bearish FVGs
2024-11-28 22:31:18,786 - detection_engine - DEBUG - Using valid cached FVG results
2024-11-28 22:31:18,992 - detection_engine - DEBUG - Using valid cached FVG results
2024-11-28 22:31:19,194 - detection_engine - DEBUG - Using valid cached FVG results
2024-11-28 22:31:19,397 - detection_engine - DEBUG - Using valid cached FVG results
2024-11-28 22:31:20,691 - detection_engine - DEBUG - Cache updated for fvgs with hash 8e93bd60dbd3ba5be007ea6ebea857a2
2024-11-28 22:31:20,691 - detection_engine - DEBUG - Found 10 bullish and 16 bearish FVGs
2024-11-28 22:31:20,897 - detection_engine - DEBUG - Using valid cached FVG results
2024-11-28 22:31:21,103 - detection_engine - DEBUG - Using valid cached FVG results
2024-11-28 22:31:21,309 - detection_engine - DEBUG - Using valid cached FVG results
2024-11-28 22:31:21,514 - detection_engine - DEBUG - Using valid cached FVG results
2024-11-28 22:31:22,782 - detection_engine - DEBUG - Cache updated for fvgs with hash 8e93bd60dbd3ba5be007ea6ebea857a2
2024-11-28 22:31:22,782 - detection_engine - DEBUG - Found 10 bullish and 16 bearish FVGs
2024-11-28 22:31:22,986 - detection_engine - DEBUG - Using valid cached FVG results
2024-11-28 22:31:23,189 - detection_engine - DEBUG - Using valid cached FVG results
2024-11-28 22:31:23,396 - detection_engine - DEBUG - Using valid cached FVG results
2024-11-28 22:31:23,602 - detection_engine - DEBUG - Using valid cached FVG results
2024-11-28 22:31:24,889 - detection_engine - DEBUG - Cache updated for fvgs with hash 8e93bd60dbd3ba5be007ea6ebea857a2
2024-11-28 22:31:24,889 - detection_engine - DEBUG - Found 10 bullish and 16 bearish FVGs
2024-11-28 22:31:25,095 - detection_engine - DEBUG - Using valid cached FVG results
2024-11-28 22:31:25,300 - detection_engine - DEBUG - Using valid cached FVG results
2024-11-28 22:31:25,506 - detection_engine - DEBUG - Using valid cached FVG results
2024-11-28 22:31:25,708 - detection_engine - DEBUG - Using valid cached FVG results
2024-11-28 22:31:27,017 - detection_engine - DEBUG - Cache updated for fvgs with hash 8e93bd60dbd3ba5be007ea6ebea857a2
2024-11-28 22:31:27,017 - detection_engine - DEBUG - Found 10 bullish and 16 bearish FVGs
2024-11-28 22:31:27,229 - detection_engine - DEBUG - Using valid cached FVG results
2024-11-28 22:31:27,435 - detection_engine - DEBUG - Using valid cached FVG results
2024-11-28 22:31:27,642 - detection_engine - DEBUG - Using valid cached FVG results
2024-11-28 22:31:27,848 - detection_engine - DEBUG - Using valid cached FVG results
2024-11-28 22:31:29,124 - detection_engine - DEBUG - Cache updated for fvgs with hash 8e93bd60dbd3ba5be007ea6ebea857a2
2024-11-28 22:31:29,124 - detection_engine - DEBUG - Found 10 bullish and 16 bearish FVGs
2024-11-28 22:31:29,326 - detection_engine - DEBUG - Using valid cached FVG results
2024-11-28 22:31:29,533 - detection_engine - DEBUG - Using valid cached FVG results
2024-11-28 22:31:29,735 - detection_engine - DEBUG - Using valid cached FVG results
2024-11-28 22:31:29,942 - detection_engine - DEBUG - Using valid cached FVG results
2024-11-28 22:31:31,272 - detection_engine - DEBUG - Cache updated for fvgs with hash 8e93bd60dbd3ba5be007ea6ebea857a2
2024-11-28 22:31:31,272 - detection_engine - DEBUG - Found 10 bullish and 16 bearish FVGs
2024-11-28 22:31:31,478 - detection_engine - DEBUG - Using valid cached FVG results
2024-11-28 22:31:31,683 - detection_engine - DEBUG - Using valid cached FVG results
2024-11-28 22:31:31,886 - detection_engine - DEBUG - Using valid cached FVG results
2024-11-28 22:31:32,089 - detection_engine - DEBUG - Using valid cached FVG results
2024-11-28 22:31:33,369 - detection_engine - DEBUG - Cache updated for fvgs with hash 8e93bd60dbd3ba5be007ea6ebea857a2
2024-11-28 22:31:33,369 - detection_engine - DEBUG - Found 10 bullish and 16 bearish FVGs
2024-11-28 22:31:33,575 - detection_engine - DEBUG - Using valid cached FVG results
2024-11-28 22:31:33,780 - detection_engine - DEBUG - Using valid cached FVG results
2024-11-28 22:31:33,983 - detection_engine - DEBUG - Using valid cached FVG results
2024-11-28 22:31:34,189 - detection_engine - DEBUG - Using valid cached FVG results
2024-11-28 22:31:35,471 - detection_engine - DEBUG - Cache updated for fvgs with hash 8e93bd60dbd3ba5be007ea6ebea857a2
2024-11-28 22:31:35,471 - detection_engine - DEBUG - Found 10 bullish and 16 bearish FVGs
2024-11-28 22:31:35,682 - detection_engine - DEBUG - Using valid cached FVG results
2024-11-28 22:31:35,888 - detection_engine - DEBUG - Using valid cached FVG results
2024-11-28 22:31:36,098 - detection_engine - DEBUG - Using valid cached FVG results
2024-11-28 22:31:36,304 - detection_engine - DEBUG - Using valid cached FVG results
2024-11-28 22:31:37,618 - detection_engine - DEBUG - Cache updated for fvgs with hash 8e93bd60dbd3ba5be007ea6ebea857a2
2024-11-28 22:31:37,618 - detection_engine - DEBUG - Found 10 bullish and 16 bearish FVGs
2024-11-28 22:31:37,821 - detection_engine - DEBUG - Using valid cached FVG results
2024-11-28 22:31:38,025 - detection_engine - DEBUG - Using valid cached FVG results
2024-11-28 22:31:38,231 - detection_engine - DEBUG - Using valid cached FVG results
2024-11-28 22:31:38,433 - detection_engine - DEBUG - Using valid cached FVG results
2024-11-28 22:31:39,742 - detection_engine - DEBUG - Cache updated for fvgs with hash 8e93bd60dbd3ba5be007ea6ebea857a2
2024-11-28 22:31:39,742 - detection_engine - DEBUG - Found 10 bullish and 16 bearish FVGs
2024-11-28 22:31:39,945 - detection_engine - DEBUG - Using valid cached FVG results
2024-11-28 22:31:40,150 - detection_engine - DEBUG - Using valid cached FVG results
2024-11-28 22:31:40,358 - detection_engine - DEBUG - Using valid cached FVG results
2024-11-28 22:31:40,560 - detection_engine - DEBUG - Using valid cached FVG results
2024-11-28 22:31:41,871 - detection_engine - DEBUG - Cache updated for fvgs with hash 8e93bd60dbd3ba5be007ea6ebea857a2
2024-11-28 22:31:41,871 - detection_engine - DEBUG - Found 10 bullish and 16 bearish FVGs
2024-11-28 22:31:42,077 - detection_engine - DEBUG - Using valid cached FVG results
2024-11-28 22:31:42,280 - detection_engine - DEBUG - Using valid cached FVG results
2024-11-28 22:31:42,486 - detection_engine - DEBUG - Using valid cached FVG results
2024-11-28 22:31:42,692 - detection_engine - DEBUG - Using valid cached FVG results
2024-11-28 22:31:43,991 - detection_engine - DEBUG - Cache updated for fvgs with hash 8e93bd60dbd3ba5be007ea6ebea857a2
2024-11-28 22:31:43,991 - detection_engine - DEBUG - Found 10 bullish and 16 bearish FVGs
2024-11-28 22:31:44,197 - detection_engine - DEBUG - Using valid cached FVG results
2024-11-28 22:31:44,402 - detection_engine - DEBUG - Using valid cached FVG results
2024-11-28 22:31:44,609 - detection_engine - DEBUG - Using valid cached FVG results
2024-11-28 22:31:44,815 - detection_engine - DEBUG - Using valid cached FVG results
2024-11-28 22:31:46,104 - detection_engine - DEBUG - Cache updated for fvgs with hash 8e93bd60dbd3ba5be007ea6ebea857a2
2024-11-28 22:31:46,104 - detection_engine - DEBUG - Found 10 bullish and 16 bearish FVGs
2024-11-28 22:31:46,310 - detection_engine - DEBUG - Using valid cached FVG results
2024-11-28 22:31:46,516 - detection_engine - DEBUG - Using valid cached FVG results
2024-11-28 22:31:46,721 - detection_engine - DEBUG - Using valid cached FVG results
2024-11-28 22:31:46,927 - detection_engine - DEBUG - Using valid cached FVG results
2024-11-28 22:31:48,214 - detection_engine - DEBUG - Cache updated for fvgs with hash 8e93bd60dbd3ba5be007ea6ebea857a2
2024-11-28 22:31:48,214 - detection_engine - DEBUG - Found 10 bullish and 16 bearish FVGs
2024-11-28 22:31:48,421 - detection_engine - DEBUG - Using valid cached FVG results
2024-11-28 22:31:48,623 - detection_engine - DEBUG - Using valid cached FVG results
2024-11-28 22:31:48,827 - detection_engine - DEBUG - Using valid cached FVG results
2024-11-28 22:31:49,029 - detection_engine - DEBUG - Using valid cached FVG results
2024-11-28 22:31:50,300 - detection_engine - DEBUG - Cache updated for fvgs with hash 8e93bd60dbd3ba5be007ea6ebea857a2
2024-11-28 22:31:50,300 - detection_engine - DEBUG - Found 10 bullish and 16 bearish FVGs
2024-11-28 22:31:50,508 - detection_engine - DEBUG - Using valid cached FVG results
2024-11-28 22:31:50,710 - detection_engine - DEBUG - Using valid cached FVG results
2024-11-28 22:31:50,917 - detection_engine - DEBUG - Using valid cached FVG results
2024-11-28 22:31:51,124 - detection_engine - DEBUG - Using valid cached FVG results
2024-11-28 22:31:52,419 - detection_engine - DEBUG - Cache updated for fvgs with hash 8e93bd60dbd3ba5be007ea6ebea857a2
2024-11-28 22:31:52,419 - detection_engine - DEBUG - Found 10 bullish and 16 bearish FVGs
2024-11-28 22:31:52,625 - detection_engine - DEBUG - Using valid cached FVG results
2024-11-28 22:31:52,831 - detection_engine - DEBUG - Using valid cached FVG results
2024-11-28 22:31:53,037 - detection_engine - DEBUG - Using valid cached FVG results
2024-11-28 22:31:53,243 - detection_engine - DEBUG - Using valid cached FVG results
2024-11-28 22:31:54,519 - detection_engine - DEBUG - Cache updated for fvgs with hash 8e93bd60dbd3ba5be007ea6ebea857a2
2024-11-28 22:31:54,519 - detection_engine - DEBUG - Found 10 bullish and 16 bearish FVGs
2024-11-28 22:31:54,722 - detection_engine - DEBUG - Using valid cached FVG results
2024-11-28 22:31:54,924 - detection_engine - DEBUG - Using valid cached FVG results
2024-11-28 22:31:55,126 - detection_engine - DEBUG - Using valid cached FVG results
2024-11-28 22:31:55,329 - detection_engine - DEBUG - Using valid cached FVG results
2024-11-28 22:31:56,617 - detection_engine - DEBUG - Cache updated for fvgs with hash 8e93bd60dbd3ba5be007ea6ebea857a2
2024-11-28 22:31:56,617 - detection_engine - DEBUG - Found 10 bullish and 16 bearish FVGs
2024-11-28 22:31:56,823 - detection_engine - DEBUG - Using valid cached FVG results
2024-11-28 22:31:57,025 - detection_engine - DEBUG - Using valid cached FVG results
2024-11-28 22:31:57,234 - detection_engine - DEBUG - Using valid cached FVG results
2024-11-28 22:31:57,439 - detection_engine - DEBUG - Using valid cached FVG results
2024-11-28 22:31:58,728 - detection_engine - DEBUG - Cache updated for fvgs with hash 8e93bd60dbd3ba5be007ea6ebea857a2
2024-11-28 22:31:58,728 - detection_engine - DEBUG - Found 10 bullish and 16 bearish FVGs
2024-11-28 22:31:58,934 - detection_engine - DEBUG - Using valid cached FVG results
2024-11-28 22:31:59,137 - detection_engine - DEBUG - Using valid cached FVG results
2024-11-28 22:31:59,339 - detection_engine - DEBUG - Using valid cached FVG results
2024-11-28 22:31:59,545 - detection_engine - DEBUG - Using valid cached FVG results
2024-11-28 22:32:00,819 - detection_engine - DEBUG - Cache updated for fvgs with hash 8e93bd60dbd3ba5be007ea6ebea857a2
2024-11-28 22:32:00,819 - detection_engine - DEBUG - Found 10 bullish and 16 bearish FVGs
2024-11-28 22:32:01,021 - detection_engine - DEBUG - Using valid cached FVG results
2024-11-28 22:32:01,228 - detection_engine - DEBUG - Using valid cached FVG results
2024-11-28 22:32:01,434 - detection_engine - DEBUG - Using valid cached FVG results
2024-11-28 22:32:01,636 - detection_engine - DEBUG - Using valid cached FVG results
2024-11-28 22:32:02,946 - detection_engine - DEBUG - Cache updated for fvgs with hash 7315caea9312f93dc87738bcd819c4a9
2024-11-28 22:32:02,946 - detection_engine - DEBUG - Found 11 bullish and 16 bearish FVGs
2024-11-28 22:32:03,155 - detection_engine - DEBUG - Using valid cached FVG results
2024-11-28 22:32:03,361 - detection_engine - DEBUG - Using valid cached FVG results
2024-11-28 22:32:03,567 - detection_engine - DEBUG - Using valid cached FVG results
2024-11-28 22:32:03,773 - detection_engine - DEBUG - Using valid cached FVG results
2024-11-28 22:32:05,080 - detection_engine - DEBUG - Cache updated for fvgs with hash 7315caea9312f93dc87738bcd819c4a9
2024-11-28 22:32:05,080 - detection_engine - DEBUG - Found 11 bullish and 16 bearish FVGs
2024-11-28 22:32:05,285 - detection_engine - DEBUG - Using valid cached FVG results
2024-11-28 22:32:05,490 - detection_engine - DEBUG - Using valid cached FVG results
2024-11-28 22:32:05,692 - detection_engine - DEBUG - Using valid cached FVG results
2024-11-28 22:32:05,897 - detection_engine - DEBUG - Using valid cached FVG results
2024-11-28 22:32:07,218 - detection_engine - DEBUG - Cache updated for fvgs with hash 7315caea9312f93dc87738bcd819c4a9
2024-11-28 22:32:07,218 - detection_engine - DEBUG - Found 11 bullish and 16 bearish FVGs
2024-11-28 22:32:07,424 - detection_engine - DEBUG - Using valid cached FVG results
2024-11-28 22:32:07,630 - detection_engine - DEBUG - Using valid cached FVG results
2024-11-28 22:32:07,834 - detection_engine - DEBUG - Using valid cached FVG results
2024-11-28 22:32:08,037 - detection_engine - DEBUG - Using valid cached FVG results
2024-11-28 22:32:09,355 - detection_engine - DEBUG - Cache updated for fvgs with hash 7315caea9312f93dc87738bcd819c4a9
2024-11-28 22:32:09,355 - detection_engine - DEBUG - Found 11 bullish and 16 bearish FVGs
2024-11-28 22:32:09,561 - detection_engine - DEBUG - Using valid cached FVG results
2024-11-28 22:32:09,766 - detection_engine - DEBUG - Using valid cached FVG results
2024-11-28 22:32:09,973 - detection_engine - DEBUG - Using valid cached FVG results
2024-11-28 22:32:10,176 - detection_engine - DEBUG - Using valid cached FVG results
2024-11-28 22:32:11,478 - detection_engine - DEBUG - Cache updated for fvgs with hash 7315caea9312f93dc87738bcd819c4a9
2024-11-28 22:32:11,479 - detection_engine - DEBUG - Found 11 bullish and 16 bearish FVGs
2024-11-28 22:32:11,684 - detection_engine - DEBUG - Using valid cached FVG results
2024-11-28 22:32:11,890 - detection_engine - DEBUG - Using valid cached FVG results
2024-11-28 22:32:12,093 - detection_engine - DEBUG - Using valid cached FVG results
2024-11-28 22:32:12,300 - detection_engine - DEBUG - Using valid cached FVG results
2024-11-28 22:32:13,615 - detection_engine - DEBUG - Cache updated for fvgs with hash 7315caea9312f93dc87738bcd819c4a9
2024-11-28 22:32:13,615 - detection_engine - DEBUG - Found 11 bullish and 16 bearish FVGs
2024-11-28 22:32:13,821 - detection_engine - DEBUG - Using valid cached FVG results
2024-11-28 22:32:14,025 - detection_engine - DEBUG - Using valid cached FVG results
2024-11-28 22:32:14,229 - detection_engine - DEBUG - Using valid cached FVG results
2024-11-28 22:32:14,434 - detection_engine - DEBUG - Using valid cached FVG results
2024-11-28 22:32:15,736 - detection_engine - DEBUG - Cache updated for fvgs with hash 7315caea9312f93dc87738bcd819c4a9
2024-11-28 22:32:15,736 - detection_engine - DEBUG - Found 11 bullish and 16 bearish FVGs
2024-11-28 22:32:15,945 - detection_engine - DEBUG - Using valid cached FVG results
2024-11-28 22:32:16,150 - detection_engine - DEBUG - Using valid cached FVG results
2024-11-28 22:32:16,357 - detection_engine - DEBUG - Using valid cached FVG results
2024-11-28 22:32:16,562 - detection_engine - DEBUG - Using valid cached FVG results
2024-11-28 22:32:17,897 - detection_engine - DEBUG - Cache updated for fvgs with hash 7315caea9312f93dc87738bcd819c4a9
2024-11-28 22:32:17,897 - detection_engine - DEBUG - Found 11 bullish and 16 bearish FVGs
2024-11-28 22:32:18,100 - detection_engine - DEBUG - Using valid cached FVG results
2024-11-28 22:32:18,306 - detection_engine - DEBUG - Using valid cached FVG results
2024-11-28 22:32:18,509 - detection_engine - DEBUG - Using valid cached FVG results
2024-11-28 22:32:18,714 - detection_engine - DEBUG - Using valid cached FVG results
