2024-12-16 20:07:59,499 - fvg_monitor - DEBUG - Initializing FVG Monitor
2024-12-16 20:08:13,642 - fvg_monitor - DEBUG - Starting detection thread
2024-12-16 20:08:13,643 - fvg_monitor - DEBUG - Detection cycle at 2024-12-16 13:38:13.643137+00:00
2024-12-16 20:08:15,213 - fvg_monitor - DEBUG - Detection cycle at 2024-12-16 13:38:15.213005+00:00
2024-12-16 20:08:15,214 - fvg_monitor - DEBUG - Using cached FVG results
2024-12-16 20:08:15,420 - fvg_monitor - DEBUG - Detection cycle at 2024-12-16 13:38:15.420086+00:00
2024-12-16 20:08:15,422 - fvg_monitor - DEBUG - Using cached FVG results
2024-12-16 20:08:15,626 - fvg_monitor - DEBUG - Detection cycle at 2024-12-16 13:38:15.626932+00:00
2024-12-16 20:08:15,627 - fvg_monitor - DEBUG - Using cached FVG results
2024-12-16 20:08:15,833 - fvg_monitor - DEBUG - Detection cycle at 2024-12-16 13:38:15.833020+00:00
2024-12-16 20:08:15,835 - fvg_monitor - DEBUG - Using cached FVG results
2024-12-16 20:08:16,036 - fvg_monitor - DEBUG - Detection cycle at 2024-12-16 13:38:16.035976+00:00
2024-12-16 20:08:17,827 - fvg_monitor - DEBUG - Detection cycle at 2024-12-16 13:38:17.827927+00:00
2024-12-16 20:08:17,828 - fvg_monitor - DEBUG - Using cached FVG results
2024-12-16 20:08:18,033 - fvg_monitor - DEBUG - Detection cycle at 2024-12-16 13:38:18.033722+00:00
2024-12-16 20:08:18,034 - fvg_monitor - DEBUG - Using cached FVG results
2024-12-16 20:08:18,240 - fvg_monitor - DEBUG - Detection cycle at 2024-12-16 13:38:18.240016+00:00
2024-12-16 20:08:18,241 - fvg_monitor - DEBUG - Using cached FVG results
2024-12-16 20:08:18,444 - fvg_monitor - DEBUG - Detection cycle at 2024-12-16 13:38:18.444576+00:00
2024-12-16 20:08:18,445 - fvg_monitor - DEBUG - Using cached FVG results
2024-12-16 20:08:18,646 - fvg_monitor - DEBUG - Detection cycle at 2024-12-16 13:38:18.646424+00:00
2024-12-16 20:08:20,279 - fvg_monitor - DEBUG - Detection cycle at 2024-12-16 13:38:20.279147+00:00
2024-12-16 20:08:20,279 - fvg_monitor - DEBUG - Using cached FVG results
2024-12-16 20:08:20,484 - fvg_monitor - DEBUG - Detection cycle at 2024-12-16 13:38:20.484753+00:00
2024-12-16 20:08:20,485 - fvg_monitor - DEBUG - Using cached FVG results
2024-12-16 20:08:20,690 - fvg_monitor - DEBUG - Detection cycle at 2024-12-16 13:38:20.690415+00:00
2024-12-16 20:08:20,691 - fvg_monitor - DEBUG - Using cached FVG results
2024-12-16 20:08:20,895 - fvg_monitor - DEBUG - Detection cycle at 2024-12-16 13:38:20.895898+00:00
2024-12-16 20:08:20,896 - fvg_monitor - DEBUG - Using cached FVG results
2024-12-16 20:08:21,099 - fvg_monitor - DEBUG - Detection cycle at 2024-12-16 13:38:21.099417+00:00
2024-12-16 20:08:22,711 - fvg_monitor - DEBUG - Detection cycle at 2024-12-16 13:38:22.711216+00:00
2024-12-16 20:08:22,711 - fvg_monitor - DEBUG - Using cached FVG results
2024-12-16 20:08:22,916 - fvg_monitor - DEBUG - Detection cycle at 2024-12-16 13:38:22.916951+00:00
2024-12-16 20:08:22,917 - fvg_monitor - DEBUG - Using cached FVG results
2024-12-16 20:08:23,123 - fvg_monitor - DEBUG - Detection cycle at 2024-12-16 13:38:23.123078+00:00
2024-12-16 20:08:23,124 - fvg_monitor - DEBUG - Using cached FVG results
2024-12-16 20:08:23,329 - fvg_monitor - DEBUG - Detection cycle at 2024-12-16 13:38:23.329281+00:00
2024-12-16 20:08:23,331 - fvg_monitor - DEBUG - Using cached FVG results
2024-12-16 20:08:23,536 - fvg_monitor - DEBUG - Detection cycle at 2024-12-16 13:38:23.536475+00:00
2024-12-16 20:08:25,083 - fvg_monitor - DEBUG - Detection cycle at 2024-12-16 13:38:25.082954+00:00
2024-12-16 20:08:25,083 - fvg_monitor - DEBUG - Using cached FVG results
2024-12-16 20:08:25,288 - fvg_monitor - DEBUG - Detection cycle at 2024-12-16 13:38:25.288801+00:00
2024-12-16 20:08:25,290 - fvg_monitor - DEBUG - Using cached FVG results
2024-12-16 20:08:25,491 - fvg_monitor - DEBUG - Detection cycle at 2024-12-16 13:38:25.491155+00:00
2024-12-16 20:08:25,491 - fvg_monitor - DEBUG - Using cached FVG results
2024-12-16 20:08:25,697 - fvg_monitor - DEBUG - Detection cycle at 2024-12-16 13:38:25.696970+00:00
2024-12-16 20:08:25,699 - fvg_monitor - DEBUG - Using cached FVG results
2024-12-16 20:08:25,905 - fvg_monitor - DEBUG - Detection cycle at 2024-12-16 13:38:25.905117+00:00
2024-12-16 20:08:27,503 - fvg_monitor - DEBUG - Detection cycle at 2024-12-16 13:38:27.502913+00:00
2024-12-16 20:08:27,504 - fvg_monitor - DEBUG - Using cached FVG results
2024-12-16 20:08:27,707 - fvg_monitor - DEBUG - Detection cycle at 2024-12-16 13:38:27.707270+00:00
2024-12-16 20:08:27,708 - fvg_monitor - DEBUG - Using cached FVG results
2024-12-16 20:08:27,913 - fvg_monitor - DEBUG - Detection cycle at 2024-12-16 13:38:27.913647+00:00
2024-12-16 20:08:27,914 - fvg_monitor - DEBUG - Using cached FVG results
2024-12-16 20:08:28,120 - fvg_monitor - DEBUG - Detection cycle at 2024-12-16 13:38:28.119849+00:00
2024-12-16 20:08:28,122 - fvg_monitor - DEBUG - Using cached FVG results
2024-12-16 20:08:28,324 - fvg_monitor - DEBUG - Detection cycle at 2024-12-16 13:38:28.324109+00:00
2024-12-16 20:08:29,939 - fvg_monitor - DEBUG - Detection cycle at 2024-12-16 13:38:29.939635+00:00
2024-12-16 20:08:29,940 - fvg_monitor - DEBUG - Using cached FVG results
2024-12-16 20:08:30,143 - fvg_monitor - DEBUG - Detection cycle at 2024-12-16 13:38:30.143514+00:00
2024-12-16 20:08:30,144 - fvg_monitor - DEBUG - Using cached FVG results
2024-12-16 20:08:30,348 - fvg_monitor - DEBUG - Detection cycle at 2024-12-16 13:38:30.348145+00:00
2024-12-16 20:08:30,349 - fvg_monitor - DEBUG - Using cached FVG results
2024-12-16 20:08:30,554 - fvg_monitor - DEBUG - Detection cycle at 2024-12-16 13:38:30.554499+00:00
2024-12-16 20:08:30,555 - fvg_monitor - DEBUG - Using cached FVG results
2024-12-16 20:08:30,755 - fvg_monitor - DEBUG - Detection cycle at 2024-12-16 13:38:30.755844+00:00
2024-12-16 20:08:32,293 - fvg_monitor - DEBUG - Detection cycle at 2024-12-16 13:38:32.293815+00:00
2024-12-16 20:08:32,295 - fvg_monitor - DEBUG - Using cached FVG results
2024-12-16 20:08:32,500 - fvg_monitor - DEBUG - Detection cycle at 2024-12-16 13:38:32.500711+00:00
2024-12-16 20:08:32,501 - fvg_monitor - DEBUG - Using cached FVG results
2024-12-16 20:08:32,705 - fvg_monitor - DEBUG - Detection cycle at 2024-12-16 13:38:32.705802+00:00
2024-12-16 20:08:32,706 - fvg_monitor - DEBUG - Using cached FVG results
2024-12-16 20:08:32,911 - fvg_monitor - DEBUG - Detection cycle at 2024-12-16 13:38:32.911041+00:00
2024-12-16 20:08:32,912 - fvg_monitor - DEBUG - Using cached FVG results
2024-12-16 20:08:33,114 - fvg_monitor - DEBUG - Detection cycle at 2024-12-16 13:38:33.114921+00:00
2024-12-16 20:08:34,621 - fvg_monitor - DEBUG - Detection cycle at 2024-12-16 13:38:34.621769+00:00
2024-12-16 20:08:34,622 - fvg_monitor - DEBUG - Using cached FVG results
2024-12-16 20:08:34,827 - fvg_monitor - DEBUG - Detection cycle at 2024-12-16 13:38:34.827603+00:00
2024-12-16 20:08:34,829 - fvg_monitor - DEBUG - Using cached FVG results
2024-12-16 20:08:35,030 - fvg_monitor - DEBUG - Detection cycle at 2024-12-16 13:38:35.029951+00:00
2024-12-16 20:08:35,031 - fvg_monitor - DEBUG - Using cached FVG results
2024-12-16 20:08:35,235 - fvg_monitor - DEBUG - Detection cycle at 2024-12-16 13:38:35.235607+00:00
2024-12-16 20:08:35,237 - fvg_monitor - DEBUG - Using cached FVG results
2024-12-16 20:08:35,442 - fvg_monitor - DEBUG - Detection cycle at 2024-12-16 13:38:35.442327+00:00
2024-12-16 20:08:37,414 - fvg_monitor - DEBUG - Detection cycle at 2024-12-16 13:38:37.413938+00:00
2024-12-16 20:08:37,415 - fvg_monitor - DEBUG - Using cached FVG results
2024-12-16 20:08:37,620 - fvg_monitor - DEBUG - Detection cycle at 2024-12-16 13:38:37.620378+00:00
2024-12-16 20:08:37,621 - fvg_monitor - DEBUG - Using cached FVG results
2024-12-16 20:08:37,826 - fvg_monitor - DEBUG - Detection cycle at 2024-12-16 13:38:37.826595+00:00
2024-12-16 20:08:37,829 - fvg_monitor - DEBUG - Using cached FVG results
2024-12-16 20:08:38,029 - fvg_monitor - DEBUG - Detection cycle at 2024-12-16 13:38:38.029839+00:00
2024-12-16 20:08:38,031 - fvg_monitor - DEBUG - Using cached FVG results
2024-12-16 20:08:38,233 - fvg_monitor - DEBUG - Detection cycle at 2024-12-16 13:38:38.233198+00:00
2024-12-16 20:08:39,956 - fvg_monitor - DEBUG - Detection cycle at 2024-12-16 13:38:39.956273+00:00
2024-12-16 20:08:39,957 - fvg_monitor - DEBUG - Using cached FVG results
2024-12-16 20:08:40,161 - fvg_monitor - DEBUG - Detection cycle at 2024-12-16 13:38:40.161790+00:00
2024-12-16 20:08:40,163 - fvg_monitor - DEBUG - Using cached FVG results
2024-12-16 20:08:40,369 - fvg_monitor - DEBUG - Detection cycle at 2024-12-16 13:38:40.369025+00:00
2024-12-16 20:08:40,370 - fvg_monitor - DEBUG - Using cached FVG results
2024-12-16 20:08:40,575 - fvg_monitor - DEBUG - Detection cycle at 2024-12-16 13:38:40.575172+00:00
2024-12-16 20:08:40,577 - fvg_monitor - DEBUG - Using cached FVG results
2024-12-16 20:08:40,781 - fvg_monitor - DEBUG - Detection cycle at 2024-12-16 13:38:40.781567+00:00
2024-12-16 20:08:42,283 - fvg_monitor - DEBUG - Detection cycle at 2024-12-16 13:38:42.283434+00:00
2024-12-16 20:08:42,284 - fvg_monitor - DEBUG - Using cached FVG results
2024-12-16 20:08:42,489 - fvg_monitor - DEBUG - Detection cycle at 2024-12-16 13:38:42.489203+00:00
2024-12-16 20:08:42,490 - fvg_monitor - DEBUG - Using cached FVG results
2024-12-16 20:08:42,695 - fvg_monitor - DEBUG - Detection cycle at 2024-12-16 13:38:42.695547+00:00
2024-12-16 20:08:42,696 - fvg_monitor - DEBUG - Using cached FVG results
2024-12-16 20:08:42,898 - fvg_monitor - DEBUG - Detection cycle at 2024-12-16 13:38:42.898299+00:00
2024-12-16 20:08:42,900 - fvg_monitor - DEBUG - Using cached FVG results
2024-12-16 20:08:43,103 - fvg_monitor - DEBUG - Detection cycle at 2024-12-16 13:38:43.103687+00:00
2024-12-16 20:08:45,182 - fvg_monitor - DEBUG - Detection cycle at 2024-12-16 13:38:45.182835+00:00
2024-12-16 20:08:45,183 - fvg_monitor - DEBUG - Using cached FVG results
2024-12-16 20:08:45,389 - fvg_monitor - DEBUG - Detection cycle at 2024-12-16 13:38:45.389041+00:00
2024-12-16 20:08:45,390 - fvg_monitor - DEBUG - Using cached FVG results
2024-12-16 20:08:45,593 - fvg_monitor - DEBUG - Detection cycle at 2024-12-16 13:38:45.593274+00:00
2024-12-16 20:08:45,595 - fvg_monitor - DEBUG - Using cached FVG results
2024-12-16 20:08:45,797 - fvg_monitor - DEBUG - Detection cycle at 2024-12-16 13:38:45.796955+00:00
2024-12-16 20:08:45,798 - fvg_monitor - DEBUG - Using cached FVG results
2024-12-16 20:08:46,003 - fvg_monitor - DEBUG - Detection cycle at 2024-12-16 13:38:46.003566+00:00
2024-12-16 20:08:47,672 - fvg_monitor - DEBUG - Detection cycle at 2024-12-16 13:38:47.672036+00:00
2024-12-16 20:08:47,674 - fvg_monitor - DEBUG - Using cached FVG results
2024-12-16 20:08:47,875 - fvg_monitor - DEBUG - Detection cycle at 2024-12-16 13:38:47.875447+00:00
2024-12-16 20:08:47,878 - fvg_monitor - DEBUG - Using cached FVG results
2024-12-16 20:08:48,079 - fvg_monitor - DEBUG - Detection cycle at 2024-12-16 13:38:48.079859+00:00
2024-12-16 20:08:48,080 - fvg_monitor - DEBUG - Using cached FVG results
2024-12-16 20:08:48,285 - fvg_monitor - DEBUG - Detection cycle at 2024-12-16 13:38:48.285795+00:00
2024-12-16 20:08:48,286 - fvg_monitor - DEBUG - Using cached FVG results
2024-12-16 20:08:48,491 - fvg_monitor - DEBUG - Detection cycle at 2024-12-16 13:38:48.491253+00:00
2024-12-16 20:08:50,065 - fvg_monitor - DEBUG - Detection cycle at 2024-12-16 13:38:50.065404+00:00
2024-12-16 20:08:50,065 - fvg_monitor - DEBUG - Using cached FVG results
2024-12-16 20:08:50,270 - fvg_monitor - DEBUG - Detection cycle at 2024-12-16 13:38:50.270869+00:00
2024-12-16 20:08:50,271 - fvg_monitor - DEBUG - Using cached FVG results
2024-12-16 20:08:50,476 - fvg_monitor - DEBUG - Detection cycle at 2024-12-16 13:38:50.476290+00:00
2024-12-16 20:08:50,476 - fvg_monitor - DEBUG - Using cached FVG results
2024-12-16 20:08:50,681 - fvg_monitor - DEBUG - Detection cycle at 2024-12-16 13:38:50.681681+00:00
2024-12-16 20:08:50,682 - fvg_monitor - DEBUG - Using cached FVG results
2024-12-16 20:08:50,887 - fvg_monitor - DEBUG - Detection cycle at 2024-12-16 13:38:50.887128+00:00
2024-12-16 20:08:52,396 - fvg_monitor - DEBUG - Detection cycle at 2024-12-16 13:38:52.396219+00:00
2024-12-16 20:08:52,396 - fvg_monitor - DEBUG - Using cached FVG results
2024-12-16 20:08:52,601 - fvg_monitor - DEBUG - Detection cycle at 2024-12-16 13:38:52.601690+00:00
2024-12-16 20:08:52,602 - fvg_monitor - DEBUG - Using cached FVG results
2024-12-16 20:08:52,807 - fvg_monitor - DEBUG - Detection cycle at 2024-12-16 13:38:52.807086+00:00
2024-12-16 20:08:52,807 - fvg_monitor - DEBUG - Using cached FVG results
2024-12-16 20:08:53,009 - fvg_monitor - DEBUG - Detection cycle at 2024-12-16 13:38:53.009841+00:00
2024-12-16 20:08:53,010 - fvg_monitor - DEBUG - Using cached FVG results
2024-12-16 20:08:53,215 - fvg_monitor - DEBUG - Detection cycle at 2024-12-16 13:38:53.215290+00:00
2024-12-16 20:08:54,880 - fvg_monitor - DEBUG - Detection cycle at 2024-12-16 13:38:54.880225+00:00
2024-12-16 20:08:54,880 - fvg_monitor - DEBUG - Using cached FVG results
2024-12-16 20:08:55,085 - fvg_monitor - DEBUG - Detection cycle at 2024-12-16 13:38:55.085666+00:00
2024-12-16 20:08:55,086 - fvg_monitor - DEBUG - Using cached FVG results
2024-12-16 20:08:55,291 - fvg_monitor - DEBUG - Detection cycle at 2024-12-16 13:38:55.291076+00:00
2024-12-16 20:08:55,291 - fvg_monitor - DEBUG - Using cached FVG results
2024-12-16 20:08:55,496 - fvg_monitor - DEBUG - Detection cycle at 2024-12-16 13:38:55.496433+00:00
2024-12-16 20:08:55,496 - fvg_monitor - DEBUG - Using cached FVG results
2024-12-16 20:08:55,701 - fvg_monitor - DEBUG - Detection cycle at 2024-12-16 13:38:55.701818+00:00
2024-12-16 20:08:57,322 - fvg_monitor - DEBUG - Detection cycle at 2024-12-16 13:38:57.321995+00:00
2024-12-16 20:08:57,322 - fvg_monitor - DEBUG - Using cached FVG results
2024-12-16 20:08:57,525 - fvg_monitor - DEBUG - Detection cycle at 2024-12-16 13:38:57.525834+00:00
2024-12-16 20:08:57,526 - fvg_monitor - DEBUG - Using cached FVG results
2024-12-16 20:08:57,732 - fvg_monitor - DEBUG - Detection cycle at 2024-12-16 13:38:57.731936+00:00
2024-12-16 20:08:57,732 - fvg_monitor - DEBUG - Using cached FVG results
2024-12-16 20:08:57,935 - fvg_monitor - DEBUG - Detection cycle at 2024-12-16 13:38:57.935146+00:00
2024-12-16 20:08:57,936 - fvg_monitor - DEBUG - Using cached FVG results
2024-12-16 20:08:58,139 - fvg_monitor - DEBUG - Detection cycle at 2024-12-16 13:38:58.139445+00:00
2024-12-16 20:08:59,642 - fvg_monitor - DEBUG - Detection cycle at 2024-12-16 13:38:59.642628+00:00
2024-12-16 20:08:59,644 - fvg_monitor - DEBUG - Using cached FVG results
2024-12-16 20:08:59,848 - fvg_monitor - DEBUG - Detection cycle at 2024-12-16 13:38:59.847941+00:00
2024-12-16 20:08:59,849 - fvg_monitor - DEBUG - Using cached FVG results
2024-12-16 20:09:00,054 - fvg_monitor - DEBUG - Detection cycle at 2024-12-16 13:39:00.054113+00:00
2024-12-16 20:09:00,055 - fvg_monitor - DEBUG - Using cached FVG results
2024-12-16 20:09:00,260 - fvg_monitor - DEBUG - Detection cycle at 2024-12-16 13:39:00.260179+00:00
2024-12-16 20:09:00,261 - fvg_monitor - DEBUG - Using cached FVG results
2024-12-16 20:09:00,462 - fvg_monitor - DEBUG - Detection cycle at 2024-12-16 13:39:00.462554+00:00
2024-12-16 20:09:02,033 - fvg_monitor - DEBUG - Detection cycle at 2024-12-16 13:39:02.033020+00:00
2024-12-16 20:09:02,035 - fvg_monitor - DEBUG - Using cached FVG results
2024-12-16 20:09:02,240 - fvg_monitor - DEBUG - Detection cycle at 2024-12-16 13:39:02.240360+00:00
2024-12-16 20:09:02,243 - fvg_monitor - DEBUG - Using cached FVG results
2024-12-16 20:09:02,445 - fvg_monitor - DEBUG - Detection cycle at 2024-12-16 13:39:02.445779+00:00
2024-12-16 20:09:02,447 - fvg_monitor - DEBUG - Using cached FVG results
2024-12-16 20:09:02,648 - fvg_monitor - DEBUG - Detection cycle at 2024-12-16 13:39:02.647985+00:00
2024-12-16 20:09:02,649 - fvg_monitor - DEBUG - Using cached FVG results
2024-12-16 20:09:02,854 - fvg_monitor - DEBUG - Detection cycle at 2024-12-16 13:39:02.854414+00:00
2024-12-16 20:09:04,454 - fvg_monitor - DEBUG - Detection cycle at 2024-12-16 13:39:04.454556+00:00
2024-12-16 20:09:04,456 - fvg_monitor - DEBUG - Using cached FVG results
2024-12-16 20:09:04,660 - fvg_monitor - DEBUG - Detection cycle at 2024-12-16 13:39:04.660501+00:00
2024-12-16 20:09:04,662 - fvg_monitor - DEBUG - Using cached FVG results
2024-12-16 20:09:04,864 - fvg_monitor - DEBUG - Detection cycle at 2024-12-16 13:39:04.863960+00:00
2024-12-16 20:09:04,865 - fvg_monitor - DEBUG - Using cached FVG results
2024-12-16 20:09:05,070 - fvg_monitor - DEBUG - Detection cycle at 2024-12-16 13:39:05.070055+00:00
2024-12-16 20:09:05,071 - fvg_monitor - DEBUG - Using cached FVG results
2024-12-16 20:09:05,276 - fvg_monitor - DEBUG - Detection cycle at 2024-12-16 13:39:05.276175+00:00
2024-12-16 20:09:06,830 - fvg_monitor - DEBUG - Detection cycle at 2024-12-16 13:39:06.830204+00:00
2024-12-16 20:09:06,832 - fvg_monitor - DEBUG - Using cached FVG results
2024-12-16 20:09:07,034 - fvg_monitor - DEBUG - Detection cycle at 2024-12-16 13:39:07.033938+00:00
2024-12-16 20:09:07,035 - fvg_monitor - DEBUG - Using cached FVG results
2024-12-16 20:09:07,240 - fvg_monitor - DEBUG - Detection cycle at 2024-12-16 13:39:07.240586+00:00
2024-12-16 20:09:07,241 - fvg_monitor - DEBUG - Using cached FVG results
2024-12-16 20:09:07,443 - fvg_monitor - DEBUG - Detection cycle at 2024-12-16 13:39:07.443789+00:00
2024-12-16 20:09:07,445 - fvg_monitor - DEBUG - Using cached FVG results
2024-12-16 20:09:07,647 - fvg_monitor - DEBUG - Detection cycle at 2024-12-16 13:39:07.647892+00:00
2024-12-16 20:09:09,222 - fvg_monitor - DEBUG - Detection cycle at 2024-12-16 13:39:09.221996+00:00
2024-12-16 20:09:09,224 - fvg_monitor - DEBUG - Using cached FVG results
2024-12-16 20:09:09,426 - fvg_monitor - DEBUG - Detection cycle at 2024-12-16 13:39:09.426109+00:00
2024-12-16 20:09:09,428 - fvg_monitor - DEBUG - Using cached FVG results
2024-12-16 20:09:09,631 - fvg_monitor - DEBUG - Detection cycle at 2024-12-16 13:39:09.631556+00:00
2024-12-16 20:09:09,633 - fvg_monitor - DEBUG - Using cached FVG results
2024-12-16 20:09:09,838 - fvg_monitor - DEBUG - Detection cycle at 2024-12-16 13:39:09.838885+00:00
2024-12-16 20:09:09,840 - fvg_monitor - DEBUG - Using cached FVG results
2024-12-16 20:09:10,041 - fvg_monitor - DEBUG - Detection cycle at 2024-12-16 13:39:10.041840+00:00
2024-12-16 20:09:11,595 - fvg_monitor - DEBUG - Detection cycle at 2024-12-16 13:39:11.595739+00:00
2024-12-16 20:09:11,598 - fvg_monitor - DEBUG - Using cached FVG results
2024-12-16 20:09:11,801 - fvg_monitor - DEBUG - Detection cycle at 2024-12-16 13:39:11.801535+00:00
2024-12-16 20:09:11,803 - fvg_monitor - DEBUG - Using cached FVG results
2024-12-16 20:09:12,005 - fvg_monitor - DEBUG - Detection cycle at 2024-12-16 13:39:12.005203+00:00
2024-12-16 20:09:12,007 - fvg_monitor - DEBUG - Using cached FVG results
2024-12-16 20:09:12,209 - fvg_monitor - DEBUG - Detection cycle at 2024-12-16 13:39:12.209399+00:00
2024-12-16 20:09:12,211 - fvg_monitor - DEBUG - Using cached FVG results
2024-12-16 20:09:12,412 - fvg_monitor - DEBUG - Detection cycle at 2024-12-16 13:39:12.412334+00:00
2024-12-16 20:09:14,005 - fvg_monitor - DEBUG - Detection cycle at 2024-12-16 13:39:14.005159+00:00
2024-12-16 20:09:14,010 - fvg_monitor - DEBUG - Using cached FVG results
2024-12-16 20:09:14,216 - fvg_monitor - DEBUG - Detection cycle at 2024-12-16 13:39:14.215882+00:00
2024-12-16 20:09:14,217 - fvg_monitor - DEBUG - Using cached FVG results
2024-12-16 20:09:14,423 - fvg_monitor - DEBUG - Detection cycle at 2024-12-16 13:39:14.422951+00:00
2024-12-16 20:09:14,425 - fvg_monitor - DEBUG - Using cached FVG results
2024-12-16 20:09:14,629 - fvg_monitor - DEBUG - Detection cycle at 2024-12-16 13:39:14.629653+00:00
2024-12-16 20:09:14,631 - fvg_monitor - DEBUG - Using cached FVG results
2024-12-16 20:09:14,833 - fvg_monitor - DEBUG - Detection cycle at 2024-12-16 13:39:14.833253+00:00
2024-12-16 20:09:16,393 - fvg_monitor - DEBUG - Detection cycle at 2024-12-16 13:39:16.392963+00:00
2024-12-16 20:09:16,394 - fvg_monitor - DEBUG - Using cached FVG results
2024-12-16 20:09:16,597 - fvg_monitor - DEBUG - Detection cycle at 2024-12-16 13:39:16.597307+00:00
2024-12-16 20:09:16,598 - fvg_monitor - DEBUG - Using cached FVG results
2024-12-16 20:09:16,798 - fvg_monitor - DEBUG - Detection cycle at 2024-12-16 13:39:16.798633+00:00
2024-12-16 20:09:16,800 - fvg_monitor - DEBUG - Using cached FVG results
2024-12-16 20:09:17,005 - fvg_monitor - DEBUG - Detection cycle at 2024-12-16 13:39:17.005148+00:00
2024-12-16 20:09:17,007 - fvg_monitor - DEBUG - Using cached FVG results
2024-12-16 20:09:17,212 - fvg_monitor - DEBUG - Detection cycle at 2024-12-16 13:39:17.212569+00:00
2024-12-16 20:09:18,793 - fvg_monitor - DEBUG - Detection cycle at 2024-12-16 13:39:18.793496+00:00
2024-12-16 20:09:18,795 - fvg_monitor - DEBUG - Using cached FVG results
2024-12-16 20:09:19,000 - fvg_monitor - DEBUG - Detection cycle at 2024-12-16 13:39:19.000205+00:00
2024-12-16 20:09:19,001 - fvg_monitor - DEBUG - Using cached FVG results
2024-12-16 20:09:19,206 - fvg_monitor - DEBUG - Detection cycle at 2024-12-16 13:39:19.206694+00:00
2024-12-16 20:09:19,208 - fvg_monitor - DEBUG - Using cached FVG results
2024-12-16 20:09:19,409 - fvg_monitor - DEBUG - Detection cycle at 2024-12-16 13:39:19.409315+00:00
2024-12-16 20:09:19,410 - fvg_monitor - DEBUG - Using cached FVG results
2024-12-16 20:09:19,615 - fvg_monitor - DEBUG - Detection cycle at 2024-12-16 13:39:19.615824+00:00
2024-12-16 20:09:21,198 - fvg_monitor - DEBUG - Detection cycle at 2024-12-16 13:39:21.198356+00:00
2024-12-16 20:09:21,199 - fvg_monitor - DEBUG - Using cached FVG results
2024-12-16 20:09:21,401 - fvg_monitor - DEBUG - Detection cycle at 2024-12-16 13:39:21.400943+00:00
2024-12-16 20:09:21,402 - fvg_monitor - DEBUG - Using cached FVG results
2024-12-16 20:09:21,607 - fvg_monitor - DEBUG - Detection cycle at 2024-12-16 13:39:21.607033+00:00
2024-12-16 20:09:21,609 - fvg_monitor - DEBUG - Using cached FVG results
2024-12-16 20:09:21,813 - fvg_monitor - DEBUG - Detection cycle at 2024-12-16 13:39:21.813413+00:00
2024-12-16 20:09:21,815 - fvg_monitor - DEBUG - Using cached FVG results
2024-12-16 20:09:22,018 - fvg_monitor - DEBUG - Detection cycle at 2024-12-16 13:39:22.018013+00:00
2024-12-16 20:09:23,611 - fvg_monitor - DEBUG - Detection cycle at 2024-12-16 13:39:23.610977+00:00
2024-12-16 20:09:23,613 - fvg_monitor - DEBUG - Using cached FVG results
2024-12-16 20:09:23,818 - fvg_monitor - DEBUG - Detection cycle at 2024-12-16 13:39:23.818462+00:00
2024-12-16 20:09:23,820 - fvg_monitor - DEBUG - Using cached FVG results
2024-12-16 20:09:24,024 - fvg_monitor - DEBUG - Detection cycle at 2024-12-16 13:39:24.024341+00:00
2024-12-16 20:09:24,025 - fvg_monitor - DEBUG - Using cached FVG results
2024-12-16 20:09:24,229 - fvg_monitor - DEBUG - Detection cycle at 2024-12-16 13:39:24.228952+00:00
2024-12-16 20:09:24,230 - fvg_monitor - DEBUG - Using cached FVG results
2024-12-16 20:09:24,435 - fvg_monitor - DEBUG - Detection cycle at 2024-12-16 13:39:24.435876+00:00
2024-12-16 20:09:26,000 - fvg_monitor - DEBUG - Detection cycle at 2024-12-16 13:39:26.000151+00:00
2024-12-16 20:09:26,001 - fvg_monitor - DEBUG - Using cached FVG results
2024-12-16 20:09:26,205 - fvg_monitor - DEBUG - Detection cycle at 2024-12-16 13:39:26.205591+00:00
2024-12-16 20:09:26,207 - fvg_monitor - DEBUG - Using cached FVG results
2024-12-16 20:09:26,410 - fvg_monitor - DEBUG - Detection cycle at 2024-12-16 13:39:26.410099+00:00
2024-12-16 20:09:26,412 - fvg_monitor - DEBUG - Using cached FVG results
2024-12-16 20:09:26,612 - fvg_monitor - DEBUG - Detection cycle at 2024-12-16 13:39:26.612298+00:00
2024-12-16 20:09:26,613 - fvg_monitor - DEBUG - Using cached FVG results
2024-12-16 20:09:26,818 - fvg_monitor - DEBUG - Detection cycle at 2024-12-16 13:39:26.818668+00:00
2024-12-16 20:09:28,405 - fvg_monitor - DEBUG - Detection cycle at 2024-12-16 13:39:28.405391+00:00
2024-12-16 20:09:28,407 - fvg_monitor - DEBUG - Using cached FVG results
2024-12-16 20:09:28,610 - fvg_monitor - DEBUG - Detection cycle at 2024-12-16 13:39:28.610217+00:00
2024-12-16 20:09:28,612 - fvg_monitor - DEBUG - Using cached FVG results
2024-12-16 20:09:28,817 - fvg_monitor - DEBUG - Detection cycle at 2024-12-16 13:39:28.817765+00:00
2024-12-16 20:09:28,819 - fvg_monitor - DEBUG - Using cached FVG results
2024-12-16 20:09:29,023 - fvg_monitor - DEBUG - Detection cycle at 2024-12-16 13:39:29.023841+00:00
2024-12-16 20:09:29,025 - fvg_monitor - DEBUG - Using cached FVG results
2024-12-16 20:09:29,229 - fvg_monitor - DEBUG - Detection cycle at 2024-12-16 13:39:29.229325+00:00
2024-12-16 20:09:30,773 - fvg_monitor - DEBUG - Detection cycle at 2024-12-16 13:39:30.773903+00:00
2024-12-16 20:09:30,775 - fvg_monitor - DEBUG - Using cached FVG results
2024-12-16 20:09:30,979 - fvg_monitor - DEBUG - Detection cycle at 2024-12-16 13:39:30.979266+00:00
2024-12-16 20:09:30,981 - fvg_monitor - DEBUG - Using cached FVG results
2024-12-16 20:09:31,187 - fvg_monitor - DEBUG - Detection cycle at 2024-12-16 13:39:31.187150+00:00
2024-12-16 20:09:31,188 - fvg_monitor - DEBUG - Using cached FVG results
2024-12-16 20:09:31,394 - fvg_monitor - DEBUG - Detection cycle at 2024-12-16 13:39:31.394044+00:00
2024-12-16 20:09:31,395 - fvg_monitor - DEBUG - Using cached FVG results
2024-12-16 20:09:31,597 - fvg_monitor - DEBUG - Detection cycle at 2024-12-16 13:39:31.597882+00:00
2024-12-16 20:09:33,197 - fvg_monitor - DEBUG - Detection cycle at 2024-12-16 13:39:33.197315+00:00
2024-12-16 20:09:33,198 - fvg_monitor - DEBUG - Using cached FVG results
2024-12-16 20:09:33,400 - fvg_monitor - DEBUG - Detection cycle at 2024-12-16 13:39:33.400754+00:00
2024-12-16 20:09:33,403 - fvg_monitor - DEBUG - Using cached FVG results
2024-12-16 20:09:33,606 - fvg_monitor - DEBUG - Detection cycle at 2024-12-16 13:39:33.606452+00:00
2024-12-16 20:09:33,608 - fvg_monitor - DEBUG - Using cached FVG results
2024-12-16 20:09:33,809 - fvg_monitor - DEBUG - Detection cycle at 2024-12-16 13:39:33.809052+00:00
2024-12-16 20:09:33,810 - fvg_monitor - DEBUG - Using cached FVG results
2024-12-16 20:09:34,012 - fvg_monitor - DEBUG - Detection cycle at 2024-12-16 13:39:34.012204+00:00
2024-12-16 20:09:36,098 - fvg_monitor - DEBUG - Detection cycle at 2024-12-16 13:39:36.098733+00:00
2024-12-16 20:09:36,100 - fvg_monitor - DEBUG - Using cached FVG results
2024-12-16 20:09:36,302 - fvg_monitor - DEBUG - Detection cycle at 2024-12-16 13:39:36.302187+00:00
2024-12-16 20:09:36,304 - fvg_monitor - DEBUG - Using cached FVG results
2024-12-16 20:09:36,507 - fvg_monitor - DEBUG - Detection cycle at 2024-12-16 13:39:36.507190+00:00
2024-12-16 20:09:36,509 - fvg_monitor - DEBUG - Using cached FVG results
2024-12-16 20:09:36,711 - fvg_monitor - DEBUG - Detection cycle at 2024-12-16 13:39:36.711402+00:00
2024-12-16 20:09:36,713 - fvg_monitor - DEBUG - Using cached FVG results
2024-12-16 20:09:36,918 - fvg_monitor - DEBUG - Detection cycle at 2024-12-16 13:39:36.918799+00:00
2024-12-16 20:09:38,487 - fvg_monitor - DEBUG - Detection cycle at 2024-12-16 13:39:38.487158+00:00
2024-12-16 20:09:38,489 - fvg_monitor - DEBUG - Using cached FVG results
2024-12-16 20:09:38,693 - fvg_monitor - DEBUG - Detection cycle at 2024-12-16 13:39:38.693191+00:00
2024-12-16 20:09:38,694 - fvg_monitor - DEBUG - Using cached FVG results
2024-12-16 20:09:38,895 - fvg_monitor - DEBUG - Detection cycle at 2024-12-16 13:39:38.895762+00:00
2024-12-16 20:09:38,897 - fvg_monitor - DEBUG - Using cached FVG results
2024-12-16 20:09:39,099 - fvg_monitor - DEBUG - Detection cycle at 2024-12-16 13:39:39.099653+00:00
2024-12-16 20:09:39,100 - fvg_monitor - DEBUG - Using cached FVG results
2024-12-16 20:09:39,304 - fvg_monitor - DEBUG - Detection cycle at 2024-12-16 13:39:39.304783+00:00
2024-12-16 20:09:40,893 - fvg_monitor - DEBUG - Detection cycle at 2024-12-16 13:39:40.893154+00:00
2024-12-16 20:09:40,894 - fvg_monitor - DEBUG - Using cached FVG results
2024-12-16 20:09:41,098 - fvg_monitor - DEBUG - Detection cycle at 2024-12-16 13:39:41.098790+00:00
2024-12-16 20:09:41,100 - fvg_monitor - DEBUG - Using cached FVG results
2024-12-16 20:09:41,302 - fvg_monitor - DEBUG - Detection cycle at 2024-12-16 13:39:41.302044+00:00
2024-12-16 20:09:41,303 - fvg_monitor - DEBUG - Using cached FVG results
2024-12-16 20:09:41,508 - fvg_monitor - DEBUG - Detection cycle at 2024-12-16 13:39:41.508814+00:00
2024-12-16 20:09:41,510 - fvg_monitor - DEBUG - Using cached FVG results
2024-12-16 20:09:41,713 - fvg_monitor - DEBUG - Detection cycle at 2024-12-16 13:39:41.713029+00:00
2024-12-16 20:09:43,263 - fvg_monitor - DEBUG - Detection cycle at 2024-12-16 13:39:43.263475+00:00
2024-12-16 20:09:43,265 - fvg_monitor - DEBUG - Using cached FVG results
2024-12-16 20:09:43,470 - fvg_monitor - DEBUG - Detection cycle at 2024-12-16 13:39:43.470233+00:00
2024-12-16 20:09:43,472 - fvg_monitor - DEBUG - Using cached FVG results
2024-12-16 20:09:43,672 - fvg_monitor - DEBUG - Detection cycle at 2024-12-16 13:39:43.672825+00:00
2024-12-16 20:09:43,674 - fvg_monitor - DEBUG - Using cached FVG results
2024-12-16 20:09:43,879 - fvg_monitor - DEBUG - Detection cycle at 2024-12-16 13:39:43.879610+00:00
2024-12-16 20:09:43,881 - fvg_monitor - DEBUG - Using cached FVG results
2024-12-16 20:09:44,084 - fvg_monitor - DEBUG - Detection cycle at 2024-12-16 13:39:44.084285+00:00
2024-12-16 20:09:45,694 - fvg_monitor - DEBUG - Detection cycle at 2024-12-16 13:39:45.694839+00:00
2024-12-16 20:09:45,695 - fvg_monitor - DEBUG - Using cached FVG results
2024-12-16 20:09:45,897 - fvg_monitor - DEBUG - Detection cycle at 2024-12-16 13:39:45.896980+00:00
2024-12-16 20:09:45,898 - fvg_monitor - DEBUG - Using cached FVG results
2024-12-16 20:09:46,101 - fvg_monitor - DEBUG - Detection cycle at 2024-12-16 13:39:46.100939+00:00
2024-12-16 20:09:46,102 - fvg_monitor - DEBUG - Using cached FVG results
2024-12-16 20:09:46,304 - fvg_monitor - DEBUG - Detection cycle at 2024-12-16 13:39:46.304669+00:00
2024-12-16 20:09:46,306 - fvg_monitor - DEBUG - Using cached FVG results
2024-12-16 20:09:46,509 - fvg_monitor - DEBUG - Detection cycle at 2024-12-16 13:39:46.509748+00:00
2024-12-16 20:09:48,085 - fvg_monitor - DEBUG - Detection cycle at 2024-12-16 13:39:48.084918+00:00
2024-12-16 20:09:48,086 - fvg_monitor - DEBUG - Using cached FVG results
2024-12-16 20:09:48,290 - fvg_monitor - DEBUG - Detection cycle at 2024-12-16 13:39:48.290753+00:00
2024-12-16 20:09:48,292 - fvg_monitor - DEBUG - Using cached FVG results
2024-12-16 20:09:48,494 - fvg_monitor - DEBUG - Detection cycle at 2024-12-16 13:39:48.494266+00:00
2024-12-16 20:09:48,495 - fvg_monitor - DEBUG - Using cached FVG results
2024-12-16 20:09:48,697 - fvg_monitor - DEBUG - Detection cycle at 2024-12-16 13:39:48.697088+00:00
2024-12-16 20:09:48,699 - fvg_monitor - DEBUG - Using cached FVG results
2024-12-16 20:09:48,904 - fvg_monitor - DEBUG - Detection cycle at 2024-12-16 13:39:48.904201+00:00
2024-12-16 20:09:50,443 - fvg_monitor - DEBUG - Detection cycle at 2024-12-16 13:39:50.442736+00:00
2024-12-16 20:09:50,446 - fvg_monitor - DEBUG - Using cached FVG results
2024-12-16 20:09:50,652 - fvg_monitor - DEBUG - Detection cycle at 2024-12-16 13:39:50.651936+00:00
2024-12-16 20:09:50,653 - fvg_monitor - DEBUG - Using cached FVG results
2024-12-16 20:09:50,854 - fvg_monitor - DEBUG - Detection cycle at 2024-12-16 13:39:50.853918+00:00
2024-12-16 20:09:50,855 - fvg_monitor - DEBUG - Using cached FVG results
2024-12-16 20:09:51,058 - fvg_monitor - DEBUG - Detection cycle at 2024-12-16 13:39:51.058643+00:00
2024-12-16 20:09:51,060 - fvg_monitor - DEBUG - Using cached FVG results
2024-12-16 20:09:51,262 - fvg_monitor - DEBUG - Detection cycle at 2024-12-16 13:39:51.262730+00:00
2024-12-16 20:09:53,710 - fvg_monitor - DEBUG - Detection cycle at 2024-12-16 13:39:53.710531+00:00
2024-12-16 20:09:53,711 - fvg_monitor - DEBUG - Using cached FVG results
2024-12-16 20:09:53,912 - fvg_monitor - DEBUG - Detection cycle at 2024-12-16 13:39:53.912650+00:00
2024-12-16 20:09:53,913 - fvg_monitor - DEBUG - Using cached FVG results
2024-12-16 20:09:54,114 - fvg_monitor - DEBUG - Detection cycle at 2024-12-16 13:39:54.114224+00:00
2024-12-16 20:09:54,115 - fvg_monitor - DEBUG - Using cached FVG results
2024-12-16 20:09:54,315 - fvg_monitor - DEBUG - Detection cycle at 2024-12-16 13:39:54.315677+00:00
2024-12-16 20:09:54,316 - fvg_monitor - DEBUG - Using cached FVG results
2024-12-16 20:09:54,519 - fvg_monitor - DEBUG - Detection cycle at 2024-12-16 13:39:54.519486+00:00
2024-12-16 20:09:56,094 - fvg_monitor - DEBUG - Detection cycle at 2024-12-16 13:39:56.094346+00:00
2024-12-16 20:09:56,096 - fvg_monitor - DEBUG - Using cached FVG results
2024-12-16 20:09:56,301 - fvg_monitor - DEBUG - Detection cycle at 2024-12-16 13:39:56.301087+00:00
2024-12-16 20:09:56,302 - fvg_monitor - DEBUG - Using cached FVG results
2024-12-16 20:09:56,505 - fvg_monitor - DEBUG - Detection cycle at 2024-12-16 13:39:56.504974+00:00
2024-12-16 20:09:56,506 - fvg_monitor - DEBUG - Using cached FVG results
2024-12-16 20:09:56,712 - fvg_monitor - DEBUG - Detection cycle at 2024-12-16 13:39:56.712116+00:00
2024-12-16 20:09:56,713 - fvg_monitor - DEBUG - Using cached FVG results
2024-12-16 20:09:56,917 - fvg_monitor - DEBUG - Detection cycle at 2024-12-16 13:39:56.917339+00:00
2024-12-16 20:09:58,572 - fvg_monitor - DEBUG - Detection cycle at 2024-12-16 13:39:58.572447+00:00
2024-12-16 20:09:58,574 - fvg_monitor - DEBUG - Using cached FVG results
2024-12-16 20:09:58,776 - fvg_monitor - DEBUG - Detection cycle at 2024-12-16 13:39:58.776826+00:00
2024-12-16 20:09:58,778 - fvg_monitor - DEBUG - Using cached FVG results
2024-12-16 20:09:58,983 - fvg_monitor - DEBUG - Detection cycle at 2024-12-16 13:39:58.983743+00:00
2024-12-16 20:09:58,984 - fvg_monitor - DEBUG - Using cached FVG results
2024-12-16 20:09:59,189 - fvg_monitor - DEBUG - Detection cycle at 2024-12-16 13:39:59.189011+00:00
2024-12-16 20:09:59,191 - fvg_monitor - DEBUG - Using cached FVG results
2024-12-16 20:09:59,391 - fvg_monitor - DEBUG - Detection cycle at 2024-12-16 13:39:59.391842+00:00
2024-12-16 20:10:00,933 - fvg_monitor - DEBUG - Detection cycle at 2024-12-16 13:40:00.933187+00:00
2024-12-16 20:10:00,934 - fvg_monitor - DEBUG - Using cached FVG results
2024-12-16 20:10:01,138 - fvg_monitor - DEBUG - Detection cycle at 2024-12-16 13:40:01.138333+00:00
2024-12-16 20:10:01,139 - fvg_monitor - DEBUG - Using cached FVG results
2024-12-16 20:10:01,344 - fvg_monitor - DEBUG - Detection cycle at 2024-12-16 13:40:01.344290+00:00
2024-12-16 20:10:01,345 - fvg_monitor - DEBUG - Using cached FVG results
2024-12-16 20:10:01,550 - fvg_monitor - DEBUG - Detection cycle at 2024-12-16 13:40:01.550122+00:00
2024-12-16 20:10:01,552 - fvg_monitor - DEBUG - Using cached FVG results
2024-12-16 20:10:01,757 - fvg_monitor - DEBUG - Detection cycle at 2024-12-16 13:40:01.757154+00:00
2024-12-16 20:10:03,470 - fvg_monitor - DEBUG - Detection cycle at 2024-12-16 13:40:03.470833+00:00
2024-12-16 20:10:03,472 - fvg_monitor - DEBUG - Using cached FVG results
2024-12-16 20:10:03,674 - fvg_monitor - DEBUG - Detection cycle at 2024-12-16 13:40:03.674488+00:00
2024-12-16 20:10:03,675 - fvg_monitor - DEBUG - Using cached FVG results
2024-12-16 20:10:03,877 - fvg_monitor - DEBUG - Detection cycle at 2024-12-16 13:40:03.877592+00:00
2024-12-16 20:10:03,879 - fvg_monitor - DEBUG - Using cached FVG results
2024-12-16 20:10:04,084 - fvg_monitor - DEBUG - Detection cycle at 2024-12-16 13:40:04.084102+00:00
2024-12-16 20:10:04,085 - fvg_monitor - DEBUG - Using cached FVG results
2024-12-16 20:10:04,290 - fvg_monitor - DEBUG - Detection cycle at 2024-12-16 13:40:04.290841+00:00
2024-12-16 20:10:05,901 - fvg_monitor - DEBUG - Detection cycle at 2024-12-16 13:40:05.901129+00:00
2024-12-16 20:10:05,903 - fvg_monitor - DEBUG - Using cached FVG results
2024-12-16 20:10:06,108 - fvg_monitor - DEBUG - Detection cycle at 2024-12-16 13:40:06.108361+00:00
2024-12-16 20:10:06,110 - fvg_monitor - DEBUG - Using cached FVG results
2024-12-16 20:10:06,315 - fvg_monitor - DEBUG - Detection cycle at 2024-12-16 13:40:06.315030+00:00
2024-12-16 20:10:06,317 - fvg_monitor - DEBUG - Using cached FVG results
2024-12-16 20:10:06,517 - fvg_monitor - DEBUG - Detection cycle at 2024-12-16 13:40:06.517606+00:00
2024-12-16 20:10:06,519 - fvg_monitor - DEBUG - Using cached FVG results
2024-12-16 20:10:06,721 - fvg_monitor - DEBUG - Detection cycle at 2024-12-16 13:40:06.720900+00:00
2024-12-16 20:10:08,482 - fvg_monitor - DEBUG - Detection cycle at 2024-12-16 13:40:08.482419+00:00
2024-12-16 20:10:08,485 - fvg_monitor - DEBUG - Using cached FVG results
2024-12-16 20:10:08,689 - fvg_monitor - DEBUG - Detection cycle at 2024-12-16 13:40:08.689507+00:00
2024-12-16 20:10:08,691 - fvg_monitor - DEBUG - Using cached FVG results
2024-12-16 20:10:08,895 - fvg_monitor - DEBUG - Detection cycle at 2024-12-16 13:40:08.895736+00:00
2024-12-16 20:10:08,897 - fvg_monitor - DEBUG - Using cached FVG results
2024-12-16 20:10:09,100 - fvg_monitor - DEBUG - Detection cycle at 2024-12-16 13:40:09.100568+00:00
2024-12-16 20:10:09,101 - fvg_monitor - DEBUG - Using cached FVG results
2024-12-16 20:10:09,302 - fvg_monitor - DEBUG - Detection cycle at 2024-12-16 13:40:09.302338+00:00
2024-12-16 20:10:10,869 - fvg_monitor - DEBUG - Detection cycle at 2024-12-16 13:40:10.869456+00:00
2024-12-16 20:10:10,870 - fvg_monitor - DEBUG - Using cached FVG results
2024-12-16 20:10:11,073 - fvg_monitor - DEBUG - Detection cycle at 2024-12-16 13:40:11.073731+00:00
2024-12-16 20:10:11,075 - fvg_monitor - DEBUG - Using cached FVG results
2024-12-16 20:10:11,277 - fvg_monitor - DEBUG - Detection cycle at 2024-12-16 13:40:11.277875+00:00
2024-12-16 20:10:11,279 - fvg_monitor - DEBUG - Using cached FVG results
2024-12-16 20:10:11,484 - fvg_monitor - DEBUG - Detection cycle at 2024-12-16 13:40:11.484510+00:00
2024-12-16 20:10:11,486 - fvg_monitor - DEBUG - Using cached FVG results
2024-12-16 20:10:11,691 - fvg_monitor - DEBUG - Detection cycle at 2024-12-16 13:40:11.691279+00:00
2024-12-16 20:10:13,262 - fvg_monitor - DEBUG - Detection cycle at 2024-12-16 13:40:13.262229+00:00
2024-12-16 20:10:13,263 - fvg_monitor - DEBUG - Using cached FVG results
2024-12-16 20:10:13,467 - fvg_monitor - DEBUG - Detection cycle at 2024-12-16 13:40:13.467010+00:00
2024-12-16 20:10:13,468 - fvg_monitor - DEBUG - Using cached FVG results
2024-12-16 20:10:13,673 - fvg_monitor - DEBUG - Detection cycle at 2024-12-16 13:40:13.673374+00:00
2024-12-16 20:10:13,682 - fvg_monitor - DEBUG - Using cached FVG results
2024-12-16 20:10:13,887 - fvg_monitor - DEBUG - Detection cycle at 2024-12-16 13:40:13.887408+00:00
2024-12-16 20:10:13,888 - fvg_monitor - DEBUG - Using cached FVG results
2024-12-16 20:10:14,094 - fvg_monitor - DEBUG - Detection cycle at 2024-12-16 13:40:14.094092+00:00
2024-12-16 20:10:15,834 - fvg_monitor - DEBUG - Detection cycle at 2024-12-16 13:40:15.834271+00:00
2024-12-16 20:10:15,836 - fvg_monitor - DEBUG - Using cached FVG results
2024-12-16 20:10:16,039 - fvg_monitor - DEBUG - Detection cycle at 2024-12-16 13:40:16.039629+00:00
2024-12-16 20:10:16,041 - fvg_monitor - DEBUG - Using cached FVG results
2024-12-16 20:10:16,246 - fvg_monitor - DEBUG - Detection cycle at 2024-12-16 13:40:16.246791+00:00
2024-12-16 20:10:16,248 - fvg_monitor - DEBUG - Using cached FVG results
2024-12-16 20:10:16,448 - fvg_monitor - DEBUG - Detection cycle at 2024-12-16 13:40:16.448311+00:00
2024-12-16 20:10:16,449 - fvg_monitor - DEBUG - Using cached FVG results
2024-12-16 20:10:16,650 - fvg_monitor - DEBUG - Detection cycle at 2024-12-16 13:40:16.650345+00:00
2024-12-16 20:10:18,230 - fvg_monitor - DEBUG - Detection cycle at 2024-12-16 13:40:18.230758+00:00
2024-12-16 20:10:18,233 - fvg_monitor - DEBUG - Using cached FVG results
2024-12-16 20:10:18,438 - fvg_monitor - DEBUG - Detection cycle at 2024-12-16 13:40:18.438788+00:00
2024-12-16 20:10:18,441 - fvg_monitor - DEBUG - Using cached FVG results
2024-12-16 20:10:18,646 - fvg_monitor - DEBUG - Detection cycle at 2024-12-16 13:40:18.646720+00:00
2024-12-16 20:10:18,648 - fvg_monitor - DEBUG - Using cached FVG results
2024-12-16 20:10:18,853 - fvg_monitor - DEBUG - Detection cycle at 2024-12-16 13:40:18.853421+00:00
2024-12-16 20:10:18,855 - fvg_monitor - DEBUG - Using cached FVG results
2024-12-16 20:10:19,060 - fvg_monitor - DEBUG - Detection cycle at 2024-12-16 13:40:19.060078+00:00
2024-12-16 20:10:24,733 - fvg_monitor - DEBUG - Detection cycle at 2024-12-16 13:40:24.733122+00:00
2024-12-16 20:10:24,740 - fvg_monitor - DEBUG - Using cached FVG results
2024-12-16 20:10:24,944 - fvg_monitor - DEBUG - Detection cycle at 2024-12-16 13:40:24.943903+00:00
2024-12-16 20:10:24,946 - fvg_monitor - DEBUG - Using cached FVG results
2024-12-16 20:10:25,150 - fvg_monitor - DEBUG - Detection cycle at 2024-12-16 13:40:25.150140+00:00
2024-12-16 20:10:25,151 - fvg_monitor - DEBUG - Using cached FVG results
2024-12-16 20:10:25,354 - fvg_monitor - DEBUG - Detection cycle at 2024-12-16 13:40:25.354120+00:00
2024-12-16 20:10:25,356 - fvg_monitor - DEBUG - Using cached FVG results
2024-12-16 20:10:25,558 - fvg_monitor - DEBUG - Detection cycle at 2024-12-16 13:40:25.558803+00:00
2024-12-16 20:10:27,166 - fvg_monitor - DEBUG - Detection cycle at 2024-12-16 13:40:27.166459+00:00
2024-12-16 20:10:27,168 - fvg_monitor - DEBUG - Using cached FVG results
2024-12-16 20:10:27,368 - fvg_monitor - DEBUG - Detection cycle at 2024-12-16 13:40:27.368155+00:00
2024-12-16 20:10:27,370 - fvg_monitor - DEBUG - Using cached FVG results
2024-12-16 20:10:27,572 - fvg_monitor - DEBUG - Detection cycle at 2024-12-16 13:40:27.572824+00:00
2024-12-16 20:10:27,574 - fvg_monitor - DEBUG - Using cached FVG results
2024-12-16 20:10:27,779 - fvg_monitor - DEBUG - Detection cycle at 2024-12-16 13:40:27.779363+00:00
2024-12-16 20:10:27,780 - fvg_monitor - DEBUG - Using cached FVG results
2024-12-16 20:10:27,984 - fvg_monitor - DEBUG - Detection cycle at 2024-12-16 13:40:27.984496+00:00
2024-12-16 20:10:29,652 - fvg_monitor - DEBUG - Detection cycle at 2024-12-16 13:40:29.652143+00:00
2024-12-16 20:10:29,653 - fvg_monitor - DEBUG - Using cached FVG results
2024-12-16 20:10:29,854 - fvg_monitor - DEBUG - Detection cycle at 2024-12-16 13:40:29.854125+00:00
2024-12-16 20:10:29,855 - fvg_monitor - DEBUG - Using cached FVG results
2024-12-16 20:10:30,055 - fvg_monitor - DEBUG - Detection cycle at 2024-12-16 13:40:30.055524+00:00
2024-12-16 20:10:30,057 - fvg_monitor - DEBUG - Using cached FVG results
2024-12-16 20:10:30,262 - fvg_monitor - DEBUG - Detection cycle at 2024-12-16 13:40:30.262041+00:00
2024-12-16 20:10:30,263 - fvg_monitor - DEBUG - Using cached FVG results
2024-12-16 20:10:30,464 - fvg_monitor - DEBUG - Detection cycle at 2024-12-16 13:40:30.464738+00:00
2024-12-16 20:10:32,180 - fvg_monitor - DEBUG - Detection cycle at 2024-12-16 13:40:32.180087+00:00
2024-12-16 20:10:32,181 - fvg_monitor - DEBUG - Using cached FVG results
2024-12-16 20:10:32,385 - fvg_monitor - DEBUG - Detection cycle at 2024-12-16 13:40:32.385080+00:00
2024-12-16 20:10:32,386 - fvg_monitor - DEBUG - Using cached FVG results
2024-12-16 20:10:32,587 - fvg_monitor - DEBUG - Detection cycle at 2024-12-16 13:40:32.587847+00:00
2024-12-16 20:10:32,589 - fvg_monitor - DEBUG - Using cached FVG results
2024-12-16 20:10:32,793 - fvg_monitor - DEBUG - Detection cycle at 2024-12-16 13:40:32.792940+00:00
2024-12-16 20:10:32,794 - fvg_monitor - DEBUG - Using cached FVG results
2024-12-16 20:10:32,997 - fvg_monitor - DEBUG - Detection cycle at 2024-12-16 13:40:32.997905+00:00
2024-12-16 20:10:34,770 - fvg_monitor - DEBUG - Detection cycle at 2024-12-16 13:40:34.770038+00:00
2024-12-16 20:10:34,772 - fvg_monitor - DEBUG - Using cached FVG results
2024-12-16 20:10:34,973 - fvg_monitor - DEBUG - Detection cycle at 2024-12-16 13:40:34.973857+00:00
2024-12-16 20:10:34,975 - fvg_monitor - DEBUG - Using cached FVG results
2024-12-16 20:10:35,180 - fvg_monitor - DEBUG - Detection cycle at 2024-12-16 13:40:35.180741+00:00
2024-12-16 20:10:35,181 - fvg_monitor - DEBUG - Using cached FVG results
2024-12-16 20:10:35,385 - fvg_monitor - DEBUG - Detection cycle at 2024-12-16 13:40:35.384988+00:00
2024-12-16 20:10:35,386 - fvg_monitor - DEBUG - Using cached FVG results
2024-12-16 20:10:35,590 - fvg_monitor - DEBUG - Detection cycle at 2024-12-16 13:40:35.590142+00:00
2024-12-16 20:10:37,194 - fvg_monitor - DEBUG - Detection cycle at 2024-12-16 13:40:37.194104+00:00
2024-12-16 20:10:37,198 - fvg_monitor - DEBUG - Using cached FVG results
2024-12-16 20:10:37,403 - fvg_monitor - DEBUG - Detection cycle at 2024-12-16 13:40:37.403642+00:00
2024-12-16 20:10:37,405 - fvg_monitor - DEBUG - Using cached FVG results
2024-12-16 20:10:37,607 - fvg_monitor - DEBUG - Detection cycle at 2024-12-16 13:40:37.607068+00:00
2024-12-16 20:10:37,609 - fvg_monitor - DEBUG - Using cached FVG results
2024-12-16 20:10:37,812 - fvg_monitor - DEBUG - Detection cycle at 2024-12-16 13:40:37.812367+00:00
2024-12-16 20:10:37,814 - fvg_monitor - DEBUG - Using cached FVG results
2024-12-16 20:10:38,019 - fvg_monitor - DEBUG - Detection cycle at 2024-12-16 13:40:38.019114+00:00
2024-12-16 20:10:39,607 - fvg_monitor - DEBUG - Detection cycle at 2024-12-16 13:40:39.607156+00:00
2024-12-16 20:10:39,609 - fvg_monitor - DEBUG - Using cached FVG results
2024-12-16 20:10:39,811 - fvg_monitor - DEBUG - Detection cycle at 2024-12-16 13:40:39.811474+00:00
2024-12-16 20:10:39,812 - fvg_monitor - DEBUG - Using cached FVG results
2024-12-16 20:10:40,013 - fvg_monitor - DEBUG - Detection cycle at 2024-12-16 13:40:40.013232+00:00
2024-12-16 20:10:40,015 - fvg_monitor - DEBUG - Using cached FVG results
2024-12-16 20:10:40,216 - fvg_monitor - DEBUG - Detection cycle at 2024-12-16 13:40:40.215981+00:00
2024-12-16 20:10:40,217 - fvg_monitor - DEBUG - Using cached FVG results
2024-12-16 20:10:40,419 - fvg_monitor - DEBUG - Detection cycle at 2024-12-16 13:40:40.419397+00:00
2024-12-16 20:10:42,129 - fvg_monitor - DEBUG - Detection cycle at 2024-12-16 13:40:42.129721+00:00
2024-12-16 20:10:42,130 - fvg_monitor - DEBUG - Using cached FVG results
2024-12-16 20:10:42,334 - fvg_monitor - DEBUG - Detection cycle at 2024-12-16 13:40:42.334662+00:00
2024-12-16 20:10:42,336 - fvg_monitor - DEBUG - Using cached FVG results
2024-12-16 20:10:42,541 - fvg_monitor - DEBUG - Detection cycle at 2024-12-16 13:40:42.541655+00:00
2024-12-16 20:10:42,542 - fvg_monitor - DEBUG - Using cached FVG results
2024-12-16 20:10:42,743 - fvg_monitor - DEBUG - Detection cycle at 2024-12-16 13:40:42.743437+00:00
2024-12-16 20:10:42,744 - fvg_monitor - DEBUG - Using cached FVG results
2024-12-16 20:10:42,949 - fvg_monitor - DEBUG - Detection cycle at 2024-12-16 13:40:42.949615+00:00
2024-12-16 20:10:44,941 - fvg_monitor - DEBUG - Detection cycle at 2024-12-16 13:40:44.941203+00:00
2024-12-16 20:10:44,942 - fvg_monitor - DEBUG - Using cached FVG results
2024-12-16 20:10:45,147 - fvg_monitor - DEBUG - Detection cycle at 2024-12-16 13:40:45.147385+00:00
2024-12-16 20:10:45,148 - fvg_monitor - DEBUG - Using cached FVG results
2024-12-16 20:10:45,353 - fvg_monitor - DEBUG - Detection cycle at 2024-12-16 13:40:45.353190+00:00
2024-12-16 20:10:45,354 - fvg_monitor - DEBUG - Using cached FVG results
2024-12-16 20:10:45,559 - fvg_monitor - DEBUG - Detection cycle at 2024-12-16 13:40:45.559362+00:00
2024-12-16 20:10:45,561 - fvg_monitor - DEBUG - Using cached FVG results
2024-12-16 20:10:45,766 - fvg_monitor - DEBUG - Detection cycle at 2024-12-16 13:40:45.766196+00:00
2024-12-16 20:10:47,417 - fvg_monitor - DEBUG - Detection cycle at 2024-12-16 13:40:47.417187+00:00
2024-12-16 20:10:47,421 - fvg_monitor - DEBUG - Using cached FVG results
2024-12-16 20:10:47,626 - fvg_monitor - DEBUG - Detection cycle at 2024-12-16 13:40:47.626143+00:00
2024-12-16 20:10:47,628 - fvg_monitor - DEBUG - Using cached FVG results
2024-12-16 20:10:47,829 - fvg_monitor - DEBUG - Detection cycle at 2024-12-16 13:40:47.829670+00:00
2024-12-16 20:10:47,831 - fvg_monitor - DEBUG - Using cached FVG results
2024-12-16 20:10:48,034 - fvg_monitor - DEBUG - Detection cycle at 2024-12-16 13:40:48.034050+00:00
2024-12-16 20:10:48,035 - fvg_monitor - DEBUG - Using cached FVG results
2024-12-16 20:10:48,240 - fvg_monitor - DEBUG - Detection cycle at 2024-12-16 13:40:48.240519+00:00
2024-12-16 20:10:49,887 - fvg_monitor - DEBUG - Detection cycle at 2024-12-16 13:40:49.887429+00:00
2024-12-16 20:10:49,889 - fvg_monitor - DEBUG - Using cached FVG results
2024-12-16 20:10:50,094 - fvg_monitor - DEBUG - Detection cycle at 2024-12-16 13:40:50.094607+00:00
2024-12-16 20:10:50,096 - fvg_monitor - DEBUG - Using cached FVG results
2024-12-16 20:10:50,301 - fvg_monitor - DEBUG - Detection cycle at 2024-12-16 13:40:50.301345+00:00
2024-12-16 20:10:50,302 - fvg_monitor - DEBUG - Using cached FVG results
2024-12-16 20:10:50,508 - fvg_monitor - DEBUG - Detection cycle at 2024-12-16 13:40:50.508004+00:00
2024-12-16 20:10:50,510 - fvg_monitor - DEBUG - Using cached FVG results
2024-12-16 20:10:50,715 - fvg_monitor - DEBUG - Detection cycle at 2024-12-16 13:40:50.715211+00:00
2024-12-16 20:10:52,307 - fvg_monitor - DEBUG - Detection cycle at 2024-12-16 13:40:52.307562+00:00
2024-12-16 20:10:52,308 - fvg_monitor - DEBUG - Using cached FVG results
2024-12-16 20:10:52,513 - fvg_monitor - DEBUG - Detection cycle at 2024-12-16 13:40:52.513103+00:00
2024-12-16 20:10:52,514 - fvg_monitor - DEBUG - Using cached FVG results
2024-12-16 20:10:52,718 - fvg_monitor - DEBUG - Detection cycle at 2024-12-16 13:40:52.718743+00:00
2024-12-16 20:10:52,721 - fvg_monitor - DEBUG - Using cached FVG results
2024-12-16 20:10:52,925 - fvg_monitor - DEBUG - Detection cycle at 2024-12-16 13:40:52.925435+00:00
2024-12-16 20:10:52,927 - fvg_monitor - DEBUG - Using cached FVG results
2024-12-16 20:10:53,131 - fvg_monitor - DEBUG - Detection cycle at 2024-12-16 13:40:53.131659+00:00
2024-12-16 20:10:54,937 - fvg_monitor - DEBUG - Detection cycle at 2024-12-16 13:40:54.937475+00:00
2024-12-16 20:10:54,939 - fvg_monitor - DEBUG - Using cached FVG results
2024-12-16 20:10:55,144 - fvg_monitor - DEBUG - Detection cycle at 2024-12-16 13:40:55.144419+00:00
2024-12-16 20:10:55,146 - fvg_monitor - DEBUG - Using cached FVG results
2024-12-16 20:10:55,351 - fvg_monitor - DEBUG - Detection cycle at 2024-12-16 13:40:55.351822+00:00
2024-12-16 20:10:55,354 - fvg_monitor - DEBUG - Using cached FVG results
2024-12-16 20:10:55,559 - fvg_monitor - DEBUG - Detection cycle at 2024-12-16 13:40:55.559643+00:00
2024-12-16 20:10:55,561 - fvg_monitor - DEBUG - Using cached FVG results
2024-12-16 20:10:55,763 - fvg_monitor - DEBUG - Detection cycle at 2024-12-16 13:40:55.763078+00:00
2024-12-16 20:10:57,398 - fvg_monitor - DEBUG - Detection cycle at 2024-12-16 13:40:57.398395+00:00
2024-12-16 20:10:57,400 - fvg_monitor - DEBUG - Using cached FVG results
2024-12-16 20:10:57,604 - fvg_monitor - DEBUG - Detection cycle at 2024-12-16 13:40:57.604092+00:00
2024-12-16 20:10:57,606 - fvg_monitor - DEBUG - Using cached FVG results
2024-12-16 20:10:57,808 - fvg_monitor - DEBUG - Detection cycle at 2024-12-16 13:40:57.808239+00:00
2024-12-16 20:10:57,810 - fvg_monitor - DEBUG - Using cached FVG results
2024-12-16 20:10:58,015 - fvg_monitor - DEBUG - Detection cycle at 2024-12-16 13:40:58.015527+00:00
2024-12-16 20:10:58,018 - fvg_monitor - DEBUG - Using cached FVG results
2024-12-16 20:10:58,223 - fvg_monitor - DEBUG - Detection cycle at 2024-12-16 13:40:58.222909+00:00
2024-12-16 20:10:59,802 - fvg_monitor - DEBUG - Detection cycle at 2024-12-16 13:40:59.802553+00:00
2024-12-16 20:10:59,803 - fvg_monitor - DEBUG - Using cached FVG results
2024-12-16 20:11:00,005 - fvg_monitor - DEBUG - Detection cycle at 2024-12-16 13:41:00.005231+00:00
2024-12-16 20:11:00,006 - fvg_monitor - DEBUG - Using cached FVG results
2024-12-16 20:11:00,209 - fvg_monitor - DEBUG - Detection cycle at 2024-12-16 13:41:00.209282+00:00
2024-12-16 20:11:00,211 - fvg_monitor - DEBUG - Using cached FVG results
2024-12-16 20:11:00,413 - fvg_monitor - DEBUG - Detection cycle at 2024-12-16 13:41:00.413008+00:00
2024-12-16 20:11:00,414 - fvg_monitor - DEBUG - Using cached FVG results
2024-12-16 20:11:00,615 - fvg_monitor - DEBUG - Detection cycle at 2024-12-16 13:41:00.615818+00:00
2024-12-16 20:11:02,286 - fvg_monitor - DEBUG - Detection cycle at 2024-12-16 13:41:02.286231+00:00
2024-12-16 20:11:02,287 - fvg_monitor - DEBUG - Using cached FVG results
2024-12-16 20:11:02,488 - fvg_monitor - DEBUG - Detection cycle at 2024-12-16 13:41:02.488634+00:00
2024-12-16 20:11:02,490 - fvg_monitor - DEBUG - Using cached FVG results
2024-12-16 20:11:02,693 - fvg_monitor - DEBUG - Detection cycle at 2024-12-16 13:41:02.693544+00:00
2024-12-16 20:11:02,694 - fvg_monitor - DEBUG - Using cached FVG results
2024-12-16 20:11:02,900 - fvg_monitor - DEBUG - Detection cycle at 2024-12-16 13:41:02.899975+00:00
2024-12-16 20:11:02,902 - fvg_monitor - DEBUG - Using cached FVG results
2024-12-16 20:11:03,106 - fvg_monitor - DEBUG - Detection cycle at 2024-12-16 13:41:03.106674+00:00
2024-12-16 20:11:04,718 - fvg_monitor - DEBUG - Detection cycle at 2024-12-16 13:41:04.717942+00:00
2024-12-16 20:11:04,719 - fvg_monitor - DEBUG - Using cached FVG results
2024-12-16 20:11:04,920 - fvg_monitor - DEBUG - Detection cycle at 2024-12-16 13:41:04.920922+00:00
2024-12-16 20:11:04,922 - fvg_monitor - DEBUG - Using cached FVG results
2024-12-16 20:11:05,123 - fvg_monitor - DEBUG - Detection cycle at 2024-12-16 13:41:05.123477+00:00
2024-12-16 20:11:05,124 - fvg_monitor - DEBUG - Using cached FVG results
2024-12-16 20:11:05,328 - fvg_monitor - DEBUG - Detection cycle at 2024-12-16 13:41:05.328583+00:00
2024-12-16 20:11:05,329 - fvg_monitor - DEBUG - Using cached FVG results
2024-12-16 20:11:05,531 - fvg_monitor - DEBUG - Detection cycle at 2024-12-16 13:41:05.531294+00:00
2024-12-16 20:11:07,131 - fvg_monitor - DEBUG - Detection cycle at 2024-12-16 13:41:07.130722+00:00
2024-12-16 20:11:07,132 - fvg_monitor - DEBUG - Using cached FVG results
2024-12-16 20:11:07,334 - fvg_monitor - DEBUG - Detection cycle at 2024-12-16 13:41:07.334374+00:00
2024-12-16 20:11:07,335 - fvg_monitor - DEBUG - Using cached FVG results
2024-12-16 20:11:07,537 - fvg_monitor - DEBUG - Detection cycle at 2024-12-16 13:41:07.537454+00:00
2024-12-16 20:11:07,538 - fvg_monitor - DEBUG - Using cached FVG results
2024-12-16 20:11:07,738 - fvg_monitor - DEBUG - Detection cycle at 2024-12-16 13:41:07.738783+00:00
2024-12-16 20:11:07,740 - fvg_monitor - DEBUG - Using cached FVG results
2024-12-16 20:11:07,940 - fvg_monitor - DEBUG - Detection cycle at 2024-12-16 13:41:07.940660+00:00
2024-12-16 20:11:09,657 - fvg_monitor - DEBUG - Detection cycle at 2024-12-16 13:41:09.657487+00:00
2024-12-16 20:11:09,659 - fvg_monitor - DEBUG - Using cached FVG results
2024-12-16 20:11:09,862 - fvg_monitor - DEBUG - Detection cycle at 2024-12-16 13:41:09.862580+00:00
2024-12-16 20:11:09,864 - fvg_monitor - DEBUG - Using cached FVG results
2024-12-16 20:11:10,069 - fvg_monitor - DEBUG - Detection cycle at 2024-12-16 13:41:10.069577+00:00
2024-12-16 20:11:10,071 - fvg_monitor - DEBUG - Using cached FVG results
2024-12-16 20:11:10,277 - fvg_monitor - DEBUG - Detection cycle at 2024-12-16 13:41:10.276971+00:00
2024-12-16 20:11:10,278 - fvg_monitor - DEBUG - Using cached FVG results
2024-12-16 20:11:10,482 - fvg_monitor - DEBUG - Detection cycle at 2024-12-16 13:41:10.482261+00:00
2024-12-16 20:11:12,173 - fvg_monitor - DEBUG - Detection cycle at 2024-12-16 13:41:12.173149+00:00
2024-12-16 20:11:12,174 - fvg_monitor - DEBUG - Using cached FVG results
2024-12-16 20:11:12,375 - fvg_monitor - DEBUG - Detection cycle at 2024-12-16 13:41:12.375729+00:00
2024-12-16 20:11:12,376 - fvg_monitor - DEBUG - Using cached FVG results
2024-12-16 20:11:12,579 - fvg_monitor - DEBUG - Detection cycle at 2024-12-16 13:41:12.579205+00:00
2024-12-16 20:11:12,581 - fvg_monitor - DEBUG - Using cached FVG results
2024-12-16 20:11:12,783 - fvg_monitor - DEBUG - Detection cycle at 2024-12-16 13:41:12.783164+00:00
2024-12-16 20:11:12,784 - fvg_monitor - DEBUG - Using cached FVG results
2024-12-16 20:11:12,988 - fvg_monitor - DEBUG - Detection cycle at 2024-12-16 13:41:12.988713+00:00
2024-12-16 20:11:14,620 - fvg_monitor - DEBUG - Detection cycle at 2024-12-16 13:41:14.620756+00:00
2024-12-16 20:11:14,623 - fvg_monitor - DEBUG - Using cached FVG results
2024-12-16 20:11:14,825 - fvg_monitor - DEBUG - Detection cycle at 2024-12-16 13:41:14.825643+00:00
2024-12-16 20:11:14,828 - fvg_monitor - DEBUG - Using cached FVG results
2024-12-16 20:11:15,031 - fvg_monitor - DEBUG - Detection cycle at 2024-12-16 13:41:15.031237+00:00
2024-12-16 20:11:15,033 - fvg_monitor - DEBUG - Using cached FVG results
2024-12-16 20:11:15,236 - fvg_monitor - DEBUG - Detection cycle at 2024-12-16 13:41:15.236878+00:00
2024-12-16 20:11:15,238 - fvg_monitor - DEBUG - Using cached FVG results
2024-12-16 20:11:15,442 - fvg_monitor - DEBUG - Detection cycle at 2024-12-16 13:41:15.442343+00:00
2024-12-16 20:11:17,086 - fvg_monitor - DEBUG - Detection cycle at 2024-12-16 13:41:17.086634+00:00
2024-12-16 20:11:17,087 - fvg_monitor - DEBUG - Using cached FVG results
2024-12-16 20:11:17,292 - fvg_monitor - DEBUG - Detection cycle at 2024-12-16 13:41:17.292383+00:00
2024-12-16 20:11:17,294 - fvg_monitor - DEBUG - Using cached FVG results
2024-12-16 20:11:17,495 - fvg_monitor - DEBUG - Detection cycle at 2024-12-16 13:41:17.494987+00:00
2024-12-16 20:11:17,496 - fvg_monitor - DEBUG - Using cached FVG results
2024-12-16 20:11:17,701 - fvg_monitor - DEBUG - Detection cycle at 2024-12-16 13:41:17.701091+00:00
2024-12-16 20:11:17,702 - fvg_monitor - DEBUG - Using cached FVG results
2024-12-16 20:11:17,905 - fvg_monitor - DEBUG - Detection cycle at 2024-12-16 13:41:17.905725+00:00
2024-12-16 20:11:19,755 - fvg_monitor - DEBUG - Detection cycle at 2024-12-16 13:41:19.755168+00:00
2024-12-16 20:11:19,756 - fvg_monitor - DEBUG - Using cached FVG results
2024-12-16 20:11:19,957 - fvg_monitor - DEBUG - Detection cycle at 2024-12-16 13:41:19.957507+00:00
2024-12-16 20:11:19,960 - fvg_monitor - DEBUG - Using cached FVG results
2024-12-16 20:11:20,166 - fvg_monitor - DEBUG - Detection cycle at 2024-12-16 13:41:20.166109+00:00
2024-12-16 20:11:20,168 - fvg_monitor - DEBUG - Using cached FVG results
2024-12-16 20:11:20,369 - fvg_monitor - DEBUG - Detection cycle at 2024-12-16 13:41:20.368995+00:00
2024-12-16 20:11:20,370 - fvg_monitor - DEBUG - Using cached FVG results
2024-12-16 20:11:20,570 - fvg_monitor - DEBUG - Detection cycle at 2024-12-16 13:41:20.570268+00:00
2024-12-16 20:11:22,203 - fvg_monitor - DEBUG - Detection cycle at 2024-12-16 13:41:22.203658+00:00
2024-12-16 20:11:22,205 - fvg_monitor - DEBUG - Using cached FVG results
2024-12-16 20:11:22,407 - fvg_monitor - DEBUG - Detection cycle at 2024-12-16 13:41:22.407625+00:00
2024-12-16 20:11:22,409 - fvg_monitor - DEBUG - Using cached FVG results
2024-12-16 20:11:22,615 - fvg_monitor - DEBUG - Detection cycle at 2024-12-16 13:41:22.615035+00:00
2024-12-16 20:11:22,617 - fvg_monitor - DEBUG - Using cached FVG results
2024-12-16 20:11:22,822 - fvg_monitor - DEBUG - Detection cycle at 2024-12-16 13:41:22.822617+00:00
2024-12-16 20:11:22,824 - fvg_monitor - DEBUG - Using cached FVG results
2024-12-16 20:11:23,027 - fvg_monitor - DEBUG - Detection cycle at 2024-12-16 13:41:23.027704+00:00
2024-12-16 20:11:24,639 - fvg_monitor - DEBUG - Detection cycle at 2024-12-16 13:41:24.639278+00:00
2024-12-16 20:11:24,641 - fvg_monitor - DEBUG - Using cached FVG results
2024-12-16 20:11:24,844 - fvg_monitor - DEBUG - Detection cycle at 2024-12-16 13:41:24.844278+00:00
2024-12-16 20:11:24,846 - fvg_monitor - DEBUG - Using cached FVG results
2024-12-16 20:11:25,051 - fvg_monitor - DEBUG - Detection cycle at 2024-12-16 13:41:25.051422+00:00
2024-12-16 20:11:25,053 - fvg_monitor - DEBUG - Using cached FVG results
2024-12-16 20:11:25,259 - fvg_monitor - DEBUG - Detection cycle at 2024-12-16 13:41:25.258876+00:00
2024-12-16 20:11:25,261 - fvg_monitor - DEBUG - Using cached FVG results
2024-12-16 20:11:25,466 - fvg_monitor - DEBUG - Detection cycle at 2024-12-16 13:41:25.466304+00:00
2024-12-16 20:11:27,112 - fvg_monitor - DEBUG - Detection cycle at 2024-12-16 13:41:27.112859+00:00
2024-12-16 20:11:27,114 - fvg_monitor - DEBUG - Using cached FVG results
2024-12-16 20:11:27,319 - fvg_monitor - DEBUG - Detection cycle at 2024-12-16 13:41:27.319690+00:00
2024-12-16 20:11:27,321 - fvg_monitor - DEBUG - Using cached FVG results
2024-12-16 20:11:27,526 - fvg_monitor - DEBUG - Detection cycle at 2024-12-16 13:41:27.526546+00:00
2024-12-16 20:11:27,528 - fvg_monitor - DEBUG - Using cached FVG results
2024-12-16 20:11:27,733 - fvg_monitor - DEBUG - Detection cycle at 2024-12-16 13:41:27.733818+00:00
2024-12-16 20:11:27,736 - fvg_monitor - DEBUG - Using cached FVG results
2024-12-16 20:11:27,938 - fvg_monitor - DEBUG - Detection cycle at 2024-12-16 13:41:27.938623+00:00
2024-12-16 20:11:29,590 - fvg_monitor - DEBUG - Detection cycle at 2024-12-16 13:41:29.590149+00:00
2024-12-16 20:11:29,591 - fvg_monitor - DEBUG - Using cached FVG results
2024-12-16 20:11:29,793 - fvg_monitor - DEBUG - Detection cycle at 2024-12-16 13:41:29.793027+00:00
2024-12-16 20:11:29,794 - fvg_monitor - DEBUG - Using cached FVG results
2024-12-16 20:11:29,995 - fvg_monitor - DEBUG - Detection cycle at 2024-12-16 13:41:29.995328+00:00
2024-12-16 20:11:29,998 - fvg_monitor - DEBUG - Using cached FVG results
2024-12-16 20:11:30,199 - fvg_monitor - DEBUG - Detection cycle at 2024-12-16 13:41:30.198940+00:00
2024-12-16 20:11:30,200 - fvg_monitor - DEBUG - Using cached FVG results
2024-12-16 20:11:30,403 - fvg_monitor - DEBUG - Detection cycle at 2024-12-16 13:41:30.403416+00:00
2024-12-16 20:11:31,992 - fvg_monitor - DEBUG - Detection cycle at 2024-12-16 13:41:31.992879+00:00
2024-12-16 20:11:31,994 - fvg_monitor - DEBUG - Using cached FVG results
2024-12-16 20:11:32,195 - fvg_monitor - DEBUG - Detection cycle at 2024-12-16 13:41:32.195342+00:00
2024-12-16 20:11:32,197 - fvg_monitor - DEBUG - Using cached FVG results
2024-12-16 20:11:32,402 - fvg_monitor - DEBUG - Detection cycle at 2024-12-16 13:41:32.402664+00:00
2024-12-16 20:11:32,404 - fvg_monitor - DEBUG - Using cached FVG results
2024-12-16 20:11:32,610 - fvg_monitor - DEBUG - Detection cycle at 2024-12-16 13:41:32.609920+00:00
2024-12-16 20:11:32,612 - fvg_monitor - DEBUG - Using cached FVG results
2024-12-16 20:11:32,817 - fvg_monitor - DEBUG - Detection cycle at 2024-12-16 13:41:32.817132+00:00
2024-12-16 20:11:34,513 - fvg_monitor - DEBUG - Detection cycle at 2024-12-16 13:41:34.513386+00:00
2024-12-16 20:11:34,515 - fvg_monitor - DEBUG - Using cached FVG results
2024-12-16 20:11:34,718 - fvg_monitor - DEBUG - Detection cycle at 2024-12-16 13:41:34.718358+00:00
2024-12-16 20:11:34,719 - fvg_monitor - DEBUG - Using cached FVG results
2024-12-16 20:11:34,924 - fvg_monitor - DEBUG - Detection cycle at 2024-12-16 13:41:34.924191+00:00
2024-12-16 20:11:34,926 - fvg_monitor - DEBUG - Using cached FVG results
2024-12-16 20:11:35,131 - fvg_monitor - DEBUG - Detection cycle at 2024-12-16 13:41:35.131074+00:00
2024-12-16 20:11:35,133 - fvg_monitor - DEBUG - Using cached FVG results
2024-12-16 20:11:35,335 - fvg_monitor - DEBUG - Detection cycle at 2024-12-16 13:41:35.335532+00:00
2024-12-16 20:11:37,006 - fvg_monitor - DEBUG - Detection cycle at 2024-12-16 13:41:37.006898+00:00
2024-12-16 20:11:37,008 - fvg_monitor - DEBUG - Using cached FVG results
2024-12-16 20:11:37,208 - fvg_monitor - DEBUG - Detection cycle at 2024-12-16 13:41:37.208838+00:00
2024-12-16 20:11:37,210 - fvg_monitor - DEBUG - Using cached FVG results
2024-12-16 20:11:37,415 - fvg_monitor - DEBUG - Detection cycle at 2024-12-16 13:41:37.415712+00:00
2024-12-16 20:11:37,417 - fvg_monitor - DEBUG - Using cached FVG results
2024-12-16 20:11:37,623 - fvg_monitor - DEBUG - Detection cycle at 2024-12-16 13:41:37.623089+00:00
2024-12-16 20:11:37,624 - fvg_monitor - DEBUG - Using cached FVG results
2024-12-16 20:11:37,824 - fvg_monitor - DEBUG - Detection cycle at 2024-12-16 13:41:37.824656+00:00
2024-12-16 20:11:39,422 - fvg_monitor - DEBUG - Detection cycle at 2024-12-16 13:41:39.422751+00:00
2024-12-16 20:11:39,425 - fvg_monitor - DEBUG - Using cached FVG results
2024-12-16 20:11:39,627 - fvg_monitor - DEBUG - Detection cycle at 2024-12-16 13:41:39.627788+00:00
2024-12-16 20:11:39,629 - fvg_monitor - DEBUG - Using cached FVG results
2024-12-16 20:11:39,834 - fvg_monitor - DEBUG - Detection cycle at 2024-12-16 13:41:39.834271+00:00
2024-12-16 20:11:39,836 - fvg_monitor - DEBUG - Using cached FVG results
2024-12-16 20:11:40,041 - fvg_monitor - DEBUG - Detection cycle at 2024-12-16 13:41:40.041537+00:00
2024-12-16 20:11:40,043 - fvg_monitor - DEBUG - Using cached FVG results
2024-12-16 20:11:40,249 - fvg_monitor - DEBUG - Detection cycle at 2024-12-16 13:41:40.248938+00:00
2024-12-16 20:11:41,832 - fvg_monitor - DEBUG - Detection cycle at 2024-12-16 13:41:41.832494+00:00
2024-12-16 20:11:41,834 - fvg_monitor - DEBUG - Using cached FVG results
2024-12-16 20:11:42,036 - fvg_monitor - DEBUG - Detection cycle at 2024-12-16 13:41:42.036534+00:00
2024-12-16 20:11:42,038 - fvg_monitor - DEBUG - Using cached FVG results
2024-12-16 20:11:42,238 - fvg_monitor - DEBUG - Detection cycle at 2024-12-16 13:41:42.238555+00:00
2024-12-16 20:11:42,240 - fvg_monitor - DEBUG - Using cached FVG results
2024-12-16 20:11:42,445 - fvg_monitor - DEBUG - Detection cycle at 2024-12-16 13:41:42.444951+00:00
2024-12-16 20:11:42,447 - fvg_monitor - DEBUG - Using cached FVG results
2024-12-16 20:11:42,650 - fvg_monitor - DEBUG - Detection cycle at 2024-12-16 13:41:42.650362+00:00
2024-12-16 20:11:44,465 - fvg_monitor - DEBUG - Detection cycle at 2024-12-16 13:41:44.465242+00:00
2024-12-16 20:11:44,467 - fvg_monitor - DEBUG - Using cached FVG results
2024-12-16 20:11:44,672 - fvg_monitor - DEBUG - Detection cycle at 2024-12-16 13:41:44.672002+00:00
2024-12-16 20:11:44,674 - fvg_monitor - DEBUG - Using cached FVG results
2024-12-16 20:11:44,879 - fvg_monitor - DEBUG - Detection cycle at 2024-12-16 13:41:44.879684+00:00
2024-12-16 20:11:44,882 - fvg_monitor - DEBUG - Using cached FVG results
2024-12-16 20:11:45,082 - fvg_monitor - DEBUG - Detection cycle at 2024-12-16 13:41:45.082726+00:00
2024-12-16 20:11:45,084 - fvg_monitor - DEBUG - Using cached FVG results
2024-12-16 20:11:45,285 - fvg_monitor - DEBUG - Detection cycle at 2024-12-16 13:41:45.285138+00:00
2024-12-16 20:11:46,900 - fvg_monitor - DEBUG - Detection cycle at 2024-12-16 13:41:46.900872+00:00
2024-12-16 20:11:46,902 - fvg_monitor - DEBUG - Using cached FVG results
2024-12-16 20:11:47,105 - fvg_monitor - DEBUG - Detection cycle at 2024-12-16 13:41:47.105768+00:00
2024-12-16 20:11:47,108 - fvg_monitor - DEBUG - Using cached FVG results
2024-12-16 20:11:47,310 - fvg_monitor - DEBUG - Detection cycle at 2024-12-16 13:41:47.310383+00:00
2024-12-16 20:11:47,312 - fvg_monitor - DEBUG - Using cached FVG results
2024-12-16 20:11:47,517 - fvg_monitor - DEBUG - Detection cycle at 2024-12-16 13:41:47.516996+00:00
2024-12-16 20:11:47,519 - fvg_monitor - DEBUG - Using cached FVG results
2024-12-16 20:11:47,720 - fvg_monitor - DEBUG - Detection cycle at 2024-12-16 13:41:47.720129+00:00
2024-12-16 20:11:49,329 - fvg_monitor - DEBUG - Detection cycle at 2024-12-16 13:41:49.328927+00:00
2024-12-16 20:11:49,330 - fvg_monitor - DEBUG - Using cached FVG results
2024-12-16 20:11:49,534 - fvg_monitor - DEBUG - Detection cycle at 2024-12-16 13:41:49.534177+00:00
2024-12-16 20:11:49,536 - fvg_monitor - DEBUG - Using cached FVG results
2024-12-16 20:11:49,738 - fvg_monitor - DEBUG - Detection cycle at 2024-12-16 13:41:49.738439+00:00
2024-12-16 20:11:49,740 - fvg_monitor - DEBUG - Using cached FVG results
2024-12-16 20:11:49,943 - fvg_monitor - DEBUG - Detection cycle at 2024-12-16 13:41:49.943018+00:00
2024-12-16 20:11:49,944 - fvg_monitor - DEBUG - Using cached FVG results
2024-12-16 20:11:50,149 - fvg_monitor - DEBUG - Detection cycle at 2024-12-16 13:41:50.149573+00:00
2024-12-16 20:11:51,846 - fvg_monitor - DEBUG - Detection cycle at 2024-12-16 13:41:51.846469+00:00
2024-12-16 20:11:51,848 - fvg_monitor - DEBUG - Using cached FVG results
2024-12-16 20:11:52,054 - fvg_monitor - DEBUG - Detection cycle at 2024-12-16 13:41:52.053923+00:00
2024-12-16 20:11:52,055 - fvg_monitor - DEBUG - Using cached FVG results
2024-12-16 20:11:52,260 - fvg_monitor - DEBUG - Detection cycle at 2024-12-16 13:41:52.260534+00:00
2024-12-16 20:11:52,262 - fvg_monitor - DEBUG - Using cached FVG results
2024-12-16 20:11:52,462 - fvg_monitor - DEBUG - Detection cycle at 2024-12-16 13:41:52.462770+00:00
2024-12-16 20:11:52,464 - fvg_monitor - DEBUG - Using cached FVG results
