2024-12-16 21:22:48,365 - fvg_monitor - DEBUG - Initializing FVG Monitor
2024-12-16 21:22:53,265 - fvg_monitor - DEBUG - Starting detection thread
2024-12-16 21:22:53,266 - fvg_monitor - DEBUG - Detection cycle at 2024-12-16 14:52:53.266298+00:00
2024-12-16 21:22:53,771 - fvg_monitor - ERROR - Detection thread error: FVGDetector.__init__() missing 1 required positional argument: 'candles'
Traceback (most recent call last):
  File "/Users/lewisae/Documents/VSCode/C-137/flight-test-2/src/main.py", line 70, in detection_thread
    results = self.detector.detect_fvgs()
  File "/Users/lewisae/Documents/VSCode/C-137/flight-test-2/src/backtest/detect_engine.py", line 33, in detect_fvgs
    fvg_detector = FVGDetector()
TypeError: FVGDetector.__init__() missing 1 required positional argument: 'candles'
2024-12-16 21:22:54,777 - fvg_monitor - DEBUG - Detection cycle at 2024-12-16 14:52:54.777413+00:00
2024-12-16 21:22:55,212 - fvg_monitor - ERROR - Detection thread error: FVGDetector.__init__() missing 1 required positional argument: 'candles'
Traceback (most recent call last):
  File "/Users/lewisae/Documents/VSCode/C-137/flight-test-2/src/main.py", line 70, in detection_thread
    results = self.detector.detect_fvgs()
  File "/Users/lewisae/Documents/VSCode/C-137/flight-test-2/src/backtest/detect_engine.py", line 33, in detect_fvgs
    fvg_detector = FVGDetector()
TypeError: FVGDetector.__init__() missing 1 required positional argument: 'candles'
2024-12-16 21:22:56,217 - fvg_monitor - DEBUG - Detection cycle at 2024-12-16 14:52:56.217296+00:00
2024-12-16 21:22:56,754 - fvg_monitor - ERROR - Detection thread error: FVGDetector.__init__() missing 1 required positional argument: 'candles'
Traceback (most recent call last):
  File "/Users/lewisae/Documents/VSCode/C-137/flight-test-2/src/main.py", line 70, in detection_thread
    results = self.detector.detect_fvgs()
  File "/Users/lewisae/Documents/VSCode/C-137/flight-test-2/src/backtest/detect_engine.py", line 33, in detect_fvgs
    fvg_detector = FVGDetector()
TypeError: FVGDetector.__init__() missing 1 required positional argument: 'candles'
2024-12-16 21:22:57,760 - fvg_monitor - DEBUG - Detection cycle at 2024-12-16 14:52:57.760638+00:00
2024-12-16 21:22:58,206 - fvg_monitor - ERROR - Detection thread error: FVGDetector.__init__() missing 1 required positional argument: 'candles'
Traceback (most recent call last):
  File "/Users/lewisae/Documents/VSCode/C-137/flight-test-2/src/main.py", line 70, in detection_thread
    results = self.detector.detect_fvgs()
  File "/Users/lewisae/Documents/VSCode/C-137/flight-test-2/src/backtest/detect_engine.py", line 33, in detect_fvgs
    fvg_detector = FVGDetector()
TypeError: FVGDetector.__init__() missing 1 required positional argument: 'candles'
2024-12-16 21:22:59,211 - fvg_monitor - DEBUG - Detection cycle at 2024-12-16 14:52:59.211433+00:00
2024-12-16 21:22:59,745 - fvg_monitor - ERROR - Detection thread error: FVGDetector.__init__() missing 1 required positional argument: 'candles'
Traceback (most recent call last):
  File "/Users/lewisae/Documents/VSCode/C-137/flight-test-2/src/main.py", line 70, in detection_thread
    results = self.detector.detect_fvgs()
  File "/Users/lewisae/Documents/VSCode/C-137/flight-test-2/src/backtest/detect_engine.py", line 33, in detect_fvgs
    fvg_detector = FVGDetector()
TypeError: FVGDetector.__init__() missing 1 required positional argument: 'candles'
2024-12-16 21:23:00,750 - fvg_monitor - DEBUG - Detection cycle at 2024-12-16 14:53:00.750633+00:00
2024-12-16 21:23:01,213 - fvg_monitor - ERROR - Detection thread error: FVGDetector.__init__() missing 1 required positional argument: 'candles'
Traceback (most recent call last):
  File "/Users/lewisae/Documents/VSCode/C-137/flight-test-2/src/main.py", line 70, in detection_thread
    results = self.detector.detect_fvgs()
  File "/Users/lewisae/Documents/VSCode/C-137/flight-test-2/src/backtest/detect_engine.py", line 33, in detect_fvgs
    fvg_detector = FVGDetector()
TypeError: FVGDetector.__init__() missing 1 required positional argument: 'candles'
2024-12-16 21:23:02,218 - fvg_monitor - DEBUG - Detection cycle at 2024-12-16 14:53:02.218631+00:00
2024-12-16 21:23:02,817 - fvg_monitor - ERROR - Detection thread error: FVGDetector.__init__() missing 1 required positional argument: 'candles'
Traceback (most recent call last):
  File "/Users/lewisae/Documents/VSCode/C-137/flight-test-2/src/main.py", line 70, in detection_thread
    results = self.detector.detect_fvgs()
  File "/Users/lewisae/Documents/VSCode/C-137/flight-test-2/src/backtest/detect_engine.py", line 33, in detect_fvgs
    fvg_detector = FVGDetector()
TypeError: FVGDetector.__init__() missing 1 required positional argument: 'candles'
2024-12-16 21:23:03,822 - fvg_monitor - DEBUG - Detection cycle at 2024-12-16 14:53:03.822051+00:00
2024-12-16 21:23:04,291 - fvg_monitor - ERROR - Detection thread error: FVGDetector.__init__() missing 1 required positional argument: 'candles'
Traceback (most recent call last):
  File "/Users/lewisae/Documents/VSCode/C-137/flight-test-2/src/main.py", line 70, in detection_thread
    results = self.detector.detect_fvgs()
  File "/Users/lewisae/Documents/VSCode/C-137/flight-test-2/src/backtest/detect_engine.py", line 33, in detect_fvgs
    fvg_detector = FVGDetector()
TypeError: FVGDetector.__init__() missing 1 required positional argument: 'candles'
2024-12-16 21:23:05,296 - fvg_monitor - DEBUG - Detection cycle at 2024-12-16 14:53:05.296667+00:00
2024-12-16 21:23:05,925 - fvg_monitor - ERROR - Detection thread error: FVGDetector.__init__() missing 1 required positional argument: 'candles'
Traceback (most recent call last):
  File "/Users/lewisae/Documents/VSCode/C-137/flight-test-2/src/main.py", line 70, in detection_thread
    results = self.detector.detect_fvgs()
  File "/Users/lewisae/Documents/VSCode/C-137/flight-test-2/src/backtest/detect_engine.py", line 33, in detect_fvgs
    fvg_detector = FVGDetector()
TypeError: FVGDetector.__init__() missing 1 required positional argument: 'candles'
2024-12-16 21:23:06,931 - fvg_monitor - DEBUG - Detection cycle at 2024-12-16 14:53:06.931354+00:00
2024-12-16 21:23:07,340 - fvg_monitor - ERROR - Detection thread error: FVGDetector.__init__() missing 1 required positional argument: 'candles'
Traceback (most recent call last):
  File "/Users/lewisae/Documents/VSCode/C-137/flight-test-2/src/main.py", line 70, in detection_thread
    results = self.detector.detect_fvgs()
  File "/Users/lewisae/Documents/VSCode/C-137/flight-test-2/src/backtest/detect_engine.py", line 33, in detect_fvgs
    fvg_detector = FVGDetector()
TypeError: FVGDetector.__init__() missing 1 required positional argument: 'candles'
2024-12-16 21:23:08,345 - fvg_monitor - DEBUG - Detection cycle at 2024-12-16 14:53:08.345960+00:00
2024-12-16 21:23:08,783 - fvg_monitor - ERROR - Detection thread error: FVGDetector.__init__() missing 1 required positional argument: 'candles'
Traceback (most recent call last):
  File "/Users/lewisae/Documents/VSCode/C-137/flight-test-2/src/main.py", line 70, in detection_thread
    results = self.detector.detect_fvgs()
  File "/Users/lewisae/Documents/VSCode/C-137/flight-test-2/src/backtest/detect_engine.py", line 33, in detect_fvgs
    fvg_detector = FVGDetector()
TypeError: FVGDetector.__init__() missing 1 required positional argument: 'candles'
2024-12-16 21:23:09,788 - fvg_monitor - DEBUG - Detection cycle at 2024-12-16 14:53:09.788751+00:00
2024-12-16 21:23:10,216 - fvg_monitor - ERROR - Detection thread error: FVGDetector.__init__() missing 1 required positional argument: 'candles'
Traceback (most recent call last):
  File "/Users/lewisae/Documents/VSCode/C-137/flight-test-2/src/main.py", line 70, in detection_thread
    results = self.detector.detect_fvgs()
  File "/Users/lewisae/Documents/VSCode/C-137/flight-test-2/src/backtest/detect_engine.py", line 33, in detect_fvgs
    fvg_detector = FVGDetector()
TypeError: FVGDetector.__init__() missing 1 required positional argument: 'candles'
2024-12-16 21:23:11,217 - fvg_monitor - DEBUG - Detection cycle at 2024-12-16 14:53:11.217578+00:00
2024-12-16 21:23:11,863 - fvg_monitor - ERROR - Detection thread error: FVGDetector.__init__() missing 1 required positional argument: 'candles'
Traceback (most recent call last):
  File "/Users/lewisae/Documents/VSCode/C-137/flight-test-2/src/main.py", line 70, in detection_thread
    results = self.detector.detect_fvgs()
  File "/Users/lewisae/Documents/VSCode/C-137/flight-test-2/src/backtest/detect_engine.py", line 33, in detect_fvgs
    fvg_detector = FVGDetector()
TypeError: FVGDetector.__init__() missing 1 required positional argument: 'candles'
2024-12-16 21:23:12,868 - fvg_monitor - DEBUG - Detection cycle at 2024-12-16 14:53:12.868919+00:00
2024-12-16 21:23:13,267 - fvg_monitor - ERROR - Detection thread error: FVGDetector.__init__() missing 1 required positional argument: 'candles'
Traceback (most recent call last):
  File "/Users/lewisae/Documents/VSCode/C-137/flight-test-2/src/main.py", line 70, in detection_thread
    results = self.detector.detect_fvgs()
  File "/Users/lewisae/Documents/VSCode/C-137/flight-test-2/src/backtest/detect_engine.py", line 33, in detect_fvgs
    fvg_detector = FVGDetector()
TypeError: FVGDetector.__init__() missing 1 required positional argument: 'candles'
2024-12-16 21:23:14,273 - fvg_monitor - DEBUG - Detection cycle at 2024-12-16 14:53:14.272977+00:00
2024-12-16 21:23:14,685 - fvg_monitor - ERROR - Detection thread error: FVGDetector.__init__() missing 1 required positional argument: 'candles'
Traceback (most recent call last):
  File "/Users/lewisae/Documents/VSCode/C-137/flight-test-2/src/main.py", line 70, in detection_thread
    results = self.detector.detect_fvgs()
  File "/Users/lewisae/Documents/VSCode/C-137/flight-test-2/src/backtest/detect_engine.py", line 33, in detect_fvgs
    fvg_detector = FVGDetector()
TypeError: FVGDetector.__init__() missing 1 required positional argument: 'candles'
2024-12-16 21:23:15,691 - fvg_monitor - DEBUG - Detection cycle at 2024-12-16 14:53:15.691571+00:00
2024-12-16 21:23:16,084 - fvg_monitor - ERROR - Detection thread error: FVGDetector.__init__() missing 1 required positional argument: 'candles'
Traceback (most recent call last):
  File "/Users/lewisae/Documents/VSCode/C-137/flight-test-2/src/main.py", line 70, in detection_thread
    results = self.detector.detect_fvgs()
  File "/Users/lewisae/Documents/VSCode/C-137/flight-test-2/src/backtest/detect_engine.py", line 33, in detect_fvgs
    fvg_detector = FVGDetector()
TypeError: FVGDetector.__init__() missing 1 required positional argument: 'candles'
2024-12-16 21:23:17,090 - fvg_monitor - DEBUG - Detection cycle at 2024-12-16 14:53:17.090111+00:00
2024-12-16 21:23:17,512 - fvg_monitor - ERROR - Detection thread error: FVGDetector.__init__() missing 1 required positional argument: 'candles'
Traceback (most recent call last):
  File "/Users/lewisae/Documents/VSCode/C-137/flight-test-2/src/main.py", line 70, in detection_thread
    results = self.detector.detect_fvgs()
  File "/Users/lewisae/Documents/VSCode/C-137/flight-test-2/src/backtest/detect_engine.py", line 33, in detect_fvgs
    fvg_detector = FVGDetector()
TypeError: FVGDetector.__init__() missing 1 required positional argument: 'candles'
2024-12-16 21:23:18,517 - fvg_monitor - DEBUG - Detection cycle at 2024-12-16 14:53:18.517826+00:00
2024-12-16 21:23:19,070 - fvg_monitor - ERROR - Detection thread error: FVGDetector.__init__() missing 1 required positional argument: 'candles'
Traceback (most recent call last):
  File "/Users/lewisae/Documents/VSCode/C-137/flight-test-2/src/main.py", line 70, in detection_thread
    results = self.detector.detect_fvgs()
  File "/Users/lewisae/Documents/VSCode/C-137/flight-test-2/src/backtest/detect_engine.py", line 33, in detect_fvgs
    fvg_detector = FVGDetector()
TypeError: FVGDetector.__init__() missing 1 required positional argument: 'candles'
2024-12-16 21:23:20,074 - fvg_monitor - DEBUG - Detection cycle at 2024-12-16 14:53:20.074416+00:00
2024-12-16 21:23:20,602 - fvg_monitor - ERROR - Detection thread error: FVGDetector.__init__() missing 1 required positional argument: 'candles'
Traceback (most recent call last):
  File "/Users/lewisae/Documents/VSCode/C-137/flight-test-2/src/main.py", line 70, in detection_thread
    results = self.detector.detect_fvgs()
  File "/Users/lewisae/Documents/VSCode/C-137/flight-test-2/src/backtest/detect_engine.py", line 33, in detect_fvgs
    fvg_detector = FVGDetector()
TypeError: FVGDetector.__init__() missing 1 required positional argument: 'candles'
2024-12-16 21:23:21,608 - fvg_monitor - DEBUG - Detection cycle at 2024-12-16 14:53:21.608012+00:00
2024-12-16 21:23:21,999 - fvg_monitor - ERROR - Detection thread error: FVGDetector.__init__() missing 1 required positional argument: 'candles'
Traceback (most recent call last):
  File "/Users/lewisae/Documents/VSCode/C-137/flight-test-2/src/main.py", line 70, in detection_thread
    results = self.detector.detect_fvgs()
  File "/Users/lewisae/Documents/VSCode/C-137/flight-test-2/src/backtest/detect_engine.py", line 33, in detect_fvgs
    fvg_detector = FVGDetector()
TypeError: FVGDetector.__init__() missing 1 required positional argument: 'candles'
2024-12-16 21:23:23,001 - fvg_monitor - DEBUG - Detection cycle at 2024-12-16 14:53:23.001358+00:00
2024-12-16 21:23:23,728 - fvg_monitor - ERROR - Detection thread error: FVGDetector.__init__() missing 1 required positional argument: 'candles'
Traceback (most recent call last):
  File "/Users/lewisae/Documents/VSCode/C-137/flight-test-2/src/main.py", line 70, in detection_thread
    results = self.detector.detect_fvgs()
  File "/Users/lewisae/Documents/VSCode/C-137/flight-test-2/src/backtest/detect_engine.py", line 33, in detect_fvgs
    fvg_detector = FVGDetector()
TypeError: FVGDetector.__init__() missing 1 required positional argument: 'candles'
2024-12-16 21:23:24,734 - fvg_monitor - DEBUG - Detection cycle at 2024-12-16 14:53:24.734058+00:00
2024-12-16 21:23:25,268 - fvg_monitor - ERROR - Detection thread error: FVGDetector.__init__() missing 1 required positional argument: 'candles'
Traceback (most recent call last):
  File "/Users/lewisae/Documents/VSCode/C-137/flight-test-2/src/main.py", line 70, in detection_thread
    results = self.detector.detect_fvgs()
  File "/Users/lewisae/Documents/VSCode/C-137/flight-test-2/src/backtest/detect_engine.py", line 33, in detect_fvgs
    fvg_detector = FVGDetector()
TypeError: FVGDetector.__init__() missing 1 required positional argument: 'candles'
2024-12-16 21:23:26,270 - fvg_monitor - DEBUG - Detection cycle at 2024-12-16 14:53:26.270586+00:00
2024-12-16 21:23:26,683 - fvg_monitor - ERROR - Detection thread error: FVGDetector.__init__() missing 1 required positional argument: 'candles'
Traceback (most recent call last):
  File "/Users/lewisae/Documents/VSCode/C-137/flight-test-2/src/main.py", line 70, in detection_thread
    results = self.detector.detect_fvgs()
  File "/Users/lewisae/Documents/VSCode/C-137/flight-test-2/src/backtest/detect_engine.py", line 33, in detect_fvgs
    fvg_detector = FVGDetector()
TypeError: FVGDetector.__init__() missing 1 required positional argument: 'candles'
2024-12-16 21:23:27,684 - fvg_monitor - DEBUG - Detection cycle at 2024-12-16 14:53:27.683917+00:00
2024-12-16 21:23:28,096 - fvg_monitor - ERROR - Detection thread error: FVGDetector.__init__() missing 1 required positional argument: 'candles'
Traceback (most recent call last):
  File "/Users/lewisae/Documents/VSCode/C-137/flight-test-2/src/main.py", line 70, in detection_thread
    results = self.detector.detect_fvgs()
  File "/Users/lewisae/Documents/VSCode/C-137/flight-test-2/src/backtest/detect_engine.py", line 33, in detect_fvgs
    fvg_detector = FVGDetector()
TypeError: FVGDetector.__init__() missing 1 required positional argument: 'candles'
2024-12-16 21:23:29,102 - fvg_monitor - DEBUG - Detection cycle at 2024-12-16 14:53:29.101982+00:00
2024-12-16 21:23:29,491 - fvg_monitor - ERROR - Detection thread error: FVGDetector.__init__() missing 1 required positional argument: 'candles'
Traceback (most recent call last):
  File "/Users/lewisae/Documents/VSCode/C-137/flight-test-2/src/main.py", line 70, in detection_thread
    results = self.detector.detect_fvgs()
  File "/Users/lewisae/Documents/VSCode/C-137/flight-test-2/src/backtest/detect_engine.py", line 33, in detect_fvgs
    fvg_detector = FVGDetector()
TypeError: FVGDetector.__init__() missing 1 required positional argument: 'candles'
2024-12-16 21:23:30,496 - fvg_monitor - DEBUG - Detection cycle at 2024-12-16 14:53:30.496963+00:00
2024-12-16 21:23:31,003 - fvg_monitor - ERROR - Detection thread error: FVGDetector.__init__() missing 1 required positional argument: 'candles'
Traceback (most recent call last):
  File "/Users/lewisae/Documents/VSCode/C-137/flight-test-2/src/main.py", line 70, in detection_thread
    results = self.detector.detect_fvgs()
  File "/Users/lewisae/Documents/VSCode/C-137/flight-test-2/src/backtest/detect_engine.py", line 33, in detect_fvgs
    fvg_detector = FVGDetector()
TypeError: FVGDetector.__init__() missing 1 required positional argument: 'candles'
2024-12-16 21:23:32,008 - fvg_monitor - DEBUG - Detection cycle at 2024-12-16 14:53:32.008671+00:00
2024-12-16 21:23:32,444 - fvg_monitor - ERROR - Detection thread error: FVGDetector.__init__() missing 1 required positional argument: 'candles'
Traceback (most recent call last):
  File "/Users/lewisae/Documents/VSCode/C-137/flight-test-2/src/main.py", line 70, in detection_thread
    results = self.detector.detect_fvgs()
  File "/Users/lewisae/Documents/VSCode/C-137/flight-test-2/src/backtest/detect_engine.py", line 33, in detect_fvgs
    fvg_detector = FVGDetector()
TypeError: FVGDetector.__init__() missing 1 required positional argument: 'candles'
2024-12-16 21:23:33,449 - fvg_monitor - DEBUG - Detection cycle at 2024-12-16 14:53:33.449148+00:00
2024-12-16 21:23:34,197 - fvg_monitor - ERROR - Detection thread error: FVGDetector.__init__() missing 1 required positional argument: 'candles'
Traceback (most recent call last):
  File "/Users/lewisae/Documents/VSCode/C-137/flight-test-2/src/main.py", line 70, in detection_thread
    results = self.detector.detect_fvgs()
  File "/Users/lewisae/Documents/VSCode/C-137/flight-test-2/src/backtest/detect_engine.py", line 33, in detect_fvgs
    fvg_detector = FVGDetector()
TypeError: FVGDetector.__init__() missing 1 required positional argument: 'candles'
2024-12-16 21:23:35,200 - fvg_monitor - DEBUG - Detection cycle at 2024-12-16 14:53:35.200365+00:00
2024-12-16 21:23:35,653 - fvg_monitor - ERROR - Detection thread error: FVGDetector.__init__() missing 1 required positional argument: 'candles'
Traceback (most recent call last):
  File "/Users/lewisae/Documents/VSCode/C-137/flight-test-2/src/main.py", line 70, in detection_thread
    results = self.detector.detect_fvgs()
  File "/Users/lewisae/Documents/VSCode/C-137/flight-test-2/src/backtest/detect_engine.py", line 33, in detect_fvgs
    fvg_detector = FVGDetector()
TypeError: FVGDetector.__init__() missing 1 required positional argument: 'candles'
2024-12-16 21:23:36,657 - fvg_monitor - DEBUG - Detection cycle at 2024-12-16 14:53:36.657687+00:00
2024-12-16 21:23:37,161 - fvg_monitor - ERROR - Detection thread error: FVGDetector.__init__() missing 1 required positional argument: 'candles'
Traceback (most recent call last):
  File "/Users/lewisae/Documents/VSCode/C-137/flight-test-2/src/main.py", line 70, in detection_thread
    results = self.detector.detect_fvgs()
  File "/Users/lewisae/Documents/VSCode/C-137/flight-test-2/src/backtest/detect_engine.py", line 33, in detect_fvgs
    fvg_detector = FVGDetector()
TypeError: FVGDetector.__init__() missing 1 required positional argument: 'candles'
2024-12-16 21:23:38,166 - fvg_monitor - DEBUG - Detection cycle at 2024-12-16 14:53:38.166387+00:00
2024-12-16 21:23:38,599 - fvg_monitor - ERROR - Detection thread error: FVGDetector.__init__() missing 1 required positional argument: 'candles'
Traceback (most recent call last):
  File "/Users/lewisae/Documents/VSCode/C-137/flight-test-2/src/main.py", line 70, in detection_thread
    results = self.detector.detect_fvgs()
  File "/Users/lewisae/Documents/VSCode/C-137/flight-test-2/src/backtest/detect_engine.py", line 33, in detect_fvgs
    fvg_detector = FVGDetector()
TypeError: FVGDetector.__init__() missing 1 required positional argument: 'candles'
2024-12-16 21:23:39,600 - fvg_monitor - DEBUG - Detection cycle at 2024-12-16 14:53:39.600422+00:00
2024-12-16 21:23:40,217 - fvg_monitor - ERROR - Detection thread error: FVGDetector.__init__() missing 1 required positional argument: 'candles'
Traceback (most recent call last):
  File "/Users/lewisae/Documents/VSCode/C-137/flight-test-2/src/main.py", line 70, in detection_thread
    results = self.detector.detect_fvgs()
  File "/Users/lewisae/Documents/VSCode/C-137/flight-test-2/src/backtest/detect_engine.py", line 33, in detect_fvgs
    fvg_detector = FVGDetector()
TypeError: FVGDetector.__init__() missing 1 required positional argument: 'candles'
2024-12-16 21:23:41,223 - fvg_monitor - DEBUG - Detection cycle at 2024-12-16 14:53:41.223650+00:00
2024-12-16 21:23:41,620 - fvg_monitor - ERROR - Detection thread error: FVGDetector.__init__() missing 1 required positional argument: 'candles'
Traceback (most recent call last):
  File "/Users/lewisae/Documents/VSCode/C-137/flight-test-2/src/main.py", line 70, in detection_thread
    results = self.detector.detect_fvgs()
  File "/Users/lewisae/Documents/VSCode/C-137/flight-test-2/src/backtest/detect_engine.py", line 33, in detect_fvgs
    fvg_detector = FVGDetector()
TypeError: FVGDetector.__init__() missing 1 required positional argument: 'candles'
2024-12-16 21:23:42,625 - fvg_monitor - DEBUG - Detection cycle at 2024-12-16 14:53:42.625688+00:00
2024-12-16 21:23:43,034 - fvg_monitor - ERROR - Detection thread error: FVGDetector.__init__() missing 1 required positional argument: 'candles'
Traceback (most recent call last):
  File "/Users/lewisae/Documents/VSCode/C-137/flight-test-2/src/main.py", line 70, in detection_thread
    results = self.detector.detect_fvgs()
  File "/Users/lewisae/Documents/VSCode/C-137/flight-test-2/src/backtest/detect_engine.py", line 33, in detect_fvgs
    fvg_detector = FVGDetector()
TypeError: FVGDetector.__init__() missing 1 required positional argument: 'candles'
