2024-11-28 22:21:46,471 - fvg_monitor - DEBUG - Initializing FVG Monitor
2024-11-28 22:21:53,584 - fvg_monitor - DEBUG - Starting detection thread
2024-11-28 22:21:53,585 - fvg_monitor - DEBUG - Detection cycle at 2024-11-28 15:51:53.584988+00:00
2024-11-28 22:21:55,075 - fvg_monitor - DEBUG - Detection cycle at 2024-11-28 15:51:55.075840+00:00
2024-11-28 22:21:55,076 - fvg_monitor - DEBUG - Using cached FVG results
2024-11-28 22:21:55,279 - fvg_monitor - DEBUG - Detection cycle at 2024-11-28 15:51:55.279376+00:00
2024-11-28 22:21:55,279 - fvg_monitor - DEBUG - Using cached FVG results
2024-11-28 22:21:55,480 - fvg_monitor - DEBUG - Detection cycle at 2024-11-28 15:51:55.480824+00:00
2024-11-28 22:21:55,481 - fvg_monitor - DEBUG - Using cached FVG results
2024-11-28 22:21:55,686 - fvg_monitor - DEBUG - Detection cycle at 2024-11-28 15:51:55.686252+00:00
2024-11-28 22:21:55,686 - fvg_monitor - DEBUG - Using cached FVG results
2024-11-28 22:21:55,888 - fvg_monitor - DEBUG - Detection cycle at 2024-11-28 15:51:55.888543+00:00
2024-11-28 22:21:57,165 - fvg_monitor - DEBUG - Detection cycle at 2024-11-28 15:51:57.165113+00:00
2024-11-28 22:21:57,165 - fvg_monitor - DEBUG - Using cached FVG results
2024-11-28 22:21:57,368 - fvg_monitor - DEBUG - Detection cycle at 2024-11-28 15:51:57.368216+00:00
2024-11-28 22:21:57,368 - fvg_monitor - DEBUG - Using cached FVG results
2024-11-28 22:21:57,572 - fvg_monitor - DEBUG - Detection cycle at 2024-11-28 15:51:57.572362+00:00
2024-11-28 22:21:57,572 - fvg_monitor - DEBUG - Using cached FVG results
2024-11-28 22:21:57,777 - fvg_monitor - DEBUG - Detection cycle at 2024-11-28 15:51:57.777806+00:00
2024-11-28 22:21:57,778 - fvg_monitor - DEBUG - Using cached FVG results
2024-11-28 22:21:57,983 - fvg_monitor - DEBUG - Detection cycle at 2024-11-28 15:51:57.983117+00:00
2024-11-28 22:21:59,246 - fvg_monitor - DEBUG - Detection cycle at 2024-11-28 15:51:59.246747+00:00
2024-11-28 22:21:59,247 - fvg_monitor - DEBUG - Using cached FVG results
2024-11-28 22:21:59,448 - fvg_monitor - DEBUG - Detection cycle at 2024-11-28 15:51:59.447879+00:00
2024-11-28 22:21:59,449 - fvg_monitor - DEBUG - Using cached FVG results
2024-11-28 22:21:59,651 - fvg_monitor - DEBUG - Detection cycle at 2024-11-28 15:51:59.651793+00:00
2024-11-28 22:21:59,652 - fvg_monitor - DEBUG - Using cached FVG results
2024-11-28 22:21:59,856 - fvg_monitor - DEBUG - Detection cycle at 2024-11-28 15:51:59.856483+00:00
2024-11-28 22:21:59,856 - fvg_monitor - DEBUG - Using cached FVG results
2024-11-28 22:22:00,058 - fvg_monitor - DEBUG - Detection cycle at 2024-11-28 15:52:00.058570+00:00
2024-11-28 22:22:01,326 - fvg_monitor - DEBUG - Detection cycle at 2024-11-28 15:52:01.326498+00:00
2024-11-28 22:22:01,327 - fvg_monitor - DEBUG - Using cached FVG results
2024-11-28 22:22:01,530 - fvg_monitor - DEBUG - Detection cycle at 2024-11-28 15:52:01.529886+00:00
2024-11-28 22:22:01,530 - fvg_monitor - DEBUG - Using cached FVG results
2024-11-28 22:22:01,733 - fvg_monitor - DEBUG - Detection cycle at 2024-11-28 15:52:01.733017+00:00
2024-11-28 22:22:01,733 - fvg_monitor - DEBUG - Using cached FVG results
2024-11-28 22:22:01,938 - fvg_monitor - DEBUG - Detection cycle at 2024-11-28 15:52:01.938678+00:00
2024-11-28 22:22:01,939 - fvg_monitor - DEBUG - Using cached FVG results
2024-11-28 22:22:02,142 - fvg_monitor - DEBUG - Detection cycle at 2024-11-28 15:52:02.142490+00:00
2024-11-28 22:22:03,675 - fvg_monitor - DEBUG - Detection cycle at 2024-11-28 15:52:03.675622+00:00
2024-11-28 22:22:03,675 - fvg_monitor - DEBUG - Using cached FVG results
2024-11-28 22:22:03,880 - fvg_monitor - DEBUG - Detection cycle at 2024-11-28 15:52:03.880090+00:00
2024-11-28 22:22:03,880 - fvg_monitor - DEBUG - Using cached FVG results
2024-11-28 22:22:04,081 - fvg_monitor - DEBUG - Detection cycle at 2024-11-28 15:52:04.081711+00:00
2024-11-28 22:22:04,081 - fvg_monitor - DEBUG - Using cached FVG results
2024-11-28 22:22:04,285 - fvg_monitor - DEBUG - Detection cycle at 2024-11-28 15:52:04.285107+00:00
2024-11-28 22:22:04,285 - fvg_monitor - DEBUG - Using cached FVG results
2024-11-28 22:22:04,492 - fvg_monitor - DEBUG - Detection cycle at 2024-11-28 15:52:04.492333+00:00
2024-11-28 22:22:05,813 - fvg_monitor - DEBUG - Detection cycle at 2024-11-28 15:52:05.813592+00:00
2024-11-28 22:22:05,814 - fvg_monitor - DEBUG - Using cached FVG results
2024-11-28 22:22:06,019 - fvg_monitor - DEBUG - Detection cycle at 2024-11-28 15:52:06.019183+00:00
2024-11-28 22:22:06,019 - fvg_monitor - DEBUG - Using cached FVG results
2024-11-28 22:22:06,223 - fvg_monitor - DEBUG - Detection cycle at 2024-11-28 15:52:06.223877+00:00
2024-11-28 22:22:06,225 - fvg_monitor - DEBUG - Using cached FVG results
2024-11-28 22:22:06,430 - fvg_monitor - DEBUG - Detection cycle at 2024-11-28 15:52:06.430565+00:00
2024-11-28 22:22:06,431 - fvg_monitor - DEBUG - Using cached FVG results
2024-11-28 22:22:06,633 - fvg_monitor - DEBUG - Detection cycle at 2024-11-28 15:52:06.633396+00:00
2024-11-28 22:22:08,052 - fvg_monitor - DEBUG - Detection cycle at 2024-11-28 15:52:08.052847+00:00
2024-11-28 22:22:08,053 - fvg_monitor - DEBUG - Using cached FVG results
2024-11-28 22:22:08,255 - fvg_monitor - DEBUG - Detection cycle at 2024-11-28 15:52:08.255052+00:00
2024-11-28 22:22:08,255 - fvg_monitor - DEBUG - Using cached FVG results
2024-11-28 22:22:08,456 - fvg_monitor - DEBUG - Detection cycle at 2024-11-28 15:52:08.455976+00:00
2024-11-28 22:22:08,456 - fvg_monitor - DEBUG - Using cached FVG results
2024-11-28 22:22:08,656 - fvg_monitor - DEBUG - Detection cycle at 2024-11-28 15:52:08.656543+00:00
2024-11-28 22:22:08,656 - fvg_monitor - DEBUG - Using cached FVG results
2024-11-28 22:22:08,857 - fvg_monitor - DEBUG - Detection cycle at 2024-11-28 15:52:08.857303+00:00
2024-11-28 22:22:10,195 - fvg_monitor - DEBUG - Detection cycle at 2024-11-28 15:52:10.195521+00:00
2024-11-28 22:22:10,195 - fvg_monitor - DEBUG - Using cached FVG results
2024-11-28 22:22:10,398 - fvg_monitor - DEBUG - Detection cycle at 2024-11-28 15:52:10.398262+00:00
2024-11-28 22:22:10,399 - fvg_monitor - DEBUG - Using cached FVG results
2024-11-28 22:22:10,600 - fvg_monitor - DEBUG - Detection cycle at 2024-11-28 15:52:10.600390+00:00
2024-11-28 22:22:10,602 - fvg_monitor - DEBUG - Using cached FVG results
2024-11-28 22:22:10,805 - fvg_monitor - DEBUG - Detection cycle at 2024-11-28 15:52:10.805915+00:00
2024-11-28 22:22:10,806 - fvg_monitor - DEBUG - Using cached FVG results
2024-11-28 22:22:11,011 - fvg_monitor - DEBUG - Detection cycle at 2024-11-28 15:52:11.011440+00:00
2024-11-28 22:22:12,340 - fvg_monitor - DEBUG - Detection cycle at 2024-11-28 15:52:12.340452+00:00
2024-11-28 22:22:12,342 - fvg_monitor - DEBUG - Using cached FVG results
2024-11-28 22:22:12,548 - fvg_monitor - DEBUG - Detection cycle at 2024-11-28 15:52:12.548493+00:00
2024-11-28 22:22:12,548 - fvg_monitor - DEBUG - Using cached FVG results
2024-11-28 22:22:12,750 - fvg_monitor - DEBUG - Detection cycle at 2024-11-28 15:52:12.750522+00:00
2024-11-28 22:22:12,750 - fvg_monitor - DEBUG - Using cached FVG results
2024-11-28 22:22:12,953 - fvg_monitor - DEBUG - Detection cycle at 2024-11-28 15:52:12.953548+00:00
2024-11-28 22:22:12,953 - fvg_monitor - DEBUG - Using cached FVG results
2024-11-28 22:22:13,159 - fvg_monitor - DEBUG - Detection cycle at 2024-11-28 15:52:13.158932+00:00
2024-11-28 22:22:14,511 - fvg_monitor - DEBUG - Detection cycle at 2024-11-28 15:52:14.509645+00:00
2024-11-28 22:22:14,511 - fvg_monitor - DEBUG - Using cached FVG results
2024-11-28 22:22:14,716 - fvg_monitor - DEBUG - Detection cycle at 2024-11-28 15:52:14.716495+00:00
2024-11-28 22:22:14,716 - fvg_monitor - DEBUG - Using cached FVG results
2024-11-28 22:22:14,920 - fvg_monitor - DEBUG - Detection cycle at 2024-11-28 15:52:14.920716+00:00
2024-11-28 22:22:14,921 - fvg_monitor - DEBUG - Using cached FVG results
2024-11-28 22:22:15,122 - fvg_monitor - DEBUG - Detection cycle at 2024-11-28 15:52:15.122232+00:00
2024-11-28 22:22:15,122 - fvg_monitor - DEBUG - Using cached FVG results
2024-11-28 22:22:15,325 - fvg_monitor - DEBUG - Detection cycle at 2024-11-28 15:52:15.325737+00:00
2024-11-28 22:22:16,626 - fvg_monitor - DEBUG - Detection cycle at 2024-11-28 15:52:16.625989+00:00
2024-11-28 22:22:16,626 - fvg_monitor - DEBUG - Using cached FVG results
2024-11-28 22:22:16,830 - fvg_monitor - DEBUG - Detection cycle at 2024-11-28 15:52:16.828469+00:00
2024-11-28 22:22:16,830 - fvg_monitor - DEBUG - Using cached FVG results
2024-11-28 22:22:17,034 - fvg_monitor - DEBUG - Detection cycle at 2024-11-28 15:52:17.034087+00:00
2024-11-28 22:22:17,034 - fvg_monitor - DEBUG - Using cached FVG results
2024-11-28 22:22:17,236 - fvg_monitor - DEBUG - Detection cycle at 2024-11-28 15:52:17.236435+00:00
2024-11-28 22:22:17,236 - fvg_monitor - DEBUG - Using cached FVG results
2024-11-28 22:22:17,443 - fvg_monitor - DEBUG - Detection cycle at 2024-11-28 15:52:17.443297+00:00
2024-11-28 22:22:18,737 - fvg_monitor - DEBUG - Detection cycle at 2024-11-28 15:52:18.737883+00:00
2024-11-28 22:22:18,738 - fvg_monitor - DEBUG - Using cached FVG results
2024-11-28 22:22:18,942 - fvg_monitor - DEBUG - Detection cycle at 2024-11-28 15:52:18.942357+00:00
2024-11-28 22:22:18,942 - fvg_monitor - DEBUG - Using cached FVG results
2024-11-28 22:22:19,146 - fvg_monitor - DEBUG - Detection cycle at 2024-11-28 15:52:19.146148+00:00
2024-11-28 22:22:19,146 - fvg_monitor - DEBUG - Using cached FVG results
2024-11-28 22:22:19,349 - fvg_monitor - DEBUG - Detection cycle at 2024-11-28 15:52:19.349701+00:00
2024-11-28 22:22:19,350 - fvg_monitor - DEBUG - Using cached FVG results
2024-11-28 22:22:19,550 - fvg_monitor - DEBUG - Detection cycle at 2024-11-28 15:52:19.550376+00:00
2024-11-28 22:22:20,912 - fvg_monitor - DEBUG - Detection cycle at 2024-11-28 15:52:20.912101+00:00
2024-11-28 22:22:20,912 - fvg_monitor - DEBUG - Using cached FVG results
2024-11-28 22:22:21,113 - fvg_monitor - DEBUG - Detection cycle at 2024-11-28 15:52:21.113615+00:00
2024-11-28 22:22:21,113 - fvg_monitor - DEBUG - Using cached FVG results
2024-11-28 22:22:21,318 - fvg_monitor - DEBUG - Detection cycle at 2024-11-28 15:52:21.318422+00:00
2024-11-28 22:22:21,319 - fvg_monitor - DEBUG - Using cached FVG results
2024-11-28 22:22:21,524 - fvg_monitor - DEBUG - Detection cycle at 2024-11-28 15:52:21.523840+00:00
2024-11-28 22:22:21,524 - fvg_monitor - DEBUG - Using cached FVG results
2024-11-28 22:22:21,728 - fvg_monitor - DEBUG - Detection cycle at 2024-11-28 15:52:21.728784+00:00
2024-11-28 22:22:23,179 - fvg_monitor - DEBUG - Detection cycle at 2024-11-28 15:52:23.179011+00:00
2024-11-28 22:22:23,179 - fvg_monitor - DEBUG - Using cached FVG results
2024-11-28 22:22:23,381 - fvg_monitor - DEBUG - Detection cycle at 2024-11-28 15:52:23.381043+00:00
2024-11-28 22:22:23,381 - fvg_monitor - DEBUG - Using cached FVG results
2024-11-28 22:22:23,583 - fvg_monitor - DEBUG - Detection cycle at 2024-11-28 15:52:23.583924+00:00
2024-11-28 22:22:23,584 - fvg_monitor - DEBUG - Using cached FVG results
2024-11-28 22:22:23,785 - fvg_monitor - DEBUG - Detection cycle at 2024-11-28 15:52:23.785595+00:00
2024-11-28 22:22:23,785 - fvg_monitor - DEBUG - Using cached FVG results
2024-11-28 22:22:23,990 - fvg_monitor - DEBUG - Detection cycle at 2024-11-28 15:52:23.990073+00:00
2024-11-28 22:22:25,428 - fvg_monitor - DEBUG - Detection cycle at 2024-11-28 15:52:25.428363+00:00
2024-11-28 22:22:25,428 - fvg_monitor - DEBUG - Using cached FVG results
2024-11-28 22:22:25,633 - fvg_monitor - DEBUG - Detection cycle at 2024-11-28 15:52:25.632857+00:00
2024-11-28 22:22:25,633 - fvg_monitor - DEBUG - Using cached FVG results
2024-11-28 22:22:25,834 - fvg_monitor - DEBUG - Detection cycle at 2024-11-28 15:52:25.834778+00:00
2024-11-28 22:22:25,835 - fvg_monitor - DEBUG - Using cached FVG results
2024-11-28 22:22:26,036 - fvg_monitor - DEBUG - Detection cycle at 2024-11-28 15:52:26.036744+00:00
2024-11-28 22:22:26,037 - fvg_monitor - DEBUG - Using cached FVG results
2024-11-28 22:22:26,242 - fvg_monitor - DEBUG - Detection cycle at 2024-11-28 15:52:26.242102+00:00
2024-11-28 22:22:27,527 - fvg_monitor - DEBUG - Detection cycle at 2024-11-28 15:52:27.527133+00:00
2024-11-28 22:22:27,527 - fvg_monitor - DEBUG - Using cached FVG results
2024-11-28 22:22:27,729 - fvg_monitor - DEBUG - Detection cycle at 2024-11-28 15:52:27.729048+00:00
2024-11-28 22:22:27,729 - fvg_monitor - DEBUG - Using cached FVG results
2024-11-28 22:22:27,930 - fvg_monitor - DEBUG - Detection cycle at 2024-11-28 15:52:27.930010+00:00
2024-11-28 22:22:27,930 - fvg_monitor - DEBUG - Using cached FVG results
2024-11-28 22:22:28,132 - fvg_monitor - DEBUG - Detection cycle at 2024-11-28 15:52:28.132767+00:00
2024-11-28 22:22:28,133 - fvg_monitor - DEBUG - Using cached FVG results
2024-11-28 22:22:28,339 - fvg_monitor - DEBUG - Detection cycle at 2024-11-28 15:52:28.338043+00:00
2024-11-28 22:22:29,635 - fvg_monitor - DEBUG - Detection cycle at 2024-11-28 15:52:29.635162+00:00
2024-11-28 22:22:29,635 - fvg_monitor - DEBUG - Using cached FVG results
2024-11-28 22:22:29,838 - fvg_monitor - DEBUG - Detection cycle at 2024-11-28 15:52:29.838032+00:00
2024-11-28 22:22:29,838 - fvg_monitor - DEBUG - Using cached FVG results
2024-11-28 22:22:30,041 - fvg_monitor - DEBUG - Detection cycle at 2024-11-28 15:52:30.041441+00:00
2024-11-28 22:22:30,041 - fvg_monitor - DEBUG - Using cached FVG results
2024-11-28 22:22:30,245 - fvg_monitor - DEBUG - Detection cycle at 2024-11-28 15:52:30.245715+00:00
2024-11-28 22:22:30,246 - fvg_monitor - DEBUG - Using cached FVG results
2024-11-28 22:22:30,450 - fvg_monitor - DEBUG - Detection cycle at 2024-11-28 15:52:30.450424+00:00
2024-11-28 22:22:31,756 - fvg_monitor - DEBUG - Detection cycle at 2024-11-28 15:52:31.756879+00:00
2024-11-28 22:22:31,757 - fvg_monitor - DEBUG - Using cached FVG results
2024-11-28 22:22:31,962 - fvg_monitor - DEBUG - Detection cycle at 2024-11-28 15:52:31.962701+00:00
2024-11-28 22:22:31,963 - fvg_monitor - DEBUG - Using cached FVG results
2024-11-28 22:22:32,167 - fvg_monitor - DEBUG - Detection cycle at 2024-11-28 15:52:32.167341+00:00
2024-11-28 22:22:32,168 - fvg_monitor - DEBUG - Using cached FVG results
2024-11-28 22:22:32,373 - fvg_monitor - DEBUG - Detection cycle at 2024-11-28 15:52:32.373584+00:00
2024-11-28 22:22:32,373 - fvg_monitor - DEBUG - Using cached FVG results
2024-11-28 22:22:32,577 - fvg_monitor - DEBUG - Detection cycle at 2024-11-28 15:52:32.577338+00:00
2024-11-28 22:22:33,894 - fvg_monitor - DEBUG - Detection cycle at 2024-11-28 15:52:33.894345+00:00
2024-11-28 22:22:33,894 - fvg_monitor - DEBUG - Using cached FVG results
2024-11-28 22:22:34,099 - fvg_monitor - DEBUG - Detection cycle at 2024-11-28 15:52:34.099574+00:00
2024-11-28 22:22:34,099 - fvg_monitor - DEBUG - Using cached FVG results
2024-11-28 22:22:34,301 - fvg_monitor - DEBUG - Detection cycle at 2024-11-28 15:52:34.301624+00:00
2024-11-28 22:22:34,302 - fvg_monitor - DEBUG - Using cached FVG results
2024-11-28 22:22:34,506 - fvg_monitor - DEBUG - Detection cycle at 2024-11-28 15:52:34.506273+00:00
2024-11-28 22:22:34,506 - fvg_monitor - DEBUG - Using cached FVG results
2024-11-28 22:22:34,712 - fvg_monitor - DEBUG - Detection cycle at 2024-11-28 15:52:34.712688+00:00
2024-11-28 22:22:36,198 - fvg_monitor - DEBUG - Detection cycle at 2024-11-28 15:52:36.198082+00:00
2024-11-28 22:22:36,198 - fvg_monitor - DEBUG - Using cached FVG results
2024-11-28 22:22:36,401 - fvg_monitor - DEBUG - Detection cycle at 2024-11-28 15:52:36.401658+00:00
2024-11-28 22:22:36,402 - fvg_monitor - DEBUG - Using cached FVG results
2024-11-28 22:22:36,603 - fvg_monitor - DEBUG - Detection cycle at 2024-11-28 15:52:36.603377+00:00
2024-11-28 22:22:36,603 - fvg_monitor - DEBUG - Using cached FVG results
2024-11-28 22:22:36,807 - fvg_monitor - DEBUG - Detection cycle at 2024-11-28 15:52:36.807575+00:00
2024-11-28 22:22:36,808 - fvg_monitor - DEBUG - Using cached FVG results
2024-11-28 22:22:37,013 - fvg_monitor - DEBUG - Detection cycle at 2024-11-28 15:52:37.013239+00:00
2024-11-28 22:22:38,357 - fvg_monitor - DEBUG - Detection cycle at 2024-11-28 15:52:38.357850+00:00
2024-11-28 22:22:38,358 - fvg_monitor - DEBUG - Using cached FVG results
2024-11-28 22:22:38,559 - fvg_monitor - DEBUG - Detection cycle at 2024-11-28 15:52:38.559831+00:00
2024-11-28 22:22:38,560 - fvg_monitor - DEBUG - Using cached FVG results
2024-11-28 22:22:38,761 - fvg_monitor - DEBUG - Detection cycle at 2024-11-28 15:52:38.761863+00:00
2024-11-28 22:22:38,762 - fvg_monitor - DEBUG - Using cached FVG results
2024-11-28 22:22:38,966 - fvg_monitor - DEBUG - Detection cycle at 2024-11-28 15:52:38.966868+00:00
2024-11-28 22:22:38,967 - fvg_monitor - DEBUG - Using cached FVG results
2024-11-28 22:22:39,168 - fvg_monitor - DEBUG - Detection cycle at 2024-11-28 15:52:39.168454+00:00
2024-11-28 22:22:40,581 - fvg_monitor - DEBUG - Detection cycle at 2024-11-28 15:52:40.581165+00:00
2024-11-28 22:22:40,581 - fvg_monitor - DEBUG - Using cached FVG results
2024-11-28 22:22:40,784 - fvg_monitor - DEBUG - Detection cycle at 2024-11-28 15:52:40.784213+00:00
2024-11-28 22:22:40,784 - fvg_monitor - DEBUG - Using cached FVG results
2024-11-28 22:22:40,986 - fvg_monitor - DEBUG - Detection cycle at 2024-11-28 15:52:40.986743+00:00
2024-11-28 22:22:40,987 - fvg_monitor - DEBUG - Using cached FVG results
2024-11-28 22:22:41,192 - fvg_monitor - DEBUG - Detection cycle at 2024-11-28 15:52:41.192197+00:00
2024-11-28 22:22:41,192 - fvg_monitor - DEBUG - Using cached FVG results
2024-11-28 22:22:41,396 - fvg_monitor - DEBUG - Detection cycle at 2024-11-28 15:52:41.395932+00:00
2024-11-28 22:22:42,902 - fvg_monitor - DEBUG - Detection cycle at 2024-11-28 15:52:42.902747+00:00
2024-11-28 22:22:42,903 - fvg_monitor - DEBUG - Using cached FVG results
2024-11-28 22:22:43,108 - fvg_monitor - DEBUG - Detection cycle at 2024-11-28 15:52:43.108619+00:00
2024-11-28 22:22:43,108 - fvg_monitor - DEBUG - Using cached FVG results
2024-11-28 22:22:43,310 - fvg_monitor - DEBUG - Detection cycle at 2024-11-28 15:52:43.310091+00:00
2024-11-28 22:22:43,310 - fvg_monitor - DEBUG - Using cached FVG results
2024-11-28 22:22:43,515 - fvg_monitor - DEBUG - Detection cycle at 2024-11-28 15:52:43.515533+00:00
2024-11-28 22:22:43,515 - fvg_monitor - DEBUG - Using cached FVG results
2024-11-28 22:22:43,717 - fvg_monitor - DEBUG - Detection cycle at 2024-11-28 15:52:43.717863+00:00
2024-11-28 22:22:45,056 - fvg_monitor - DEBUG - Detection cycle at 2024-11-28 15:52:45.056917+00:00
2024-11-28 22:22:45,057 - fvg_monitor - DEBUG - Using cached FVG results
2024-11-28 22:22:45,262 - fvg_monitor - DEBUG - Detection cycle at 2024-11-28 15:52:45.262315+00:00
2024-11-28 22:22:45,262 - fvg_monitor - DEBUG - Using cached FVG results
2024-11-28 22:22:45,465 - fvg_monitor - DEBUG - Detection cycle at 2024-11-28 15:52:45.464838+00:00
2024-11-28 22:22:45,465 - fvg_monitor - DEBUG - Using cached FVG results
2024-11-28 22:22:45,667 - fvg_monitor - DEBUG - Detection cycle at 2024-11-28 15:52:45.666947+00:00
2024-11-28 22:22:45,667 - fvg_monitor - DEBUG - Using cached FVG results
2024-11-28 22:22:45,867 - fvg_monitor - DEBUG - Detection cycle at 2024-11-28 15:52:45.867474+00:00
2024-11-28 22:22:47,225 - fvg_monitor - DEBUG - Detection cycle at 2024-11-28 15:52:47.225595+00:00
2024-11-28 22:22:47,225 - fvg_monitor - DEBUG - Using cached FVG results
2024-11-28 22:22:47,432 - fvg_monitor - DEBUG - Detection cycle at 2024-11-28 15:52:47.432479+00:00
2024-11-28 22:22:47,432 - fvg_monitor - DEBUG - Using cached FVG results
2024-11-28 22:22:47,635 - fvg_monitor - DEBUG - Detection cycle at 2024-11-28 15:52:47.635365+00:00
2024-11-28 22:22:47,635 - fvg_monitor - DEBUG - Using cached FVG results
2024-11-28 22:22:47,839 - fvg_monitor - DEBUG - Detection cycle at 2024-11-28 15:52:47.839430+00:00
2024-11-28 22:22:47,839 - fvg_monitor - DEBUG - Using cached FVG results
2024-11-28 22:22:48,040 - fvg_monitor - DEBUG - Detection cycle at 2024-11-28 15:52:48.040829+00:00
2024-11-28 22:22:49,534 - fvg_monitor - DEBUG - Detection cycle at 2024-11-28 15:52:49.534146+00:00
2024-11-28 22:22:49,534 - fvg_monitor - DEBUG - Using cached FVG results
2024-11-28 22:22:49,739 - fvg_monitor - DEBUG - Detection cycle at 2024-11-28 15:52:49.738961+00:00
2024-11-28 22:22:49,739 - fvg_monitor - DEBUG - Using cached FVG results
2024-11-28 22:22:49,944 - fvg_monitor - DEBUG - Detection cycle at 2024-11-28 15:52:49.944235+00:00
2024-11-28 22:22:49,944 - fvg_monitor - DEBUG - Using cached FVG results
2024-11-28 22:22:50,147 - fvg_monitor - DEBUG - Detection cycle at 2024-11-28 15:52:50.147291+00:00
2024-11-28 22:22:50,148 - fvg_monitor - DEBUG - Using cached FVG results
2024-11-28 22:22:50,350 - fvg_monitor - DEBUG - Detection cycle at 2024-11-28 15:52:50.350508+00:00
2024-11-28 22:22:51,922 - fvg_monitor - DEBUG - Detection cycle at 2024-11-28 15:52:51.922549+00:00
2024-11-28 22:22:51,922 - fvg_monitor - DEBUG - Using cached FVG results
2024-11-28 22:22:52,125 - fvg_monitor - DEBUG - Detection cycle at 2024-11-28 15:52:52.125314+00:00
2024-11-28 22:22:52,125 - fvg_monitor - DEBUG - Using cached FVG results
2024-11-28 22:22:52,326 - fvg_monitor - DEBUG - Detection cycle at 2024-11-28 15:52:52.326486+00:00
2024-11-28 22:22:52,326 - fvg_monitor - DEBUG - Using cached FVG results
2024-11-28 22:22:52,530 - fvg_monitor - DEBUG - Detection cycle at 2024-11-28 15:52:52.529655+00:00
2024-11-28 22:22:52,530 - fvg_monitor - DEBUG - Using cached FVG results
2024-11-28 22:22:52,734 - fvg_monitor - DEBUG - Detection cycle at 2024-11-28 15:52:52.734209+00:00
2024-11-28 22:22:54,229 - fvg_monitor - DEBUG - Detection cycle at 2024-11-28 15:52:54.229168+00:00
2024-11-28 22:22:54,229 - fvg_monitor - DEBUG - Using cached FVG results
2024-11-28 22:22:54,434 - fvg_monitor - DEBUG - Detection cycle at 2024-11-28 15:52:54.434652+00:00
2024-11-28 22:22:54,434 - fvg_monitor - DEBUG - Using cached FVG results
2024-11-28 22:22:54,640 - fvg_monitor - DEBUG - Detection cycle at 2024-11-28 15:52:54.640063+00:00
2024-11-28 22:22:54,641 - fvg_monitor - DEBUG - Using cached FVG results
2024-11-28 22:22:54,843 - fvg_monitor - DEBUG - Detection cycle at 2024-11-28 15:52:54.843166+00:00
2024-11-28 22:22:54,843 - fvg_monitor - DEBUG - Using cached FVG results
2024-11-28 22:22:55,045 - fvg_monitor - DEBUG - Detection cycle at 2024-11-28 15:52:55.045473+00:00
2024-11-28 22:22:56,348 - fvg_monitor - DEBUG - Detection cycle at 2024-11-28 15:52:56.348839+00:00
2024-11-28 22:22:56,349 - fvg_monitor - DEBUG - Using cached FVG results
2024-11-28 22:22:56,555 - fvg_monitor - DEBUG - Detection cycle at 2024-11-28 15:52:56.555212+00:00
2024-11-28 22:22:56,555 - fvg_monitor - DEBUG - Using cached FVG results
2024-11-28 22:22:56,760 - fvg_monitor - DEBUG - Detection cycle at 2024-11-28 15:52:56.759937+00:00
2024-11-28 22:22:56,760 - fvg_monitor - DEBUG - Using cached FVG results
2024-11-28 22:22:56,962 - fvg_monitor - DEBUG - Detection cycle at 2024-11-28 15:52:56.962568+00:00
2024-11-28 22:22:56,962 - fvg_monitor - DEBUG - Using cached FVG results
2024-11-28 22:22:57,163 - fvg_monitor - DEBUG - Detection cycle at 2024-11-28 15:52:57.163336+00:00
2024-11-28 22:22:58,628 - fvg_monitor - DEBUG - Detection cycle at 2024-11-28 15:52:58.628694+00:00
2024-11-28 22:22:58,629 - fvg_monitor - DEBUG - Using cached FVG results
2024-11-28 22:22:58,831 - fvg_monitor - DEBUG - Detection cycle at 2024-11-28 15:52:58.831005+00:00
2024-11-28 22:22:58,831 - fvg_monitor - DEBUG - Using cached FVG results
2024-11-28 22:22:59,033 - fvg_monitor - DEBUG - Detection cycle at 2024-11-28 15:52:59.033363+00:00
2024-11-28 22:22:59,033 - fvg_monitor - DEBUG - Using cached FVG results
2024-11-28 22:22:59,239 - fvg_monitor - DEBUG - Detection cycle at 2024-11-28 15:52:59.239321+00:00
2024-11-28 22:22:59,239 - fvg_monitor - DEBUG - Using cached FVG results
2024-11-28 22:22:59,445 - fvg_monitor - DEBUG - Detection cycle at 2024-11-28 15:52:59.444950+00:00
2024-11-28 22:23:00,756 - fvg_monitor - DEBUG - Detection cycle at 2024-11-28 15:53:00.756287+00:00
2024-11-28 22:23:00,756 - fvg_monitor - DEBUG - Using cached FVG results
2024-11-28 22:23:00,961 - fvg_monitor - DEBUG - Detection cycle at 2024-11-28 15:53:00.961852+00:00
2024-11-28 22:23:00,962 - fvg_monitor - DEBUG - Using cached FVG results
2024-11-28 22:23:01,166 - fvg_monitor - DEBUG - Detection cycle at 2024-11-28 15:53:01.166569+00:00
2024-11-28 22:23:01,166 - fvg_monitor - DEBUG - Using cached FVG results
2024-11-28 22:23:01,370 - fvg_monitor - DEBUG - Detection cycle at 2024-11-28 15:53:01.370366+00:00
2024-11-28 22:23:01,370 - fvg_monitor - DEBUG - Using cached FVG results
2024-11-28 22:23:01,576 - fvg_monitor - DEBUG - Detection cycle at 2024-11-28 15:53:01.576443+00:00
2024-11-28 22:23:02,844 - fvg_monitor - DEBUG - Detection cycle at 2024-11-28 15:53:02.844679+00:00
2024-11-28 22:23:02,845 - fvg_monitor - DEBUG - Using cached FVG results
2024-11-28 22:23:03,049 - fvg_monitor - DEBUG - Detection cycle at 2024-11-28 15:53:03.049238+00:00
2024-11-28 22:23:03,049 - fvg_monitor - DEBUG - Using cached FVG results
2024-11-28 22:23:03,254 - fvg_monitor - DEBUG - Detection cycle at 2024-11-28 15:53:03.254529+00:00
2024-11-28 22:23:03,254 - fvg_monitor - DEBUG - Using cached FVG results
2024-11-28 22:23:03,459 - fvg_monitor - DEBUG - Detection cycle at 2024-11-28 15:53:03.459126+00:00
2024-11-28 22:23:03,459 - fvg_monitor - DEBUG - Using cached FVG results
2024-11-28 22:23:03,662 - fvg_monitor - DEBUG - Detection cycle at 2024-11-28 15:53:03.662763+00:00
2024-11-28 22:23:04,940 - fvg_monitor - DEBUG - Detection cycle at 2024-11-28 15:53:04.940494+00:00
2024-11-28 22:23:04,940 - fvg_monitor - DEBUG - Using cached FVG results
2024-11-28 22:23:05,145 - fvg_monitor - DEBUG - Detection cycle at 2024-11-28 15:53:05.145896+00:00
2024-11-28 22:23:05,146 - fvg_monitor - DEBUG - Using cached FVG results
2024-11-28 22:23:05,351 - fvg_monitor - DEBUG - Detection cycle at 2024-11-28 15:53:05.351525+00:00
2024-11-28 22:23:05,351 - fvg_monitor - DEBUG - Using cached FVG results
2024-11-28 22:23:05,553 - fvg_monitor - DEBUG - Detection cycle at 2024-11-28 15:53:05.553747+00:00
2024-11-28 22:23:05,554 - fvg_monitor - DEBUG - Using cached FVG results
2024-11-28 22:23:05,759 - fvg_monitor - DEBUG - Detection cycle at 2024-11-28 15:53:05.759233+00:00
2024-11-28 22:23:07,050 - fvg_monitor - DEBUG - Detection cycle at 2024-11-28 15:53:07.050589+00:00
2024-11-28 22:23:07,050 - fvg_monitor - DEBUG - Using cached FVG results
2024-11-28 22:23:07,255 - fvg_monitor - DEBUG - Detection cycle at 2024-11-28 15:53:07.255064+00:00
2024-11-28 22:23:07,255 - fvg_monitor - DEBUG - Using cached FVG results
2024-11-28 22:23:07,457 - fvg_monitor - DEBUG - Detection cycle at 2024-11-28 15:53:07.457561+00:00
2024-11-28 22:23:07,457 - fvg_monitor - DEBUG - Using cached FVG results
2024-11-28 22:23:07,660 - fvg_monitor - DEBUG - Detection cycle at 2024-11-28 15:53:07.660376+00:00
2024-11-28 22:23:07,660 - fvg_monitor - DEBUG - Using cached FVG results
2024-11-28 22:23:07,865 - fvg_monitor - DEBUG - Detection cycle at 2024-11-28 15:53:07.865880+00:00
2024-11-28 22:23:09,149 - fvg_monitor - DEBUG - Detection cycle at 2024-11-28 15:53:09.149792+00:00
2024-11-28 22:23:09,150 - fvg_monitor - DEBUG - Using cached FVG results
2024-11-28 22:23:09,355 - fvg_monitor - DEBUG - Detection cycle at 2024-11-28 15:53:09.355168+00:00
2024-11-28 22:23:09,355 - fvg_monitor - DEBUG - Using cached FVG results
2024-11-28 22:23:09,557 - fvg_monitor - DEBUG - Detection cycle at 2024-11-28 15:53:09.557802+00:00
2024-11-28 22:23:09,558 - fvg_monitor - DEBUG - Using cached FVG results
2024-11-28 22:23:09,761 - fvg_monitor - DEBUG - Detection cycle at 2024-11-28 15:53:09.761186+00:00
2024-11-28 22:23:09,761 - fvg_monitor - DEBUG - Using cached FVG results
2024-11-28 22:23:09,966 - fvg_monitor - DEBUG - Detection cycle at 2024-11-28 15:53:09.966551+00:00
2024-11-28 22:23:11,232 - fvg_monitor - DEBUG - Detection cycle at 2024-11-28 15:53:11.231909+00:00
2024-11-28 22:23:11,232 - fvg_monitor - DEBUG - Using cached FVG results
2024-11-28 22:23:11,437 - fvg_monitor - DEBUG - Detection cycle at 2024-11-28 15:53:11.437436+00:00
2024-11-28 22:23:11,437 - fvg_monitor - DEBUG - Using cached FVG results
2024-11-28 22:23:11,642 - fvg_monitor - DEBUG - Detection cycle at 2024-11-28 15:53:11.642808+00:00
2024-11-28 22:23:11,643 - fvg_monitor - DEBUG - Using cached FVG results
2024-11-28 22:23:11,851 - fvg_monitor - DEBUG - Detection cycle at 2024-11-28 15:53:11.851166+00:00
2024-11-28 22:23:11,852 - fvg_monitor - DEBUG - Using cached FVG results
2024-11-28 22:23:12,057 - fvg_monitor - DEBUG - Detection cycle at 2024-11-28 15:53:12.057513+00:00
2024-11-28 22:23:13,301 - fvg_monitor - DEBUG - Detection cycle at 2024-11-28 15:53:13.301527+00:00
2024-11-28 22:23:13,301 - fvg_monitor - DEBUG - Using cached FVG results
2024-11-28 22:23:13,506 - fvg_monitor - DEBUG - Detection cycle at 2024-11-28 15:53:13.506914+00:00
2024-11-28 22:23:13,507 - fvg_monitor - DEBUG - Using cached FVG results
2024-11-28 22:23:13,712 - fvg_monitor - DEBUG - Detection cycle at 2024-11-28 15:53:13.712331+00:00
2024-11-28 22:23:13,712 - fvg_monitor - DEBUG - Using cached FVG results
2024-11-28 22:23:13,916 - fvg_monitor - DEBUG - Detection cycle at 2024-11-28 15:53:13.916401+00:00
2024-11-28 22:23:13,916 - fvg_monitor - DEBUG - Using cached FVG results
2024-11-28 22:23:14,117 - fvg_monitor - DEBUG - Detection cycle at 2024-11-28 15:53:14.117034+00:00
2024-11-28 22:23:15,393 - fvg_monitor - DEBUG - Detection cycle at 2024-11-28 15:53:15.393914+00:00
2024-11-28 22:23:15,394 - fvg_monitor - DEBUG - Using cached FVG results
2024-11-28 22:23:15,595 - fvg_monitor - DEBUG - Detection cycle at 2024-11-28 15:53:15.595437+00:00
2024-11-28 22:23:15,595 - fvg_monitor - DEBUG - Using cached FVG results
2024-11-28 22:23:15,799 - fvg_monitor - DEBUG - Detection cycle at 2024-11-28 15:53:15.799186+00:00
2024-11-28 22:23:15,799 - fvg_monitor - DEBUG - Using cached FVG results
2024-11-28 22:23:16,000 - fvg_monitor - DEBUG - Detection cycle at 2024-11-28 15:53:16.000353+00:00
2024-11-28 22:23:16,000 - fvg_monitor - DEBUG - Using cached FVG results
2024-11-28 22:23:16,204 - fvg_monitor - DEBUG - Detection cycle at 2024-11-28 15:53:16.204085+00:00
2024-11-28 22:23:17,462 - fvg_monitor - DEBUG - Detection cycle at 2024-11-28 15:53:17.462300+00:00
2024-11-28 22:23:17,462 - fvg_monitor - DEBUG - Using cached FVG results
2024-11-28 22:23:17,667 - fvg_monitor - DEBUG - Detection cycle at 2024-11-28 15:53:17.667766+00:00
2024-11-28 22:23:17,667 - fvg_monitor - DEBUG - Using cached FVG results
2024-11-28 22:23:17,868 - fvg_monitor - DEBUG - Detection cycle at 2024-11-28 15:53:17.868385+00:00
2024-11-28 22:23:17,868 - fvg_monitor - DEBUG - Using cached FVG results
2024-11-28 22:23:18,069 - fvg_monitor - DEBUG - Detection cycle at 2024-11-28 15:53:18.069386+00:00
2024-11-28 22:23:18,069 - fvg_monitor - DEBUG - Using cached FVG results
2024-11-28 22:23:18,273 - fvg_monitor - DEBUG - Detection cycle at 2024-11-28 15:53:18.273550+00:00
2024-11-28 22:23:19,596 - fvg_monitor - DEBUG - Detection cycle at 2024-11-28 15:53:19.596617+00:00
2024-11-28 22:23:19,596 - fvg_monitor - DEBUG - Using cached FVG results
2024-11-28 22:23:19,801 - fvg_monitor - DEBUG - Detection cycle at 2024-11-28 15:53:19.801554+00:00
2024-11-28 22:23:19,801 - fvg_monitor - DEBUG - Using cached FVG results
2024-11-28 22:23:20,007 - fvg_monitor - DEBUG - Detection cycle at 2024-11-28 15:53:20.006969+00:00
2024-11-28 22:23:20,007 - fvg_monitor - DEBUG - Using cached FVG results
2024-11-28 22:23:20,212 - fvg_monitor - DEBUG - Detection cycle at 2024-11-28 15:53:20.212143+00:00
2024-11-28 22:23:20,212 - fvg_monitor - DEBUG - Using cached FVG results
2024-11-28 22:23:20,416 - fvg_monitor - DEBUG - Detection cycle at 2024-11-28 15:53:20.416470+00:00
2024-11-28 22:23:21,770 - fvg_monitor - DEBUG - Detection cycle at 2024-11-28 15:53:21.770712+00:00
2024-11-28 22:23:21,771 - fvg_monitor - DEBUG - Using cached FVG results
2024-11-28 22:23:21,976 - fvg_monitor - DEBUG - Detection cycle at 2024-11-28 15:53:21.976124+00:00
2024-11-28 22:23:21,976 - fvg_monitor - DEBUG - Using cached FVG results
2024-11-28 22:23:22,188 - fvg_monitor - DEBUG - Detection cycle at 2024-11-28 15:53:22.188869+00:00
2024-11-28 22:23:22,192 - fvg_monitor - DEBUG - Using cached FVG results
2024-11-28 22:23:22,397 - fvg_monitor - DEBUG - Detection cycle at 2024-11-28 15:53:22.397396+00:00
2024-11-28 22:23:22,398 - fvg_monitor - DEBUG - Using cached FVG results
2024-11-28 22:23:22,602 - fvg_monitor - DEBUG - Detection cycle at 2024-11-28 15:53:22.602291+00:00
2024-11-28 22:23:23,886 - fvg_monitor - DEBUG - Detection cycle at 2024-11-28 15:53:23.886774+00:00
2024-11-28 22:23:23,887 - fvg_monitor - DEBUG - Using cached FVG results
2024-11-28 22:23:24,088 - fvg_monitor - DEBUG - Detection cycle at 2024-11-28 15:53:24.088471+00:00
2024-11-28 22:23:24,088 - fvg_monitor - DEBUG - Using cached FVG results
2024-11-28 22:23:24,291 - fvg_monitor - DEBUG - Detection cycle at 2024-11-28 15:53:24.291855+00:00
2024-11-28 22:23:24,292 - fvg_monitor - DEBUG - Using cached FVG results
2024-11-28 22:23:24,498 - fvg_monitor - DEBUG - Detection cycle at 2024-11-28 15:53:24.497907+00:00
2024-11-28 22:23:24,498 - fvg_monitor - DEBUG - Using cached FVG results
2024-11-28 22:23:24,699 - fvg_monitor - DEBUG - Detection cycle at 2024-11-28 15:53:24.699261+00:00
2024-11-28 22:23:25,976 - fvg_monitor - DEBUG - Detection cycle at 2024-11-28 15:53:25.976157+00:00
2024-11-28 22:23:25,976 - fvg_monitor - DEBUG - Using cached FVG results
2024-11-28 22:23:26,181 - fvg_monitor - DEBUG - Detection cycle at 2024-11-28 15:53:26.181530+00:00
2024-11-28 22:23:26,181 - fvg_monitor - DEBUG - Using cached FVG results
2024-11-28 22:23:26,385 - fvg_monitor - DEBUG - Detection cycle at 2024-11-28 15:53:26.385423+00:00
2024-11-28 22:23:26,385 - fvg_monitor - DEBUG - Using cached FVG results
2024-11-28 22:23:26,591 - fvg_monitor - DEBUG - Detection cycle at 2024-11-28 15:53:26.591072+00:00
2024-11-28 22:23:26,591 - fvg_monitor - DEBUG - Using cached FVG results
2024-11-28 22:23:26,796 - fvg_monitor - DEBUG - Detection cycle at 2024-11-28 15:53:26.796503+00:00
2024-11-28 22:23:28,059 - fvg_monitor - DEBUG - Detection cycle at 2024-11-28 15:53:28.059120+00:00
2024-11-28 22:23:28,059 - fvg_monitor - DEBUG - Using cached FVG results
2024-11-28 22:23:28,260 - fvg_monitor - DEBUG - Detection cycle at 2024-11-28 15:53:28.260561+00:00
2024-11-28 22:23:28,262 - fvg_monitor - DEBUG - Using cached FVG results
2024-11-28 22:23:28,466 - fvg_monitor - DEBUG - Detection cycle at 2024-11-28 15:53:28.466037+00:00
2024-11-28 22:23:28,466 - fvg_monitor - DEBUG - Using cached FVG results
2024-11-28 22:23:28,670 - fvg_monitor - DEBUG - Detection cycle at 2024-11-28 15:53:28.670711+00:00
2024-11-28 22:23:28,671 - fvg_monitor - DEBUG - Using cached FVG results
2024-11-28 22:23:28,876 - fvg_monitor - DEBUG - Detection cycle at 2024-11-28 15:53:28.876164+00:00
2024-11-28 22:23:30,194 - fvg_monitor - DEBUG - Detection cycle at 2024-11-28 15:53:30.194016+00:00
2024-11-28 22:23:30,195 - fvg_monitor - DEBUG - Using cached FVG results
2024-11-28 22:23:30,399 - fvg_monitor - DEBUG - Detection cycle at 2024-11-28 15:53:30.399113+00:00
2024-11-28 22:23:30,400 - fvg_monitor - DEBUG - Using cached FVG results
2024-11-28 22:23:30,605 - fvg_monitor - DEBUG - Detection cycle at 2024-11-28 15:53:30.605212+00:00
2024-11-28 22:23:30,605 - fvg_monitor - DEBUG - Using cached FVG results
2024-11-28 22:23:30,810 - fvg_monitor - DEBUG - Detection cycle at 2024-11-28 15:53:30.810628+00:00
2024-11-28 22:23:30,810 - fvg_monitor - DEBUG - Using cached FVG results
2024-11-28 22:23:31,014 - fvg_monitor - DEBUG - Detection cycle at 2024-11-28 15:53:31.013929+00:00
2024-11-28 22:23:32,314 - fvg_monitor - DEBUG - Detection cycle at 2024-11-28 15:53:32.313954+00:00
2024-11-28 22:23:32,314 - fvg_monitor - DEBUG - Using cached FVG results
2024-11-28 22:23:32,517 - fvg_monitor - DEBUG - Detection cycle at 2024-11-28 15:53:32.517627+00:00
2024-11-28 22:23:32,517 - fvg_monitor - DEBUG - Using cached FVG results
2024-11-28 22:23:32,720 - fvg_monitor - DEBUG - Detection cycle at 2024-11-28 15:53:32.720675+00:00
2024-11-28 22:23:32,720 - fvg_monitor - DEBUG - Using cached FVG results
2024-11-28 22:23:32,925 - fvg_monitor - DEBUG - Detection cycle at 2024-11-28 15:53:32.925444+00:00
2024-11-28 22:23:32,925 - fvg_monitor - DEBUG - Using cached FVG results
2024-11-28 22:23:33,127 - fvg_monitor - DEBUG - Detection cycle at 2024-11-28 15:53:33.127553+00:00
2024-11-28 22:23:34,408 - fvg_monitor - DEBUG - Detection cycle at 2024-11-28 15:53:34.408707+00:00
2024-11-28 22:23:34,408 - fvg_monitor - DEBUG - Using cached FVG results
2024-11-28 22:23:34,617 - fvg_monitor - DEBUG - Detection cycle at 2024-11-28 15:53:34.617712+00:00
2024-11-28 22:23:34,618 - fvg_monitor - DEBUG - Using cached FVG results
2024-11-28 22:23:34,822 - fvg_monitor - DEBUG - Detection cycle at 2024-11-28 15:53:34.822625+00:00
2024-11-28 22:23:34,822 - fvg_monitor - DEBUG - Using cached FVG results
2024-11-28 22:23:35,028 - fvg_monitor - DEBUG - Detection cycle at 2024-11-28 15:53:35.028046+00:00
2024-11-28 22:23:35,028 - fvg_monitor - DEBUG - Using cached FVG results
2024-11-28 22:23:35,232 - fvg_monitor - DEBUG - Detection cycle at 2024-11-28 15:53:35.232069+00:00
2024-11-28 22:23:36,514 - fvg_monitor - DEBUG - Detection cycle at 2024-11-28 15:53:36.514753+00:00
2024-11-28 22:23:36,515 - fvg_monitor - DEBUG - Using cached FVG results
2024-11-28 22:23:36,719 - fvg_monitor - DEBUG - Detection cycle at 2024-11-28 15:53:36.719418+00:00
2024-11-28 22:23:36,719 - fvg_monitor - DEBUG - Using cached FVG results
2024-11-28 22:23:36,923 - fvg_monitor - DEBUG - Detection cycle at 2024-11-28 15:53:36.923836+00:00
2024-11-28 22:23:36,924 - fvg_monitor - DEBUG - Using cached FVG results
2024-11-28 22:23:37,128 - fvg_monitor - DEBUG - Detection cycle at 2024-11-28 15:53:37.128067+00:00
2024-11-28 22:23:37,128 - fvg_monitor - DEBUG - Using cached FVG results
2024-11-28 22:23:37,330 - fvg_monitor - DEBUG - Detection cycle at 2024-11-28 15:53:37.330576+00:00
2024-11-28 22:23:38,667 - fvg_monitor - DEBUG - Detection cycle at 2024-11-28 15:53:38.667610+00:00
2024-11-28 22:23:38,667 - fvg_monitor - DEBUG - Using cached FVG results
2024-11-28 22:23:38,872 - fvg_monitor - DEBUG - Detection cycle at 2024-11-28 15:53:38.872513+00:00
2024-11-28 22:23:38,873 - fvg_monitor - DEBUG - Using cached FVG results
2024-11-28 22:23:39,076 - fvg_monitor - DEBUG - Detection cycle at 2024-11-28 15:53:39.076147+00:00
2024-11-28 22:23:39,076 - fvg_monitor - DEBUG - Using cached FVG results
2024-11-28 22:23:39,281 - fvg_monitor - DEBUG - Detection cycle at 2024-11-28 15:53:39.281573+00:00
2024-11-28 22:23:39,282 - fvg_monitor - DEBUG - Using cached FVG results
2024-11-28 22:23:39,483 - fvg_monitor - DEBUG - Detection cycle at 2024-11-28 15:53:39.483469+00:00
2024-11-28 22:23:40,756 - fvg_monitor - DEBUG - Detection cycle at 2024-11-28 15:53:40.755939+00:00
2024-11-28 22:23:40,756 - fvg_monitor - DEBUG - Using cached FVG results
2024-11-28 22:23:40,961 - fvg_monitor - DEBUG - Detection cycle at 2024-11-28 15:53:40.961431+00:00
2024-11-28 22:23:40,961 - fvg_monitor - DEBUG - Using cached FVG results
2024-11-28 22:23:41,165 - fvg_monitor - DEBUG - Detection cycle at 2024-11-28 15:53:41.165890+00:00
2024-11-28 22:23:41,166 - fvg_monitor - DEBUG - Using cached FVG results
2024-11-28 22:23:41,371 - fvg_monitor - DEBUG - Detection cycle at 2024-11-28 15:53:41.370999+00:00
2024-11-28 22:23:41,371 - fvg_monitor - DEBUG - Using cached FVG results
2024-11-28 22:23:41,576 - fvg_monitor - DEBUG - Detection cycle at 2024-11-28 15:53:41.576074+00:00
2024-11-28 22:23:42,846 - fvg_monitor - DEBUG - Detection cycle at 2024-11-28 15:53:42.846796+00:00
2024-11-28 22:23:42,847 - fvg_monitor - DEBUG - Using cached FVG results
2024-11-28 22:23:43,051 - fvg_monitor - DEBUG - Detection cycle at 2024-11-28 15:53:43.050992+00:00
2024-11-28 22:23:43,051 - fvg_monitor - DEBUG - Using cached FVG results
2024-11-28 22:23:43,256 - fvg_monitor - DEBUG - Detection cycle at 2024-11-28 15:53:43.256344+00:00
2024-11-28 22:23:43,259 - fvg_monitor - DEBUG - Using cached FVG results
2024-11-28 22:23:43,464 - fvg_monitor - DEBUG - Detection cycle at 2024-11-28 15:53:43.464458+00:00
2024-11-28 22:23:43,464 - fvg_monitor - DEBUG - Using cached FVG results
2024-11-28 22:23:43,665 - fvg_monitor - DEBUG - Detection cycle at 2024-11-28 15:53:43.665851+00:00
2024-11-28 22:23:44,925 - fvg_monitor - DEBUG - Detection cycle at 2024-11-28 15:53:44.925232+00:00
2024-11-28 22:23:44,925 - fvg_monitor - DEBUG - Using cached FVG results
2024-11-28 22:23:45,130 - fvg_monitor - DEBUG - Detection cycle at 2024-11-28 15:53:45.130497+00:00
2024-11-28 22:23:45,130 - fvg_monitor - DEBUG - Using cached FVG results
2024-11-28 22:23:45,331 - fvg_monitor - DEBUG - Detection cycle at 2024-11-28 15:53:45.331511+00:00
2024-11-28 22:23:45,331 - fvg_monitor - DEBUG - Using cached FVG results
2024-11-28 22:23:45,537 - fvg_monitor - DEBUG - Detection cycle at 2024-11-28 15:53:45.536973+00:00
2024-11-28 22:23:45,537 - fvg_monitor - DEBUG - Using cached FVG results
2024-11-28 22:23:45,740 - fvg_monitor - DEBUG - Detection cycle at 2024-11-28 15:53:45.740427+00:00
2024-11-28 22:23:47,081 - fvg_monitor - DEBUG - Detection cycle at 2024-11-28 15:53:47.081532+00:00
2024-11-28 22:23:47,081 - fvg_monitor - DEBUG - Using cached FVG results
2024-11-28 22:23:47,285 - fvg_monitor - DEBUG - Detection cycle at 2024-11-28 15:53:47.284959+00:00
2024-11-28 22:23:47,285 - fvg_monitor - DEBUG - Using cached FVG results
2024-11-28 22:23:47,487 - fvg_monitor - DEBUG - Detection cycle at 2024-11-28 15:53:47.487720+00:00
2024-11-28 22:23:47,488 - fvg_monitor - DEBUG - Using cached FVG results
2024-11-28 22:23:47,690 - fvg_monitor - DEBUG - Detection cycle at 2024-11-28 15:53:47.690578+00:00
2024-11-28 22:23:47,691 - fvg_monitor - DEBUG - Using cached FVG results
2024-11-28 22:23:47,894 - fvg_monitor - DEBUG - Detection cycle at 2024-11-28 15:53:47.894399+00:00
2024-11-28 22:23:49,164 - fvg_monitor - DEBUG - Detection cycle at 2024-11-28 15:53:49.164038+00:00
2024-11-28 22:23:49,164 - fvg_monitor - DEBUG - Using cached FVG results
2024-11-28 22:23:49,367 - fvg_monitor - DEBUG - Detection cycle at 2024-11-28 15:53:49.366623+00:00
2024-11-28 22:23:49,369 - fvg_monitor - DEBUG - Using cached FVG results
2024-11-28 22:23:49,572 - fvg_monitor - DEBUG - Detection cycle at 2024-11-28 15:53:49.572187+00:00
2024-11-28 22:23:49,572 - fvg_monitor - DEBUG - Using cached FVG results
2024-11-28 22:23:49,777 - fvg_monitor - DEBUG - Detection cycle at 2024-11-28 15:53:49.777662+00:00
2024-11-28 22:23:49,778 - fvg_monitor - DEBUG - Using cached FVG results
2024-11-28 22:23:49,981 - fvg_monitor - DEBUG - Detection cycle at 2024-11-28 15:53:49.981304+00:00
2024-11-28 22:23:51,304 - fvg_monitor - DEBUG - Detection cycle at 2024-11-28 15:53:51.304212+00:00
2024-11-28 22:23:51,304 - fvg_monitor - DEBUG - Using cached FVG results
2024-11-28 22:23:51,509 - fvg_monitor - DEBUG - Detection cycle at 2024-11-28 15:53:51.509618+00:00
2024-11-28 22:23:51,509 - fvg_monitor - DEBUG - Using cached FVG results
2024-11-28 22:23:51,714 - fvg_monitor - DEBUG - Detection cycle at 2024-11-28 15:53:51.714447+00:00
2024-11-28 22:23:51,714 - fvg_monitor - DEBUG - Using cached FVG results
2024-11-28 22:23:51,916 - fvg_monitor - DEBUG - Detection cycle at 2024-11-28 15:53:51.916230+00:00
2024-11-28 22:23:51,916 - fvg_monitor - DEBUG - Using cached FVG results
2024-11-28 22:23:52,120 - fvg_monitor - DEBUG - Detection cycle at 2024-11-28 15:53:52.120254+00:00
2024-11-28 22:23:53,433 - fvg_monitor - DEBUG - Detection cycle at 2024-11-28 15:53:53.433290+00:00
2024-11-28 22:23:53,433 - fvg_monitor - DEBUG - Using cached FVG results
2024-11-28 22:23:53,639 - fvg_monitor - DEBUG - Detection cycle at 2024-11-28 15:53:53.639885+00:00
2024-11-28 22:23:53,640 - fvg_monitor - DEBUG - Using cached FVG results
2024-11-28 22:23:53,845 - fvg_monitor - DEBUG - Detection cycle at 2024-11-28 15:53:53.845327+00:00
2024-11-28 22:23:53,845 - fvg_monitor - DEBUG - Using cached FVG results
2024-11-28 22:23:54,048 - fvg_monitor - DEBUG - Detection cycle at 2024-11-28 15:53:54.047950+00:00
2024-11-28 22:23:54,048 - fvg_monitor - DEBUG - Using cached FVG results
