2024-12-16 21:25:42,568 - fvg_monitor - DEBUG - Initializing FVG Monitor
2024-12-16 21:25:46,665 - fvg_monitor - DEBUG - Starting detection thread
2024-12-16 21:25:46,665 - fvg_monitor - DEBUG - Detection cycle at 2024-12-16 14:55:46.665221+00:00
2024-12-16 21:25:47,128 - fvg_monitor - ERROR - Detection thread error: 'MitigationDetector' object has no attribute 'check_bullish_mitigations'
Traceback (most recent call last):
  File "/Users/lewisae/Documents/VSCode/C-137/flight-test-2/src/main.py", line 70, in detection_thread
    results = self.detector.detect_fvgs()
  File "/Users/lewisae/Documents/VSCode/C-137/flight-test-2/src/backtest/detect_engine.py", line 40, in detect_fvgs
    mitigated_bullish = mitigation_detector.check_bullish_mitigations(bullish_fvgs)
                        ^^^^^^^^^^^^^^^^^^^^^^^^^^^^^^^^^^^^^^^^^^^^^
AttributeError: 'MitigationDetector' object has no attribute 'check_bullish_mitigations'
2024-12-16 21:25:48,133 - fvg_monitor - DEBUG - Detection cycle at 2024-12-16 14:55:48.133670+00:00
2024-12-16 21:25:48,456 - fvg_monitor - ERROR - Detection thread error: 'MitigationDetector' object has no attribute 'check_bullish_mitigations'
Traceback (most recent call last):
  File "/Users/lewisae/Documents/VSCode/C-137/flight-test-2/src/main.py", line 70, in detection_thread
    results = self.detector.detect_fvgs()
  File "/Users/lewisae/Documents/VSCode/C-137/flight-test-2/src/backtest/detect_engine.py", line 40, in detect_fvgs
    mitigated_bullish = mitigation_detector.check_bullish_mitigations(bullish_fvgs)
                        ^^^^^^^^^^^^^^^^^^^^^^^^^^^^^^^^^^^^^^^^^^^^^
AttributeError: 'MitigationDetector' object has no attribute 'check_bullish_mitigations'
2024-12-16 21:25:49,462 - fvg_monitor - DEBUG - Detection cycle at 2024-12-16 14:55:49.462149+00:00
2024-12-16 21:25:49,814 - fvg_monitor - ERROR - Detection thread error: 'MitigationDetector' object has no attribute 'check_bullish_mitigations'
Traceback (most recent call last):
  File "/Users/lewisae/Documents/VSCode/C-137/flight-test-2/src/main.py", line 70, in detection_thread
    results = self.detector.detect_fvgs()
  File "/Users/lewisae/Documents/VSCode/C-137/flight-test-2/src/backtest/detect_engine.py", line 40, in detect_fvgs
    mitigated_bullish = mitigation_detector.check_bullish_mitigations(bullish_fvgs)
                        ^^^^^^^^^^^^^^^^^^^^^^^^^^^^^^^^^^^^^^^^^^^^^
AttributeError: 'MitigationDetector' object has no attribute 'check_bullish_mitigations'
2024-12-16 21:25:50,820 - fvg_monitor - DEBUG - Detection cycle at 2024-12-16 14:55:50.820212+00:00
2024-12-16 21:25:51,031 - fvg_monitor - ERROR - Detection thread error: 'MitigationDetector' object has no attribute 'check_bullish_mitigations'
Traceback (most recent call last):
  File "/Users/lewisae/Documents/VSCode/C-137/flight-test-2/src/main.py", line 70, in detection_thread
    results = self.detector.detect_fvgs()
  File "/Users/lewisae/Documents/VSCode/C-137/flight-test-2/src/backtest/detect_engine.py", line 40, in detect_fvgs
    mitigated_bullish = mitigation_detector.check_bullish_mitigations(bullish_fvgs)
                        ^^^^^^^^^^^^^^^^^^^^^^^^^^^^^^^^^^^^^^^^^^^^^
AttributeError: 'MitigationDetector' object has no attribute 'check_bullish_mitigations'
2024-12-16 21:25:52,037 - fvg_monitor - DEBUG - Detection cycle at 2024-12-16 14:55:52.037161+00:00
2024-12-16 21:25:52,336 - fvg_monitor - ERROR - Detection thread error: 'MitigationDetector' object has no attribute 'check_bullish_mitigations'
Traceback (most recent call last):
  File "/Users/lewisae/Documents/VSCode/C-137/flight-test-2/src/main.py", line 70, in detection_thread
    results = self.detector.detect_fvgs()
  File "/Users/lewisae/Documents/VSCode/C-137/flight-test-2/src/backtest/detect_engine.py", line 40, in detect_fvgs
    mitigated_bullish = mitigation_detector.check_bullish_mitigations(bullish_fvgs)
                        ^^^^^^^^^^^^^^^^^^^^^^^^^^^^^^^^^^^^^^^^^^^^^
AttributeError: 'MitigationDetector' object has no attribute 'check_bullish_mitigations'
2024-12-16 21:25:53,342 - fvg_monitor - DEBUG - Detection cycle at 2024-12-16 14:55:53.342170+00:00
2024-12-16 21:25:53,759 - fvg_monitor - ERROR - Detection thread error: 'MitigationDetector' object has no attribute 'check_bullish_mitigations'
Traceback (most recent call last):
  File "/Users/lewisae/Documents/VSCode/C-137/flight-test-2/src/main.py", line 70, in detection_thread
    results = self.detector.detect_fvgs()
  File "/Users/lewisae/Documents/VSCode/C-137/flight-test-2/src/backtest/detect_engine.py", line 40, in detect_fvgs
    mitigated_bullish = mitigation_detector.check_bullish_mitigations(bullish_fvgs)
                        ^^^^^^^^^^^^^^^^^^^^^^^^^^^^^^^^^^^^^^^^^^^^^
AttributeError: 'MitigationDetector' object has no attribute 'check_bullish_mitigations'
2024-12-16 21:25:54,762 - fvg_monitor - DEBUG - Detection cycle at 2024-12-16 14:55:54.762756+00:00
2024-12-16 21:25:55,168 - fvg_monitor - ERROR - Detection thread error: 'MitigationDetector' object has no attribute 'check_bullish_mitigations'
Traceback (most recent call last):
  File "/Users/lewisae/Documents/VSCode/C-137/flight-test-2/src/main.py", line 70, in detection_thread
    results = self.detector.detect_fvgs()
  File "/Users/lewisae/Documents/VSCode/C-137/flight-test-2/src/backtest/detect_engine.py", line 40, in detect_fvgs
    mitigated_bullish = mitigation_detector.check_bullish_mitigations(bullish_fvgs)
                        ^^^^^^^^^^^^^^^^^^^^^^^^^^^^^^^^^^^^^^^^^^^^^
AttributeError: 'MitigationDetector' object has no attribute 'check_bullish_mitigations'
2024-12-16 21:25:56,173 - fvg_monitor - DEBUG - Detection cycle at 2024-12-16 14:55:56.173603+00:00
2024-12-16 21:25:56,518 - fvg_monitor - ERROR - Detection thread error: 'MitigationDetector' object has no attribute 'check_bullish_mitigations'
Traceback (most recent call last):
  File "/Users/lewisae/Documents/VSCode/C-137/flight-test-2/src/main.py", line 70, in detection_thread
    results = self.detector.detect_fvgs()
  File "/Users/lewisae/Documents/VSCode/C-137/flight-test-2/src/backtest/detect_engine.py", line 40, in detect_fvgs
    mitigated_bullish = mitigation_detector.check_bullish_mitigations(bullish_fvgs)
                        ^^^^^^^^^^^^^^^^^^^^^^^^^^^^^^^^^^^^^^^^^^^^^
AttributeError: 'MitigationDetector' object has no attribute 'check_bullish_mitigations'
2024-12-16 21:25:57,521 - fvg_monitor - DEBUG - Detection cycle at 2024-12-16 14:55:57.521131+00:00
2024-12-16 21:25:57,899 - fvg_monitor - ERROR - Detection thread error: 'MitigationDetector' object has no attribute 'check_bullish_mitigations'
Traceback (most recent call last):
  File "/Users/lewisae/Documents/VSCode/C-137/flight-test-2/src/main.py", line 70, in detection_thread
    results = self.detector.detect_fvgs()
  File "/Users/lewisae/Documents/VSCode/C-137/flight-test-2/src/backtest/detect_engine.py", line 40, in detect_fvgs
    mitigated_bullish = mitigation_detector.check_bullish_mitigations(bullish_fvgs)
                        ^^^^^^^^^^^^^^^^^^^^^^^^^^^^^^^^^^^^^^^^^^^^^
AttributeError: 'MitigationDetector' object has no attribute 'check_bullish_mitigations'
2024-12-16 21:25:58,904 - fvg_monitor - DEBUG - Detection cycle at 2024-12-16 14:55:58.904861+00:00
2024-12-16 21:25:59,073 - fvg_monitor - ERROR - Detection thread error: 'MitigationDetector' object has no attribute 'check_bullish_mitigations'
Traceback (most recent call last):
  File "/Users/lewisae/Documents/VSCode/C-137/flight-test-2/src/main.py", line 70, in detection_thread
    results = self.detector.detect_fvgs()
  File "/Users/lewisae/Documents/VSCode/C-137/flight-test-2/src/backtest/detect_engine.py", line 40, in detect_fvgs
    mitigated_bullish = mitigation_detector.check_bullish_mitigations(bullish_fvgs)
                        ^^^^^^^^^^^^^^^^^^^^^^^^^^^^^^^^^^^^^^^^^^^^^
AttributeError: 'MitigationDetector' object has no attribute 'check_bullish_mitigations'
2024-12-16 21:26:00,078 - fvg_monitor - DEBUG - Detection cycle at 2024-12-16 14:56:00.078822+00:00
2024-12-16 21:26:00,280 - fvg_monitor - ERROR - Detection thread error: 'MitigationDetector' object has no attribute 'check_bullish_mitigations'
Traceback (most recent call last):
  File "/Users/lewisae/Documents/VSCode/C-137/flight-test-2/src/main.py", line 70, in detection_thread
    results = self.detector.detect_fvgs()
  File "/Users/lewisae/Documents/VSCode/C-137/flight-test-2/src/backtest/detect_engine.py", line 40, in detect_fvgs
    mitigated_bullish = mitigation_detector.check_bullish_mitigations(bullish_fvgs)
                        ^^^^^^^^^^^^^^^^^^^^^^^^^^^^^^^^^^^^^^^^^^^^^
AttributeError: 'MitigationDetector' object has no attribute 'check_bullish_mitigations'
2024-12-16 21:26:01,283 - fvg_monitor - DEBUG - Detection cycle at 2024-12-16 14:56:01.283522+00:00
2024-12-16 21:26:01,686 - fvg_monitor - ERROR - Detection thread error: 'MitigationDetector' object has no attribute 'check_bullish_mitigations'
Traceback (most recent call last):
  File "/Users/lewisae/Documents/VSCode/C-137/flight-test-2/src/main.py", line 70, in detection_thread
    results = self.detector.detect_fvgs()
  File "/Users/lewisae/Documents/VSCode/C-137/flight-test-2/src/backtest/detect_engine.py", line 40, in detect_fvgs
    mitigated_bullish = mitigation_detector.check_bullish_mitigations(bullish_fvgs)
                        ^^^^^^^^^^^^^^^^^^^^^^^^^^^^^^^^^^^^^^^^^^^^^
AttributeError: 'MitigationDetector' object has no attribute 'check_bullish_mitigations'
2024-12-16 21:26:02,690 - fvg_monitor - DEBUG - Detection cycle at 2024-12-16 14:56:02.690133+00:00
2024-12-16 21:26:03,153 - fvg_monitor - ERROR - Detection thread error: 'MitigationDetector' object has no attribute 'check_bullish_mitigations'
Traceback (most recent call last):
  File "/Users/lewisae/Documents/VSCode/C-137/flight-test-2/src/main.py", line 70, in detection_thread
    results = self.detector.detect_fvgs()
  File "/Users/lewisae/Documents/VSCode/C-137/flight-test-2/src/backtest/detect_engine.py", line 40, in detect_fvgs
    mitigated_bullish = mitigation_detector.check_bullish_mitigations(bullish_fvgs)
                        ^^^^^^^^^^^^^^^^^^^^^^^^^^^^^^^^^^^^^^^^^^^^^
AttributeError: 'MitigationDetector' object has no attribute 'check_bullish_mitigations'
