2024-11-29 04:02:10,508 - liquidity_analyzer - DEBUG - Initializing MarketDataAnalyzer
2024-11-29 04:02:10,952 - liquidity_analyzer - INFO - Successfully initialized Binance client
2024-11-29 04:02:10,954 - liquidity_analyzer - INFO - Starting market stream for btcusdt
2024-11-29 04:02:10,954 - liquidity_analyzer - INFO - Loading 24-hour trade history for BTCUSDT
2024-11-29 04:02:11,177 - liquidity_analyzer - INFO - Retrieved 999 valid trades within the last 24 hours
2024-11-29 04:02:11,191 - liquidity_analyzer - INFO - Successfully processed 999 historical trades
2024-11-29 04:02:11,203 - liquidity_analyzer - INFO - Historical data verification passed
2024-11-29 04:02:12,659 - liquidity_analyzer - INFO - Saved market data to data/market_data_btcusdt.json
2024-11-29 04:02:12,937 - liquidity_analyzer - INFO - Saved market data to data/market_data_btcusdt.json
2024-11-29 04:02:13,740 - liquidity_analyzer - INFO - Saved market data to data/market_data_btcusdt.json
2024-11-29 04:02:14,497 - liquidity_analyzer - INFO - Saved market data to data/market_data_btcusdt.json
2024-11-29 04:02:15,285 - liquidity_analyzer - INFO - Saved market data to data/market_data_btcusdt.json
2024-11-29 04:02:16,216 - liquidity_analyzer - INFO - Saved market data to data/market_data_btcusdt.json
2024-11-29 04:02:17,226 - liquidity_analyzer - INFO - Saved market data to data/market_data_btcusdt.json
2024-11-29 04:02:17,745 - liquidity_analyzer - INFO - Saved market data to data/market_data_btcusdt.json
2024-11-29 04:02:18,950 - liquidity_analyzer - INFO - Saved market data to data/market_data_btcusdt.json
2024-11-29 04:02:19,767 - liquidity_analyzer - INFO - Saved market data to data/market_data_btcusdt.json
2024-11-29 04:02:20,669 - liquidity_analyzer - INFO - Saved market data to data/market_data_btcusdt.json
2024-11-29 04:02:21,211 - liquidity_analyzer - INFO - Saved market data to data/market_data_btcusdt.json
2024-11-29 04:02:22,181 - liquidity_analyzer - INFO - Saved market data to data/market_data_btcusdt.json
2024-11-29 04:02:22,911 - liquidity_analyzer - INFO - Saved market data to data/market_data_btcusdt.json
2024-11-29 04:02:23,494 - liquidity_analyzer - INFO - Saved market data to data/market_data_btcusdt.json
2024-11-29 04:02:24,408 - liquidity_analyzer - INFO - Saved market data to data/market_data_btcusdt.json
2024-11-29 04:02:24,882 - liquidity_analyzer - INFO - Saved market data to data/market_data_btcusdt.json
2024-11-29 04:02:25,214 - liquidity_analyzer - INFO - Saved market data to data/market_data_btcusdt.json
2024-11-29 04:02:25,695 - liquidity_analyzer - INFO - Saved market data to data/market_data_btcusdt.json
2024-11-29 04:02:26,509 - liquidity_analyzer - INFO - Saved market data to data/market_data_btcusdt.json
2024-11-29 04:02:27,059 - liquidity_analyzer - INFO - Saved market data to data/market_data_btcusdt.json
2024-11-29 04:02:27,165 - liquidity_analyzer - INFO - Saved market data to data/market_data_btcusdt.json
2024-11-29 04:02:27,756 - liquidity_analyzer - INFO - Saved market data to data/market_data_btcusdt.json
2024-11-29 04:02:28,607 - liquidity_analyzer - INFO - Saved market data to data/market_data_btcusdt.json
2024-11-29 04:02:28,700 - liquidity_analyzer - INFO - Saved market data to data/market_data_btcusdt.json
2024-11-29 04:02:29,270 - liquidity_analyzer - INFO - Saved market data to data/market_data_btcusdt.json
2024-11-29 04:02:29,461 - liquidity_analyzer - INFO - Saved market data to data/market_data_btcusdt.json
2024-11-29 04:02:30,055 - liquidity_analyzer - INFO - Saved market data to data/market_data_btcusdt.json
2024-11-29 04:02:30,876 - liquidity_analyzer - INFO - Saved market data to data/market_data_btcusdt.json
2024-11-29 04:02:31,631 - liquidity_analyzer - INFO - Saved market data to data/market_data_btcusdt.json
2024-11-29 04:02:32,293 - liquidity_analyzer - INFO - Saved market data to data/market_data_btcusdt.json
2024-11-29 04:02:33,221 - liquidity_analyzer - INFO - Saved market data to data/market_data_btcusdt.json
2024-11-29 04:02:33,630 - liquidity_analyzer - INFO - Saved market data to data/market_data_btcusdt.json
2024-11-29 04:02:34,104 - liquidity_analyzer - INFO - Saved market data to data/market_data_btcusdt.json
2024-11-29 04:02:35,061 - liquidity_analyzer - INFO - Saved market data to data/market_data_btcusdt.json
2024-11-29 04:02:35,284 - liquidity_analyzer - INFO - Saved market data to data/market_data_btcusdt.json
2024-11-29 04:02:36,075 - liquidity_analyzer - INFO - Saved market data to data/market_data_btcusdt.json
2024-11-29 04:02:36,532 - liquidity_analyzer - INFO - Saved market data to data/market_data_btcusdt.json
2024-11-29 04:02:36,838 - liquidity_analyzer - INFO - Saved market data to data/market_data_btcusdt.json
2024-11-29 04:02:37,930 - liquidity_analyzer - INFO - Saved market data to data/market_data_btcusdt.json
2024-11-29 04:02:38,853 - liquidity_analyzer - INFO - Saved market data to data/market_data_btcusdt.json
2024-11-29 04:02:39,085 - liquidity_analyzer - INFO - Saved market data to data/market_data_btcusdt.json
2024-11-29 04:02:39,733 - liquidity_analyzer - INFO - Saved market data to data/market_data_btcusdt.json
2024-11-29 04:02:40,063 - liquidity_analyzer - INFO - Saved market data to data/market_data_btcusdt.json
2024-11-29 04:02:40,190 - liquidity_analyzer - INFO - Saved market data to data/market_data_btcusdt.json
2024-11-29 04:02:40,836 - liquidity_analyzer - INFO - Saved market data to data/market_data_btcusdt.json
2024-11-29 04:02:41,761 - liquidity_analyzer - INFO - Saved market data to data/market_data_btcusdt.json
2024-11-29 04:02:42,285 - liquidity_analyzer - INFO - Saved market data to data/market_data_btcusdt.json
2024-11-29 04:02:42,739 - liquidity_analyzer - INFO - Saved market data to data/market_data_btcusdt.json
2024-11-29 04:02:43,238 - liquidity_analyzer - INFO - Saved market data to data/market_data_btcusdt.json
2024-11-29 04:02:43,817 - liquidity_analyzer - INFO - Saved market data to data/market_data_btcusdt.json
2024-11-29 04:02:44,394 - liquidity_analyzer - INFO - Saved market data to data/market_data_btcusdt.json
2024-11-29 04:02:45,376 - liquidity_analyzer - INFO - Saved market data to data/market_data_btcusdt.json
2024-11-29 04:02:45,509 - liquidity_analyzer - INFO - Saved market data to data/market_data_btcusdt.json
2024-11-29 04:02:46,914 - liquidity_analyzer - INFO - Saved market data to data/market_data_btcusdt.json
2024-11-29 04:02:47,705 - liquidity_analyzer - INFO - Saved market data to data/market_data_btcusdt.json
2024-11-29 04:02:48,378 - liquidity_analyzer - INFO - Saved market data to data/market_data_btcusdt.json
2024-11-29 04:02:48,826 - liquidity_analyzer - INFO - Saved market data to data/market_data_btcusdt.json
2024-11-29 04:02:49,523 - liquidity_analyzer - INFO - Saved market data to data/market_data_btcusdt.json
2024-11-29 04:02:50,111 - liquidity_analyzer - INFO - Saved market data to data/market_data_btcusdt.json
2024-11-29 04:02:50,309 - liquidity_analyzer - INFO - Saved market data to data/market_data_btcusdt.json
2024-11-29 04:02:51,140 - liquidity_analyzer - INFO - Saved market data to data/market_data_btcusdt.json
2024-11-29 04:02:51,230 - liquidity_analyzer - INFO - Saved market data to data/market_data_btcusdt.json
2024-11-29 04:02:51,650 - liquidity_analyzer - INFO - Saved market data to data/market_data_btcusdt.json
2024-11-29 04:02:52,249 - liquidity_analyzer - INFO - Saved market data to data/market_data_btcusdt.json
2024-11-29 04:02:52,671 - liquidity_analyzer - INFO - Saved market data to data/market_data_btcusdt.json
2024-11-29 04:02:53,124 - liquidity_analyzer - INFO - Saved market data to data/market_data_btcusdt.json
2024-11-29 04:02:53,763 - liquidity_analyzer - INFO - Saved market data to data/market_data_btcusdt.json
2024-11-29 04:02:54,111 - liquidity_analyzer - INFO - Saved market data to data/market_data_btcusdt.json
2024-11-29 04:02:54,343 - liquidity_analyzer - INFO - Saved market data to data/market_data_btcusdt.json
2024-11-29 04:02:54,786 - liquidity_analyzer - INFO - Saved market data to data/market_data_btcusdt.json
2024-11-29 04:02:55,327 - liquidity_analyzer - INFO - Saved market data to data/market_data_btcusdt.json
2024-11-29 04:02:56,144 - liquidity_analyzer - INFO - Saved market data to data/market_data_btcusdt.json
2024-11-29 04:02:56,772 - liquidity_analyzer - INFO - Saved market data to data/market_data_btcusdt.json
2024-11-29 04:02:57,309 - liquidity_analyzer - INFO - Saved market data to data/market_data_btcusdt.json
2024-11-29 04:02:57,927 - liquidity_analyzer - INFO - Saved market data to data/market_data_btcusdt.json
2024-11-29 04:02:58,264 - liquidity_analyzer - INFO - Saved market data to data/market_data_btcusdt.json
2024-11-29 04:02:58,599 - liquidity_analyzer - INFO - Saved market data to data/market_data_btcusdt.json
2024-11-29 04:02:59,071 - liquidity_analyzer - INFO - Saved market data to data/market_data_btcusdt.json
2024-11-29 04:02:59,201 - liquidity_analyzer - INFO - Saved market data to data/market_data_btcusdt.json
2024-11-29 04:02:59,884 - liquidity_analyzer - INFO - Saved market data to data/market_data_btcusdt.json
2024-11-29 04:03:00,169 - liquidity_analyzer - INFO - Saved market data to data/market_data_btcusdt.json
2024-11-29 04:03:00,550 - liquidity_analyzer - INFO - Saved market data to data/market_data_btcusdt.json
2024-11-29 04:03:00,829 - liquidity_analyzer - INFO - Saved market data to data/market_data_btcusdt.json
2024-11-29 04:03:01,323 - liquidity_analyzer - INFO - Saved market data to data/market_data_btcusdt.json
2024-11-29 04:03:01,465 - liquidity_analyzer - INFO - Saved market data to data/market_data_btcusdt.json
2024-11-29 04:03:02,414 - liquidity_analyzer - INFO - Saved market data to data/market_data_btcusdt.json
2024-11-29 04:03:03,018 - liquidity_analyzer - INFO - Saved market data to data/market_data_btcusdt.json
2024-11-29 04:03:03,434 - liquidity_analyzer - INFO - Saved market data to data/market_data_btcusdt.json
2024-11-29 04:03:03,721 - liquidity_analyzer - INFO - Saved market data to data/market_data_btcusdt.json
2024-11-29 04:03:04,181 - liquidity_analyzer - INFO - Saved market data to data/market_data_btcusdt.json
2024-11-29 04:03:04,713 - liquidity_analyzer - INFO - Saved market data to data/market_data_btcusdt.json
2024-11-29 04:03:05,308 - liquidity_analyzer - INFO - Saved market data to data/market_data_btcusdt.json
2024-11-29 04:03:06,402 - liquidity_analyzer - INFO - Saved market data to data/market_data_btcusdt.json
2024-11-29 04:03:06,781 - liquidity_analyzer - INFO - Saved market data to data/market_data_btcusdt.json
2024-11-29 04:03:07,097 - liquidity_analyzer - INFO - Saved market data to data/market_data_btcusdt.json
2024-11-29 04:03:07,907 - liquidity_analyzer - INFO - Saved market data to data/market_data_btcusdt.json
2024-11-29 04:03:08,325 - liquidity_analyzer - INFO - Saved market data to data/market_data_btcusdt.json
2024-11-29 04:03:08,437 - liquidity_analyzer - INFO - Saved market data to data/market_data_btcusdt.json
2024-11-29 04:03:08,441 - liquidity_analyzer - INFO - Processed 100 messages
2024-11-29 04:03:08,837 - liquidity_analyzer - INFO - Saved market data to data/market_data_btcusdt.json
2024-11-29 04:03:09,240 - liquidity_analyzer - INFO - Saved market data to data/market_data_btcusdt.json
2024-11-29 04:03:09,741 - liquidity_analyzer - INFO - Saved market data to data/market_data_btcusdt.json
2024-11-29 04:03:09,806 - liquidity_analyzer - INFO - Saved market data to data/market_data_btcusdt.json
2024-11-29 04:03:10,173 - liquidity_analyzer - INFO - Saved market data to data/market_data_btcusdt.json
2024-11-29 04:03:10,728 - liquidity_analyzer - INFO - Saved market data to data/market_data_btcusdt.json
2024-11-29 04:03:11,187 - liquidity_analyzer - INFO - Saved market data to data/market_data_btcusdt.json
2024-11-29 04:03:41,192 - liquidity_analyzer - WARNING - WebSocket message timeout, reconnecting...
2024-11-29 04:03:41,193 - liquidity_analyzer - ERROR - Stream error: 'ClientConnection' object has no attribute 'fail_connection'
2024-11-29 04:03:41,193 - liquidity_analyzer - INFO - Reconnecting to WebSocket stream...
2024-11-29 04:03:46,195 - liquidity_analyzer - INFO - Loading 24-hour trade history for BTCUSDT
2024-11-29 04:03:46,493 - liquidity_analyzer - INFO - Retrieved 999 valid trades within the last 24 hours
2024-11-29 04:03:46,502 - liquidity_analyzer - INFO - Successfully processed 999 historical trades
2024-11-29 04:03:46,520 - liquidity_analyzer - INFO - Historical data verification passed
2024-11-29 04:03:47,344 - liquidity_analyzer - INFO - Saved market data to data/market_data_btcusdt.json
2024-11-29 04:03:47,486 - liquidity_analyzer - INFO - Saved market data to data/market_data_btcusdt.json
2024-11-29 04:03:47,589 - liquidity_analyzer - INFO - Saved market data to data/market_data_btcusdt.json
2024-11-29 04:03:47,958 - liquidity_analyzer - INFO - Saved market data to data/market_data_btcusdt.json
2024-11-29 04:03:48,891 - liquidity_analyzer - INFO - Saved market data to data/market_data_btcusdt.json
2024-11-29 04:03:49,334 - liquidity_analyzer - INFO - Saved market data to data/market_data_btcusdt.json
2024-11-29 04:03:49,642 - liquidity_analyzer - INFO - Saved market data to data/market_data_btcusdt.json
2024-11-29 04:03:50,139 - liquidity_analyzer - INFO - Saved market data to data/market_data_btcusdt.json
2024-11-29 04:03:50,519 - liquidity_analyzer - INFO - Saved market data to data/market_data_btcusdt.json
2024-11-29 04:03:50,722 - liquidity_analyzer - INFO - Saved market data to data/market_data_btcusdt.json
2024-11-29 04:03:51,527 - liquidity_analyzer - INFO - Saved market data to data/market_data_btcusdt.json
2024-11-29 04:03:52,134 - liquidity_analyzer - INFO - Saved market data to data/market_data_btcusdt.json
2024-11-29 04:03:52,433 - liquidity_analyzer - INFO - Saved market data to data/market_data_btcusdt.json
2024-11-29 04:03:52,943 - liquidity_analyzer - INFO - Saved market data to data/market_data_btcusdt.json
2024-11-29 04:03:53,601 - liquidity_analyzer - INFO - Saved market data to data/market_data_btcusdt.json
2024-11-29 04:03:53,946 - liquidity_analyzer - INFO - Saved market data to data/market_data_btcusdt.json
2024-11-29 04:03:54,747 - liquidity_analyzer - INFO - Saved market data to data/market_data_btcusdt.json
2024-11-29 04:03:55,589 - liquidity_analyzer - INFO - Saved market data to data/market_data_btcusdt.json
2024-11-29 04:03:56,127 - liquidity_analyzer - INFO - Saved market data to data/market_data_btcusdt.json
2024-11-29 04:03:57,163 - liquidity_analyzer - INFO - Saved market data to data/market_data_btcusdt.json
2024-11-29 04:03:57,873 - liquidity_analyzer - INFO - Saved market data to data/market_data_btcusdt.json
2024-11-29 04:03:59,074 - liquidity_analyzer - INFO - Saved market data to data/market_data_btcusdt.json
2024-11-29 04:03:59,947 - liquidity_analyzer - INFO - Saved market data to data/market_data_btcusdt.json
2024-11-29 04:04:00,543 - liquidity_analyzer - INFO - Saved market data to data/market_data_btcusdt.json
2024-11-29 04:04:01,813 - liquidity_analyzer - INFO - Saved market data to data/market_data_btcusdt.json
2024-11-29 04:04:02,949 - liquidity_analyzer - INFO - Saved market data to data/market_data_btcusdt.json
2024-11-29 04:04:03,782 - liquidity_analyzer - INFO - Saved market data to data/market_data_btcusdt.json
2024-11-29 04:04:04,404 - liquidity_analyzer - INFO - Saved market data to data/market_data_btcusdt.json
2024-11-29 04:04:05,323 - liquidity_analyzer - INFO - Saved market data to data/market_data_btcusdt.json
2024-11-29 04:04:06,084 - liquidity_analyzer - INFO - Saved market data to data/market_data_btcusdt.json
2024-11-29 04:04:07,177 - liquidity_analyzer - INFO - Saved market data to data/market_data_btcusdt.json
2024-11-29 04:04:07,940 - liquidity_analyzer - INFO - Saved market data to data/market_data_btcusdt.json
2024-11-29 04:04:08,856 - liquidity_analyzer - INFO - Saved market data to data/market_data_btcusdt.json
2024-11-29 04:04:09,464 - liquidity_analyzer - INFO - Saved market data to data/market_data_btcusdt.json
2024-11-29 04:04:10,258 - liquidity_analyzer - INFO - Saved market data to data/market_data_btcusdt.json
2024-11-29 04:04:11,335 - liquidity_analyzer - INFO - Saved market data to data/market_data_btcusdt.json
2024-11-29 04:04:12,572 - liquidity_analyzer - INFO - Saved market data to data/market_data_btcusdt.json
2024-11-29 04:04:13,399 - liquidity_analyzer - INFO - Saved market data to data/market_data_btcusdt.json
2024-11-29 04:04:13,967 - liquidity_analyzer - INFO - Saved market data to data/market_data_btcusdt.json
2024-11-29 04:04:14,985 - liquidity_analyzer - INFO - Saved market data to data/market_data_btcusdt.json
2024-11-29 04:04:15,804 - liquidity_analyzer - INFO - Saved market data to data/market_data_btcusdt.json
2024-11-29 04:04:17,112 - liquidity_analyzer - INFO - Saved market data to data/market_data_btcusdt.json
2024-11-29 04:04:18,271 - liquidity_analyzer - INFO - Saved market data to data/market_data_btcusdt.json
2024-11-29 04:04:19,256 - liquidity_analyzer - INFO - Saved market data to data/market_data_btcusdt.json
2024-11-29 04:04:20,365 - liquidity_analyzer - INFO - Saved market data to data/market_data_btcusdt.json
2024-11-29 04:04:21,060 - liquidity_analyzer - INFO - Saved market data to data/market_data_btcusdt.json
2024-11-29 04:04:22,242 - liquidity_analyzer - INFO - Saved market data to data/market_data_btcusdt.json
2024-11-29 04:04:23,210 - liquidity_analyzer - INFO - Saved market data to data/market_data_btcusdt.json
2024-11-29 04:04:23,999 - liquidity_analyzer - INFO - Saved market data to data/market_data_btcusdt.json
2024-11-29 04:04:24,598 - liquidity_analyzer - INFO - Saved market data to data/market_data_btcusdt.json
2024-11-29 04:04:25,100 - liquidity_analyzer - INFO - Saved market data to data/market_data_btcusdt.json
2024-11-29 04:04:25,496 - liquidity_analyzer - INFO - Saved market data to data/market_data_btcusdt.json
2024-11-29 04:04:26,300 - liquidity_analyzer - INFO - Saved market data to data/market_data_btcusdt.json
2024-11-29 04:04:27,196 - liquidity_analyzer - INFO - Saved market data to data/market_data_btcusdt.json
2024-11-29 04:04:27,820 - liquidity_analyzer - INFO - Saved market data to data/market_data_btcusdt.json
2024-11-29 04:04:29,003 - liquidity_analyzer - INFO - Saved market data to data/market_data_btcusdt.json
2024-11-29 04:04:29,755 - liquidity_analyzer - INFO - Saved market data to data/market_data_btcusdt.json
2024-11-29 04:04:30,672 - liquidity_analyzer - INFO - Saved market data to data/market_data_btcusdt.json
2024-11-29 04:04:31,837 - liquidity_analyzer - INFO - Saved market data to data/market_data_btcusdt.json
2024-11-29 04:04:32,117 - liquidity_analyzer - INFO - Saved market data to data/market_data_btcusdt.json
2024-11-29 04:04:33,234 - liquidity_analyzer - INFO - Saved market data to data/market_data_btcusdt.json
2024-11-29 04:04:34,137 - liquidity_analyzer - INFO - Saved market data to data/market_data_btcusdt.json
2024-11-29 04:04:34,757 - liquidity_analyzer - INFO - Saved market data to data/market_data_btcusdt.json
2024-11-29 04:04:35,359 - liquidity_analyzer - INFO - Saved market data to data/market_data_btcusdt.json
2024-11-29 04:04:36,163 - liquidity_analyzer - INFO - Saved market data to data/market_data_btcusdt.json
2024-11-29 04:04:37,146 - liquidity_analyzer - INFO - Saved market data to data/market_data_btcusdt.json
2024-11-29 04:04:37,872 - liquidity_analyzer - INFO - Saved market data to data/market_data_btcusdt.json
2024-11-29 04:04:38,743 - liquidity_analyzer - INFO - Saved market data to data/market_data_btcusdt.json
2024-11-29 04:04:39,511 - liquidity_analyzer - INFO - Saved market data to data/market_data_btcusdt.json
2024-11-29 04:04:40,926 - liquidity_analyzer - INFO - Saved market data to data/market_data_btcusdt.json
2024-11-29 04:04:41,613 - liquidity_analyzer - INFO - Saved market data to data/market_data_btcusdt.json
2024-11-29 04:04:42,460 - liquidity_analyzer - INFO - Saved market data to data/market_data_btcusdt.json
2024-11-29 04:04:43,765 - liquidity_analyzer - INFO - Saved market data to data/market_data_btcusdt.json
2024-11-29 04:04:45,500 - liquidity_analyzer - INFO - Saved market data to data/market_data_btcusdt.json
2024-11-29 04:04:47,113 - liquidity_analyzer - INFO - Saved market data to data/market_data_btcusdt.json
2024-11-29 04:04:48,498 - liquidity_analyzer - INFO - Saved market data to data/market_data_btcusdt.json
2024-11-29 04:04:49,570 - liquidity_analyzer - INFO - Saved market data to data/market_data_btcusdt.json
2024-11-29 04:04:50,767 - liquidity_analyzer - INFO - Saved market data to data/market_data_btcusdt.json
2024-11-29 04:04:52,174 - liquidity_analyzer - INFO - Saved market data to data/market_data_btcusdt.json
2024-11-29 04:04:53,219 - liquidity_analyzer - INFO - Saved market data to data/market_data_btcusdt.json
2024-11-29 04:04:53,934 - liquidity_analyzer - INFO - Saved market data to data/market_data_btcusdt.json
2024-11-29 04:04:55,352 - liquidity_analyzer - INFO - Saved market data to data/market_data_btcusdt.json
2024-11-29 04:04:56,331 - liquidity_analyzer - INFO - Saved market data to data/market_data_btcusdt.json
2024-11-29 04:04:56,909 - liquidity_analyzer - INFO - Saved market data to data/market_data_btcusdt.json
2024-11-29 04:04:57,168 - liquidity_analyzer - INFO - Saved market data to data/market_data_btcusdt.json
2024-11-29 04:04:58,101 - liquidity_analyzer - INFO - Saved market data to data/market_data_btcusdt.json
2024-11-29 04:04:58,557 - liquidity_analyzer - INFO - Saved market data to data/market_data_btcusdt.json
2024-11-29 04:04:59,212 - liquidity_analyzer - INFO - Saved market data to data/market_data_btcusdt.json
2024-11-29 04:04:59,814 - liquidity_analyzer - INFO - Saved market data to data/market_data_btcusdt.json
2024-11-29 04:04:59,984 - liquidity_analyzer - INFO - Saved market data to data/market_data_btcusdt.json
2024-11-29 04:05:01,178 - liquidity_analyzer - INFO - Saved market data to data/market_data_btcusdt.json
2024-11-29 04:05:02,211 - liquidity_analyzer - INFO - Saved market data to data/market_data_btcusdt.json
2024-11-29 04:05:03,341 - liquidity_analyzer - INFO - Saved market data to data/market_data_btcusdt.json
2024-11-29 04:05:03,849 - liquidity_analyzer - INFO - Saved market data to data/market_data_btcusdt.json
2024-11-29 04:05:05,228 - liquidity_analyzer - INFO - Saved market data to data/market_data_btcusdt.json
2024-11-29 04:05:06,321 - liquidity_analyzer - INFO - Saved market data to data/market_data_btcusdt.json
2024-11-29 04:05:07,154 - liquidity_analyzer - INFO - Saved market data to data/market_data_btcusdt.json
2024-11-29 04:05:07,634 - liquidity_analyzer - INFO - Saved market data to data/market_data_btcusdt.json
2024-11-29 04:05:08,691 - liquidity_analyzer - INFO - Saved market data to data/market_data_btcusdt.json
2024-11-29 04:05:08,714 - liquidity_analyzer - INFO - Processed 100 messages
2024-11-29 04:05:09,224 - liquidity_analyzer - INFO - Saved market data to data/market_data_btcusdt.json
2024-11-29 04:05:09,941 - liquidity_analyzer - INFO - Saved market data to data/market_data_btcusdt.json
2024-11-29 04:05:10,273 - liquidity_analyzer - INFO - Saved market data to data/market_data_btcusdt.json
2024-11-29 04:05:11,094 - liquidity_analyzer - INFO - Saved market data to data/market_data_btcusdt.json
2024-11-29 04:05:11,549 - liquidity_analyzer - INFO - Saved market data to data/market_data_btcusdt.json
2024-11-29 04:05:12,945 - liquidity_analyzer - INFO - Saved market data to data/market_data_btcusdt.json
2024-11-29 04:05:13,366 - liquidity_analyzer - INFO - Saved market data to data/market_data_btcusdt.json
2024-11-29 04:05:14,210 - liquidity_analyzer - INFO - Saved market data to data/market_data_btcusdt.json
2024-11-29 04:05:14,989 - liquidity_analyzer - INFO - Saved market data to data/market_data_btcusdt.json
2024-11-29 04:05:16,084 - liquidity_analyzer - INFO - Saved market data to data/market_data_btcusdt.json
2024-11-29 04:05:17,474 - liquidity_analyzer - INFO - Saved market data to data/market_data_btcusdt.json
2024-11-29 04:05:18,386 - liquidity_analyzer - INFO - Saved market data to data/market_data_btcusdt.json
2024-11-29 04:05:19,689 - liquidity_analyzer - INFO - Saved market data to data/market_data_btcusdt.json
2024-11-29 04:05:20,016 - liquidity_analyzer - INFO - Saved market data to data/market_data_btcusdt.json
2024-11-29 04:05:21,066 - liquidity_analyzer - INFO - Saved market data to data/market_data_btcusdt.json
2024-11-29 04:05:22,264 - liquidity_analyzer - INFO - Saved market data to data/market_data_btcusdt.json
2024-11-29 04:05:23,726 - liquidity_analyzer - INFO - Saved market data to data/market_data_btcusdt.json
2024-11-29 04:05:23,834 - liquidity_analyzer - INFO - Saved market data to data/market_data_btcusdt.json
2024-11-29 04:05:24,818 - liquidity_analyzer - INFO - Saved market data to data/market_data_btcusdt.json
2024-11-29 04:05:25,283 - liquidity_analyzer - INFO - Saved market data to data/market_data_btcusdt.json
2024-11-29 04:05:26,312 - liquidity_analyzer - INFO - Saved market data to data/market_data_btcusdt.json
2024-11-29 04:05:26,529 - liquidity_analyzer - INFO - Saved market data to data/market_data_btcusdt.json
2024-11-29 04:05:28,016 - liquidity_analyzer - INFO - Saved market data to data/market_data_btcusdt.json
2024-11-29 04:05:28,738 - liquidity_analyzer - INFO - Saved market data to data/market_data_btcusdt.json
2024-11-29 04:05:29,906 - liquidity_analyzer - INFO - Saved market data to data/market_data_btcusdt.json
2024-11-29 04:05:31,138 - liquidity_analyzer - INFO - Saved market data to data/market_data_btcusdt.json
2024-11-29 04:05:32,131 - liquidity_analyzer - INFO - Saved market data to data/market_data_btcusdt.json
2024-11-29 04:05:33,091 - liquidity_analyzer - INFO - Saved market data to data/market_data_btcusdt.json
2024-11-29 04:05:34,001 - liquidity_analyzer - INFO - Saved market data to data/market_data_btcusdt.json
2024-11-29 04:05:34,932 - liquidity_analyzer - INFO - Saved market data to data/market_data_btcusdt.json
2024-11-29 04:05:35,590 - liquidity_analyzer - INFO - Saved market data to data/market_data_btcusdt.json
2024-11-29 04:05:35,729 - liquidity_analyzer - INFO - Saved market data to data/market_data_btcusdt.json
2024-11-29 04:05:36,263 - liquidity_analyzer - INFO - Saved market data to data/market_data_btcusdt.json
2024-11-29 04:05:37,124 - liquidity_analyzer - INFO - Saved market data to data/market_data_btcusdt.json
2024-11-29 04:05:38,063 - liquidity_analyzer - INFO - Saved market data to data/market_data_btcusdt.json
2024-11-29 04:05:38,938 - liquidity_analyzer - INFO - Saved market data to data/market_data_btcusdt.json
2024-11-29 04:05:39,497 - liquidity_analyzer - INFO - Saved market data to data/market_data_btcusdt.json
2024-11-29 04:05:40,200 - liquidity_analyzer - INFO - Saved market data to data/market_data_btcusdt.json
2024-11-29 04:05:41,014 - liquidity_analyzer - INFO - Saved market data to data/market_data_btcusdt.json
2024-11-29 04:05:42,118 - liquidity_analyzer - INFO - Saved market data to data/market_data_btcusdt.json
2024-11-29 04:05:43,296 - liquidity_analyzer - INFO - Saved market data to data/market_data_btcusdt.json
2024-11-29 04:05:44,022 - liquidity_analyzer - INFO - Saved market data to data/market_data_btcusdt.json
2024-11-29 04:05:44,420 - liquidity_analyzer - INFO - Saved market data to data/market_data_btcusdt.json
2024-11-29 04:05:44,811 - liquidity_analyzer - INFO - Saved market data to data/market_data_btcusdt.json
2024-11-29 04:05:45,757 - liquidity_analyzer - INFO - Saved market data to data/market_data_btcusdt.json
2024-11-29 04:06:15,779 - liquidity_analyzer - WARNING - WebSocket message timeout, reconnecting...
2024-11-29 04:06:15,781 - liquidity_analyzer - ERROR - Stream error: 'ClientConnection' object has no attribute 'fail_connection'
2024-11-29 04:06:15,781 - liquidity_analyzer - INFO - Reconnecting to WebSocket stream...
2024-11-29 04:06:20,783 - liquidity_analyzer - INFO - Loading 24-hour trade history for BTCUSDT
2024-11-29 04:06:21,052 - liquidity_analyzer - INFO - Retrieved 994 valid trades within the last 24 hours
2024-11-29 04:06:21,060 - liquidity_analyzer - INFO - Successfully processed 994 historical trades
2024-11-29 04:06:21,085 - liquidity_analyzer - INFO - Historical data verification passed
2024-11-29 04:06:21,822 - liquidity_analyzer - INFO - Saved market data to data/market_data_btcusdt.json
2024-11-29 04:06:21,914 - liquidity_analyzer - INFO - Saved market data to data/market_data_btcusdt.json
2024-11-29 04:06:22,061 - liquidity_analyzer - INFO - Saved market data to data/market_data_btcusdt.json
2024-11-29 04:06:22,578 - liquidity_analyzer - INFO - Saved market data to data/market_data_btcusdt.json
2024-11-29 04:06:23,326 - liquidity_analyzer - INFO - Saved market data to data/market_data_btcusdt.json
2024-11-29 04:06:24,290 - liquidity_analyzer - INFO - Saved market data to data/market_data_btcusdt.json
2024-11-29 04:06:25,022 - liquidity_analyzer - INFO - Saved market data to data/market_data_btcusdt.json
2024-11-29 04:06:25,774 - liquidity_analyzer - INFO - Saved market data to data/market_data_btcusdt.json
2024-11-29 04:06:26,584 - liquidity_analyzer - INFO - Saved market data to data/market_data_btcusdt.json
2024-11-29 04:06:27,827 - liquidity_analyzer - INFO - Saved market data to data/market_data_btcusdt.json
2024-11-29 04:06:28,838 - liquidity_analyzer - INFO - Saved market data to data/market_data_btcusdt.json
2024-11-29 04:06:29,128 - liquidity_analyzer - INFO - Saved market data to data/market_data_btcusdt.json
2024-11-29 04:06:30,136 - liquidity_analyzer - INFO - Saved market data to data/market_data_btcusdt.json
2024-11-29 04:06:30,773 - liquidity_analyzer - INFO - Saved market data to data/market_data_btcusdt.json
2024-11-29 04:06:31,932 - liquidity_analyzer - INFO - Saved market data to data/market_data_btcusdt.json
2024-11-29 04:06:32,713 - liquidity_analyzer - INFO - Saved market data to data/market_data_btcusdt.json
2024-11-29 04:06:33,904 - liquidity_analyzer - INFO - Saved market data to data/market_data_btcusdt.json
2024-11-29 04:06:34,822 - liquidity_analyzer - INFO - Saved market data to data/market_data_btcusdt.json
2024-11-29 04:06:35,623 - liquidity_analyzer - INFO - Saved market data to data/market_data_btcusdt.json
2024-11-29 04:06:36,253 - liquidity_analyzer - INFO - Saved market data to data/market_data_btcusdt.json
2024-11-29 04:06:37,261 - liquidity_analyzer - INFO - Saved market data to data/market_data_btcusdt.json
2024-11-29 04:06:38,141 - liquidity_analyzer - INFO - Saved market data to data/market_data_btcusdt.json
2024-11-29 04:06:38,828 - liquidity_analyzer - INFO - Saved market data to data/market_data_btcusdt.json
2024-11-29 04:06:39,905 - liquidity_analyzer - INFO - Saved market data to data/market_data_btcusdt.json
2024-11-29 04:06:41,018 - liquidity_analyzer - INFO - Saved market data to data/market_data_btcusdt.json
2024-11-29 04:06:41,481 - liquidity_analyzer - INFO - Saved market data to data/market_data_btcusdt.json
2024-11-29 04:06:42,035 - liquidity_analyzer - INFO - Saved market data to data/market_data_btcusdt.json
2024-11-29 04:06:42,302 - liquidity_analyzer - INFO - Saved market data to data/market_data_btcusdt.json
2024-11-29 04:06:43,035 - liquidity_analyzer - INFO - Saved market data to data/market_data_btcusdt.json
2024-11-29 04:06:43,985 - liquidity_analyzer - INFO - Saved market data to data/market_data_btcusdt.json
2024-11-29 04:06:45,021 - liquidity_analyzer - INFO - Saved market data to data/market_data_btcusdt.json
2024-11-29 04:06:46,302 - liquidity_analyzer - INFO - Saved market data to data/market_data_btcusdt.json
2024-11-29 04:06:47,136 - liquidity_analyzer - INFO - Saved market data to data/market_data_btcusdt.json
2024-11-29 04:06:47,545 - liquidity_analyzer - INFO - Saved market data to data/market_data_btcusdt.json
2024-11-29 04:06:48,308 - liquidity_analyzer - INFO - Saved market data to data/market_data_btcusdt.json
2024-11-29 04:06:49,230 - liquidity_analyzer - INFO - Saved market data to data/market_data_btcusdt.json
2024-11-29 04:06:50,897 - liquidity_analyzer - INFO - Saved market data to data/market_data_btcusdt.json
2024-11-29 04:06:52,109 - liquidity_analyzer - INFO - Saved market data to data/market_data_btcusdt.json
2024-11-29 04:06:53,562 - liquidity_analyzer - INFO - Saved market data to data/market_data_btcusdt.json
2024-11-29 04:06:54,672 - liquidity_analyzer - INFO - Saved market data to data/market_data_btcusdt.json
2024-11-29 04:06:58,373 - liquidity_analyzer - INFO - Saved market data to data/market_data_btcusdt.json
2024-11-29 04:07:00,509 - liquidity_analyzer - INFO - Saved market data to data/market_data_btcusdt.json
2024-11-29 04:07:03,133 - liquidity_analyzer - INFO - Saved market data to data/market_data_btcusdt.json
2024-11-29 04:07:04,310 - liquidity_analyzer - INFO - Saved market data to data/market_data_btcusdt.json
2024-11-29 04:07:05,894 - liquidity_analyzer - INFO - Saved market data to data/market_data_btcusdt.json
2024-11-29 04:07:07,073 - liquidity_analyzer - INFO - Saved market data to data/market_data_btcusdt.json
2024-11-29 04:07:07,942 - liquidity_analyzer - INFO - Saved market data to data/market_data_btcusdt.json
2024-11-29 04:07:08,122 - liquidity_analyzer - INFO - Saved market data to data/market_data_btcusdt.json
2024-11-29 04:07:09,074 - liquidity_analyzer - INFO - Saved market data to data/market_data_btcusdt.json
2024-11-29 04:07:10,139 - liquidity_analyzer - INFO - Saved market data to data/market_data_btcusdt.json
2024-11-29 04:07:11,050 - liquidity_analyzer - INFO - Saved market data to data/market_data_btcusdt.json
2024-11-29 04:07:13,241 - liquidity_analyzer - INFO - Saved market data to data/market_data_btcusdt.json
2024-11-29 04:07:15,164 - liquidity_analyzer - INFO - Saved market data to data/market_data_btcusdt.json
2024-11-29 04:07:16,323 - liquidity_analyzer - INFO - Saved market data to data/market_data_btcusdt.json
2024-11-29 04:07:17,170 - liquidity_analyzer - INFO - Saved market data to data/market_data_btcusdt.json
2024-11-29 04:07:18,648 - liquidity_analyzer - INFO - Saved market data to data/market_data_btcusdt.json
2024-11-29 04:07:19,979 - liquidity_analyzer - INFO - Saved market data to data/market_data_btcusdt.json
2024-11-29 04:07:20,774 - liquidity_analyzer - INFO - Saved market data to data/market_data_btcusdt.json
2024-11-29 04:07:21,791 - liquidity_analyzer - INFO - Saved market data to data/market_data_btcusdt.json
2024-11-29 04:07:22,835 - liquidity_analyzer - INFO - Saved market data to data/market_data_btcusdt.json
2024-11-29 04:07:23,828 - liquidity_analyzer - INFO - Saved market data to data/market_data_btcusdt.json
2024-11-29 04:07:24,886 - liquidity_analyzer - INFO - Saved market data to data/market_data_btcusdt.json
2024-11-29 04:07:26,145 - liquidity_analyzer - INFO - Saved market data to data/market_data_btcusdt.json
2024-11-29 04:07:27,182 - liquidity_analyzer - INFO - Saved market data to data/market_data_btcusdt.json
2024-11-29 04:07:28,131 - liquidity_analyzer - INFO - Saved market data to data/market_data_btcusdt.json
2024-11-29 04:07:28,758 - liquidity_analyzer - INFO - Saved market data to data/market_data_btcusdt.json
2024-11-29 04:07:29,339 - liquidity_analyzer - INFO - Saved market data to data/market_data_btcusdt.json
2024-11-29 04:07:31,111 - liquidity_analyzer - INFO - Saved market data to data/market_data_btcusdt.json
2024-11-29 04:07:31,996 - liquidity_analyzer - INFO - Saved market data to data/market_data_btcusdt.json
2024-11-29 04:07:32,789 - liquidity_analyzer - INFO - Saved market data to data/market_data_btcusdt.json
2024-11-29 04:07:34,107 - liquidity_analyzer - INFO - Saved market data to data/market_data_btcusdt.json
2024-11-29 04:07:35,728 - liquidity_analyzer - INFO - Saved market data to data/market_data_btcusdt.json
2024-11-29 04:07:36,932 - liquidity_analyzer - INFO - Saved market data to data/market_data_btcusdt.json
2024-11-29 04:07:38,328 - liquidity_analyzer - INFO - Saved market data to data/market_data_btcusdt.json
2024-11-29 04:07:39,555 - liquidity_analyzer - INFO - Saved market data to data/market_data_btcusdt.json
2024-11-29 04:07:40,739 - liquidity_analyzer - INFO - Saved market data to data/market_data_btcusdt.json
2024-11-29 04:07:42,125 - liquidity_analyzer - INFO - Saved market data to data/market_data_btcusdt.json
2024-11-29 04:07:43,124 - liquidity_analyzer - INFO - Saved market data to data/market_data_btcusdt.json
2024-11-29 04:07:44,170 - liquidity_analyzer - INFO - Saved market data to data/market_data_btcusdt.json
2024-11-29 04:07:45,176 - liquidity_analyzer - INFO - Saved market data to data/market_data_btcusdt.json
2024-11-29 04:07:46,497 - liquidity_analyzer - INFO - Saved market data to data/market_data_btcusdt.json
2024-11-29 04:07:47,932 - liquidity_analyzer - INFO - Saved market data to data/market_data_btcusdt.json
2024-11-29 04:07:49,293 - liquidity_analyzer - INFO - Saved market data to data/market_data_btcusdt.json
2024-11-29 04:07:50,733 - liquidity_analyzer - INFO - Saved market data to data/market_data_btcusdt.json
2024-11-29 04:07:51,728 - liquidity_analyzer - INFO - Saved market data to data/market_data_btcusdt.json
2024-11-29 04:07:52,426 - liquidity_analyzer - INFO - Saved market data to data/market_data_btcusdt.json
2024-11-29 04:07:53,768 - liquidity_analyzer - INFO - Saved market data to data/market_data_btcusdt.json
2024-11-29 04:07:55,202 - liquidity_analyzer - INFO - Saved market data to data/market_data_btcusdt.json
2024-11-29 04:07:56,905 - liquidity_analyzer - INFO - Saved market data to data/market_data_btcusdt.json
2024-11-29 04:07:57,813 - liquidity_analyzer - INFO - Saved market data to data/market_data_btcusdt.json
2024-11-29 04:07:59,508 - liquidity_analyzer - INFO - Saved market data to data/market_data_btcusdt.json
2024-11-29 04:08:01,236 - liquidity_analyzer - INFO - Saved market data to data/market_data_btcusdt.json
2024-11-29 04:08:02,406 - liquidity_analyzer - INFO - Saved market data to data/market_data_btcusdt.json
2024-11-29 04:08:03,724 - liquidity_analyzer - INFO - Saved market data to data/market_data_btcusdt.json
2024-11-29 04:08:04,904 - liquidity_analyzer - INFO - Saved market data to data/market_data_btcusdt.json
2024-11-29 04:08:06,075 - liquidity_analyzer - INFO - Saved market data to data/market_data_btcusdt.json
2024-11-29 04:08:07,430 - liquidity_analyzer - INFO - Saved market data to data/market_data_btcusdt.json
2024-11-29 04:08:08,652 - liquidity_analyzer - INFO - Saved market data to data/market_data_btcusdt.json
2024-11-29 04:08:09,821 - liquidity_analyzer - INFO - Saved market data to data/market_data_btcusdt.json
2024-11-29 04:08:09,836 - liquidity_analyzer - INFO - Processed 100 messages
2024-11-29 04:08:10,586 - liquidity_analyzer - INFO - Saved market data to data/market_data_btcusdt.json
2024-11-29 04:08:11,684 - liquidity_analyzer - INFO - Saved market data to data/market_data_btcusdt.json
2024-11-29 04:08:13,421 - liquidity_analyzer - INFO - Saved market data to data/market_data_btcusdt.json
2024-11-29 04:08:14,444 - liquidity_analyzer - INFO - Saved market data to data/market_data_btcusdt.json
2024-11-29 04:08:15,682 - liquidity_analyzer - INFO - Saved market data to data/market_data_btcusdt.json
2024-11-29 04:08:17,518 - liquidity_analyzer - INFO - Saved market data to data/market_data_btcusdt.json
2024-11-29 04:08:19,161 - liquidity_analyzer - INFO - Saved market data to data/market_data_btcusdt.json
2024-11-29 04:08:20,283 - liquidity_analyzer - INFO - Saved market data to data/market_data_btcusdt.json
2024-11-29 04:08:21,635 - liquidity_analyzer - INFO - Saved market data to data/market_data_btcusdt.json
2024-11-29 04:08:22,947 - liquidity_analyzer - INFO - Saved market data to data/market_data_btcusdt.json
2024-11-29 04:08:24,302 - liquidity_analyzer - INFO - Saved market data to data/market_data_btcusdt.json
2024-11-29 04:08:54,331 - liquidity_analyzer - WARNING - WebSocket message timeout, reconnecting...
2024-11-29 04:08:54,334 - liquidity_analyzer - ERROR - Stream error: 'ClientConnection' object has no attribute 'fail_connection'
2024-11-29 04:08:54,335 - liquidity_analyzer - INFO - Reconnecting to WebSocket stream...
2024-11-29 04:08:59,341 - liquidity_analyzer - INFO - Loading 24-hour trade history for BTCUSDT
2024-11-29 04:09:01,484 - liquidity_analyzer - ERROR - Error loading historical data: ('Connection aborted.', ConnectionResetError(54, 'Connection reset by peer'))
2024-11-29 04:09:01,485 - liquidity_analyzer - ERROR - Stream error: ('Connection aborted.', ConnectionResetError(54, 'Connection reset by peer'))
2024-11-29 04:09:01,488 - liquidity_analyzer - INFO - Reconnecting to WebSocket stream...
2024-11-29 04:09:06,512 - liquidity_analyzer - INFO - Loading 24-hour trade history for BTCUSDT
2024-11-29 04:09:08,570 - liquidity_analyzer - ERROR - Error loading historical data: ('Connection aborted.', ConnectionResetError(54, 'Connection reset by peer'))
2024-11-29 04:09:08,571 - liquidity_analyzer - ERROR - Stream error: ('Connection aborted.', ConnectionResetError(54, 'Connection reset by peer'))
2024-11-29 04:09:08,571 - liquidity_analyzer - INFO - Reconnecting to WebSocket stream...
2024-11-29 04:09:13,684 - liquidity_analyzer - INFO - Loading 24-hour trade history for BTCUSDT
2024-11-29 04:09:15,875 - liquidity_analyzer - INFO - Shutting down gracefully...
2024-11-29 04:09:15,881 - liquidity_analyzer - INFO - Shutting down gracefully...
