2024-11-29 03:46:51,374 - liquidity_analyzer - DEBUG - Initializing MarketDataAnalyzer
2024-11-29 03:46:51,585 - liquidity_analyzer - INFO - Successfully initialized Binance client
2024-11-29 03:46:51,585 - liquidity_analyzer - INFO - Starting market stream for btcusdt
2024-11-29 03:46:51,585 - liquidity_analyzer - INFO - Loading 24-hour trade history for BTCUSDT
2024-11-29 03:46:51,708 - liquidity_analyzer - INFO - Retrieved 999 valid trades within the last 24 hours
2024-11-29 03:46:51,713 - liquidity_analyzer - INFO - Successfully processed 999 historical trades
2024-11-29 03:46:51,719 - liquidity_analyzer - INFO - Historical data verification passed
2024-11-29 03:46:52,453 - liquidity_analyzer - INFO - Saved market data to data/market_data_btcusdt.json
2024-11-29 03:46:52,553 - liquidity_analyzer - INFO - Saved market data to data/market_data_btcusdt.json
2024-11-29 03:46:52,675 - liquidity_analyzer - INFO - Saved market data to data/market_data_btcusdt.json
2024-11-29 03:46:52,784 - liquidity_analyzer - INFO - Saved market data to data/market_data_btcusdt.json
2024-11-29 03:46:52,876 - liquidity_analyzer - INFO - Saved market data to data/market_data_btcusdt.json
2024-11-29 03:46:52,947 - liquidity_analyzer - INFO - Saved market data to data/market_data_btcusdt.json
2024-11-29 03:46:53,051 - liquidity_analyzer - INFO - Saved market data to data/market_data_btcusdt.json
2024-11-29 03:46:53,120 - liquidity_analyzer - INFO - Saved market data to data/market_data_btcusdt.json
2024-11-29 03:46:53,157 - liquidity_analyzer - INFO - Saved market data to data/market_data_btcusdt.json
2024-11-29 03:46:53,245 - liquidity_analyzer - INFO - Saved market data to data/market_data_btcusdt.json
2024-11-29 03:46:53,356 - liquidity_analyzer - INFO - Saved market data to data/market_data_btcusdt.json
2024-11-29 03:46:53,377 - liquidity_analyzer - INFO - Saved market data to data/market_data_btcusdt.json
2024-11-29 03:46:53,442 - liquidity_analyzer - INFO - Saved market data to data/market_data_btcusdt.json
2024-11-29 03:46:53,532 - liquidity_analyzer - INFO - Saved market data to data/market_data_btcusdt.json
2024-11-29 03:46:53,554 - liquidity_analyzer - INFO - Saved market data to data/market_data_btcusdt.json
2024-11-29 03:46:53,575 - liquidity_analyzer - INFO - Saved market data to data/market_data_btcusdt.json
2024-11-29 03:46:53,646 - liquidity_analyzer - INFO - Saved market data to data/market_data_btcusdt.json
2024-11-29 03:46:53,666 - liquidity_analyzer - INFO - Saved market data to data/market_data_btcusdt.json
2024-11-29 03:46:53,756 - liquidity_analyzer - INFO - Saved market data to data/market_data_btcusdt.json
2024-11-29 03:46:53,846 - liquidity_analyzer - INFO - Saved market data to data/market_data_btcusdt.json
2024-11-29 03:46:53,944 - liquidity_analyzer - INFO - Saved market data to data/market_data_btcusdt.json
2024-11-29 03:46:54,043 - liquidity_analyzer - INFO - Saved market data to data/market_data_btcusdt.json
2024-11-29 03:46:54,143 - liquidity_analyzer - INFO - Saved market data to data/market_data_btcusdt.json
2024-11-29 03:46:54,254 - liquidity_analyzer - INFO - Saved market data to data/market_data_btcusdt.json
2024-11-29 03:46:54,343 - liquidity_analyzer - INFO - Saved market data to data/market_data_btcusdt.json
2024-11-29 03:46:54,445 - liquidity_analyzer - INFO - Saved market data to data/market_data_btcusdt.json
2024-11-29 03:46:54,546 - liquidity_analyzer - INFO - Saved market data to data/market_data_btcusdt.json
2024-11-29 03:46:54,661 - liquidity_analyzer - INFO - Saved market data to data/market_data_btcusdt.json
2024-11-29 03:46:54,751 - liquidity_analyzer - INFO - Saved market data to data/market_data_btcusdt.json
2024-11-29 03:46:54,833 - liquidity_analyzer - INFO - Saved market data to data/market_data_btcusdt.json
2024-11-29 03:46:54,893 - liquidity_analyzer - INFO - Saved market data to data/market_data_btcusdt.json
2024-11-29 03:46:54,914 - liquidity_analyzer - INFO - Saved market data to data/market_data_btcusdt.json
2024-11-29 03:46:54,934 - liquidity_analyzer - INFO - Saved market data to data/market_data_btcusdt.json
2024-11-29 03:46:54,953 - liquidity_analyzer - INFO - Saved market data to data/market_data_btcusdt.json
2024-11-29 03:46:54,973 - liquidity_analyzer - INFO - Saved market data to data/market_data_btcusdt.json
2024-11-29 03:46:54,993 - liquidity_analyzer - INFO - Saved market data to data/market_data_btcusdt.json
2024-11-29 03:46:55,014 - liquidity_analyzer - INFO - Saved market data to data/market_data_btcusdt.json
2024-11-29 03:46:55,048 - liquidity_analyzer - INFO - Saved market data to data/market_data_btcusdt.json
2024-11-29 03:46:55,068 - liquidity_analyzer - INFO - Saved market data to data/market_data_btcusdt.json
2024-11-29 03:46:55,087 - liquidity_analyzer - INFO - Saved market data to data/market_data_btcusdt.json
2024-11-29 03:46:55,106 - liquidity_analyzer - INFO - Saved market data to data/market_data_btcusdt.json
2024-11-29 03:46:55,126 - liquidity_analyzer - INFO - Saved market data to data/market_data_btcusdt.json
2024-11-29 03:46:55,167 - liquidity_analyzer - INFO - Saved market data to data/market_data_btcusdt.json
2024-11-29 03:46:55,186 - liquidity_analyzer - INFO - Saved market data to data/market_data_btcusdt.json
2024-11-29 03:46:55,207 - liquidity_analyzer - INFO - Saved market data to data/market_data_btcusdt.json
2024-11-29 03:46:55,226 - liquidity_analyzer - INFO - Saved market data to data/market_data_btcusdt.json
2024-11-29 03:46:55,245 - liquidity_analyzer - INFO - Saved market data to data/market_data_btcusdt.json
2024-11-29 03:46:55,264 - liquidity_analyzer - INFO - Saved market data to data/market_data_btcusdt.json
2024-11-29 03:46:55,283 - liquidity_analyzer - INFO - Saved market data to data/market_data_btcusdt.json
2024-11-29 03:46:55,345 - liquidity_analyzer - INFO - Saved market data to data/market_data_btcusdt.json
2024-11-29 03:46:55,449 - liquidity_analyzer - INFO - Saved market data to data/market_data_btcusdt.json
2024-11-29 03:46:55,543 - liquidity_analyzer - INFO - Saved market data to data/market_data_btcusdt.json
2024-11-29 03:46:55,564 - liquidity_analyzer - INFO - Saved market data to data/market_data_btcusdt.json
2024-11-29 03:46:55,643 - liquidity_analyzer - INFO - Saved market data to data/market_data_btcusdt.json
2024-11-29 03:46:55,752 - liquidity_analyzer - INFO - Saved market data to data/market_data_btcusdt.json
2024-11-29 03:46:55,880 - liquidity_analyzer - INFO - Saved market data to data/market_data_btcusdt.json
2024-11-29 03:46:55,900 - liquidity_analyzer - INFO - Saved market data to data/market_data_btcusdt.json
2024-11-29 03:46:55,945 - liquidity_analyzer - INFO - Saved market data to data/market_data_btcusdt.json
2024-11-29 03:46:55,991 - liquidity_analyzer - INFO - Saved market data to data/market_data_btcusdt.json
2024-11-29 03:46:56,043 - liquidity_analyzer - INFO - Saved market data to data/market_data_btcusdt.json
2024-11-29 03:46:56,063 - liquidity_analyzer - INFO - Saved market data to data/market_data_btcusdt.json
2024-11-29 03:46:56,143 - liquidity_analyzer - INFO - Saved market data to data/market_data_btcusdt.json
2024-11-29 03:46:56,178 - liquidity_analyzer - INFO - Saved market data to data/market_data_btcusdt.json
2024-11-29 03:46:56,243 - liquidity_analyzer - INFO - Saved market data to data/market_data_btcusdt.json
2024-11-29 03:46:56,284 - liquidity_analyzer - INFO - Saved market data to data/market_data_btcusdt.json
2024-11-29 03:46:56,305 - liquidity_analyzer - INFO - Saved market data to data/market_data_btcusdt.json
2024-11-29 03:46:56,326 - liquidity_analyzer - INFO - Saved market data to data/market_data_btcusdt.json
2024-11-29 03:46:56,346 - liquidity_analyzer - INFO - Saved market data to data/market_data_btcusdt.json
2024-11-29 03:46:56,366 - liquidity_analyzer - INFO - Saved market data to data/market_data_btcusdt.json
2024-11-29 03:46:56,385 - liquidity_analyzer - INFO - Saved market data to data/market_data_btcusdt.json
2024-11-29 03:46:56,404 - liquidity_analyzer - INFO - Saved market data to data/market_data_btcusdt.json
2024-11-29 03:46:56,445 - liquidity_analyzer - INFO - Saved market data to data/market_data_btcusdt.json
2024-11-29 03:46:56,478 - liquidity_analyzer - INFO - Saved market data to data/market_data_btcusdt.json
2024-11-29 03:46:56,499 - liquidity_analyzer - INFO - Saved market data to data/market_data_btcusdt.json
2024-11-29 03:46:56,541 - liquidity_analyzer - INFO - Saved market data to data/market_data_btcusdt.json
2024-11-29 03:46:56,560 - liquidity_analyzer - INFO - Saved market data to data/market_data_btcusdt.json
2024-11-29 03:46:56,649 - liquidity_analyzer - INFO - Saved market data to data/market_data_btcusdt.json
2024-11-29 03:46:56,671 - liquidity_analyzer - INFO - Saved market data to data/market_data_btcusdt.json
2024-11-29 03:46:56,751 - liquidity_analyzer - INFO - Saved market data to data/market_data_btcusdt.json
2024-11-29 03:46:56,847 - liquidity_analyzer - INFO - Saved market data to data/market_data_btcusdt.json
2024-11-29 03:46:56,944 - liquidity_analyzer - INFO - Saved market data to data/market_data_btcusdt.json
2024-11-29 03:46:56,964 - liquidity_analyzer - INFO - Saved market data to data/market_data_btcusdt.json
2024-11-29 03:46:57,046 - liquidity_analyzer - INFO - Saved market data to data/market_data_btcusdt.json
2024-11-29 03:46:57,144 - liquidity_analyzer - INFO - Saved market data to data/market_data_btcusdt.json
2024-11-29 03:46:57,164 - liquidity_analyzer - INFO - Saved market data to data/market_data_btcusdt.json
2024-11-29 03:46:57,184 - liquidity_analyzer - INFO - Saved market data to data/market_data_btcusdt.json
2024-11-29 03:46:57,204 - liquidity_analyzer - INFO - Saved market data to data/market_data_btcusdt.json
2024-11-29 03:46:57,224 - liquidity_analyzer - INFO - Saved market data to data/market_data_btcusdt.json
2024-11-29 03:46:57,248 - liquidity_analyzer - INFO - Saved market data to data/market_data_btcusdt.json
2024-11-29 03:46:57,268 - liquidity_analyzer - INFO - Saved market data to data/market_data_btcusdt.json
2024-11-29 03:46:57,290 - liquidity_analyzer - INFO - Saved market data to data/market_data_btcusdt.json
2024-11-29 03:46:57,311 - liquidity_analyzer - INFO - Saved market data to data/market_data_btcusdt.json
2024-11-29 03:46:57,331 - liquidity_analyzer - INFO - Saved market data to data/market_data_btcusdt.json
2024-11-29 03:46:57,351 - liquidity_analyzer - INFO - Saved market data to data/market_data_btcusdt.json
2024-11-29 03:46:57,371 - liquidity_analyzer - INFO - Saved market data to data/market_data_btcusdt.json
2024-11-29 03:46:57,391 - liquidity_analyzer - INFO - Saved market data to data/market_data_btcusdt.json
2024-11-29 03:46:57,412 - liquidity_analyzer - INFO - Saved market data to data/market_data_btcusdt.json
2024-11-29 03:46:57,443 - liquidity_analyzer - INFO - Saved market data to data/market_data_btcusdt.json
2024-11-29 03:46:57,465 - liquidity_analyzer - INFO - Saved market data to data/market_data_btcusdt.json
2024-11-29 03:46:57,465 - liquidity_analyzer - INFO - Processed 100 messages
2024-11-29 03:46:57,485 - liquidity_analyzer - INFO - Saved market data to data/market_data_btcusdt.json
2024-11-29 03:46:57,505 - liquidity_analyzer - INFO - Saved market data to data/market_data_btcusdt.json
2024-11-29 03:46:57,524 - liquidity_analyzer - INFO - Saved market data to data/market_data_btcusdt.json
2024-11-29 03:46:57,544 - liquidity_analyzer - INFO - Saved market data to data/market_data_btcusdt.json
2024-11-29 03:46:57,563 - liquidity_analyzer - INFO - Saved market data to data/market_data_btcusdt.json
2024-11-29 03:46:57,583 - liquidity_analyzer - INFO - Saved market data to data/market_data_btcusdt.json
2024-11-29 03:46:57,602 - liquidity_analyzer - INFO - Saved market data to data/market_data_btcusdt.json
2024-11-29 03:46:57,623 - liquidity_analyzer - INFO - Saved market data to data/market_data_btcusdt.json
2024-11-29 03:46:57,643 - liquidity_analyzer - INFO - Saved market data to data/market_data_btcusdt.json
2024-11-29 03:46:57,662 - liquidity_analyzer - INFO - Saved market data to data/market_data_btcusdt.json
2024-11-29 03:46:57,681 - liquidity_analyzer - INFO - Saved market data to data/market_data_btcusdt.json
2024-11-29 03:46:57,702 - liquidity_analyzer - INFO - Saved market data to data/market_data_btcusdt.json
2024-11-29 03:46:57,722 - liquidity_analyzer - INFO - Saved market data to data/market_data_btcusdt.json
2024-11-29 03:46:57,741 - liquidity_analyzer - INFO - Saved market data to data/market_data_btcusdt.json
2024-11-29 03:46:57,760 - liquidity_analyzer - INFO - Saved market data to data/market_data_btcusdt.json
2024-11-29 03:46:57,783 - liquidity_analyzer - INFO - Saved market data to data/market_data_btcusdt.json
2024-11-29 03:46:57,808 - liquidity_analyzer - INFO - Saved market data to data/market_data_btcusdt.json
2024-11-29 03:46:57,832 - liquidity_analyzer - INFO - Saved market data to data/market_data_btcusdt.json
2024-11-29 03:46:57,853 - liquidity_analyzer - INFO - Saved market data to data/market_data_btcusdt.json
2024-11-29 03:46:57,873 - liquidity_analyzer - INFO - Saved market data to data/market_data_btcusdt.json
2024-11-29 03:46:57,893 - liquidity_analyzer - INFO - Saved market data to data/market_data_btcusdt.json
2024-11-29 03:46:57,912 - liquidity_analyzer - INFO - Saved market data to data/market_data_btcusdt.json
2024-11-29 03:46:57,931 - liquidity_analyzer - INFO - Saved market data to data/market_data_btcusdt.json
2024-11-29 03:46:57,950 - liquidity_analyzer - INFO - Saved market data to data/market_data_btcusdt.json
2024-11-29 03:46:57,970 - liquidity_analyzer - INFO - Saved market data to data/market_data_btcusdt.json
2024-11-29 03:46:58,066 - liquidity_analyzer - INFO - Saved market data to data/market_data_btcusdt.json
2024-11-29 03:46:58,146 - liquidity_analyzer - INFO - Saved market data to data/market_data_btcusdt.json
2024-11-29 03:46:58,250 - liquidity_analyzer - INFO - Saved market data to data/market_data_btcusdt.json
2024-11-29 03:46:58,345 - liquidity_analyzer - INFO - Saved market data to data/market_data_btcusdt.json
2024-11-29 03:46:58,445 - liquidity_analyzer - INFO - Saved market data to data/market_data_btcusdt.json
2024-11-29 03:46:58,478 - liquidity_analyzer - INFO - Saved market data to data/market_data_btcusdt.json
2024-11-29 03:46:58,585 - liquidity_analyzer - INFO - Saved market data to data/market_data_btcusdt.json
2024-11-29 03:46:58,662 - liquidity_analyzer - INFO - Saved market data to data/market_data_btcusdt.json
2024-11-29 03:46:58,691 - liquidity_analyzer - INFO - Saved market data to data/market_data_btcusdt.json
2024-11-29 03:46:58,720 - liquidity_analyzer - INFO - Saved market data to data/market_data_btcusdt.json
2024-11-29 03:46:58,761 - liquidity_analyzer - INFO - Saved market data to data/market_data_btcusdt.json
2024-11-29 03:46:58,860 - liquidity_analyzer - INFO - Saved market data to data/market_data_btcusdt.json
2024-11-29 03:46:58,948 - liquidity_analyzer - INFO - Saved market data to data/market_data_btcusdt.json
2024-11-29 03:46:59,052 - liquidity_analyzer - INFO - Saved market data to data/market_data_btcusdt.json
2024-11-29 03:46:59,183 - liquidity_analyzer - INFO - Saved market data to data/market_data_btcusdt.json
2024-11-29 03:46:59,243 - liquidity_analyzer - INFO - Saved market data to data/market_data_btcusdt.json
2024-11-29 03:46:59,350 - liquidity_analyzer - INFO - Saved market data to data/market_data_btcusdt.json
2024-11-29 03:46:59,442 - liquidity_analyzer - INFO - Saved market data to data/market_data_btcusdt.json
2024-11-29 03:46:59,544 - liquidity_analyzer - INFO - Saved market data to data/market_data_btcusdt.json
2024-11-29 03:46:59,632 - liquidity_analyzer - INFO - Saved market data to data/market_data_btcusdt.json
2024-11-29 03:46:59,690 - liquidity_analyzer - INFO - Saved market data to data/market_data_btcusdt.json
2024-11-29 03:46:59,773 - liquidity_analyzer - INFO - Saved market data to data/market_data_btcusdt.json
2024-11-29 03:46:59,808 - liquidity_analyzer - INFO - Saved market data to data/market_data_btcusdt.json
2024-11-29 03:46:59,830 - liquidity_analyzer - INFO - Saved market data to data/market_data_btcusdt.json
2024-11-29 03:46:59,853 - liquidity_analyzer - INFO - Saved market data to data/market_data_btcusdt.json
2024-11-29 03:46:59,875 - liquidity_analyzer - INFO - Saved market data to data/market_data_btcusdt.json
2024-11-29 03:46:59,896 - liquidity_analyzer - INFO - Saved market data to data/market_data_btcusdt.json
2024-11-29 03:46:59,918 - liquidity_analyzer - INFO - Saved market data to data/market_data_btcusdt.json
2024-11-29 03:46:59,944 - liquidity_analyzer - INFO - Saved market data to data/market_data_btcusdt.json
2024-11-29 03:47:00,048 - liquidity_analyzer - INFO - Saved market data to data/market_data_btcusdt.json
2024-11-29 03:47:00,146 - liquidity_analyzer - INFO - Saved market data to data/market_data_btcusdt.json
2024-11-29 03:47:00,359 - liquidity_analyzer - INFO - Saved market data to data/market_data_btcusdt.json
2024-11-29 03:47:00,746 - liquidity_analyzer - INFO - Saved market data to data/market_data_btcusdt.json
2024-11-29 03:47:01,162 - liquidity_analyzer - INFO - Saved market data to data/market_data_btcusdt.json
2024-11-29 03:47:01,198 - liquidity_analyzer - INFO - Saved market data to data/market_data_btcusdt.json
2024-11-29 03:47:01,386 - liquidity_analyzer - INFO - Saved market data to data/market_data_btcusdt.json
2024-11-29 03:47:01,704 - liquidity_analyzer - INFO - Saved market data to data/market_data_btcusdt.json
2024-11-29 03:47:01,755 - liquidity_analyzer - INFO - Saved market data to data/market_data_btcusdt.json
2024-11-29 03:47:02,078 - liquidity_analyzer - INFO - Saved market data to data/market_data_btcusdt.json
2024-11-29 03:47:02,109 - liquidity_analyzer - INFO - Saved market data to data/market_data_btcusdt.json
2024-11-29 03:47:02,231 - liquidity_analyzer - INFO - Saved market data to data/market_data_btcusdt.json
2024-11-29 03:47:02,344 - liquidity_analyzer - INFO - Saved market data to data/market_data_btcusdt.json
2024-11-29 03:47:02,380 - liquidity_analyzer - INFO - Saved market data to data/market_data_btcusdt.json
2024-11-29 03:47:02,688 - liquidity_analyzer - INFO - Saved market data to data/market_data_btcusdt.json
2024-11-29 03:47:02,717 - liquidity_analyzer - INFO - Saved market data to data/market_data_btcusdt.json
2024-11-29 03:47:02,754 - liquidity_analyzer - INFO - Saved market data to data/market_data_btcusdt.json
2024-11-29 03:47:02,791 - liquidity_analyzer - INFO - Saved market data to data/market_data_btcusdt.json
2024-11-29 03:47:02,838 - liquidity_analyzer - INFO - Saved market data to data/market_data_btcusdt.json
2024-11-29 03:47:02,870 - liquidity_analyzer - INFO - Saved market data to data/market_data_btcusdt.json
2024-11-29 03:47:02,912 - liquidity_analyzer - INFO - Saved market data to data/market_data_btcusdt.json
2024-11-29 03:47:02,942 - liquidity_analyzer - INFO - Saved market data to data/market_data_btcusdt.json
2024-11-29 03:47:02,968 - liquidity_analyzer - INFO - Saved market data to data/market_data_btcusdt.json
2024-11-29 03:47:02,996 - liquidity_analyzer - INFO - Saved market data to data/market_data_btcusdt.json
2024-11-29 03:47:03,022 - liquidity_analyzer - INFO - Saved market data to data/market_data_btcusdt.json
2024-11-29 03:47:03,050 - liquidity_analyzer - INFO - Saved market data to data/market_data_btcusdt.json
2024-11-29 03:47:03,083 - liquidity_analyzer - INFO - Saved market data to data/market_data_btcusdt.json
2024-11-29 03:47:03,107 - liquidity_analyzer - INFO - Saved market data to data/market_data_btcusdt.json
2024-11-29 03:47:03,130 - liquidity_analyzer - INFO - Saved market data to data/market_data_btcusdt.json
2024-11-29 03:47:03,161 - liquidity_analyzer - INFO - Saved market data to data/market_data_btcusdt.json
2024-11-29 03:47:03,189 - liquidity_analyzer - INFO - Saved market data to data/market_data_btcusdt.json
2024-11-29 03:47:03,215 - liquidity_analyzer - INFO - Saved market data to data/market_data_btcusdt.json
2024-11-29 03:47:03,240 - liquidity_analyzer - INFO - Saved market data to data/market_data_btcusdt.json
2024-11-29 03:47:03,274 - liquidity_analyzer - INFO - Saved market data to data/market_data_btcusdt.json
2024-11-29 03:47:03,300 - liquidity_analyzer - INFO - Saved market data to data/market_data_btcusdt.json
2024-11-29 03:47:03,326 - liquidity_analyzer - INFO - Saved market data to data/market_data_btcusdt.json
2024-11-29 03:47:03,357 - liquidity_analyzer - INFO - Saved market data to data/market_data_btcusdt.json
2024-11-29 03:47:03,444 - liquidity_analyzer - INFO - Saved market data to data/market_data_btcusdt.json
2024-11-29 03:47:03,492 - liquidity_analyzer - INFO - Saved market data to data/market_data_btcusdt.json
2024-11-29 03:47:03,531 - liquidity_analyzer - INFO - Saved market data to data/market_data_btcusdt.json
2024-11-29 03:47:03,723 - liquidity_analyzer - INFO - Saved market data to data/market_data_btcusdt.json
2024-11-29 03:47:04,027 - liquidity_analyzer - INFO - Saved market data to data/market_data_btcusdt.json
2024-11-29 03:47:04,284 - liquidity_analyzer - INFO - Saved market data to data/market_data_btcusdt.json
2024-11-29 03:47:04,534 - liquidity_analyzer - INFO - Saved market data to data/market_data_btcusdt.json
2024-11-29 03:47:04,561 - liquidity_analyzer - INFO - Saved market data to data/market_data_btcusdt.json
2024-11-29 03:47:04,869 - liquidity_analyzer - INFO - Saved market data to data/market_data_btcusdt.json
2024-11-29 03:47:04,870 - liquidity_analyzer - INFO - Processed 200 messages
2024-11-29 03:47:04,916 - liquidity_analyzer - INFO - Saved market data to data/market_data_btcusdt.json
2024-11-29 03:47:04,944 - liquidity_analyzer - INFO - Saved market data to data/market_data_btcusdt.json
2024-11-29 03:47:04,974 - liquidity_analyzer - INFO - Saved market data to data/market_data_btcusdt.json
2024-11-29 03:47:05,009 - liquidity_analyzer - INFO - Saved market data to data/market_data_btcusdt.json
2024-11-29 03:47:05,034 - liquidity_analyzer - INFO - Saved market data to data/market_data_btcusdt.json
2024-11-29 03:47:05,058 - liquidity_analyzer - INFO - Saved market data to data/market_data_btcusdt.json
2024-11-29 03:47:05,095 - liquidity_analyzer - INFO - Saved market data to data/market_data_btcusdt.json
2024-11-29 03:47:05,122 - liquidity_analyzer - INFO - Saved market data to data/market_data_btcusdt.json
2024-11-29 03:47:05,165 - liquidity_analyzer - INFO - Saved market data to data/market_data_btcusdt.json
2024-11-29 03:47:05,204 - liquidity_analyzer - INFO - Saved market data to data/market_data_btcusdt.json
2024-11-29 03:47:05,230 - liquidity_analyzer - INFO - Saved market data to data/market_data_btcusdt.json
2024-11-29 03:47:05,257 - liquidity_analyzer - INFO - Saved market data to data/market_data_btcusdt.json
2024-11-29 03:47:05,322 - liquidity_analyzer - INFO - Saved market data to data/market_data_btcusdt.json
2024-11-29 03:47:05,365 - liquidity_analyzer - INFO - Saved market data to data/market_data_btcusdt.json
2024-11-29 03:47:05,418 - liquidity_analyzer - INFO - Saved market data to data/market_data_btcusdt.json
2024-11-29 03:47:05,772 - liquidity_analyzer - INFO - Saved market data to data/market_data_btcusdt.json
2024-11-29 03:47:05,826 - liquidity_analyzer - INFO - Saved market data to data/market_data_btcusdt.json
2024-11-29 03:47:06,023 - liquidity_analyzer - INFO - Saved market data to data/market_data_btcusdt.json
2024-11-29 03:47:06,054 - liquidity_analyzer - INFO - Saved market data to data/market_data_btcusdt.json
2024-11-29 03:47:06,082 - liquidity_analyzer - INFO - Saved market data to data/market_data_btcusdt.json
2024-11-29 03:47:06,120 - liquidity_analyzer - INFO - Saved market data to data/market_data_btcusdt.json
2024-11-29 03:47:06,162 - liquidity_analyzer - INFO - Saved market data to data/market_data_btcusdt.json
2024-11-29 03:47:06,282 - liquidity_analyzer - INFO - Saved market data to data/market_data_btcusdt.json
2024-11-29 03:47:06,316 - liquidity_analyzer - INFO - Saved market data to data/market_data_btcusdt.json
2024-11-29 03:47:06,677 - liquidity_analyzer - INFO - Saved market data to data/market_data_btcusdt.json
2024-11-29 03:47:06,714 - liquidity_analyzer - INFO - Saved market data to data/market_data_btcusdt.json
2024-11-29 03:47:06,746 - liquidity_analyzer - INFO - Saved market data to data/market_data_btcusdt.json
2024-11-29 03:47:06,788 - liquidity_analyzer - INFO - Saved market data to data/market_data_btcusdt.json
2024-11-29 03:47:06,852 - liquidity_analyzer - INFO - Saved market data to data/market_data_btcusdt.json
2024-11-29 03:47:06,894 - liquidity_analyzer - INFO - Saved market data to data/market_data_btcusdt.json
2024-11-29 03:47:06,923 - liquidity_analyzer - INFO - Saved market data to data/market_data_btcusdt.json
2024-11-29 03:47:06,955 - liquidity_analyzer - INFO - Saved market data to data/market_data_btcusdt.json
2024-11-29 03:47:07,014 - liquidity_analyzer - INFO - Saved market data to data/market_data_btcusdt.json
2024-11-29 03:47:07,044 - liquidity_analyzer - INFO - Saved market data to data/market_data_btcusdt.json
2024-11-29 03:47:07,069 - liquidity_analyzer - INFO - Saved market data to data/market_data_btcusdt.json
2024-11-29 03:47:07,095 - liquidity_analyzer - INFO - Saved market data to data/market_data_btcusdt.json
2024-11-29 03:47:07,118 - liquidity_analyzer - INFO - Saved market data to data/market_data_btcusdt.json
2024-11-29 03:47:07,142 - liquidity_analyzer - INFO - Saved market data to data/market_data_btcusdt.json
2024-11-29 03:47:07,228 - liquidity_analyzer - INFO - Saved market data to data/market_data_btcusdt.json
2024-11-29 03:47:07,258 - liquidity_analyzer - INFO - Saved market data to data/market_data_btcusdt.json
2024-11-29 03:47:07,294 - liquidity_analyzer - INFO - Saved market data to data/market_data_btcusdt.json
2024-11-29 03:47:07,591 - liquidity_analyzer - INFO - Saved market data to data/market_data_btcusdt.json
2024-11-29 03:47:07,645 - liquidity_analyzer - INFO - Saved market data to data/market_data_btcusdt.json
2024-11-29 03:47:07,848 - liquidity_analyzer - INFO - Saved market data to data/market_data_btcusdt.json
2024-11-29 03:47:07,890 - liquidity_analyzer - INFO - Saved market data to data/market_data_btcusdt.json
2024-11-29 03:47:07,950 - liquidity_analyzer - INFO - Saved market data to data/market_data_btcusdt.json
2024-11-29 03:47:08,050 - liquidity_analyzer - INFO - Saved market data to data/market_data_btcusdt.json
2024-11-29 03:47:08,344 - liquidity_analyzer - INFO - Saved market data to data/market_data_btcusdt.json
2024-11-29 03:47:08,438 - liquidity_analyzer - INFO - Saved market data to data/market_data_btcusdt.json
2024-11-29 03:47:08,500 - liquidity_analyzer - INFO - Saved market data to data/market_data_btcusdt.json
2024-11-29 03:47:08,545 - liquidity_analyzer - INFO - Saved market data to data/market_data_btcusdt.json
2024-11-29 03:47:08,575 - liquidity_analyzer - INFO - Saved market data to data/market_data_btcusdt.json
2024-11-29 03:47:08,622 - liquidity_analyzer - INFO - Saved market data to data/market_data_btcusdt.json
2024-11-29 03:47:08,754 - liquidity_analyzer - INFO - Saved market data to data/market_data_btcusdt.json
2024-11-29 03:47:08,827 - liquidity_analyzer - INFO - Saved market data to data/market_data_btcusdt.json
2024-11-29 03:47:08,850 - liquidity_analyzer - INFO - Saved market data to data/market_data_btcusdt.json
2024-11-29 03:47:08,874 - liquidity_analyzer - INFO - Saved market data to data/market_data_btcusdt.json
2024-11-29 03:47:08,898 - liquidity_analyzer - INFO - Saved market data to data/market_data_btcusdt.json
2024-11-29 03:47:08,926 - liquidity_analyzer - INFO - Saved market data to data/market_data_btcusdt.json
2024-11-29 03:47:08,953 - liquidity_analyzer - INFO - Saved market data to data/market_data_btcusdt.json
2024-11-29 03:47:08,978 - liquidity_analyzer - INFO - Saved market data to data/market_data_btcusdt.json
2024-11-29 03:47:38,982 - liquidity_analyzer - WARNING - WebSocket message timeout, reconnecting...
2024-11-29 03:47:38,984 - liquidity_analyzer - ERROR - Stream error: 'ClientConnection' object has no attribute 'fail_connection'
2024-11-29 03:47:38,984 - liquidity_analyzer - INFO - Reconnecting to WebSocket stream...
2024-11-29 03:47:43,986 - liquidity_analyzer - INFO - Loading 24-hour trade history for BTCUSDT
2024-11-29 03:47:44,116 - liquidity_analyzer - INFO - Retrieved 1000 valid trades within the last 24 hours
2024-11-29 03:47:44,124 - liquidity_analyzer - INFO - Successfully processed 1000 historical trades
2024-11-29 03:47:44,142 - liquidity_analyzer - INFO - Historical data verification passed
2024-11-29 03:47:44,982 - liquidity_analyzer - INFO - Saved market data to data/market_data_btcusdt.json
2024-11-29 03:47:45,063 - liquidity_analyzer - INFO - Saved market data to data/market_data_btcusdt.json
2024-11-29 03:47:45,160 - liquidity_analyzer - INFO - Saved market data to data/market_data_btcusdt.json
2024-11-29 03:47:45,678 - liquidity_analyzer - INFO - Saved market data to data/market_data_btcusdt.json
2024-11-29 03:47:45,748 - liquidity_analyzer - INFO - Saved market data to data/market_data_btcusdt.json
2024-11-29 03:47:45,864 - liquidity_analyzer - INFO - Saved market data to data/market_data_btcusdt.json
2024-11-29 03:47:45,973 - liquidity_analyzer - INFO - Saved market data to data/market_data_btcusdt.json
2024-11-29 03:47:46,341 - liquidity_analyzer - INFO - Saved market data to data/market_data_btcusdt.json
2024-11-29 03:47:46,713 - liquidity_analyzer - INFO - Saved market data to data/market_data_btcusdt.json
2024-11-29 03:47:46,758 - liquidity_analyzer - INFO - Saved market data to data/market_data_btcusdt.json
2024-11-29 03:47:47,058 - liquidity_analyzer - INFO - Saved market data to data/market_data_btcusdt.json
2024-11-29 03:47:47,104 - liquidity_analyzer - INFO - Saved market data to data/market_data_btcusdt.json
2024-11-29 03:47:47,141 - liquidity_analyzer - INFO - Saved market data to data/market_data_btcusdt.json
2024-11-29 03:47:47,183 - liquidity_analyzer - INFO - Saved market data to data/market_data_btcusdt.json
2024-11-29 03:47:47,225 - liquidity_analyzer - INFO - Saved market data to data/market_data_btcusdt.json
2024-11-29 03:47:47,288 - liquidity_analyzer - INFO - Saved market data to data/market_data_btcusdt.json
2024-11-29 03:47:47,348 - liquidity_analyzer - INFO - Saved market data to data/market_data_btcusdt.json
2024-11-29 03:47:47,393 - liquidity_analyzer - INFO - Saved market data to data/market_data_btcusdt.json
2024-11-29 03:47:47,430 - liquidity_analyzer - INFO - Saved market data to data/market_data_btcusdt.json
2024-11-29 03:47:47,645 - liquidity_analyzer - INFO - Saved market data to data/market_data_btcusdt.json
2024-11-29 03:47:47,756 - liquidity_analyzer - INFO - Saved market data to data/market_data_btcusdt.json
2024-11-29 03:47:47,994 - liquidity_analyzer - INFO - Saved market data to data/market_data_btcusdt.json
2024-11-29 03:47:48,197 - liquidity_analyzer - INFO - Saved market data to data/market_data_btcusdt.json
2024-11-29 03:47:48,291 - liquidity_analyzer - INFO - Saved market data to data/market_data_btcusdt.json
2024-11-29 03:47:48,334 - liquidity_analyzer - INFO - Saved market data to data/market_data_btcusdt.json
2024-11-29 03:47:48,364 - liquidity_analyzer - INFO - Saved market data to data/market_data_btcusdt.json
2024-11-29 03:47:48,400 - liquidity_analyzer - INFO - Saved market data to data/market_data_btcusdt.json
2024-11-29 03:47:48,467 - liquidity_analyzer - INFO - Saved market data to data/market_data_btcusdt.json
2024-11-29 03:47:48,531 - liquidity_analyzer - INFO - Saved market data to data/market_data_btcusdt.json
2024-11-29 03:47:48,586 - liquidity_analyzer - INFO - Saved market data to data/market_data_btcusdt.json
2024-11-29 03:47:48,786 - liquidity_analyzer - INFO - Saved market data to data/market_data_btcusdt.json
2024-11-29 03:47:48,819 - liquidity_analyzer - INFO - Saved market data to data/market_data_btcusdt.json
2024-11-29 03:47:48,873 - liquidity_analyzer - INFO - Saved market data to data/market_data_btcusdt.json
2024-11-29 03:47:48,924 - liquidity_analyzer - INFO - Saved market data to data/market_data_btcusdt.json
2024-11-29 03:47:49,040 - liquidity_analyzer - INFO - Saved market data to data/market_data_btcusdt.json
2024-11-29 03:47:49,073 - liquidity_analyzer - INFO - Saved market data to data/market_data_btcusdt.json
2024-11-29 03:47:49,111 - liquidity_analyzer - INFO - Saved market data to data/market_data_btcusdt.json
2024-11-29 03:47:49,161 - liquidity_analyzer - INFO - Saved market data to data/market_data_btcusdt.json
2024-11-29 03:47:49,342 - liquidity_analyzer - INFO - Saved market data to data/market_data_btcusdt.json
2024-11-29 03:47:49,413 - liquidity_analyzer - INFO - Saved market data to data/market_data_btcusdt.json
2024-11-29 03:47:49,449 - liquidity_analyzer - INFO - Saved market data to data/market_data_btcusdt.json
2024-11-29 03:47:49,491 - liquidity_analyzer - INFO - Saved market data to data/market_data_btcusdt.json
2024-11-29 03:47:49,535 - liquidity_analyzer - INFO - Saved market data to data/market_data_btcusdt.json
2024-11-29 03:47:49,569 - liquidity_analyzer - INFO - Saved market data to data/market_data_btcusdt.json
2024-11-29 03:47:49,606 - liquidity_analyzer - INFO - Saved market data to data/market_data_btcusdt.json
2024-11-29 03:47:49,641 - liquidity_analyzer - INFO - Saved market data to data/market_data_btcusdt.json
2024-11-29 03:47:49,687 - liquidity_analyzer - INFO - Saved market data to data/market_data_btcusdt.json
2024-11-29 03:47:49,732 - liquidity_analyzer - INFO - Saved market data to data/market_data_btcusdt.json
2024-11-29 03:47:49,767 - liquidity_analyzer - INFO - Saved market data to data/market_data_btcusdt.json
2024-11-29 03:47:49,798 - liquidity_analyzer - INFO - Saved market data to data/market_data_btcusdt.json
2024-11-29 03:47:49,828 - liquidity_analyzer - INFO - Saved market data to data/market_data_btcusdt.json
2024-11-29 03:47:49,857 - liquidity_analyzer - INFO - Saved market data to data/market_data_btcusdt.json
2024-11-29 03:47:49,886 - liquidity_analyzer - INFO - Saved market data to data/market_data_btcusdt.json
2024-11-29 03:47:49,921 - liquidity_analyzer - INFO - Saved market data to data/market_data_btcusdt.json
2024-11-29 03:47:49,984 - liquidity_analyzer - INFO - Saved market data to data/market_data_btcusdt.json
2024-11-29 03:47:50,101 - liquidity_analyzer - INFO - Saved market data to data/market_data_btcusdt.json
2024-11-29 03:47:50,153 - liquidity_analyzer - INFO - Saved market data to data/market_data_btcusdt.json
2024-11-29 03:47:50,285 - liquidity_analyzer - INFO - Saved market data to data/market_data_btcusdt.json
2024-11-29 03:47:50,462 - liquidity_analyzer - INFO - Saved market data to data/market_data_btcusdt.json
2024-11-29 03:47:50,559 - liquidity_analyzer - INFO - Saved market data to data/market_data_btcusdt.json
2024-11-29 03:47:50,932 - liquidity_analyzer - INFO - Saved market data to data/market_data_btcusdt.json
2024-11-29 03:47:51,282 - liquidity_analyzer - INFO - Saved market data to data/market_data_btcusdt.json
2024-11-29 03:47:51,740 - liquidity_analyzer - INFO - Saved market data to data/market_data_btcusdt.json
2024-11-29 03:47:52,201 - liquidity_analyzer - INFO - Saved market data to data/market_data_btcusdt.json
2024-11-29 03:47:52,350 - liquidity_analyzer - INFO - Saved market data to data/market_data_btcusdt.json
2024-11-29 03:47:52,400 - liquidity_analyzer - INFO - Saved market data to data/market_data_btcusdt.json
2024-11-29 03:47:52,526 - liquidity_analyzer - INFO - Saved market data to data/market_data_btcusdt.json
2024-11-29 03:47:52,919 - liquidity_analyzer - INFO - Saved market data to data/market_data_btcusdt.json
2024-11-29 03:47:53,259 - liquidity_analyzer - INFO - Saved market data to data/market_data_btcusdt.json
2024-11-29 03:47:53,828 - liquidity_analyzer - INFO - Saved market data to data/market_data_btcusdt.json
2024-11-29 03:47:54,036 - liquidity_analyzer - INFO - Saved market data to data/market_data_btcusdt.json
2024-11-29 03:47:55,014 - liquidity_analyzer - INFO - Saved market data to data/market_data_btcusdt.json
2024-11-29 03:47:55,387 - liquidity_analyzer - INFO - Saved market data to data/market_data_btcusdt.json
2024-11-29 03:47:55,672 - liquidity_analyzer - INFO - Saved market data to data/market_data_btcusdt.json
2024-11-29 03:47:55,758 - liquidity_analyzer - INFO - Saved market data to data/market_data_btcusdt.json
2024-11-29 03:47:55,818 - liquidity_analyzer - INFO - Saved market data to data/market_data_btcusdt.json
2024-11-29 03:47:56,443 - liquidity_analyzer - INFO - Saved market data to data/market_data_btcusdt.json
2024-11-29 03:47:56,730 - liquidity_analyzer - INFO - Saved market data to data/market_data_btcusdt.json
2024-11-29 03:47:57,233 - liquidity_analyzer - INFO - Saved market data to data/market_data_btcusdt.json
2024-11-29 03:47:57,594 - liquidity_analyzer - INFO - Saved market data to data/market_data_btcusdt.json
2024-11-29 03:47:57,999 - liquidity_analyzer - INFO - Saved market data to data/market_data_btcusdt.json
2024-11-29 03:47:58,475 - liquidity_analyzer - INFO - Saved market data to data/market_data_btcusdt.json
2024-11-29 03:47:58,577 - liquidity_analyzer - INFO - Saved market data to data/market_data_btcusdt.json
2024-11-29 03:47:59,358 - liquidity_analyzer - INFO - Saved market data to data/market_data_btcusdt.json
2024-11-29 03:47:59,616 - liquidity_analyzer - INFO - Saved market data to data/market_data_btcusdt.json
2024-11-29 03:48:00,166 - liquidity_analyzer - INFO - Saved market data to data/market_data_btcusdt.json
2024-11-29 03:48:00,893 - liquidity_analyzer - INFO - Saved market data to data/market_data_btcusdt.json
2024-11-29 03:48:01,329 - liquidity_analyzer - INFO - Saved market data to data/market_data_btcusdt.json
2024-11-29 03:48:02,277 - liquidity_analyzer - INFO - Saved market data to data/market_data_btcusdt.json
2024-11-29 03:48:03,088 - liquidity_analyzer - INFO - Saved market data to data/market_data_btcusdt.json
2024-11-29 03:48:03,675 - liquidity_analyzer - INFO - Saved market data to data/market_data_btcusdt.json
2024-11-29 03:48:04,465 - liquidity_analyzer - INFO - Saved market data to data/market_data_btcusdt.json
2024-11-29 03:48:05,020 - liquidity_analyzer - INFO - Saved market data to data/market_data_btcusdt.json
2024-11-29 03:48:06,280 - liquidity_analyzer - INFO - Saved market data to data/market_data_btcusdt.json
2024-11-29 03:48:06,938 - liquidity_analyzer - INFO - Saved market data to data/market_data_btcusdt.json
2024-11-29 03:48:07,793 - liquidity_analyzer - INFO - Saved market data to data/market_data_btcusdt.json
2024-11-29 03:48:09,047 - liquidity_analyzer - INFO - Saved market data to data/market_data_btcusdt.json
2024-11-29 03:48:09,172 - liquidity_analyzer - INFO - Saved market data to data/market_data_btcusdt.json
2024-11-29 03:48:09,902 - liquidity_analyzer - INFO - Saved market data to data/market_data_btcusdt.json
2024-11-29 03:48:09,905 - liquidity_analyzer - INFO - Processed 100 messages
2024-11-29 03:48:10,543 - liquidity_analyzer - INFO - Saved market data to data/market_data_btcusdt.json
2024-11-29 03:48:11,119 - liquidity_analyzer - INFO - Saved market data to data/market_data_btcusdt.json
2024-11-29 03:48:11,867 - liquidity_analyzer - INFO - Saved market data to data/market_data_btcusdt.json
2024-11-29 03:48:12,471 - liquidity_analyzer - INFO - Saved market data to data/market_data_btcusdt.json
2024-11-29 03:48:13,129 - liquidity_analyzer - INFO - Saved market data to data/market_data_btcusdt.json
2024-11-29 03:48:13,650 - liquidity_analyzer - INFO - Saved market data to data/market_data_btcusdt.json
2024-11-29 03:48:14,022 - liquidity_analyzer - INFO - Saved market data to data/market_data_btcusdt.json
2024-11-29 03:48:14,721 - liquidity_analyzer - INFO - Saved market data to data/market_data_btcusdt.json
2024-11-29 03:48:15,144 - liquidity_analyzer - INFO - Saved market data to data/market_data_btcusdt.json
2024-11-29 03:48:15,787 - liquidity_analyzer - INFO - Saved market data to data/market_data_btcusdt.json
2024-11-29 03:48:16,298 - liquidity_analyzer - INFO - Saved market data to data/market_data_btcusdt.json
2024-11-29 03:48:16,843 - liquidity_analyzer - INFO - Saved market data to data/market_data_btcusdt.json
2024-11-29 03:48:17,361 - liquidity_analyzer - INFO - Saved market data to data/market_data_btcusdt.json
2024-11-29 03:48:17,677 - liquidity_analyzer - INFO - Saved market data to data/market_data_btcusdt.json
2024-11-29 03:48:18,464 - liquidity_analyzer - INFO - Saved market data to data/market_data_btcusdt.json
2024-11-29 03:48:18,714 - liquidity_analyzer - INFO - Saved market data to data/market_data_btcusdt.json
2024-11-29 03:48:19,301 - liquidity_analyzer - INFO - Saved market data to data/market_data_btcusdt.json
2024-11-29 03:48:19,838 - liquidity_analyzer - INFO - Saved market data to data/market_data_btcusdt.json
2024-11-29 03:48:19,943 - liquidity_analyzer - INFO - Saved market data to data/market_data_btcusdt.json
2024-11-29 03:48:20,434 - liquidity_analyzer - INFO - Saved market data to data/market_data_btcusdt.json
2024-11-29 03:48:21,372 - liquidity_analyzer - INFO - Saved market data to data/market_data_btcusdt.json
2024-11-29 03:48:21,774 - liquidity_analyzer - INFO - Saved market data to data/market_data_btcusdt.json
2024-11-29 03:48:23,107 - liquidity_analyzer - INFO - Saved market data to data/market_data_btcusdt.json
2024-11-29 03:48:23,361 - liquidity_analyzer - INFO - Saved market data to data/market_data_btcusdt.json
2024-11-29 03:48:24,475 - liquidity_analyzer - INFO - Saved market data to data/market_data_btcusdt.json
2024-11-29 03:48:24,558 - liquidity_analyzer - INFO - Saved market data to data/market_data_btcusdt.json
2024-11-29 03:48:25,620 - liquidity_analyzer - INFO - Saved market data to data/market_data_btcusdt.json
2024-11-29 03:48:25,901 - liquidity_analyzer - INFO - Saved market data to data/market_data_btcusdt.json
2024-11-29 03:48:26,724 - liquidity_analyzer - INFO - Saved market data to data/market_data_btcusdt.json
2024-11-29 03:48:27,157 - liquidity_analyzer - INFO - Saved market data to data/market_data_btcusdt.json
2024-11-29 03:48:27,836 - liquidity_analyzer - INFO - Saved market data to data/market_data_btcusdt.json
2024-11-29 03:48:28,145 - liquidity_analyzer - INFO - Saved market data to data/market_data_btcusdt.json
2024-11-29 03:48:28,826 - liquidity_analyzer - INFO - Saved market data to data/market_data_btcusdt.json
2024-11-29 03:48:29,321 - liquidity_analyzer - INFO - Saved market data to data/market_data_btcusdt.json
2024-11-29 03:48:29,911 - liquidity_analyzer - INFO - Saved market data to data/market_data_btcusdt.json
2024-11-29 03:48:30,838 - liquidity_analyzer - INFO - Saved market data to data/market_data_btcusdt.json
2024-11-29 03:48:31,482 - liquidity_analyzer - INFO - Saved market data to data/market_data_btcusdt.json
2024-11-29 03:48:32,045 - liquidity_analyzer - INFO - Saved market data to data/market_data_btcusdt.json
2024-11-29 03:48:32,566 - liquidity_analyzer - INFO - Saved market data to data/market_data_btcusdt.json
2024-11-29 03:48:33,356 - liquidity_analyzer - INFO - Saved market data to data/market_data_btcusdt.json
2024-11-29 03:48:34,257 - liquidity_analyzer - INFO - Saved market data to data/market_data_btcusdt.json
2024-11-29 03:48:35,116 - liquidity_analyzer - INFO - Saved market data to data/market_data_btcusdt.json
2024-11-29 03:48:35,627 - liquidity_analyzer - INFO - Saved market data to data/market_data_btcusdt.json
2024-11-29 03:48:36,223 - liquidity_analyzer - INFO - Saved market data to data/market_data_btcusdt.json
2024-11-29 03:48:36,806 - liquidity_analyzer - INFO - Saved market data to data/market_data_btcusdt.json
2024-11-29 03:48:37,291 - liquidity_analyzer - INFO - Saved market data to data/market_data_btcusdt.json
2024-11-29 03:48:37,907 - liquidity_analyzer - INFO - Saved market data to data/market_data_btcusdt.json
2024-11-29 03:48:39,149 - liquidity_analyzer - INFO - Saved market data to data/market_data_btcusdt.json
2024-11-29 03:48:39,401 - liquidity_analyzer - INFO - Saved market data to data/market_data_btcusdt.json
2024-11-29 03:48:39,831 - liquidity_analyzer - INFO - Saved market data to data/market_data_btcusdt.json
2024-11-29 03:48:40,499 - liquidity_analyzer - INFO - Saved market data to data/market_data_btcusdt.json
2024-11-29 03:48:41,490 - liquidity_analyzer - INFO - Saved market data to data/market_data_btcusdt.json
2024-11-29 03:48:42,026 - liquidity_analyzer - INFO - Saved market data to data/market_data_btcusdt.json
2024-11-29 03:48:42,285 - liquidity_analyzer - INFO - Saved market data to data/market_data_btcusdt.json
2024-11-29 03:48:43,472 - liquidity_analyzer - INFO - Saved market data to data/market_data_btcusdt.json
2024-11-29 03:48:43,797 - liquidity_analyzer - INFO - Saved market data to data/market_data_btcusdt.json
2024-11-29 03:48:44,271 - liquidity_analyzer - INFO - Saved market data to data/market_data_btcusdt.json
2024-11-29 03:48:45,008 - liquidity_analyzer - INFO - Saved market data to data/market_data_btcusdt.json
2024-11-29 03:48:45,446 - liquidity_analyzer - INFO - Saved market data to data/market_data_btcusdt.json
2024-11-29 03:48:46,159 - liquidity_analyzer - INFO - Saved market data to data/market_data_btcusdt.json
2024-11-29 03:48:46,828 - liquidity_analyzer - INFO - Saved market data to data/market_data_btcusdt.json
2024-11-29 03:48:47,695 - liquidity_analyzer - INFO - Saved market data to data/market_data_btcusdt.json
2024-11-29 03:48:48,367 - liquidity_analyzer - INFO - Saved market data to data/market_data_btcusdt.json
2024-11-29 03:48:48,747 - liquidity_analyzer - INFO - Saved market data to data/market_data_btcusdt.json
2024-11-29 03:48:49,488 - liquidity_analyzer - INFO - Saved market data to data/market_data_btcusdt.json
2024-11-29 03:48:50,064 - liquidity_analyzer - INFO - Saved market data to data/market_data_btcusdt.json
2024-11-29 03:48:50,568 - liquidity_analyzer - INFO - Saved market data to data/market_data_btcusdt.json
2024-11-29 03:48:51,236 - liquidity_analyzer - INFO - Saved market data to data/market_data_btcusdt.json
2024-11-29 03:48:51,307 - liquidity_analyzer - INFO - Saved market data to data/market_data_btcusdt.json
2024-11-29 03:48:52,020 - liquidity_analyzer - INFO - Saved market data to data/market_data_btcusdt.json
2024-11-29 03:48:52,746 - liquidity_analyzer - INFO - Saved market data to data/market_data_btcusdt.json
2024-11-29 03:48:52,834 - liquidity_analyzer - INFO - Saved market data to data/market_data_btcusdt.json
2024-11-29 03:48:53,396 - liquidity_analyzer - INFO - Saved market data to data/market_data_btcusdt.json
2024-11-29 03:48:53,649 - liquidity_analyzer - INFO - Saved market data to data/market_data_btcusdt.json
2024-11-29 03:48:54,120 - liquidity_analyzer - INFO - Saved market data to data/market_data_btcusdt.json
2024-11-29 03:48:54,543 - liquidity_analyzer - INFO - Saved market data to data/market_data_btcusdt.json
2024-11-29 03:48:55,032 - liquidity_analyzer - INFO - Saved market data to data/market_data_btcusdt.json
2024-11-29 03:48:55,551 - liquidity_analyzer - INFO - Saved market data to data/market_data_btcusdt.json
2024-11-29 03:48:56,122 - liquidity_analyzer - INFO - Saved market data to data/market_data_btcusdt.json
2024-11-29 03:48:56,784 - liquidity_analyzer - INFO - Saved market data to data/market_data_btcusdt.json
2024-11-29 03:48:56,906 - liquidity_analyzer - INFO - Saved market data to data/market_data_btcusdt.json
2024-11-29 03:48:57,807 - liquidity_analyzer - INFO - Saved market data to data/market_data_btcusdt.json
2024-11-29 03:48:58,264 - liquidity_analyzer - INFO - Saved market data to data/market_data_btcusdt.json
2024-11-29 03:48:59,220 - liquidity_analyzer - INFO - Saved market data to data/market_data_btcusdt.json
2024-11-29 03:48:59,906 - liquidity_analyzer - INFO - Saved market data to data/market_data_btcusdt.json
2024-11-29 03:49:00,606 - liquidity_analyzer - INFO - Saved market data to data/market_data_btcusdt.json
2024-11-29 03:49:01,057 - liquidity_analyzer - INFO - Saved market data to data/market_data_btcusdt.json
2024-11-29 03:49:01,534 - liquidity_analyzer - INFO - Saved market data to data/market_data_btcusdt.json
2024-11-29 03:49:02,169 - liquidity_analyzer - INFO - Saved market data to data/market_data_btcusdt.json
2024-11-29 03:49:03,027 - liquidity_analyzer - INFO - Saved market data to data/market_data_btcusdt.json
2024-11-29 03:49:04,210 - liquidity_analyzer - INFO - Saved market data to data/market_data_btcusdt.json
2024-11-29 03:49:04,384 - liquidity_analyzer - INFO - Saved market data to data/market_data_btcusdt.json
2024-11-29 03:49:05,277 - liquidity_analyzer - INFO - Saved market data to data/market_data_btcusdt.json
2024-11-29 03:49:06,109 - liquidity_analyzer - INFO - Saved market data to data/market_data_btcusdt.json
2024-11-29 03:49:06,374 - liquidity_analyzer - INFO - Saved market data to data/market_data_btcusdt.json
2024-11-29 03:49:06,927 - liquidity_analyzer - INFO - Saved market data to data/market_data_btcusdt.json
2024-11-29 03:49:07,641 - liquidity_analyzer - INFO - Saved market data to data/market_data_btcusdt.json
2024-11-29 03:49:08,023 - liquidity_analyzer - INFO - Saved market data to data/market_data_btcusdt.json
2024-11-29 03:49:08,827 - liquidity_analyzer - INFO - Saved market data to data/market_data_btcusdt.json
2024-11-29 03:49:09,492 - liquidity_analyzer - INFO - Saved market data to data/market_data_btcusdt.json
2024-11-29 03:49:09,496 - liquidity_analyzer - INFO - Processed 200 messages
2024-11-29 03:49:09,889 - liquidity_analyzer - INFO - Saved market data to data/market_data_btcusdt.json
2024-11-29 03:49:10,500 - liquidity_analyzer - INFO - Saved market data to data/market_data_btcusdt.json
2024-11-29 03:49:10,842 - liquidity_analyzer - INFO - Saved market data to data/market_data_btcusdt.json
2024-11-29 03:49:11,324 - liquidity_analyzer - INFO - Saved market data to data/market_data_btcusdt.json
2024-11-29 03:49:12,082 - liquidity_analyzer - INFO - Saved market data to data/market_data_btcusdt.json
2024-11-29 03:49:12,755 - liquidity_analyzer - INFO - Saved market data to data/market_data_btcusdt.json
2024-11-29 03:49:13,142 - liquidity_analyzer - INFO - Saved market data to data/market_data_btcusdt.json
2024-11-29 03:49:14,001 - liquidity_analyzer - INFO - Saved market data to data/market_data_btcusdt.json
2024-11-29 03:49:14,521 - liquidity_analyzer - INFO - Saved market data to data/market_data_btcusdt.json
2024-11-29 03:49:15,456 - liquidity_analyzer - INFO - Saved market data to data/market_data_btcusdt.json
2024-11-29 03:49:15,867 - liquidity_analyzer - INFO - Saved market data to data/market_data_btcusdt.json
2024-11-29 03:49:16,510 - liquidity_analyzer - INFO - Saved market data to data/market_data_btcusdt.json
2024-11-29 03:49:17,038 - liquidity_analyzer - INFO - Saved market data to data/market_data_btcusdt.json
2024-11-29 03:49:17,535 - liquidity_analyzer - INFO - Saved market data to data/market_data_btcusdt.json
2024-11-29 03:49:18,206 - liquidity_analyzer - INFO - Saved market data to data/market_data_btcusdt.json
2024-11-29 03:49:18,688 - liquidity_analyzer - INFO - Saved market data to data/market_data_btcusdt.json
2024-11-29 03:49:19,293 - liquidity_analyzer - INFO - Saved market data to data/market_data_btcusdt.json
2024-11-29 03:49:49,307 - liquidity_analyzer - WARNING - WebSocket message timeout, reconnecting...
2024-11-29 03:49:49,317 - liquidity_analyzer - ERROR - Stream error: 'ClientConnection' object has no attribute 'fail_connection'
2024-11-29 03:49:49,320 - liquidity_analyzer - INFO - Reconnecting to WebSocket stream...
2024-11-29 03:49:54,325 - liquidity_analyzer - INFO - Loading 24-hour trade history for BTCUSDT
2024-11-29 03:49:54,680 - liquidity_analyzer - INFO - Retrieved 997 valid trades within the last 24 hours
2024-11-29 03:49:54,708 - liquidity_analyzer - INFO - Successfully processed 997 historical trades
2024-11-29 03:49:54,735 - liquidity_analyzer - INFO - Historical data verification passed
2024-11-29 03:49:55,513 - liquidity_analyzer - INFO - Saved market data to data/market_data_btcusdt.json
2024-11-29 03:49:55,603 - liquidity_analyzer - INFO - Saved market data to data/market_data_btcusdt.json
2024-11-29 03:49:55,889 - liquidity_analyzer - INFO - Saved market data to data/market_data_btcusdt.json
2024-11-29 03:49:57,170 - liquidity_analyzer - INFO - Saved market data to data/market_data_btcusdt.json
2024-11-29 03:49:57,882 - liquidity_analyzer - INFO - Saved market data to data/market_data_btcusdt.json
2024-11-29 03:49:58,295 - liquidity_analyzer - INFO - Saved market data to data/market_data_btcusdt.json
2024-11-29 03:49:59,497 - liquidity_analyzer - INFO - Saved market data to data/market_data_btcusdt.json
2024-11-29 03:50:00,105 - liquidity_analyzer - INFO - Saved market data to data/market_data_btcusdt.json
2024-11-29 03:50:01,479 - liquidity_analyzer - INFO - Saved market data to data/market_data_btcusdt.json
2024-11-29 03:50:02,696 - liquidity_analyzer - INFO - Saved market data to data/market_data_btcusdt.json
2024-11-29 03:50:03,499 - liquidity_analyzer - INFO - Saved market data to data/market_data_btcusdt.json
2024-11-29 03:50:04,025 - liquidity_analyzer - INFO - Saved market data to data/market_data_btcusdt.json
2024-11-29 03:50:04,316 - liquidity_analyzer - INFO - Saved market data to data/market_data_btcusdt.json
2024-11-29 03:50:04,954 - liquidity_analyzer - INFO - Saved market data to data/market_data_btcusdt.json
2024-11-29 03:50:05,800 - liquidity_analyzer - INFO - Saved market data to data/market_data_btcusdt.json
2024-11-29 03:50:06,768 - liquidity_analyzer - INFO - Saved market data to data/market_data_btcusdt.json
2024-11-29 03:50:07,894 - liquidity_analyzer - INFO - Saved market data to data/market_data_btcusdt.json
2024-11-29 03:50:08,531 - liquidity_analyzer - INFO - Saved market data to data/market_data_btcusdt.json
2024-11-29 03:50:09,412 - liquidity_analyzer - INFO - Saved market data to data/market_data_btcusdt.json
2024-11-29 03:50:09,918 - liquidity_analyzer - INFO - Saved market data to data/market_data_btcusdt.json
2024-11-29 03:50:10,662 - liquidity_analyzer - INFO - Saved market data to data/market_data_btcusdt.json
2024-11-29 03:50:11,158 - liquidity_analyzer - INFO - Saved market data to data/market_data_btcusdt.json
2024-11-29 03:50:11,717 - liquidity_analyzer - INFO - Saved market data to data/market_data_btcusdt.json
2024-11-29 03:50:12,286 - liquidity_analyzer - INFO - Saved market data to data/market_data_btcusdt.json
2024-11-29 03:50:13,184 - liquidity_analyzer - INFO - Saved market data to data/market_data_btcusdt.json
2024-11-29 03:50:14,441 - liquidity_analyzer - INFO - Saved market data to data/market_data_btcusdt.json
2024-11-29 03:50:14,861 - liquidity_analyzer - INFO - Saved market data to data/market_data_btcusdt.json
2024-11-29 03:50:15,847 - liquidity_analyzer - INFO - Saved market data to data/market_data_btcusdt.json
2024-11-29 03:50:16,617 - liquidity_analyzer - INFO - Saved market data to data/market_data_btcusdt.json
2024-11-29 03:50:16,905 - liquidity_analyzer - INFO - Saved market data to data/market_data_btcusdt.json
2024-11-29 03:50:17,534 - liquidity_analyzer - INFO - Saved market data to data/market_data_btcusdt.json
2024-11-29 03:50:17,892 - liquidity_analyzer - INFO - Saved market data to data/market_data_btcusdt.json
2024-11-29 03:50:18,428 - liquidity_analyzer - INFO - Saved market data to data/market_data_btcusdt.json
2024-11-29 03:50:18,541 - liquidity_analyzer - INFO - Saved market data to data/market_data_btcusdt.json
2024-11-29 03:50:18,966 - liquidity_analyzer - INFO - Saved market data to data/market_data_btcusdt.json
2024-11-29 03:50:19,186 - liquidity_analyzer - INFO - Saved market data to data/market_data_btcusdt.json
2024-11-29 03:50:19,692 - liquidity_analyzer - INFO - Saved market data to data/market_data_btcusdt.json
2024-11-29 03:50:20,056 - liquidity_analyzer - INFO - Saved market data to data/market_data_btcusdt.json
2024-11-29 03:50:20,329 - liquidity_analyzer - INFO - Saved market data to data/market_data_btcusdt.json
2024-11-29 03:50:20,590 - liquidity_analyzer - INFO - Saved market data to data/market_data_btcusdt.json
2024-11-29 03:50:20,986 - liquidity_analyzer - INFO - Saved market data to data/market_data_btcusdt.json
2024-11-29 03:50:21,176 - liquidity_analyzer - INFO - Saved market data to data/market_data_btcusdt.json
2024-11-29 03:50:21,374 - liquidity_analyzer - INFO - Saved market data to data/market_data_btcusdt.json
2024-11-29 03:50:21,521 - liquidity_analyzer - INFO - Saved market data to data/market_data_btcusdt.json
2024-11-29 03:50:21,710 - liquidity_analyzer - INFO - Saved market data to data/market_data_btcusdt.json
2024-11-29 03:50:21,857 - liquidity_analyzer - INFO - Saved market data to data/market_data_btcusdt.json
2024-11-29 03:50:21,965 - liquidity_analyzer - INFO - Saved market data to data/market_data_btcusdt.json
2024-11-29 03:50:22,250 - liquidity_analyzer - INFO - Saved market data to data/market_data_btcusdt.json
2024-11-29 03:50:22,443 - liquidity_analyzer - INFO - Saved market data to data/market_data_btcusdt.json
2024-11-29 03:50:22,643 - liquidity_analyzer - INFO - Saved market data to data/market_data_btcusdt.json
2024-11-29 03:50:22,750 - liquidity_analyzer - INFO - Saved market data to data/market_data_btcusdt.json
2024-11-29 03:50:22,868 - liquidity_analyzer - INFO - Saved market data to data/market_data_btcusdt.json
2024-11-29 03:50:22,950 - liquidity_analyzer - INFO - Saved market data to data/market_data_btcusdt.json
2024-11-29 03:50:23,057 - liquidity_analyzer - INFO - Saved market data to data/market_data_btcusdt.json
2024-11-29 03:50:23,178 - liquidity_analyzer - INFO - Saved market data to data/market_data_btcusdt.json
2024-11-29 03:50:23,302 - liquidity_analyzer - INFO - Saved market data to data/market_data_btcusdt.json
2024-11-29 03:50:23,428 - liquidity_analyzer - INFO - Saved market data to data/market_data_btcusdt.json
2024-11-29 03:50:23,638 - liquidity_analyzer - INFO - Saved market data to data/market_data_btcusdt.json
2024-11-29 03:50:23,936 - liquidity_analyzer - INFO - Saved market data to data/market_data_btcusdt.json
2024-11-29 03:50:24,323 - liquidity_analyzer - INFO - Saved market data to data/market_data_btcusdt.json
2024-11-29 03:50:24,931 - liquidity_analyzer - INFO - Saved market data to data/market_data_btcusdt.json
2024-11-29 03:50:25,279 - liquidity_analyzer - INFO - Saved market data to data/market_data_btcusdt.json
2024-11-29 03:50:25,530 - liquidity_analyzer - INFO - Saved market data to data/market_data_btcusdt.json
2024-11-29 03:50:25,951 - liquidity_analyzer - INFO - Saved market data to data/market_data_btcusdt.json
2024-11-29 03:50:26,320 - liquidity_analyzer - INFO - Saved market data to data/market_data_btcusdt.json
2024-11-29 03:50:26,760 - liquidity_analyzer - INFO - Saved market data to data/market_data_btcusdt.json
2024-11-29 03:50:27,229 - liquidity_analyzer - INFO - Saved market data to data/market_data_btcusdt.json
2024-11-29 03:50:27,731 - liquidity_analyzer - INFO - Saved market data to data/market_data_btcusdt.json
2024-11-29 03:50:28,259 - liquidity_analyzer - INFO - Saved market data to data/market_data_btcusdt.json
2024-11-29 03:50:28,772 - liquidity_analyzer - INFO - Saved market data to data/market_data_btcusdt.json
2024-11-29 03:50:29,284 - liquidity_analyzer - INFO - Saved market data to data/market_data_btcusdt.json
2024-11-29 03:50:29,909 - liquidity_analyzer - INFO - Saved market data to data/market_data_btcusdt.json
2024-11-29 03:50:30,281 - liquidity_analyzer - INFO - Saved market data to data/market_data_btcusdt.json
2024-11-29 03:50:30,657 - liquidity_analyzer - INFO - Saved market data to data/market_data_btcusdt.json
2024-11-29 03:50:30,965 - liquidity_analyzer - INFO - Saved market data to data/market_data_btcusdt.json
2024-11-29 03:50:31,499 - liquidity_analyzer - INFO - Saved market data to data/market_data_btcusdt.json
2024-11-29 03:50:31,938 - liquidity_analyzer - INFO - Saved market data to data/market_data_btcusdt.json
2024-11-29 03:50:32,453 - liquidity_analyzer - INFO - Saved market data to data/market_data_btcusdt.json
2024-11-29 03:50:32,880 - liquidity_analyzer - INFO - Saved market data to data/market_data_btcusdt.json
2024-11-29 03:50:34,791 - liquidity_analyzer - INFO - Saved market data to data/market_data_btcusdt.json
2024-11-29 03:50:36,136 - liquidity_analyzer - INFO - Saved market data to data/market_data_btcusdt.json
2024-11-29 03:50:37,236 - liquidity_analyzer - INFO - Saved market data to data/market_data_btcusdt.json
2024-11-29 03:50:39,215 - liquidity_analyzer - INFO - Saved market data to data/market_data_btcusdt.json
2024-11-29 03:50:40,793 - liquidity_analyzer - INFO - Saved market data to data/market_data_btcusdt.json
2024-11-29 03:50:42,182 - liquidity_analyzer - INFO - Saved market data to data/market_data_btcusdt.json
2024-11-29 03:50:43,625 - liquidity_analyzer - INFO - Saved market data to data/market_data_btcusdt.json
2024-11-29 03:50:44,459 - liquidity_analyzer - INFO - Saved market data to data/market_data_btcusdt.json
2024-11-29 03:50:45,428 - liquidity_analyzer - ERROR - Stream error: 'ClientConnection' object has no attribute 'fail_connection'
2024-11-29 03:50:45,436 - liquidity_analyzer - INFO - Reconnecting to WebSocket stream...
2024-11-29 03:50:45,606 - liquidity_analyzer - INFO - Shutting down gracefully...
