2024-11-29 16:12:47,448 - liquidity_analyzer - DEBUG - Initializing MarketDataAnalyzer
2024-11-29 16:12:47,652 - liquidity_analyzer - INFO - Successfully initialized Binance client
2024-11-29 16:12:47,653 - liquidity_analyzer - INFO - Starting market stream for btcusdt
2024-11-29 16:12:47,653 - liquidity_analyzer - INFO - Loading 24-hour trade history for BTCUSDT
2024-11-29 16:12:47,776 - liquidity_analyzer - INFO - Retrieved 999 valid trades within the last 24 hours
2024-11-29 16:12:47,783 - liquidity_analyzer - INFO - Successfully processed 999 historical trades
2024-11-29 16:12:47,794 - liquidity_analyzer - INFO - Historical data verification passed
2024-11-29 16:12:48,474 - liquidity_analyzer - INFO - Saved market data to data/market_data_btcusdt.json
2024-11-29 16:12:48,561 - liquidity_analyzer - INFO - Saved market data to data/market_data_btcusdt.json
2024-11-29 16:12:48,605 - liquidity_analyzer - INFO - Saved market data to data/market_data_btcusdt.json
2024-11-29 16:12:48,662 - liquidity_analyzer - INFO - Saved market data to data/market_data_btcusdt.json
2024-11-29 16:12:48,749 - liquidity_analyzer - INFO - Saved market data to data/market_data_btcusdt.json
2024-11-29 16:12:48,848 - liquidity_analyzer - INFO - Saved market data to data/market_data_btcusdt.json
2024-11-29 16:12:48,966 - liquidity_analyzer - INFO - Saved market data to data/market_data_btcusdt.json
2024-11-29 16:12:48,986 - liquidity_analyzer - INFO - Saved market data to data/market_data_btcusdt.json
2024-11-29 16:12:49,009 - liquidity_analyzer - INFO - Saved market data to data/market_data_btcusdt.json
2024-11-29 16:12:49,047 - liquidity_analyzer - INFO - Saved market data to data/market_data_btcusdt.json
2024-11-29 16:12:49,147 - liquidity_analyzer - INFO - Saved market data to data/market_data_btcusdt.json
2024-11-29 16:12:49,207 - liquidity_analyzer - INFO - Saved market data to data/market_data_btcusdt.json
2024-11-29 16:12:49,247 - liquidity_analyzer - INFO - Saved market data to data/market_data_btcusdt.json
2024-11-29 16:12:49,269 - liquidity_analyzer - INFO - Saved market data to data/market_data_btcusdt.json
2024-11-29 16:12:49,290 - liquidity_analyzer - INFO - Saved market data to data/market_data_btcusdt.json
2024-11-29 16:12:49,342 - liquidity_analyzer - INFO - Saved market data to data/market_data_btcusdt.json
2024-11-29 16:12:49,362 - liquidity_analyzer - INFO - Saved market data to data/market_data_btcusdt.json
2024-11-29 16:12:49,453 - liquidity_analyzer - INFO - Saved market data to data/market_data_btcusdt.json
2024-11-29 16:12:49,571 - liquidity_analyzer - INFO - Saved market data to data/market_data_btcusdt.json
2024-11-29 16:12:49,608 - liquidity_analyzer - INFO - Saved market data to data/market_data_btcusdt.json
2024-11-29 16:12:49,649 - liquidity_analyzer - INFO - Saved market data to data/market_data_btcusdt.json
2024-11-29 16:12:49,760 - liquidity_analyzer - INFO - Saved market data to data/market_data_btcusdt.json
2024-11-29 16:12:49,847 - liquidity_analyzer - INFO - Saved market data to data/market_data_btcusdt.json
2024-11-29 16:12:49,971 - liquidity_analyzer - INFO - Saved market data to data/market_data_btcusdt.json
2024-11-29 16:12:50,047 - liquidity_analyzer - INFO - Saved market data to data/market_data_btcusdt.json
2024-11-29 16:12:50,147 - liquidity_analyzer - INFO - Saved market data to data/market_data_btcusdt.json
2024-11-29 16:12:50,174 - liquidity_analyzer - INFO - Saved market data to data/market_data_btcusdt.json
2024-11-29 16:12:50,245 - liquidity_analyzer - INFO - Saved market data to data/market_data_btcusdt.json
2024-11-29 16:12:50,297 - liquidity_analyzer - INFO - Saved market data to data/market_data_btcusdt.json
2024-11-29 16:12:50,317 - liquidity_analyzer - INFO - Saved market data to data/market_data_btcusdt.json
2024-11-29 16:12:50,340 - liquidity_analyzer - INFO - Saved market data to data/market_data_btcusdt.json
2024-11-29 16:12:50,383 - liquidity_analyzer - INFO - Saved market data to data/market_data_btcusdt.json
2024-11-29 16:12:50,405 - liquidity_analyzer - INFO - Saved market data to data/market_data_btcusdt.json
2024-11-29 16:12:50,426 - liquidity_analyzer - INFO - Saved market data to data/market_data_btcusdt.json
2024-11-29 16:12:50,447 - liquidity_analyzer - INFO - Saved market data to data/market_data_btcusdt.json
2024-11-29 16:12:50,467 - liquidity_analyzer - INFO - Saved market data to data/market_data_btcusdt.json
2024-11-29 16:12:50,487 - liquidity_analyzer - INFO - Saved market data to data/market_data_btcusdt.json
2024-11-29 16:12:50,508 - liquidity_analyzer - INFO - Saved market data to data/market_data_btcusdt.json
2024-11-29 16:12:50,529 - liquidity_analyzer - INFO - Saved market data to data/market_data_btcusdt.json
2024-11-29 16:12:50,551 - liquidity_analyzer - INFO - Saved market data to data/market_data_btcusdt.json
2024-11-29 16:12:50,573 - liquidity_analyzer - INFO - Saved market data to data/market_data_btcusdt.json
2024-11-29 16:12:50,595 - liquidity_analyzer - INFO - Saved market data to data/market_data_btcusdt.json
2024-11-29 16:12:50,647 - liquidity_analyzer - INFO - Saved market data to data/market_data_btcusdt.json
2024-11-29 16:12:50,671 - liquidity_analyzer - INFO - Saved market data to data/market_data_btcusdt.json
2024-11-29 16:12:50,753 - liquidity_analyzer - INFO - Saved market data to data/market_data_btcusdt.json
2024-11-29 16:12:50,851 - liquidity_analyzer - INFO - Saved market data to data/market_data_btcusdt.json
2024-11-29 16:12:50,945 - liquidity_analyzer - INFO - Saved market data to data/market_data_btcusdt.json
2024-11-29 16:12:51,052 - liquidity_analyzer - INFO - Saved market data to data/market_data_btcusdt.json
2024-11-29 16:12:51,139 - liquidity_analyzer - INFO - Saved market data to data/market_data_btcusdt.json
2024-11-29 16:12:51,160 - liquidity_analyzer - INFO - Saved market data to data/market_data_btcusdt.json
2024-11-29 16:12:51,258 - liquidity_analyzer - INFO - Saved market data to data/market_data_btcusdt.json
2024-11-29 16:12:51,374 - liquidity_analyzer - INFO - Saved market data to data/market_data_btcusdt.json
2024-11-29 16:12:51,453 - liquidity_analyzer - INFO - Saved market data to data/market_data_btcusdt.json
2024-11-29 16:12:51,475 - liquidity_analyzer - INFO - Saved market data to data/market_data_btcusdt.json
2024-11-29 16:12:51,547 - liquidity_analyzer - INFO - Saved market data to data/market_data_btcusdt.json
2024-11-29 16:12:51,675 - liquidity_analyzer - INFO - Saved market data to data/market_data_btcusdt.json
2024-11-29 16:12:51,748 - liquidity_analyzer - INFO - Saved market data to data/market_data_btcusdt.json
2024-11-29 16:12:51,815 - liquidity_analyzer - INFO - Saved market data to data/market_data_btcusdt.json
2024-11-29 16:12:51,848 - liquidity_analyzer - INFO - Saved market data to data/market_data_btcusdt.json
2024-11-29 16:12:51,967 - liquidity_analyzer - INFO - Saved market data to data/market_data_btcusdt.json
2024-11-29 16:12:52,049 - liquidity_analyzer - INFO - Saved market data to data/market_data_btcusdt.json
2024-11-29 16:12:52,149 - liquidity_analyzer - INFO - Saved market data to data/market_data_btcusdt.json
2024-11-29 16:12:52,249 - liquidity_analyzer - INFO - Saved market data to data/market_data_btcusdt.json
2024-11-29 16:12:52,348 - liquidity_analyzer - INFO - Saved market data to data/market_data_btcusdt.json
2024-11-29 16:12:52,411 - liquidity_analyzer - INFO - Saved market data to data/market_data_btcusdt.json
2024-11-29 16:12:52,434 - liquidity_analyzer - INFO - Saved market data to data/market_data_btcusdt.json
2024-11-29 16:12:52,456 - liquidity_analyzer - INFO - Saved market data to data/market_data_btcusdt.json
2024-11-29 16:12:52,550 - liquidity_analyzer - INFO - Saved market data to data/market_data_btcusdt.json
2024-11-29 16:12:52,609 - liquidity_analyzer - INFO - Saved market data to data/market_data_btcusdt.json
2024-11-29 16:12:52,648 - liquidity_analyzer - INFO - Saved market data to data/market_data_btcusdt.json
2024-11-29 16:12:52,672 - liquidity_analyzer - INFO - Saved market data to data/market_data_btcusdt.json
2024-11-29 16:12:52,696 - liquidity_analyzer - INFO - Saved market data to data/market_data_btcusdt.json
2024-11-29 16:12:52,721 - liquidity_analyzer - INFO - Saved market data to data/market_data_btcusdt.json
2024-11-29 16:12:52,746 - liquidity_analyzer - INFO - Saved market data to data/market_data_btcusdt.json
2024-11-29 16:12:52,769 - liquidity_analyzer - INFO - Saved market data to data/market_data_btcusdt.json
2024-11-29 16:12:52,793 - liquidity_analyzer - INFO - Saved market data to data/market_data_btcusdt.json
2024-11-29 16:12:52,815 - liquidity_analyzer - INFO - Saved market data to data/market_data_btcusdt.json
2024-11-29 16:12:52,837 - liquidity_analyzer - INFO - Saved market data to data/market_data_btcusdt.json
2024-11-29 16:12:52,868 - liquidity_analyzer - INFO - Saved market data to data/market_data_btcusdt.json
2024-11-29 16:12:52,947 - liquidity_analyzer - INFO - Saved market data to data/market_data_btcusdt.json
2024-11-29 16:12:52,968 - liquidity_analyzer - INFO - Saved market data to data/market_data_btcusdt.json
2024-11-29 16:12:52,990 - liquidity_analyzer - INFO - Saved market data to data/market_data_btcusdt.json
2024-11-29 16:12:53,071 - liquidity_analyzer - INFO - Saved market data to data/market_data_btcusdt.json
2024-11-29 16:12:53,149 - liquidity_analyzer - INFO - Saved market data to data/market_data_btcusdt.json
2024-11-29 16:12:53,253 - liquidity_analyzer - INFO - Saved market data to data/market_data_btcusdt.json
2024-11-29 16:12:53,314 - liquidity_analyzer - INFO - Saved market data to data/market_data_btcusdt.json
2024-11-29 16:12:53,335 - liquidity_analyzer - INFO - Saved market data to data/market_data_btcusdt.json
2024-11-29 16:12:53,353 - liquidity_analyzer - INFO - Saved market data to data/market_data_btcusdt.json
2024-11-29 16:12:53,373 - liquidity_analyzer - INFO - Saved market data to data/market_data_btcusdt.json
2024-11-29 16:12:53,392 - liquidity_analyzer - INFO - Saved market data to data/market_data_btcusdt.json
2024-11-29 16:12:53,411 - liquidity_analyzer - INFO - Saved market data to data/market_data_btcusdt.json
2024-11-29 16:12:53,430 - liquidity_analyzer - INFO - Saved market data to data/market_data_btcusdt.json
2024-11-29 16:12:53,449 - liquidity_analyzer - INFO - Saved market data to data/market_data_btcusdt.json
2024-11-29 16:12:53,468 - liquidity_analyzer - INFO - Saved market data to data/market_data_btcusdt.json
2024-11-29 16:12:53,487 - liquidity_analyzer - INFO - Saved market data to data/market_data_btcusdt.json
2024-11-29 16:12:53,505 - liquidity_analyzer - INFO - Saved market data to data/market_data_btcusdt.json
2024-11-29 16:12:53,524 - liquidity_analyzer - INFO - Saved market data to data/market_data_btcusdt.json
2024-11-29 16:12:53,543 - liquidity_analyzer - INFO - Saved market data to data/market_data_btcusdt.json
2024-11-29 16:12:53,562 - liquidity_analyzer - INFO - Saved market data to data/market_data_btcusdt.json
2024-11-29 16:12:53,562 - liquidity_analyzer - INFO - Processed 100 messages
2024-11-29 16:12:53,580 - liquidity_analyzer - INFO - Saved market data to data/market_data_btcusdt.json
2024-11-29 16:12:53,599 - liquidity_analyzer - INFO - Saved market data to data/market_data_btcusdt.json
2024-11-29 16:12:53,618 - liquidity_analyzer - INFO - Saved market data to data/market_data_btcusdt.json
2024-11-29 16:12:53,637 - liquidity_analyzer - INFO - Saved market data to data/market_data_btcusdt.json
2024-11-29 16:12:53,656 - liquidity_analyzer - INFO - Saved market data to data/market_data_btcusdt.json
2024-11-29 16:12:53,675 - liquidity_analyzer - INFO - Saved market data to data/market_data_btcusdt.json
2024-11-29 16:12:53,693 - liquidity_analyzer - INFO - Saved market data to data/market_data_btcusdt.json
2024-11-29 16:12:53,712 - liquidity_analyzer - INFO - Saved market data to data/market_data_btcusdt.json
2024-11-29 16:12:53,731 - liquidity_analyzer - INFO - Saved market data to data/market_data_btcusdt.json
2024-11-29 16:12:53,750 - liquidity_analyzer - INFO - Saved market data to data/market_data_btcusdt.json
2024-11-29 16:12:53,769 - liquidity_analyzer - INFO - Saved market data to data/market_data_btcusdt.json
2024-11-29 16:12:53,787 - liquidity_analyzer - INFO - Saved market data to data/market_data_btcusdt.json
2024-11-29 16:12:53,807 - liquidity_analyzer - INFO - Saved market data to data/market_data_btcusdt.json
2024-11-29 16:12:53,828 - liquidity_analyzer - INFO - Saved market data to data/market_data_btcusdt.json
2024-11-29 16:12:53,848 - liquidity_analyzer - INFO - Saved market data to data/market_data_btcusdt.json
2024-11-29 16:12:53,871 - liquidity_analyzer - INFO - Saved market data to data/market_data_btcusdt.json
2024-11-29 16:12:53,890 - liquidity_analyzer - INFO - Saved market data to data/market_data_btcusdt.json
2024-11-29 16:12:53,909 - liquidity_analyzer - INFO - Saved market data to data/market_data_btcusdt.json
2024-11-29 16:12:53,928 - liquidity_analyzer - INFO - Saved market data to data/market_data_btcusdt.json
2024-11-29 16:12:53,947 - liquidity_analyzer - INFO - Saved market data to data/market_data_btcusdt.json
2024-11-29 16:12:53,966 - liquidity_analyzer - INFO - Saved market data to data/market_data_btcusdt.json
2024-11-29 16:12:53,985 - liquidity_analyzer - INFO - Saved market data to data/market_data_btcusdt.json
2024-11-29 16:12:54,004 - liquidity_analyzer - INFO - Saved market data to data/market_data_btcusdt.json
2024-11-29 16:12:54,023 - liquidity_analyzer - INFO - Saved market data to data/market_data_btcusdt.json
2024-11-29 16:12:54,042 - liquidity_analyzer - INFO - Saved market data to data/market_data_btcusdt.json
2024-11-29 16:12:54,062 - liquidity_analyzer - INFO - Saved market data to data/market_data_btcusdt.json
2024-11-29 16:12:54,081 - liquidity_analyzer - INFO - Saved market data to data/market_data_btcusdt.json
2024-11-29 16:12:54,100 - liquidity_analyzer - INFO - Saved market data to data/market_data_btcusdt.json
2024-11-29 16:12:54,119 - liquidity_analyzer - INFO - Saved market data to data/market_data_btcusdt.json
2024-11-29 16:12:54,138 - liquidity_analyzer - INFO - Saved market data to data/market_data_btcusdt.json
2024-11-29 16:12:54,157 - liquidity_analyzer - INFO - Saved market data to data/market_data_btcusdt.json
2024-11-29 16:12:54,176 - liquidity_analyzer - INFO - Saved market data to data/market_data_btcusdt.json
2024-11-29 16:12:54,196 - liquidity_analyzer - INFO - Saved market data to data/market_data_btcusdt.json
2024-11-29 16:12:54,215 - liquidity_analyzer - INFO - Saved market data to data/market_data_btcusdt.json
2024-11-29 16:12:54,234 - liquidity_analyzer - INFO - Saved market data to data/market_data_btcusdt.json
2024-11-29 16:12:54,253 - liquidity_analyzer - INFO - Saved market data to data/market_data_btcusdt.json
2024-11-29 16:12:54,273 - liquidity_analyzer - INFO - Saved market data to data/market_data_btcusdt.json
2024-11-29 16:12:54,293 - liquidity_analyzer - INFO - Saved market data to data/market_data_btcusdt.json
2024-11-29 16:12:54,313 - liquidity_analyzer - INFO - Saved market data to data/market_data_btcusdt.json
2024-11-29 16:12:54,333 - liquidity_analyzer - INFO - Saved market data to data/market_data_btcusdt.json
2024-11-29 16:12:54,352 - liquidity_analyzer - INFO - Saved market data to data/market_data_btcusdt.json
2024-11-29 16:12:54,373 - liquidity_analyzer - INFO - Saved market data to data/market_data_btcusdt.json
2024-11-29 16:12:54,392 - liquidity_analyzer - INFO - Saved market data to data/market_data_btcusdt.json
2024-11-29 16:12:54,413 - liquidity_analyzer - INFO - Saved market data to data/market_data_btcusdt.json
2024-11-29 16:12:54,432 - liquidity_analyzer - INFO - Saved market data to data/market_data_btcusdt.json
2024-11-29 16:12:54,451 - liquidity_analyzer - INFO - Saved market data to data/market_data_btcusdt.json
2024-11-29 16:12:54,470 - liquidity_analyzer - INFO - Saved market data to data/market_data_btcusdt.json
2024-11-29 16:12:54,489 - liquidity_analyzer - INFO - Saved market data to data/market_data_btcusdt.json
2024-11-29 16:12:54,508 - liquidity_analyzer - INFO - Saved market data to data/market_data_btcusdt.json
2024-11-29 16:12:54,527 - liquidity_analyzer - INFO - Saved market data to data/market_data_btcusdt.json
2024-11-29 16:12:54,546 - liquidity_analyzer - INFO - Saved market data to data/market_data_btcusdt.json
2024-11-29 16:12:54,569 - liquidity_analyzer - INFO - Saved market data to data/market_data_btcusdt.json
2024-11-29 16:12:54,590 - liquidity_analyzer - INFO - Saved market data to data/market_data_btcusdt.json
2024-11-29 16:12:54,610 - liquidity_analyzer - INFO - Saved market data to data/market_data_btcusdt.json
2024-11-29 16:12:54,630 - liquidity_analyzer - INFO - Saved market data to data/market_data_btcusdt.json
2024-11-29 16:12:54,649 - liquidity_analyzer - INFO - Saved market data to data/market_data_btcusdt.json
2024-11-29 16:12:54,669 - liquidity_analyzer - INFO - Saved market data to data/market_data_btcusdt.json
2024-11-29 16:12:54,688 - liquidity_analyzer - INFO - Saved market data to data/market_data_btcusdt.json
2024-11-29 16:12:54,707 - liquidity_analyzer - INFO - Saved market data to data/market_data_btcusdt.json
2024-11-29 16:12:54,726 - liquidity_analyzer - INFO - Saved market data to data/market_data_btcusdt.json
2024-11-29 16:12:54,746 - liquidity_analyzer - INFO - Saved market data to data/market_data_btcusdt.json
2024-11-29 16:12:54,765 - liquidity_analyzer - INFO - Saved market data to data/market_data_btcusdt.json
2024-11-29 16:12:54,785 - liquidity_analyzer - INFO - Saved market data to data/market_data_btcusdt.json
2024-11-29 16:12:54,805 - liquidity_analyzer - INFO - Saved market data to data/market_data_btcusdt.json
2024-11-29 16:12:54,845 - liquidity_analyzer - INFO - Saved market data to data/market_data_btcusdt.json
2024-11-29 16:12:54,864 - liquidity_analyzer - INFO - Saved market data to data/market_data_btcusdt.json
2024-11-29 16:12:54,885 - liquidity_analyzer - INFO - Saved market data to data/market_data_btcusdt.json
2024-11-29 16:12:54,904 - liquidity_analyzer - INFO - Saved market data to data/market_data_btcusdt.json
2024-11-29 16:12:54,924 - liquidity_analyzer - INFO - Saved market data to data/market_data_btcusdt.json
2024-11-29 16:12:54,945 - liquidity_analyzer - INFO - Saved market data to data/market_data_btcusdt.json
2024-11-29 16:12:54,964 - liquidity_analyzer - INFO - Saved market data to data/market_data_btcusdt.json
2024-11-29 16:12:54,984 - liquidity_analyzer - INFO - Saved market data to data/market_data_btcusdt.json
2024-11-29 16:12:55,004 - liquidity_analyzer - INFO - Saved market data to data/market_data_btcusdt.json
2024-11-29 16:12:55,024 - liquidity_analyzer - INFO - Saved market data to data/market_data_btcusdt.json
2024-11-29 16:12:55,043 - liquidity_analyzer - INFO - Saved market data to data/market_data_btcusdt.json
2024-11-29 16:12:55,063 - liquidity_analyzer - INFO - Saved market data to data/market_data_btcusdt.json
2024-11-29 16:12:55,082 - liquidity_analyzer - INFO - Saved market data to data/market_data_btcusdt.json
2024-11-29 16:12:55,101 - liquidity_analyzer - INFO - Saved market data to data/market_data_btcusdt.json
2024-11-29 16:12:55,121 - liquidity_analyzer - INFO - Saved market data to data/market_data_btcusdt.json
2024-11-29 16:12:55,140 - liquidity_analyzer - INFO - Saved market data to data/market_data_btcusdt.json
2024-11-29 16:12:55,159 - liquidity_analyzer - INFO - Saved market data to data/market_data_btcusdt.json
2024-11-29 16:12:55,179 - liquidity_analyzer - INFO - Saved market data to data/market_data_btcusdt.json
2024-11-29 16:12:55,199 - liquidity_analyzer - INFO - Saved market data to data/market_data_btcusdt.json
2024-11-29 16:12:55,219 - liquidity_analyzer - INFO - Saved market data to data/market_data_btcusdt.json
2024-11-29 16:12:55,238 - liquidity_analyzer - INFO - Saved market data to data/market_data_btcusdt.json
2024-11-29 16:12:55,258 - liquidity_analyzer - INFO - Saved market data to data/market_data_btcusdt.json
2024-11-29 16:12:55,277 - liquidity_analyzer - INFO - Saved market data to data/market_data_btcusdt.json
2024-11-29 16:12:55,296 - liquidity_analyzer - INFO - Saved market data to data/market_data_btcusdt.json
2024-11-29 16:12:55,316 - liquidity_analyzer - INFO - Saved market data to data/market_data_btcusdt.json
2024-11-29 16:12:55,336 - liquidity_analyzer - INFO - Saved market data to data/market_data_btcusdt.json
2024-11-29 16:12:55,356 - liquidity_analyzer - INFO - Saved market data to data/market_data_btcusdt.json
2024-11-29 16:12:55,376 - liquidity_analyzer - INFO - Saved market data to data/market_data_btcusdt.json
2024-11-29 16:12:55,396 - liquidity_analyzer - INFO - Saved market data to data/market_data_btcusdt.json
2024-11-29 16:12:55,416 - liquidity_analyzer - INFO - Saved market data to data/market_data_btcusdt.json
2024-11-29 16:12:55,435 - liquidity_analyzer - INFO - Saved market data to data/market_data_btcusdt.json
2024-11-29 16:12:55,455 - liquidity_analyzer - INFO - Saved market data to data/market_data_btcusdt.json
2024-11-29 16:12:55,474 - liquidity_analyzer - INFO - Saved market data to data/market_data_btcusdt.json
2024-11-29 16:12:55,494 - liquidity_analyzer - INFO - Saved market data to data/market_data_btcusdt.json
2024-11-29 16:12:55,514 - liquidity_analyzer - INFO - Saved market data to data/market_data_btcusdt.json
2024-11-29 16:12:55,535 - liquidity_analyzer - INFO - Saved market data to data/market_data_btcusdt.json
2024-11-29 16:12:55,535 - liquidity_analyzer - INFO - Processed 200 messages
2024-11-29 16:12:55,556 - liquidity_analyzer - INFO - Saved market data to data/market_data_btcusdt.json
2024-11-29 16:12:55,577 - liquidity_analyzer - INFO - Saved market data to data/market_data_btcusdt.json
2024-11-29 16:12:55,598 - liquidity_analyzer - INFO - Saved market data to data/market_data_btcusdt.json
2024-11-29 16:12:55,618 - liquidity_analyzer - INFO - Saved market data to data/market_data_btcusdt.json
2024-11-29 16:12:55,638 - liquidity_analyzer - INFO - Saved market data to data/market_data_btcusdt.json
2024-11-29 16:12:55,657 - liquidity_analyzer - INFO - Saved market data to data/market_data_btcusdt.json
2024-11-29 16:12:55,677 - liquidity_analyzer - INFO - Saved market data to data/market_data_btcusdt.json
2024-11-29 16:12:55,696 - liquidity_analyzer - INFO - Saved market data to data/market_data_btcusdt.json
2024-11-29 16:12:55,717 - liquidity_analyzer - INFO - Saved market data to data/market_data_btcusdt.json
2024-11-29 16:12:55,736 - liquidity_analyzer - INFO - Saved market data to data/market_data_btcusdt.json
2024-11-29 16:12:55,755 - liquidity_analyzer - INFO - Saved market data to data/market_data_btcusdt.json
2024-11-29 16:12:55,775 - liquidity_analyzer - INFO - Saved market data to data/market_data_btcusdt.json
2024-11-29 16:12:55,795 - liquidity_analyzer - INFO - Saved market data to data/market_data_btcusdt.json
2024-11-29 16:12:55,814 - liquidity_analyzer - INFO - Saved market data to data/market_data_btcusdt.json
2024-11-29 16:12:55,834 - liquidity_analyzer - INFO - Saved market data to data/market_data_btcusdt.json
2024-11-29 16:12:55,854 - liquidity_analyzer - INFO - Saved market data to data/market_data_btcusdt.json
2024-11-29 16:12:55,875 - liquidity_analyzer - INFO - Saved market data to data/market_data_btcusdt.json
2024-11-29 16:12:55,895 - liquidity_analyzer - INFO - Saved market data to data/market_data_btcusdt.json
2024-11-29 16:12:55,915 - liquidity_analyzer - INFO - Saved market data to data/market_data_btcusdt.json
2024-11-29 16:12:55,935 - liquidity_analyzer - INFO - Saved market data to data/market_data_btcusdt.json
2024-11-29 16:12:55,954 - liquidity_analyzer - INFO - Saved market data to data/market_data_btcusdt.json
2024-11-29 16:12:55,974 - liquidity_analyzer - INFO - Saved market data to data/market_data_btcusdt.json
2024-11-29 16:12:55,993 - liquidity_analyzer - INFO - Saved market data to data/market_data_btcusdt.json
2024-11-29 16:12:56,013 - liquidity_analyzer - INFO - Saved market data to data/market_data_btcusdt.json
2024-11-29 16:12:56,032 - liquidity_analyzer - INFO - Saved market data to data/market_data_btcusdt.json
2024-11-29 16:12:56,052 - liquidity_analyzer - INFO - Saved market data to data/market_data_btcusdt.json
2024-11-29 16:12:56,072 - liquidity_analyzer - INFO - Saved market data to data/market_data_btcusdt.json
2024-11-29 16:12:56,091 - liquidity_analyzer - INFO - Saved market data to data/market_data_btcusdt.json
2024-11-29 16:12:56,111 - liquidity_analyzer - INFO - Saved market data to data/market_data_btcusdt.json
2024-11-29 16:12:56,131 - liquidity_analyzer - INFO - Saved market data to data/market_data_btcusdt.json
2024-11-29 16:12:56,151 - liquidity_analyzer - INFO - Saved market data to data/market_data_btcusdt.json
2024-11-29 16:12:56,171 - liquidity_analyzer - INFO - Saved market data to data/market_data_btcusdt.json
2024-11-29 16:12:56,190 - liquidity_analyzer - INFO - Saved market data to data/market_data_btcusdt.json
2024-11-29 16:12:56,210 - liquidity_analyzer - INFO - Saved market data to data/market_data_btcusdt.json
2024-11-29 16:12:56,230 - liquidity_analyzer - INFO - Saved market data to data/market_data_btcusdt.json
2024-11-29 16:12:56,249 - liquidity_analyzer - INFO - Saved market data to data/market_data_btcusdt.json
2024-11-29 16:12:56,269 - liquidity_analyzer - INFO - Saved market data to data/market_data_btcusdt.json
2024-11-29 16:12:56,289 - liquidity_analyzer - INFO - Saved market data to data/market_data_btcusdt.json
2024-11-29 16:12:56,308 - liquidity_analyzer - INFO - Saved market data to data/market_data_btcusdt.json
2024-11-29 16:12:56,328 - liquidity_analyzer - INFO - Saved market data to data/market_data_btcusdt.json
2024-11-29 16:12:56,348 - liquidity_analyzer - INFO - Saved market data to data/market_data_btcusdt.json
2024-11-29 16:12:56,368 - liquidity_analyzer - INFO - Saved market data to data/market_data_btcusdt.json
2024-11-29 16:13:26,369 - liquidity_analyzer - WARNING - WebSocket message timeout, reconnecting...
2024-11-29 16:13:26,369 - liquidity_analyzer - ERROR - Stream error: 'ClientConnection' object has no attribute 'fail_connection'
2024-11-29 16:13:26,369 - liquidity_analyzer - INFO - Reconnecting to WebSocket stream...
2024-11-29 16:13:31,370 - liquidity_analyzer - INFO - Loading 24-hour trade history for BTCUSDT
2024-11-29 16:13:31,500 - liquidity_analyzer - INFO - Retrieved 1000 valid trades within the last 24 hours
2024-11-29 16:13:31,509 - liquidity_analyzer - INFO - Successfully processed 1000 historical trades
2024-11-29 16:13:31,529 - liquidity_analyzer - INFO - Historical data verification passed
2024-11-29 16:13:32,287 - liquidity_analyzer - INFO - Saved market data to data/market_data_btcusdt.json
2024-11-29 16:13:32,363 - liquidity_analyzer - INFO - Saved market data to data/market_data_btcusdt.json
2024-11-29 16:13:32,523 - liquidity_analyzer - INFO - Saved market data to data/market_data_btcusdt.json
2024-11-29 16:13:32,627 - liquidity_analyzer - INFO - Saved market data to data/market_data_btcusdt.json
2024-11-29 16:13:32,714 - liquidity_analyzer - INFO - Saved market data to data/market_data_btcusdt.json
2024-11-29 16:13:32,837 - liquidity_analyzer - INFO - Saved market data to data/market_data_btcusdt.json
2024-11-29 16:13:32,864 - liquidity_analyzer - INFO - Saved market data to data/market_data_btcusdt.json
2024-11-29 16:13:32,893 - liquidity_analyzer - INFO - Saved market data to data/market_data_btcusdt.json
2024-11-29 16:13:32,969 - liquidity_analyzer - INFO - Saved market data to data/market_data_btcusdt.json
2024-11-29 16:13:33,014 - liquidity_analyzer - INFO - Saved market data to data/market_data_btcusdt.json
2024-11-29 16:13:33,047 - liquidity_analyzer - INFO - Saved market data to data/market_data_btcusdt.json
2024-11-29 16:13:33,080 - liquidity_analyzer - INFO - Saved market data to data/market_data_btcusdt.json
2024-11-29 16:13:33,150 - liquidity_analyzer - INFO - Saved market data to data/market_data_btcusdt.json
2024-11-29 16:13:33,261 - liquidity_analyzer - INFO - Saved market data to data/market_data_btcusdt.json
2024-11-29 16:13:33,367 - liquidity_analyzer - INFO - Saved market data to data/market_data_btcusdt.json
2024-11-29 16:13:33,476 - liquidity_analyzer - INFO - Saved market data to data/market_data_btcusdt.json
2024-11-29 16:13:33,602 - liquidity_analyzer - INFO - Saved market data to data/market_data_btcusdt.json
2024-11-29 16:13:33,681 - liquidity_analyzer - INFO - Saved market data to data/market_data_btcusdt.json
2024-11-29 16:13:33,754 - liquidity_analyzer - INFO - Saved market data to data/market_data_btcusdt.json
2024-11-29 16:13:33,832 - liquidity_analyzer - INFO - Saved market data to data/market_data_btcusdt.json
2024-11-29 16:13:33,911 - liquidity_analyzer - INFO - Saved market data to data/market_data_btcusdt.json
2024-11-29 16:13:33,949 - liquidity_analyzer - INFO - Saved market data to data/market_data_btcusdt.json
2024-11-29 16:13:33,979 - liquidity_analyzer - INFO - Saved market data to data/market_data_btcusdt.json
2024-11-29 16:13:34,009 - liquidity_analyzer - INFO - Saved market data to data/market_data_btcusdt.json
2024-11-29 16:13:34,042 - liquidity_analyzer - INFO - Saved market data to data/market_data_btcusdt.json
2024-11-29 16:13:34,073 - liquidity_analyzer - INFO - Saved market data to data/market_data_btcusdt.json
2024-11-29 16:13:34,102 - liquidity_analyzer - INFO - Saved market data to data/market_data_btcusdt.json
2024-11-29 16:13:34,154 - liquidity_analyzer - INFO - Saved market data to data/market_data_btcusdt.json
2024-11-29 16:13:34,211 - liquidity_analyzer - INFO - Saved market data to data/market_data_btcusdt.json
2024-11-29 16:13:34,257 - liquidity_analyzer - INFO - Saved market data to data/market_data_btcusdt.json
2024-11-29 16:13:34,303 - liquidity_analyzer - INFO - Saved market data to data/market_data_btcusdt.json
2024-11-29 16:13:34,353 - liquidity_analyzer - INFO - Saved market data to data/market_data_btcusdt.json
2024-11-29 16:13:34,460 - liquidity_analyzer - INFO - Saved market data to data/market_data_btcusdt.json
2024-11-29 16:13:34,549 - liquidity_analyzer - INFO - Saved market data to data/market_data_btcusdt.json
2024-11-29 16:13:34,582 - liquidity_analyzer - INFO - Saved market data to data/market_data_btcusdt.json
2024-11-29 16:13:34,616 - liquidity_analyzer - INFO - Saved market data to data/market_data_btcusdt.json
2024-11-29 16:13:34,683 - liquidity_analyzer - INFO - Saved market data to data/market_data_btcusdt.json
2024-11-29 16:13:34,743 - liquidity_analyzer - INFO - Saved market data to data/market_data_btcusdt.json
2024-11-29 16:13:34,772 - liquidity_analyzer - INFO - Saved market data to data/market_data_btcusdt.json
2024-11-29 16:13:34,805 - liquidity_analyzer - INFO - Saved market data to data/market_data_btcusdt.json
2024-11-29 16:13:34,842 - liquidity_analyzer - INFO - Saved market data to data/market_data_btcusdt.json
2024-11-29 16:13:34,877 - liquidity_analyzer - INFO - Saved market data to data/market_data_btcusdt.json
2024-11-29 16:13:34,910 - liquidity_analyzer - INFO - Saved market data to data/market_data_btcusdt.json
2024-11-29 16:13:34,938 - liquidity_analyzer - INFO - Saved market data to data/market_data_btcusdt.json
2024-11-29 16:13:34,966 - liquidity_analyzer - INFO - Saved market data to data/market_data_btcusdt.json
2024-11-29 16:13:34,994 - liquidity_analyzer - INFO - Saved market data to data/market_data_btcusdt.json
2024-11-29 16:13:35,024 - liquidity_analyzer - INFO - Saved market data to data/market_data_btcusdt.json
2024-11-29 16:13:35,062 - liquidity_analyzer - INFO - Saved market data to data/market_data_btcusdt.json
2024-11-29 16:13:35,096 - liquidity_analyzer - INFO - Saved market data to data/market_data_btcusdt.json
2024-11-29 16:13:35,123 - liquidity_analyzer - INFO - Saved market data to data/market_data_btcusdt.json
2024-11-29 16:13:35,151 - liquidity_analyzer - INFO - Saved market data to data/market_data_btcusdt.json
2024-11-29 16:13:35,251 - liquidity_analyzer - INFO - Saved market data to data/market_data_btcusdt.json
2024-11-29 16:13:35,353 - liquidity_analyzer - INFO - Saved market data to data/market_data_btcusdt.json
2024-11-29 16:13:35,435 - liquidity_analyzer - INFO - Saved market data to data/market_data_btcusdt.json
2024-11-29 16:13:35,503 - liquidity_analyzer - INFO - Saved market data to data/market_data_btcusdt.json
2024-11-29 16:13:35,612 - liquidity_analyzer - INFO - Saved market data to data/market_data_btcusdt.json
2024-11-29 16:13:35,722 - liquidity_analyzer - INFO - Saved market data to data/market_data_btcusdt.json
2024-11-29 16:13:35,778 - liquidity_analyzer - INFO - Saved market data to data/market_data_btcusdt.json
2024-11-29 16:13:35,839 - liquidity_analyzer - INFO - Saved market data to data/market_data_btcusdt.json
2024-11-29 16:13:35,873 - liquidity_analyzer - INFO - Saved market data to data/market_data_btcusdt.json
2024-11-29 16:13:35,907 - liquidity_analyzer - INFO - Saved market data to data/market_data_btcusdt.json
2024-11-29 16:13:35,942 - liquidity_analyzer - INFO - Saved market data to data/market_data_btcusdt.json
2024-11-29 16:13:35,977 - liquidity_analyzer - INFO - Saved market data to data/market_data_btcusdt.json
2024-11-29 16:13:36,018 - liquidity_analyzer - INFO - Saved market data to data/market_data_btcusdt.json
2024-11-29 16:13:36,059 - liquidity_analyzer - INFO - Saved market data to data/market_data_btcusdt.json
2024-11-29 16:13:36,098 - liquidity_analyzer - INFO - Saved market data to data/market_data_btcusdt.json
2024-11-29 16:13:36,131 - liquidity_analyzer - INFO - Saved market data to data/market_data_btcusdt.json
2024-11-29 16:13:36,159 - liquidity_analyzer - INFO - Saved market data to data/market_data_btcusdt.json
2024-11-29 16:13:36,187 - liquidity_analyzer - INFO - Saved market data to data/market_data_btcusdt.json
2024-11-29 16:13:36,215 - liquidity_analyzer - INFO - Saved market data to data/market_data_btcusdt.json
2024-11-29 16:13:36,242 - liquidity_analyzer - INFO - Saved market data to data/market_data_btcusdt.json
2024-11-29 16:13:36,269 - liquidity_analyzer - INFO - Saved market data to data/market_data_btcusdt.json
2024-11-29 16:13:36,298 - liquidity_analyzer - INFO - Saved market data to data/market_data_btcusdt.json
2024-11-29 16:13:36,328 - liquidity_analyzer - INFO - Saved market data to data/market_data_btcusdt.json
2024-11-29 16:13:36,357 - liquidity_analyzer - INFO - Saved market data to data/market_data_btcusdt.json
2024-11-29 16:13:36,384 - liquidity_analyzer - INFO - Saved market data to data/market_data_btcusdt.json
2024-11-29 16:13:36,412 - liquidity_analyzer - INFO - Saved market data to data/market_data_btcusdt.json
2024-11-29 16:13:36,439 - liquidity_analyzer - INFO - Saved market data to data/market_data_btcusdt.json
2024-11-29 16:13:36,467 - liquidity_analyzer - INFO - Saved market data to data/market_data_btcusdt.json
2024-11-29 16:13:36,494 - liquidity_analyzer - INFO - Saved market data to data/market_data_btcusdt.json
2024-11-29 16:13:36,521 - liquidity_analyzer - INFO - Saved market data to data/market_data_btcusdt.json
2024-11-29 16:13:36,549 - liquidity_analyzer - INFO - Saved market data to data/market_data_btcusdt.json
2024-11-29 16:13:36,576 - liquidity_analyzer - INFO - Saved market data to data/market_data_btcusdt.json
2024-11-29 16:13:36,604 - liquidity_analyzer - INFO - Saved market data to data/market_data_btcusdt.json
2024-11-29 16:13:36,633 - liquidity_analyzer - INFO - Saved market data to data/market_data_btcusdt.json
2024-11-29 16:13:36,661 - liquidity_analyzer - INFO - Saved market data to data/market_data_btcusdt.json
2024-11-29 16:13:36,691 - liquidity_analyzer - INFO - Saved market data to data/market_data_btcusdt.json
2024-11-29 16:13:36,720 - liquidity_analyzer - INFO - Saved market data to data/market_data_btcusdt.json
2024-11-29 16:13:36,755 - liquidity_analyzer - INFO - Saved market data to data/market_data_btcusdt.json
2024-11-29 16:13:36,785 - liquidity_analyzer - INFO - Saved market data to data/market_data_btcusdt.json
2024-11-29 16:13:36,815 - liquidity_analyzer - INFO - Saved market data to data/market_data_btcusdt.json
2024-11-29 16:13:36,853 - liquidity_analyzer - INFO - Saved market data to data/market_data_btcusdt.json
2024-11-29 16:13:36,886 - liquidity_analyzer - INFO - Saved market data to data/market_data_btcusdt.json
2024-11-29 16:13:36,916 - liquidity_analyzer - INFO - Saved market data to data/market_data_btcusdt.json
2024-11-29 16:13:36,945 - liquidity_analyzer - INFO - Saved market data to data/market_data_btcusdt.json
2024-11-29 16:13:36,974 - liquidity_analyzer - INFO - Saved market data to data/market_data_btcusdt.json
2024-11-29 16:13:37,001 - liquidity_analyzer - INFO - Saved market data to data/market_data_btcusdt.json
2024-11-29 16:13:37,028 - liquidity_analyzer - INFO - Saved market data to data/market_data_btcusdt.json
2024-11-29 16:13:37,056 - liquidity_analyzer - INFO - Saved market data to data/market_data_btcusdt.json
2024-11-29 16:13:37,057 - liquidity_analyzer - INFO - Processed 100 messages
2024-11-29 16:13:37,083 - liquidity_analyzer - INFO - Saved market data to data/market_data_btcusdt.json
2024-11-29 16:13:37,112 - liquidity_analyzer - INFO - Saved market data to data/market_data_btcusdt.json
2024-11-29 16:13:37,139 - liquidity_analyzer - INFO - Saved market data to data/market_data_btcusdt.json
2024-11-29 16:13:37,166 - liquidity_analyzer - INFO - Saved market data to data/market_data_btcusdt.json
2024-11-29 16:13:37,194 - liquidity_analyzer - INFO - Saved market data to data/market_data_btcusdt.json
2024-11-29 16:13:37,224 - liquidity_analyzer - INFO - Saved market data to data/market_data_btcusdt.json
2024-11-29 16:13:37,252 - liquidity_analyzer - INFO - Saved market data to data/market_data_btcusdt.json
2024-11-29 16:13:37,279 - liquidity_analyzer - INFO - Saved market data to data/market_data_btcusdt.json
2024-11-29 16:13:37,306 - liquidity_analyzer - INFO - Saved market data to data/market_data_btcusdt.json
2024-11-29 16:13:37,333 - liquidity_analyzer - INFO - Saved market data to data/market_data_btcusdt.json
2024-11-29 16:13:37,365 - liquidity_analyzer - INFO - Saved market data to data/market_data_btcusdt.json
2024-11-29 16:13:37,392 - liquidity_analyzer - INFO - Saved market data to data/market_data_btcusdt.json
2024-11-29 16:13:37,420 - liquidity_analyzer - INFO - Saved market data to data/market_data_btcusdt.json
2024-11-29 16:13:37,447 - liquidity_analyzer - INFO - Saved market data to data/market_data_btcusdt.json
2024-11-29 16:13:37,474 - liquidity_analyzer - INFO - Saved market data to data/market_data_btcusdt.json
2024-11-29 16:13:37,502 - liquidity_analyzer - INFO - Saved market data to data/market_data_btcusdt.json
2024-11-29 16:13:37,529 - liquidity_analyzer - INFO - Saved market data to data/market_data_btcusdt.json
2024-11-29 16:13:37,556 - liquidity_analyzer - INFO - Saved market data to data/market_data_btcusdt.json
2024-11-29 16:13:37,583 - liquidity_analyzer - INFO - Saved market data to data/market_data_btcusdt.json
2024-11-29 16:13:37,612 - liquidity_analyzer - INFO - Saved market data to data/market_data_btcusdt.json
2024-11-29 16:13:37,647 - liquidity_analyzer - INFO - Saved market data to data/market_data_btcusdt.json
2024-11-29 16:13:37,676 - liquidity_analyzer - INFO - Saved market data to data/market_data_btcusdt.json
2024-11-29 16:13:37,704 - liquidity_analyzer - INFO - Saved market data to data/market_data_btcusdt.json
2024-11-29 16:13:37,735 - liquidity_analyzer - INFO - Saved market data to data/market_data_btcusdt.json
2024-11-29 16:13:37,763 - liquidity_analyzer - INFO - Saved market data to data/market_data_btcusdt.json
2024-11-29 16:13:37,791 - liquidity_analyzer - INFO - Saved market data to data/market_data_btcusdt.json
2024-11-29 16:13:37,819 - liquidity_analyzer - INFO - Saved market data to data/market_data_btcusdt.json
2024-11-29 16:13:37,848 - liquidity_analyzer - INFO - Saved market data to data/market_data_btcusdt.json
2024-11-29 16:13:37,883 - liquidity_analyzer - INFO - Saved market data to data/market_data_btcusdt.json
2024-11-29 16:13:37,929 - liquidity_analyzer - INFO - Saved market data to data/market_data_btcusdt.json
2024-11-29 16:13:37,986 - liquidity_analyzer - INFO - Saved market data to data/market_data_btcusdt.json
2024-11-29 16:13:38,021 - liquidity_analyzer - INFO - Saved market data to data/market_data_btcusdt.json
2024-11-29 16:13:38,056 - liquidity_analyzer - INFO - Saved market data to data/market_data_btcusdt.json
2024-11-29 16:13:38,089 - liquidity_analyzer - INFO - Saved market data to data/market_data_btcusdt.json
2024-11-29 16:13:38,119 - liquidity_analyzer - INFO - Saved market data to data/market_data_btcusdt.json
2024-11-29 16:13:38,147 - liquidity_analyzer - INFO - Saved market data to data/market_data_btcusdt.json
2024-11-29 16:13:38,177 - liquidity_analyzer - INFO - Saved market data to data/market_data_btcusdt.json
2024-11-29 16:13:38,205 - liquidity_analyzer - INFO - Saved market data to data/market_data_btcusdt.json
2024-11-29 16:13:38,233 - liquidity_analyzer - INFO - Saved market data to data/market_data_btcusdt.json
2024-11-29 16:13:38,263 - liquidity_analyzer - INFO - Saved market data to data/market_data_btcusdt.json
2024-11-29 16:13:38,297 - liquidity_analyzer - INFO - Saved market data to data/market_data_btcusdt.json
2024-11-29 16:13:38,326 - liquidity_analyzer - INFO - Saved market data to data/market_data_btcusdt.json
2024-11-29 16:13:38,354 - liquidity_analyzer - INFO - Saved market data to data/market_data_btcusdt.json
2024-11-29 16:13:38,388 - liquidity_analyzer - INFO - Saved market data to data/market_data_btcusdt.json
2024-11-29 16:13:38,426 - liquidity_analyzer - INFO - Saved market data to data/market_data_btcusdt.json
2024-11-29 16:13:38,458 - liquidity_analyzer - INFO - Saved market data to data/market_data_btcusdt.json
2024-11-29 16:13:38,487 - liquidity_analyzer - INFO - Saved market data to data/market_data_btcusdt.json
2024-11-29 16:13:38,516 - liquidity_analyzer - INFO - Saved market data to data/market_data_btcusdt.json
2024-11-29 16:13:38,548 - liquidity_analyzer - INFO - Saved market data to data/market_data_btcusdt.json
2024-11-29 16:13:38,577 - liquidity_analyzer - INFO - Saved market data to data/market_data_btcusdt.json
2024-11-29 16:13:38,610 - liquidity_analyzer - INFO - Saved market data to data/market_data_btcusdt.json
2024-11-29 16:13:38,638 - liquidity_analyzer - INFO - Saved market data to data/market_data_btcusdt.json
2024-11-29 16:13:38,667 - liquidity_analyzer - INFO - Saved market data to data/market_data_btcusdt.json
2024-11-29 16:13:38,696 - liquidity_analyzer - INFO - Saved market data to data/market_data_btcusdt.json
2024-11-29 16:13:38,724 - liquidity_analyzer - INFO - Saved market data to data/market_data_btcusdt.json
2024-11-29 16:13:38,755 - liquidity_analyzer - INFO - Saved market data to data/market_data_btcusdt.json
2024-11-29 16:13:38,785 - liquidity_analyzer - INFO - Saved market data to data/market_data_btcusdt.json
2024-11-29 16:13:38,813 - liquidity_analyzer - INFO - Saved market data to data/market_data_btcusdt.json
2024-11-29 16:13:38,841 - liquidity_analyzer - INFO - Saved market data to data/market_data_btcusdt.json
2024-11-29 16:13:38,872 - liquidity_analyzer - INFO - Saved market data to data/market_data_btcusdt.json
2024-11-29 16:13:38,906 - liquidity_analyzer - INFO - Saved market data to data/market_data_btcusdt.json
2024-11-29 16:13:38,944 - liquidity_analyzer - INFO - Saved market data to data/market_data_btcusdt.json
2024-11-29 16:13:38,979 - liquidity_analyzer - INFO - Saved market data to data/market_data_btcusdt.json
2024-11-29 16:13:39,011 - liquidity_analyzer - INFO - Saved market data to data/market_data_btcusdt.json
2024-11-29 16:13:39,043 - liquidity_analyzer - INFO - Saved market data to data/market_data_btcusdt.json
2024-11-29 16:13:39,074 - liquidity_analyzer - INFO - Saved market data to data/market_data_btcusdt.json
2024-11-29 16:13:39,105 - liquidity_analyzer - INFO - Saved market data to data/market_data_btcusdt.json
2024-11-29 16:13:39,136 - liquidity_analyzer - INFO - Saved market data to data/market_data_btcusdt.json
2024-11-29 16:13:39,165 - liquidity_analyzer - INFO - Saved market data to data/market_data_btcusdt.json
2024-11-29 16:13:39,194 - liquidity_analyzer - INFO - Saved market data to data/market_data_btcusdt.json
2024-11-29 16:13:39,222 - liquidity_analyzer - INFO - Saved market data to data/market_data_btcusdt.json
2024-11-29 16:13:39,254 - liquidity_analyzer - INFO - Saved market data to data/market_data_btcusdt.json
2024-11-29 16:13:39,288 - liquidity_analyzer - INFO - Saved market data to data/market_data_btcusdt.json
2024-11-29 16:13:39,321 - liquidity_analyzer - INFO - Saved market data to data/market_data_btcusdt.json
2024-11-29 16:13:39,349 - liquidity_analyzer - INFO - Saved market data to data/market_data_btcusdt.json
2024-11-29 16:13:39,378 - liquidity_analyzer - INFO - Saved market data to data/market_data_btcusdt.json
2024-11-29 16:13:39,408 - liquidity_analyzer - INFO - Saved market data to data/market_data_btcusdt.json
2024-11-29 16:13:39,449 - liquidity_analyzer - INFO - Saved market data to data/market_data_btcusdt.json
2024-11-29 16:13:39,486 - liquidity_analyzer - INFO - Saved market data to data/market_data_btcusdt.json
2024-11-29 16:13:39,525 - liquidity_analyzer - INFO - Saved market data to data/market_data_btcusdt.json
2024-11-29 16:13:39,566 - liquidity_analyzer - INFO - Saved market data to data/market_data_btcusdt.json
2024-11-29 16:13:39,598 - liquidity_analyzer - INFO - Saved market data to data/market_data_btcusdt.json
2024-11-29 16:13:39,632 - liquidity_analyzer - INFO - Saved market data to data/market_data_btcusdt.json
2024-11-29 16:13:39,661 - liquidity_analyzer - INFO - Saved market data to data/market_data_btcusdt.json
2024-11-29 16:13:39,689 - liquidity_analyzer - INFO - Saved market data to data/market_data_btcusdt.json
2024-11-29 16:13:39,716 - liquidity_analyzer - INFO - Saved market data to data/market_data_btcusdt.json
2024-11-29 16:13:39,744 - liquidity_analyzer - INFO - Saved market data to data/market_data_btcusdt.json
2024-11-29 16:13:39,772 - liquidity_analyzer - INFO - Saved market data to data/market_data_btcusdt.json
2024-11-29 16:13:39,839 - liquidity_analyzer - INFO - Saved market data to data/market_data_btcusdt.json
2024-11-29 16:13:39,867 - liquidity_analyzer - INFO - Saved market data to data/market_data_btcusdt.json
2024-11-29 16:13:39,895 - liquidity_analyzer - INFO - Saved market data to data/market_data_btcusdt.json
2024-11-29 16:13:39,924 - liquidity_analyzer - INFO - Saved market data to data/market_data_btcusdt.json
2024-11-29 16:13:39,961 - liquidity_analyzer - INFO - Saved market data to data/market_data_btcusdt.json
2024-11-29 16:13:39,998 - liquidity_analyzer - INFO - Saved market data to data/market_data_btcusdt.json
2024-11-29 16:13:40,027 - liquidity_analyzer - INFO - Saved market data to data/market_data_btcusdt.json
2024-11-29 16:13:40,057 - liquidity_analyzer - INFO - Saved market data to data/market_data_btcusdt.json
2024-11-29 16:13:40,087 - liquidity_analyzer - INFO - Saved market data to data/market_data_btcusdt.json
2024-11-29 16:13:40,116 - liquidity_analyzer - INFO - Saved market data to data/market_data_btcusdt.json
2024-11-29 16:13:40,147 - liquidity_analyzer - INFO - Saved market data to data/market_data_btcusdt.json
2024-11-29 16:13:40,176 - liquidity_analyzer - INFO - Saved market data to data/market_data_btcusdt.json
2024-11-29 16:13:40,177 - liquidity_analyzer - INFO - Processed 200 messages
2024-11-29 16:13:40,207 - liquidity_analyzer - INFO - Saved market data to data/market_data_btcusdt.json
2024-11-29 16:13:40,235 - liquidity_analyzer - INFO - Saved market data to data/market_data_btcusdt.json
2024-11-29 16:13:40,264 - liquidity_analyzer - INFO - Saved market data to data/market_data_btcusdt.json
2024-11-29 16:13:40,302 - liquidity_analyzer - INFO - Saved market data to data/market_data_btcusdt.json
2024-11-29 16:13:40,338 - liquidity_analyzer - INFO - Saved market data to data/market_data_btcusdt.json
2024-11-29 16:13:40,368 - liquidity_analyzer - INFO - Saved market data to data/market_data_btcusdt.json
2024-11-29 16:13:40,398 - liquidity_analyzer - INFO - Saved market data to data/market_data_btcusdt.json
2024-11-29 16:13:40,426 - liquidity_analyzer - INFO - Saved market data to data/market_data_btcusdt.json
2024-11-29 16:13:40,466 - liquidity_analyzer - INFO - Saved market data to data/market_data_btcusdt.json
2024-11-29 16:13:40,518 - liquidity_analyzer - INFO - Saved market data to data/market_data_btcusdt.json
2024-11-29 16:13:40,561 - liquidity_analyzer - INFO - Saved market data to data/market_data_btcusdt.json
2024-11-29 16:13:40,591 - liquidity_analyzer - INFO - Saved market data to data/market_data_btcusdt.json
2024-11-29 16:13:40,622 - liquidity_analyzer - INFO - Saved market data to data/market_data_btcusdt.json
2024-11-29 16:13:40,651 - liquidity_analyzer - INFO - Saved market data to data/market_data_btcusdt.json
2024-11-29 16:13:40,681 - liquidity_analyzer - INFO - Saved market data to data/market_data_btcusdt.json
2024-11-29 16:13:40,710 - liquidity_analyzer - INFO - Saved market data to data/market_data_btcusdt.json
2024-11-29 16:13:40,739 - liquidity_analyzer - INFO - Saved market data to data/market_data_btcusdt.json
2024-11-29 16:13:40,768 - liquidity_analyzer - INFO - Saved market data to data/market_data_btcusdt.json
2024-11-29 16:13:40,797 - liquidity_analyzer - INFO - Saved market data to data/market_data_btcusdt.json
2024-11-29 16:13:40,826 - liquidity_analyzer - INFO - Saved market data to data/market_data_btcusdt.json
2024-11-29 16:13:40,858 - liquidity_analyzer - INFO - Saved market data to data/market_data_btcusdt.json
2024-11-29 16:13:40,886 - liquidity_analyzer - INFO - Saved market data to data/market_data_btcusdt.json
2024-11-29 16:13:40,915 - liquidity_analyzer - INFO - Saved market data to data/market_data_btcusdt.json
2024-11-29 16:13:40,943 - liquidity_analyzer - INFO - Saved market data to data/market_data_btcusdt.json
2024-11-29 16:13:40,980 - liquidity_analyzer - INFO - Saved market data to data/market_data_btcusdt.json
2024-11-29 16:13:41,011 - liquidity_analyzer - INFO - Saved market data to data/market_data_btcusdt.json
2024-11-29 16:13:41,046 - liquidity_analyzer - INFO - Saved market data to data/market_data_btcusdt.json
2024-11-29 16:13:41,075 - liquidity_analyzer - INFO - Saved market data to data/market_data_btcusdt.json
2024-11-29 16:13:41,104 - liquidity_analyzer - INFO - Saved market data to data/market_data_btcusdt.json
2024-11-29 16:13:41,132 - liquidity_analyzer - INFO - Saved market data to data/market_data_btcusdt.json
2024-11-29 16:13:41,161 - liquidity_analyzer - INFO - Saved market data to data/market_data_btcusdt.json
2024-11-29 16:13:41,191 - liquidity_analyzer - INFO - Saved market data to data/market_data_btcusdt.json
2024-11-29 16:13:41,221 - liquidity_analyzer - INFO - Saved market data to data/market_data_btcusdt.json
2024-11-29 16:13:41,250 - liquidity_analyzer - INFO - Saved market data to data/market_data_btcusdt.json
2024-11-29 16:13:41,281 - liquidity_analyzer - INFO - Saved market data to data/market_data_btcusdt.json
2024-11-29 16:13:41,310 - liquidity_analyzer - INFO - Saved market data to data/market_data_btcusdt.json
2024-11-29 16:13:41,341 - liquidity_analyzer - INFO - Saved market data to data/market_data_btcusdt.json
2024-11-29 16:13:41,373 - liquidity_analyzer - INFO - Saved market data to data/market_data_btcusdt.json
2024-11-29 16:13:41,401 - liquidity_analyzer - INFO - Saved market data to data/market_data_btcusdt.json
2024-11-29 16:13:41,429 - liquidity_analyzer - INFO - Saved market data to data/market_data_btcusdt.json
2024-11-29 16:13:41,457 - liquidity_analyzer - INFO - Saved market data to data/market_data_btcusdt.json
2024-11-29 16:13:41,489 - liquidity_analyzer - INFO - Saved market data to data/market_data_btcusdt.json
2024-11-29 16:13:41,518 - liquidity_analyzer - INFO - Saved market data to data/market_data_btcusdt.json
2024-11-29 16:13:41,548 - liquidity_analyzer - INFO - Saved market data to data/market_data_btcusdt.json
2024-11-29 16:13:41,577 - liquidity_analyzer - INFO - Saved market data to data/market_data_btcusdt.json
2024-11-29 16:13:41,606 - liquidity_analyzer - INFO - Saved market data to data/market_data_btcusdt.json
2024-11-29 16:13:41,635 - liquidity_analyzer - INFO - Saved market data to data/market_data_btcusdt.json
2024-11-29 16:13:41,665 - liquidity_analyzer - INFO - Saved market data to data/market_data_btcusdt.json
2024-11-29 16:13:41,694 - liquidity_analyzer - INFO - Saved market data to data/market_data_btcusdt.json
2024-11-29 16:13:41,723 - liquidity_analyzer - INFO - Saved market data to data/market_data_btcusdt.json
2024-11-29 16:13:41,752 - liquidity_analyzer - INFO - Saved market data to data/market_data_btcusdt.json
