2024-11-29 03:29:38,208 - liquidity_analyzer - DEBUG - Initializing MarketDataAnalyzer
2024-11-29 03:29:38,417 - liquidity_analyzer - INFO - Successfully initialized Binance client
2024-11-29 03:29:38,417 - liquidity_analyzer - INFO - Starting market stream for btcusdt
2024-11-29 03:29:38,417 - liquidity_analyzer - INFO - Loading 24-hour trade history for BTCUSDT
2024-11-29 03:29:38,540 - liquidity_analyzer - INFO - Retrieved 1000 valid trades within the last 24 hours
2024-11-29 03:29:38,548 - liquidity_analyzer - INFO - Successfully processed 1000 historical trades
2024-11-29 03:29:38,560 - liquidity_analyzer - INFO - Historical data verification passed
2024-11-29 03:29:43,045 - liquidity_analyzer - INFO - Processed 100 messages
2024-11-29 03:29:48,171 - liquidity_analyzer - INFO - Processed 200 messages
2024-11-29 03:29:55,545 - liquidity_analyzer - INFO - Processed 300 messages
2024-11-29 03:30:01,645 - liquidity_analyzer - INFO - Processed 400 messages
2024-11-29 03:30:04,299 - liquidity_analyzer - INFO - Processed 500 messages
2024-11-29 03:30:35,961 - liquidity_analyzer - WARNING - WebSocket message timeout, reconnecting...
2024-11-29 03:30:35,962 - liquidity_analyzer - ERROR - Stream error: 'ClientConnection' object has no attribute 'fail_connection'
2024-11-29 03:30:35,962 - liquidity_analyzer - INFO - Reconnecting to WebSocket stream...
2024-11-29 03:30:40,967 - liquidity_analyzer - INFO - Loading 24-hour trade history for BTCUSDT
2024-11-29 03:30:41,198 - liquidity_analyzer - INFO - Retrieved 997 valid trades within the last 24 hours
2024-11-29 03:30:41,201 - liquidity_analyzer - INFO - Successfully processed 997 historical trades
2024-11-29 03:30:41,210 - liquidity_analyzer - INFO - Historical data verification passed
2024-11-29 03:30:46,438 - liquidity_analyzer - INFO - Processed 100 messages
2024-11-29 03:31:18,001 - liquidity_analyzer - WARNING - WebSocket message timeout, reconnecting...
2024-11-29 03:31:18,003 - liquidity_analyzer - ERROR - Stream error: 'ClientConnection' object has no attribute 'fail_connection'
2024-11-29 03:31:18,003 - liquidity_analyzer - INFO - Reconnecting to WebSocket stream...
2024-11-29 03:31:23,005 - liquidity_analyzer - INFO - Loading 24-hour trade history for BTCUSDT
2024-11-29 03:31:23,136 - liquidity_analyzer - INFO - Retrieved 1000 valid trades within the last 24 hours
2024-11-29 03:31:23,140 - liquidity_analyzer - INFO - Successfully processed 1000 historical trades
2024-11-29 03:31:23,157 - liquidity_analyzer - INFO - Historical data verification passed
2024-11-29 03:31:31,251 - liquidity_analyzer - INFO - Processed 100 messages
2024-11-29 03:31:39,280 - liquidity_analyzer - INFO - Processed 200 messages
