2024-11-29 03:52:43,318 - liquidity_analyzer - DEBUG - Initializing MarketDataAnalyzer
2024-11-29 03:52:43,528 - liquidity_analyzer - INFO - Successfully initialized Binance client
2024-11-29 03:52:43,528 - liquidity_analyzer - INFO - Starting market stream for btcusdt
2024-11-29 03:52:43,528 - liquidity_analyzer - INFO - Loading 24-hour trade history for BTCUSDT
2024-11-29 03:52:43,659 - liquidity_analyzer - INFO - Retrieved 999 valid trades within the last 24 hours
2024-11-29 03:52:43,663 - liquidity_analyzer - INFO - Successfully processed 999 historical trades
2024-11-29 03:52:43,670 - liquidity_analyzer - INFO - Historical data verification passed
2024-11-29 03:52:44,354 - liquidity_analyzer - INFO - Saved market data to data/market_data_btcusdt.json
2024-11-29 03:52:44,458 - liquidity_analyzer - INFO - Saved market data to data/market_data_btcusdt.json
2024-11-29 03:52:44,492 - liquidity_analyzer - INFO - Saved market data to data/market_data_btcusdt.json
2024-11-29 03:52:44,563 - liquidity_analyzer - INFO - Saved market data to data/market_data_btcusdt.json
2024-11-29 03:52:44,639 - liquidity_analyzer - INFO - Saved market data to data/market_data_btcusdt.json
2024-11-29 03:52:44,678 - liquidity_analyzer - INFO - Saved market data to data/market_data_btcusdt.json
2024-11-29 03:52:44,736 - liquidity_analyzer - INFO - Saved market data to data/market_data_btcusdt.json
2024-11-29 03:52:44,830 - liquidity_analyzer - INFO - Saved market data to data/market_data_btcusdt.json
2024-11-29 03:52:44,958 - liquidity_analyzer - INFO - Saved market data to data/market_data_btcusdt.json
2024-11-29 03:52:45,420 - liquidity_analyzer - INFO - Saved market data to data/market_data_btcusdt.json
2024-11-29 03:52:45,467 - liquidity_analyzer - INFO - Saved market data to data/market_data_btcusdt.json
2024-11-29 03:52:45,548 - liquidity_analyzer - INFO - Saved market data to data/market_data_btcusdt.json
2024-11-29 03:52:45,597 - liquidity_analyzer - INFO - Saved market data to data/market_data_btcusdt.json
2024-11-29 03:52:45,633 - liquidity_analyzer - INFO - Saved market data to data/market_data_btcusdt.json
2024-11-29 03:52:45,665 - liquidity_analyzer - INFO - Saved market data to data/market_data_btcusdt.json
2024-11-29 03:52:45,692 - liquidity_analyzer - INFO - Saved market data to data/market_data_btcusdt.json
2024-11-29 03:52:45,731 - liquidity_analyzer - INFO - Saved market data to data/market_data_btcusdt.json
2024-11-29 03:52:45,758 - liquidity_analyzer - INFO - Saved market data to data/market_data_btcusdt.json
2024-11-29 03:52:45,786 - liquidity_analyzer - INFO - Saved market data to data/market_data_btcusdt.json
2024-11-29 03:52:45,813 - liquidity_analyzer - INFO - Saved market data to data/market_data_btcusdt.json
2024-11-29 03:52:45,839 - liquidity_analyzer - INFO - Saved market data to data/market_data_btcusdt.json
2024-11-29 03:52:45,874 - liquidity_analyzer - INFO - Saved market data to data/market_data_btcusdt.json
2024-11-29 03:52:45,936 - liquidity_analyzer - INFO - Saved market data to data/market_data_btcusdt.json
2024-11-29 03:52:46,106 - liquidity_analyzer - INFO - Saved market data to data/market_data_btcusdt.json
2024-11-29 03:52:46,163 - liquidity_analyzer - INFO - Saved market data to data/market_data_btcusdt.json
2024-11-29 03:52:46,351 - liquidity_analyzer - INFO - Saved market data to data/market_data_btcusdt.json
2024-11-29 03:52:46,382 - liquidity_analyzer - INFO - Saved market data to data/market_data_btcusdt.json
2024-11-29 03:52:46,424 - liquidity_analyzer - INFO - Saved market data to data/market_data_btcusdt.json
2024-11-29 03:52:46,496 - liquidity_analyzer - INFO - Saved market data to data/market_data_btcusdt.json
2024-11-29 03:52:46,683 - liquidity_analyzer - INFO - Saved market data to data/market_data_btcusdt.json
2024-11-29 03:52:46,921 - liquidity_analyzer - INFO - Saved market data to data/market_data_btcusdt.json
2024-11-29 03:52:46,943 - liquidity_analyzer - INFO - Saved market data to data/market_data_btcusdt.json
2024-11-29 03:52:46,967 - liquidity_analyzer - INFO - Saved market data to data/market_data_btcusdt.json
2024-11-29 03:52:46,992 - liquidity_analyzer - INFO - Saved market data to data/market_data_btcusdt.json
2024-11-29 03:52:47,024 - liquidity_analyzer - INFO - Saved market data to data/market_data_btcusdt.json
2024-11-29 03:52:47,063 - liquidity_analyzer - INFO - Saved market data to data/market_data_btcusdt.json
2024-11-29 03:52:47,096 - liquidity_analyzer - INFO - Saved market data to data/market_data_btcusdt.json
2024-11-29 03:52:47,123 - liquidity_analyzer - INFO - Saved market data to data/market_data_btcusdt.json
2024-11-29 03:52:47,148 - liquidity_analyzer - INFO - Saved market data to data/market_data_btcusdt.json
2024-11-29 03:52:47,173 - liquidity_analyzer - INFO - Saved market data to data/market_data_btcusdt.json
2024-11-29 03:52:47,251 - liquidity_analyzer - INFO - Saved market data to data/market_data_btcusdt.json
2024-11-29 03:52:47,278 - liquidity_analyzer - INFO - Saved market data to data/market_data_btcusdt.json
2024-11-29 03:52:47,301 - liquidity_analyzer - INFO - Saved market data to data/market_data_btcusdt.json
2024-11-29 03:52:47,345 - liquidity_analyzer - INFO - Saved market data to data/market_data_btcusdt.json
2024-11-29 03:52:47,372 - liquidity_analyzer - INFO - Saved market data to data/market_data_btcusdt.json
2024-11-29 03:52:47,477 - liquidity_analyzer - INFO - Saved market data to data/market_data_btcusdt.json
2024-11-29 03:52:47,642 - liquidity_analyzer - INFO - Saved market data to data/market_data_btcusdt.json
2024-11-29 03:52:47,779 - liquidity_analyzer - INFO - Saved market data to data/market_data_btcusdt.json
2024-11-29 03:52:47,806 - liquidity_analyzer - INFO - Saved market data to data/market_data_btcusdt.json
2024-11-29 03:52:47,832 - liquidity_analyzer - INFO - Saved market data to data/market_data_btcusdt.json
2024-11-29 03:52:47,861 - liquidity_analyzer - INFO - Saved market data to data/market_data_btcusdt.json
2024-11-29 03:52:47,885 - liquidity_analyzer - INFO - Saved market data to data/market_data_btcusdt.json
2024-11-29 03:52:47,910 - liquidity_analyzer - INFO - Saved market data to data/market_data_btcusdt.json
2024-11-29 03:52:47,935 - liquidity_analyzer - INFO - Saved market data to data/market_data_btcusdt.json
2024-11-29 03:52:48,034 - liquidity_analyzer - INFO - Saved market data to data/market_data_btcusdt.json
2024-11-29 03:52:48,126 - liquidity_analyzer - INFO - Saved market data to data/market_data_btcusdt.json
2024-11-29 03:52:48,172 - liquidity_analyzer - INFO - Saved market data to data/market_data_btcusdt.json
2024-11-29 03:52:48,208 - liquidity_analyzer - INFO - Saved market data to data/market_data_btcusdt.json
2024-11-29 03:52:48,261 - liquidity_analyzer - INFO - Saved market data to data/market_data_btcusdt.json
2024-11-29 03:52:48,299 - liquidity_analyzer - INFO - Saved market data to data/market_data_btcusdt.json
2024-11-29 03:52:48,377 - liquidity_analyzer - INFO - Saved market data to data/market_data_btcusdt.json
2024-11-29 03:52:48,500 - liquidity_analyzer - INFO - Saved market data to data/market_data_btcusdt.json
2024-11-29 03:52:48,665 - liquidity_analyzer - INFO - Saved market data to data/market_data_btcusdt.json
2024-11-29 03:52:48,698 - liquidity_analyzer - INFO - Saved market data to data/market_data_btcusdt.json
2024-11-29 03:52:48,804 - liquidity_analyzer - INFO - Saved market data to data/market_data_btcusdt.json
2024-11-29 03:52:48,831 - liquidity_analyzer - INFO - Saved market data to data/market_data_btcusdt.json
2024-11-29 03:52:48,857 - liquidity_analyzer - INFO - Saved market data to data/market_data_btcusdt.json
2024-11-29 03:52:48,888 - liquidity_analyzer - INFO - Saved market data to data/market_data_btcusdt.json
2024-11-29 03:52:48,976 - liquidity_analyzer - INFO - Saved market data to data/market_data_btcusdt.json
2024-11-29 03:52:49,125 - liquidity_analyzer - INFO - Saved market data to data/market_data_btcusdt.json
2024-11-29 03:52:49,169 - liquidity_analyzer - INFO - Saved market data to data/market_data_btcusdt.json
2024-11-29 03:52:49,238 - liquidity_analyzer - INFO - Saved market data to data/market_data_btcusdt.json
2024-11-29 03:52:49,279 - liquidity_analyzer - INFO - Saved market data to data/market_data_btcusdt.json
2024-11-29 03:52:49,310 - liquidity_analyzer - INFO - Saved market data to data/market_data_btcusdt.json
2024-11-29 03:52:49,342 - liquidity_analyzer - INFO - Saved market data to data/market_data_btcusdt.json
2024-11-29 03:52:49,369 - liquidity_analyzer - INFO - Saved market data to data/market_data_btcusdt.json
2024-11-29 03:52:49,394 - liquidity_analyzer - INFO - Saved market data to data/market_data_btcusdt.json
2024-11-29 03:52:49,419 - liquidity_analyzer - INFO - Saved market data to data/market_data_btcusdt.json
2024-11-29 03:52:49,445 - liquidity_analyzer - INFO - Saved market data to data/market_data_btcusdt.json
2024-11-29 03:52:49,471 - liquidity_analyzer - INFO - Saved market data to data/market_data_btcusdt.json
2024-11-29 03:52:49,496 - liquidity_analyzer - INFO - Saved market data to data/market_data_btcusdt.json
2024-11-29 03:52:49,582 - liquidity_analyzer - INFO - Saved market data to data/market_data_btcusdt.json
2024-11-29 03:52:49,861 - liquidity_analyzer - INFO - Saved market data to data/market_data_btcusdt.json
2024-11-29 03:52:49,965 - liquidity_analyzer - INFO - Saved market data to data/market_data_btcusdt.json
2024-11-29 03:52:50,011 - liquidity_analyzer - INFO - Saved market data to data/market_data_btcusdt.json
2024-11-29 03:52:50,057 - liquidity_analyzer - INFO - Saved market data to data/market_data_btcusdt.json
2024-11-29 03:52:50,101 - liquidity_analyzer - INFO - Saved market data to data/market_data_btcusdt.json
2024-11-29 03:52:50,135 - liquidity_analyzer - INFO - Saved market data to data/market_data_btcusdt.json
2024-11-29 03:52:50,178 - liquidity_analyzer - INFO - Saved market data to data/market_data_btcusdt.json
2024-11-29 03:52:50,218 - liquidity_analyzer - INFO - Saved market data to data/market_data_btcusdt.json
2024-11-29 03:52:50,253 - liquidity_analyzer - INFO - Saved market data to data/market_data_btcusdt.json
2024-11-29 03:52:50,288 - liquidity_analyzer - INFO - Saved market data to data/market_data_btcusdt.json
2024-11-29 03:52:50,321 - liquidity_analyzer - INFO - Saved market data to data/market_data_btcusdt.json
2024-11-29 03:52:50,355 - liquidity_analyzer - INFO - Saved market data to data/market_data_btcusdt.json
2024-11-29 03:52:50,435 - liquidity_analyzer - INFO - Saved market data to data/market_data_btcusdt.json
2024-11-29 03:52:50,545 - liquidity_analyzer - INFO - Saved market data to data/market_data_btcusdt.json
2024-11-29 03:52:50,745 - liquidity_analyzer - INFO - Saved market data to data/market_data_btcusdt.json
2024-11-29 03:52:50,798 - liquidity_analyzer - INFO - Saved market data to data/market_data_btcusdt.json
2024-11-29 03:52:50,849 - liquidity_analyzer - INFO - Saved market data to data/market_data_btcusdt.json
2024-11-29 03:52:50,851 - liquidity_analyzer - INFO - Processed 100 messages
2024-11-29 03:52:51,021 - liquidity_analyzer - INFO - Saved market data to data/market_data_btcusdt.json
2024-11-29 03:52:51,089 - liquidity_analyzer - INFO - Saved market data to data/market_data_btcusdt.json
2024-11-29 03:52:51,363 - liquidity_analyzer - INFO - Saved market data to data/market_data_btcusdt.json
2024-11-29 03:52:51,591 - liquidity_analyzer - INFO - Saved market data to data/market_data_btcusdt.json
2024-11-29 03:52:51,648 - liquidity_analyzer - INFO - Saved market data to data/market_data_btcusdt.json
2024-11-29 03:52:51,735 - liquidity_analyzer - INFO - Saved market data to data/market_data_btcusdt.json
2024-11-29 03:52:51,864 - liquidity_analyzer - INFO - Saved market data to data/market_data_btcusdt.json
2024-11-29 03:52:52,150 - liquidity_analyzer - INFO - Saved market data to data/market_data_btcusdt.json
2024-11-29 03:52:52,223 - liquidity_analyzer - INFO - Saved market data to data/market_data_btcusdt.json
2024-11-29 03:52:52,328 - liquidity_analyzer - INFO - Saved market data to data/market_data_btcusdt.json
2024-11-29 03:52:52,529 - liquidity_analyzer - INFO - Saved market data to data/market_data_btcusdt.json
2024-11-29 03:52:52,606 - liquidity_analyzer - INFO - Saved market data to data/market_data_btcusdt.json
2024-11-29 03:52:52,697 - liquidity_analyzer - INFO - Saved market data to data/market_data_btcusdt.json
2024-11-29 03:52:52,766 - liquidity_analyzer - INFO - Saved market data to data/market_data_btcusdt.json
2024-11-29 03:52:52,814 - liquidity_analyzer - INFO - Saved market data to data/market_data_btcusdt.json
2024-11-29 03:52:52,892 - liquidity_analyzer - INFO - Saved market data to data/market_data_btcusdt.json
2024-11-29 03:52:52,936 - liquidity_analyzer - INFO - Saved market data to data/market_data_btcusdt.json
2024-11-29 03:52:53,386 - liquidity_analyzer - INFO - Saved market data to data/market_data_btcusdt.json
2024-11-29 03:52:53,420 - liquidity_analyzer - INFO - Saved market data to data/market_data_btcusdt.json
2024-11-29 03:52:53,456 - liquidity_analyzer - INFO - Saved market data to data/market_data_btcusdt.json
2024-11-29 03:52:53,490 - liquidity_analyzer - INFO - Saved market data to data/market_data_btcusdt.json
2024-11-29 03:52:53,523 - liquidity_analyzer - INFO - Saved market data to data/market_data_btcusdt.json
2024-11-29 03:52:53,564 - liquidity_analyzer - INFO - Saved market data to data/market_data_btcusdt.json
2024-11-29 03:52:53,596 - liquidity_analyzer - INFO - Saved market data to data/market_data_btcusdt.json
2024-11-29 03:52:53,694 - liquidity_analyzer - INFO - Saved market data to data/market_data_btcusdt.json
2024-11-29 03:52:53,848 - liquidity_analyzer - INFO - Saved market data to data/market_data_btcusdt.json
2024-11-29 03:52:54,442 - liquidity_analyzer - INFO - Saved market data to data/market_data_btcusdt.json
2024-11-29 03:52:54,964 - liquidity_analyzer - INFO - Saved market data to data/market_data_btcusdt.json
2024-11-29 03:52:55,057 - liquidity_analyzer - INFO - Saved market data to data/market_data_btcusdt.json
2024-11-29 03:52:55,430 - liquidity_analyzer - INFO - Saved market data to data/market_data_btcusdt.json
2024-11-29 03:52:55,631 - liquidity_analyzer - INFO - Saved market data to data/market_data_btcusdt.json
2024-11-29 03:52:55,819 - liquidity_analyzer - INFO - Saved market data to data/market_data_btcusdt.json
2024-11-29 03:52:56,062 - liquidity_analyzer - INFO - Saved market data to data/market_data_btcusdt.json
2024-11-29 03:52:56,396 - liquidity_analyzer - INFO - Saved market data to data/market_data_btcusdt.json
2024-11-29 03:52:56,674 - liquidity_analyzer - INFO - Saved market data to data/market_data_btcusdt.json
2024-11-29 03:52:56,721 - liquidity_analyzer - INFO - Saved market data to data/market_data_btcusdt.json
2024-11-29 03:52:56,940 - liquidity_analyzer - INFO - Saved market data to data/market_data_btcusdt.json
2024-11-29 03:52:57,180 - liquidity_analyzer - INFO - Saved market data to data/market_data_btcusdt.json
2024-11-29 03:52:57,365 - liquidity_analyzer - INFO - Saved market data to data/market_data_btcusdt.json
2024-11-29 03:52:57,559 - liquidity_analyzer - INFO - Saved market data to data/market_data_btcusdt.json
2024-11-29 03:52:57,752 - liquidity_analyzer - INFO - Saved market data to data/market_data_btcusdt.json
2024-11-29 03:52:57,860 - liquidity_analyzer - INFO - Saved market data to data/market_data_btcusdt.json
2024-11-29 03:52:57,920 - liquidity_analyzer - INFO - Saved market data to data/market_data_btcusdt.json
2024-11-29 03:52:58,017 - liquidity_analyzer - INFO - Saved market data to data/market_data_btcusdt.json
2024-11-29 03:52:58,169 - liquidity_analyzer - INFO - Saved market data to data/market_data_btcusdt.json
2024-11-29 03:52:58,251 - liquidity_analyzer - INFO - Saved market data to data/market_data_btcusdt.json
2024-11-29 03:52:58,344 - liquidity_analyzer - INFO - Saved market data to data/market_data_btcusdt.json
2024-11-29 03:52:58,656 - liquidity_analyzer - INFO - Saved market data to data/market_data_btcusdt.json
2024-11-29 03:52:58,703 - liquidity_analyzer - INFO - Saved market data to data/market_data_btcusdt.json
2024-11-29 03:52:58,737 - liquidity_analyzer - INFO - Saved market data to data/market_data_btcusdt.json
2024-11-29 03:52:58,769 - liquidity_analyzer - INFO - Saved market data to data/market_data_btcusdt.json
2024-11-29 03:52:58,799 - liquidity_analyzer - INFO - Saved market data to data/market_data_btcusdt.json
2024-11-29 03:52:58,831 - liquidity_analyzer - INFO - Saved market data to data/market_data_btcusdt.json
2024-11-29 03:52:58,864 - liquidity_analyzer - INFO - Saved market data to data/market_data_btcusdt.json
2024-11-29 03:52:58,905 - liquidity_analyzer - INFO - Saved market data to data/market_data_btcusdt.json
2024-11-29 03:52:58,945 - liquidity_analyzer - INFO - Saved market data to data/market_data_btcusdt.json
2024-11-29 03:52:58,987 - liquidity_analyzer - INFO - Saved market data to data/market_data_btcusdt.json
2024-11-29 03:52:59,029 - liquidity_analyzer - INFO - Saved market data to data/market_data_btcusdt.json
2024-11-29 03:52:59,077 - liquidity_analyzer - INFO - Saved market data to data/market_data_btcusdt.json
2024-11-29 03:52:59,115 - liquidity_analyzer - INFO - Saved market data to data/market_data_btcusdt.json
2024-11-29 03:52:59,148 - liquidity_analyzer - INFO - Saved market data to data/market_data_btcusdt.json
2024-11-29 03:52:59,177 - liquidity_analyzer - INFO - Saved market data to data/market_data_btcusdt.json
2024-11-29 03:52:59,202 - liquidity_analyzer - INFO - Saved market data to data/market_data_btcusdt.json
2024-11-29 03:52:59,226 - liquidity_analyzer - INFO - Saved market data to data/market_data_btcusdt.json
2024-11-29 03:52:59,254 - liquidity_analyzer - INFO - Saved market data to data/market_data_btcusdt.json
2024-11-29 03:52:59,278 - liquidity_analyzer - INFO - Saved market data to data/market_data_btcusdt.json
2024-11-29 03:52:59,302 - liquidity_analyzer - INFO - Saved market data to data/market_data_btcusdt.json
2024-11-29 03:52:59,328 - liquidity_analyzer - INFO - Saved market data to data/market_data_btcusdt.json
2024-11-29 03:52:59,359 - liquidity_analyzer - INFO - Saved market data to data/market_data_btcusdt.json
2024-11-29 03:52:59,384 - liquidity_analyzer - INFO - Saved market data to data/market_data_btcusdt.json
2024-11-29 03:52:59,408 - liquidity_analyzer - INFO - Saved market data to data/market_data_btcusdt.json
2024-11-29 03:52:59,434 - liquidity_analyzer - INFO - Saved market data to data/market_data_btcusdt.json
2024-11-29 03:52:59,459 - liquidity_analyzer - INFO - Saved market data to data/market_data_btcusdt.json
2024-11-29 03:52:59,483 - liquidity_analyzer - INFO - Saved market data to data/market_data_btcusdt.json
2024-11-29 03:52:59,578 - liquidity_analyzer - INFO - Saved market data to data/market_data_btcusdt.json
2024-11-29 03:52:59,647 - liquidity_analyzer - INFO - Saved market data to data/market_data_btcusdt.json
2024-11-29 03:52:59,685 - liquidity_analyzer - INFO - Saved market data to data/market_data_btcusdt.json
2024-11-29 03:52:59,728 - liquidity_analyzer - INFO - Saved market data to data/market_data_btcusdt.json
2024-11-29 03:52:59,773 - liquidity_analyzer - INFO - Saved market data to data/market_data_btcusdt.json
2024-11-29 03:52:59,962 - liquidity_analyzer - INFO - Saved market data to data/market_data_btcusdt.json
2024-11-29 03:53:00,218 - liquidity_analyzer - INFO - Saved market data to data/market_data_btcusdt.json
2024-11-29 03:53:00,433 - liquidity_analyzer - INFO - Saved market data to data/market_data_btcusdt.json
2024-11-29 03:53:00,486 - liquidity_analyzer - INFO - Saved market data to data/market_data_btcusdt.json
2024-11-29 03:53:00,515 - liquidity_analyzer - INFO - Saved market data to data/market_data_btcusdt.json
2024-11-29 03:53:00,542 - liquidity_analyzer - INFO - Saved market data to data/market_data_btcusdt.json
2024-11-29 03:53:00,570 - liquidity_analyzer - INFO - Saved market data to data/market_data_btcusdt.json
2024-11-29 03:53:00,601 - liquidity_analyzer - INFO - Saved market data to data/market_data_btcusdt.json
2024-11-29 03:53:00,630 - liquidity_analyzer - INFO - Saved market data to data/market_data_btcusdt.json
2024-11-29 03:53:00,657 - liquidity_analyzer - INFO - Saved market data to data/market_data_btcusdt.json
2024-11-29 03:53:00,697 - liquidity_analyzer - INFO - Saved market data to data/market_data_btcusdt.json
2024-11-29 03:53:00,755 - liquidity_analyzer - INFO - Saved market data to data/market_data_btcusdt.json
2024-11-29 03:53:00,795 - liquidity_analyzer - INFO - Saved market data to data/market_data_btcusdt.json
2024-11-29 03:53:00,832 - liquidity_analyzer - INFO - Saved market data to data/market_data_btcusdt.json
2024-11-29 03:53:00,871 - liquidity_analyzer - INFO - Saved market data to data/market_data_btcusdt.json
2024-11-29 03:53:00,905 - liquidity_analyzer - INFO - Saved market data to data/market_data_btcusdt.json
2024-11-29 03:53:00,964 - liquidity_analyzer - INFO - Saved market data to data/market_data_btcusdt.json
2024-11-29 03:53:01,026 - liquidity_analyzer - INFO - Saved market data to data/market_data_btcusdt.json
2024-11-29 03:53:01,090 - liquidity_analyzer - INFO - Saved market data to data/market_data_btcusdt.json
2024-11-29 03:53:01,216 - liquidity_analyzer - INFO - Saved market data to data/market_data_btcusdt.json
2024-11-29 03:53:01,259 - liquidity_analyzer - INFO - Saved market data to data/market_data_btcusdt.json
2024-11-29 03:53:01,259 - liquidity_analyzer - INFO - Processed 200 messages
2024-11-29 03:53:01,293 - liquidity_analyzer - INFO - Saved market data to data/market_data_btcusdt.json
2024-11-29 03:53:01,335 - liquidity_analyzer - INFO - Saved market data to data/market_data_btcusdt.json
2024-11-29 03:53:01,377 - liquidity_analyzer - INFO - Saved market data to data/market_data_btcusdt.json
2024-11-29 03:53:01,410 - liquidity_analyzer - INFO - Saved market data to data/market_data_btcusdt.json
2024-11-29 03:53:01,446 - liquidity_analyzer - INFO - Saved market data to data/market_data_btcusdt.json
2024-11-29 03:53:01,479 - liquidity_analyzer - INFO - Saved market data to data/market_data_btcusdt.json
2024-11-29 03:53:01,513 - liquidity_analyzer - INFO - Saved market data to data/market_data_btcusdt.json
2024-11-29 03:53:01,555 - liquidity_analyzer - INFO - Saved market data to data/market_data_btcusdt.json
2024-11-29 03:53:01,584 - liquidity_analyzer - INFO - Saved market data to data/market_data_btcusdt.json
2024-11-29 03:53:01,609 - liquidity_analyzer - INFO - Saved market data to data/market_data_btcusdt.json
2024-11-29 03:53:01,635 - liquidity_analyzer - INFO - Saved market data to data/market_data_btcusdt.json
2024-11-29 03:53:01,682 - liquidity_analyzer - INFO - Saved market data to data/market_data_btcusdt.json
2024-11-29 03:53:01,713 - liquidity_analyzer - INFO - Saved market data to data/market_data_btcusdt.json
2024-11-29 03:53:01,762 - liquidity_analyzer - INFO - Saved market data to data/market_data_btcusdt.json
2024-11-29 03:53:01,806 - liquidity_analyzer - INFO - Saved market data to data/market_data_btcusdt.json
2024-11-29 03:53:01,850 - liquidity_analyzer - INFO - Saved market data to data/market_data_btcusdt.json
2024-11-29 03:53:01,967 - liquidity_analyzer - INFO - Saved market data to data/market_data_btcusdt.json
2024-11-29 03:53:02,024 - liquidity_analyzer - INFO - Saved market data to data/market_data_btcusdt.json
2024-11-29 03:53:02,340 - liquidity_analyzer - INFO - Saved market data to data/market_data_btcusdt.json
2024-11-29 03:53:02,387 - liquidity_analyzer - INFO - Saved market data to data/market_data_btcusdt.json
2024-11-29 03:53:02,422 - liquidity_analyzer - INFO - Saved market data to data/market_data_btcusdt.json
2024-11-29 03:53:02,476 - liquidity_analyzer - INFO - Saved market data to data/market_data_btcusdt.json
2024-11-29 03:53:02,510 - liquidity_analyzer - INFO - Saved market data to data/market_data_btcusdt.json
2024-11-29 03:53:02,541 - liquidity_analyzer - INFO - Saved market data to data/market_data_btcusdt.json
2024-11-29 03:53:02,573 - liquidity_analyzer - INFO - Saved market data to data/market_data_btcusdt.json
2024-11-29 03:53:02,603 - liquidity_analyzer - INFO - Saved market data to data/market_data_btcusdt.json
2024-11-29 03:53:02,635 - liquidity_analyzer - INFO - Saved market data to data/market_data_btcusdt.json
2024-11-29 03:53:02,742 - liquidity_analyzer - INFO - Saved market data to data/market_data_btcusdt.json
2024-11-29 03:53:02,795 - liquidity_analyzer - INFO - Saved market data to data/market_data_btcusdt.json
2024-11-29 03:53:02,884 - liquidity_analyzer - INFO - Saved market data to data/market_data_btcusdt.json
2024-11-29 03:53:02,949 - liquidity_analyzer - INFO - Saved market data to data/market_data_btcusdt.json
2024-11-29 03:53:03,039 - liquidity_analyzer - INFO - Saved market data to data/market_data_btcusdt.json
2024-11-29 03:53:03,171 - liquidity_analyzer - INFO - Saved market data to data/market_data_btcusdt.json
2024-11-29 03:53:03,287 - liquidity_analyzer - INFO - Saved market data to data/market_data_btcusdt.json
2024-11-29 03:53:03,347 - liquidity_analyzer - INFO - Saved market data to data/market_data_btcusdt.json
2024-11-29 03:53:03,434 - liquidity_analyzer - INFO - Saved market data to data/market_data_btcusdt.json
2024-11-29 03:53:03,501 - liquidity_analyzer - INFO - Saved market data to data/market_data_btcusdt.json
2024-11-29 03:53:03,537 - liquidity_analyzer - INFO - Saved market data to data/market_data_btcusdt.json
2024-11-29 03:53:03,575 - liquidity_analyzer - INFO - Saved market data to data/market_data_btcusdt.json
2024-11-29 03:53:03,632 - liquidity_analyzer - INFO - Saved market data to data/market_data_btcusdt.json
2024-11-29 03:53:03,669 - liquidity_analyzer - INFO - Saved market data to data/market_data_btcusdt.json
2024-11-29 03:53:03,704 - liquidity_analyzer - INFO - Saved market data to data/market_data_btcusdt.json
2024-11-29 03:53:03,736 - liquidity_analyzer - INFO - Saved market data to data/market_data_btcusdt.json
2024-11-29 03:53:03,767 - liquidity_analyzer - INFO - Saved market data to data/market_data_btcusdt.json
2024-11-29 03:53:03,799 - liquidity_analyzer - INFO - Saved market data to data/market_data_btcusdt.json
2024-11-29 03:53:03,826 - liquidity_analyzer - INFO - Saved market data to data/market_data_btcusdt.json
2024-11-29 03:53:03,853 - liquidity_analyzer - INFO - Saved market data to data/market_data_btcusdt.json
2024-11-29 03:53:03,878 - liquidity_analyzer - INFO - Saved market data to data/market_data_btcusdt.json
2024-11-29 03:53:03,902 - liquidity_analyzer - INFO - Saved market data to data/market_data_btcusdt.json
2024-11-29 03:53:03,927 - liquidity_analyzer - INFO - Saved market data to data/market_data_btcusdt.json
2024-11-29 03:53:03,957 - liquidity_analyzer - INFO - Saved market data to data/market_data_btcusdt.json
2024-11-29 03:53:04,033 - liquidity_analyzer - INFO - Saved market data to data/market_data_btcusdt.json
2024-11-29 03:53:04,126 - liquidity_analyzer - INFO - Saved market data to data/market_data_btcusdt.json
2024-11-29 03:53:04,275 - liquidity_analyzer - INFO - Saved market data to data/market_data_btcusdt.json
2024-11-29 03:53:04,342 - liquidity_analyzer - INFO - Saved market data to data/market_data_btcusdt.json
2024-11-29 03:53:04,396 - liquidity_analyzer - INFO - Saved market data to data/market_data_btcusdt.json
2024-11-29 03:53:04,450 - liquidity_analyzer - INFO - Saved market data to data/market_data_btcusdt.json
2024-11-29 03:53:04,617 - liquidity_analyzer - INFO - Saved market data to data/market_data_btcusdt.json
2024-11-29 03:53:04,672 - liquidity_analyzer - INFO - Saved market data to data/market_data_btcusdt.json
2024-11-29 03:53:04,957 - liquidity_analyzer - INFO - Saved market data to data/market_data_btcusdt.json
2024-11-29 03:53:05,052 - liquidity_analyzer - INFO - Saved market data to data/market_data_btcusdt.json
2024-11-29 03:53:05,319 - liquidity_analyzer - INFO - Saved market data to data/market_data_btcusdt.json
2024-11-29 03:53:05,411 - liquidity_analyzer - INFO - Saved market data to data/market_data_btcusdt.json
2024-11-29 03:53:05,696 - liquidity_analyzer - INFO - Saved market data to data/market_data_btcusdt.json
2024-11-29 03:53:06,110 - liquidity_analyzer - INFO - Saved market data to data/market_data_btcusdt.json
2024-11-29 03:53:06,212 - liquidity_analyzer - INFO - Saved market data to data/market_data_btcusdt.json
2024-11-29 03:53:06,260 - liquidity_analyzer - INFO - Saved market data to data/market_data_btcusdt.json
2024-11-29 03:53:06,313 - liquidity_analyzer - INFO - Saved market data to data/market_data_btcusdt.json
2024-11-29 03:53:06,692 - liquidity_analyzer - INFO - Saved market data to data/market_data_btcusdt.json
2024-11-29 03:53:06,769 - liquidity_analyzer - INFO - Saved market data to data/market_data_btcusdt.json
2024-11-29 03:53:07,050 - liquidity_analyzer - INFO - Saved market data to data/market_data_btcusdt.json
2024-11-29 03:53:07,336 - liquidity_analyzer - INFO - Saved market data to data/market_data_btcusdt.json
2024-11-29 03:53:07,423 - liquidity_analyzer - INFO - Saved market data to data/market_data_btcusdt.json
2024-11-29 03:53:07,477 - liquidity_analyzer - INFO - Saved market data to data/market_data_btcusdt.json
2024-11-29 03:53:07,576 - liquidity_analyzer - INFO - Saved market data to data/market_data_btcusdt.json
2024-11-29 03:53:07,681 - liquidity_analyzer - INFO - Saved market data to data/market_data_btcusdt.json
2024-11-29 03:53:07,740 - liquidity_analyzer - INFO - Saved market data to data/market_data_btcusdt.json
2024-11-29 03:53:07,796 - liquidity_analyzer - INFO - Saved market data to data/market_data_btcusdt.json
2024-11-29 03:53:07,864 - liquidity_analyzer - INFO - Saved market data to data/market_data_btcusdt.json
2024-11-29 03:53:08,087 - liquidity_analyzer - INFO - Saved market data to data/market_data_btcusdt.json
2024-11-29 03:53:08,490 - liquidity_analyzer - INFO - Saved market data to data/market_data_btcusdt.json
2024-11-29 03:53:08,904 - liquidity_analyzer - INFO - Saved market data to data/market_data_btcusdt.json
2024-11-29 03:53:09,267 - liquidity_analyzer - INFO - Saved market data to data/market_data_btcusdt.json
2024-11-29 03:53:09,381 - liquidity_analyzer - INFO - Saved market data to data/market_data_btcusdt.json
2024-11-29 03:53:09,701 - liquidity_analyzer - INFO - Saved market data to data/market_data_btcusdt.json
2024-11-29 03:53:09,984 - liquidity_analyzer - INFO - Saved market data to data/market_data_btcusdt.json
2024-11-29 03:53:10,141 - liquidity_analyzer - INFO - Saved market data to data/market_data_btcusdt.json
2024-11-29 03:53:10,207 - liquidity_analyzer - INFO - Saved market data to data/market_data_btcusdt.json
2024-11-29 03:53:10,297 - liquidity_analyzer - INFO - Saved market data to data/market_data_btcusdt.json
2024-11-29 03:53:10,537 - liquidity_analyzer - INFO - Saved market data to data/market_data_btcusdt.json
2024-11-29 03:53:10,789 - liquidity_analyzer - INFO - Saved market data to data/market_data_btcusdt.json
2024-11-29 03:53:10,885 - liquidity_analyzer - INFO - Saved market data to data/market_data_btcusdt.json
2024-11-29 03:53:10,936 - liquidity_analyzer - INFO - Saved market data to data/market_data_btcusdt.json
2024-11-29 03:53:11,031 - liquidity_analyzer - INFO - Saved market data to data/market_data_btcusdt.json
2024-11-29 03:53:11,216 - liquidity_analyzer - INFO - Saved market data to data/market_data_btcusdt.json
2024-11-29 03:53:11,539 - liquidity_analyzer - INFO - Saved market data to data/market_data_btcusdt.json
2024-11-29 03:53:11,859 - liquidity_analyzer - INFO - Saved market data to data/market_data_btcusdt.json
2024-11-29 03:53:12,093 - liquidity_analyzer - INFO - Saved market data to data/market_data_btcusdt.json
2024-11-29 03:53:12,466 - liquidity_analyzer - INFO - Saved market data to data/market_data_btcusdt.json
2024-11-29 03:53:12,598 - liquidity_analyzer - INFO - Saved market data to data/market_data_btcusdt.json
2024-11-29 03:53:12,599 - liquidity_analyzer - INFO - Processed 300 messages
2024-11-29 03:53:12,839 - liquidity_analyzer - INFO - Saved market data to data/market_data_btcusdt.json
2024-11-29 03:53:13,062 - liquidity_analyzer - INFO - Saved market data to data/market_data_btcusdt.json
2024-11-29 03:53:13,138 - liquidity_analyzer - INFO - Saved market data to data/market_data_btcusdt.json
2024-11-29 03:53:13,185 - liquidity_analyzer - INFO - Saved market data to data/market_data_btcusdt.json
2024-11-29 03:53:13,229 - liquidity_analyzer - INFO - Saved market data to data/market_data_btcusdt.json
2024-11-29 03:53:13,306 - liquidity_analyzer - INFO - Saved market data to data/market_data_btcusdt.json
2024-11-29 03:53:13,424 - liquidity_analyzer - INFO - Saved market data to data/market_data_btcusdt.json
2024-11-29 03:53:13,664 - liquidity_analyzer - INFO - Saved market data to data/market_data_btcusdt.json
2024-11-29 03:53:13,842 - liquidity_analyzer - INFO - Saved market data to data/market_data_btcusdt.json
2024-11-29 03:53:13,919 - liquidity_analyzer - INFO - Saved market data to data/market_data_btcusdt.json
2024-11-29 03:53:14,032 - liquidity_analyzer - INFO - Saved market data to data/market_data_btcusdt.json
2024-11-29 03:53:14,092 - liquidity_analyzer - INFO - Saved market data to data/market_data_btcusdt.json
2024-11-29 03:53:14,321 - liquidity_analyzer - INFO - Saved market data to data/market_data_btcusdt.json
2024-11-29 03:53:14,454 - liquidity_analyzer - INFO - Saved market data to data/market_data_btcusdt.json
2024-11-29 03:53:14,839 - liquidity_analyzer - INFO - Saved market data to data/market_data_btcusdt.json
2024-11-29 03:53:14,931 - liquidity_analyzer - INFO - Saved market data to data/market_data_btcusdt.json
2024-11-29 03:53:15,014 - liquidity_analyzer - INFO - Saved market data to data/market_data_btcusdt.json
2024-11-29 03:53:15,061 - liquidity_analyzer - INFO - Saved market data to data/market_data_btcusdt.json
2024-11-29 03:53:15,127 - liquidity_analyzer - INFO - Saved market data to data/market_data_btcusdt.json
2024-11-29 03:53:15,175 - liquidity_analyzer - INFO - Saved market data to data/market_data_btcusdt.json
2024-11-29 03:53:15,221 - liquidity_analyzer - INFO - Saved market data to data/market_data_btcusdt.json
2024-11-29 03:53:15,291 - liquidity_analyzer - INFO - Saved market data to data/market_data_btcusdt.json
2024-11-29 03:53:15,460 - liquidity_analyzer - INFO - Saved market data to data/market_data_btcusdt.json
2024-11-29 03:53:15,520 - liquidity_analyzer - INFO - Saved market data to data/market_data_btcusdt.json
2024-11-29 03:53:15,722 - liquidity_analyzer - INFO - Saved market data to data/market_data_btcusdt.json
2024-11-29 03:53:15,823 - liquidity_analyzer - INFO - Saved market data to data/market_data_btcusdt.json
2024-11-29 03:53:15,915 - liquidity_analyzer - INFO - Saved market data to data/market_data_btcusdt.json
2024-11-29 03:53:16,461 - liquidity_analyzer - INFO - Saved market data to data/market_data_btcusdt.json
2024-11-29 03:53:16,708 - liquidity_analyzer - INFO - Saved market data to data/market_data_btcusdt.json
2024-11-29 03:53:16,958 - liquidity_analyzer - INFO - Saved market data to data/market_data_btcusdt.json
2024-11-29 03:53:17,376 - liquidity_analyzer - INFO - Saved market data to data/market_data_btcusdt.json
2024-11-29 03:53:17,563 - liquidity_analyzer - INFO - Saved market data to data/market_data_btcusdt.json
2024-11-29 03:53:17,876 - liquidity_analyzer - INFO - Saved market data to data/market_data_btcusdt.json
2024-11-29 03:53:18,256 - liquidity_analyzer - INFO - Saved market data to data/market_data_btcusdt.json
2024-11-29 03:53:18,770 - liquidity_analyzer - INFO - Saved market data to data/market_data_btcusdt.json
2024-11-29 03:53:18,929 - liquidity_analyzer - INFO - Saved market data to data/market_data_btcusdt.json
2024-11-29 03:53:19,760 - liquidity_analyzer - INFO - Saved market data to data/market_data_btcusdt.json
2024-11-29 03:53:20,160 - liquidity_analyzer - INFO - Saved market data to data/market_data_btcusdt.json
2024-11-29 03:53:20,380 - liquidity_analyzer - INFO - Saved market data to data/market_data_btcusdt.json
2024-11-29 03:53:20,519 - liquidity_analyzer - INFO - Saved market data to data/market_data_btcusdt.json
2024-11-29 03:53:20,595 - liquidity_analyzer - INFO - Saved market data to data/market_data_btcusdt.json
2024-11-29 03:53:20,873 - liquidity_analyzer - INFO - Saved market data to data/market_data_btcusdt.json
2024-11-29 03:53:21,117 - liquidity_analyzer - INFO - Saved market data to data/market_data_btcusdt.json
2024-11-29 03:53:21,189 - liquidity_analyzer - INFO - Saved market data to data/market_data_btcusdt.json
2024-11-29 03:53:21,231 - liquidity_analyzer - INFO - Saved market data to data/market_data_btcusdt.json
2024-11-29 03:53:21,269 - liquidity_analyzer - INFO - Saved market data to data/market_data_btcusdt.json
2024-11-29 03:53:21,318 - liquidity_analyzer - INFO - Saved market data to data/market_data_btcusdt.json
2024-11-29 03:53:21,381 - liquidity_analyzer - INFO - Saved market data to data/market_data_btcusdt.json
2024-11-29 03:53:21,441 - liquidity_analyzer - INFO - Saved market data to data/market_data_btcusdt.json
2024-11-29 03:53:21,495 - liquidity_analyzer - INFO - Saved market data to data/market_data_btcusdt.json
2024-11-29 03:53:21,556 - liquidity_analyzer - INFO - Saved market data to data/market_data_btcusdt.json
2024-11-29 03:53:21,632 - liquidity_analyzer - INFO - Saved market data to data/market_data_btcusdt.json
2024-11-29 03:53:21,739 - liquidity_analyzer - INFO - Saved market data to data/market_data_btcusdt.json
2024-11-29 03:53:21,786 - liquidity_analyzer - INFO - Saved market data to data/market_data_btcusdt.json
2024-11-29 03:53:21,866 - liquidity_analyzer - INFO - Saved market data to data/market_data_btcusdt.json
2024-11-29 03:53:22,101 - liquidity_analyzer - INFO - Saved market data to data/market_data_btcusdt.json
2024-11-29 03:53:22,323 - liquidity_analyzer - INFO - Saved market data to data/market_data_btcusdt.json
2024-11-29 03:53:22,399 - liquidity_analyzer - INFO - Saved market data to data/market_data_btcusdt.json
2024-11-29 03:53:22,571 - liquidity_analyzer - INFO - Saved market data to data/market_data_btcusdt.json
2024-11-29 03:53:23,096 - liquidity_analyzer - INFO - Saved market data to data/market_data_btcusdt.json
2024-11-29 03:53:23,464 - liquidity_analyzer - INFO - Saved market data to data/market_data_btcusdt.json
2024-11-29 03:53:23,903 - liquidity_analyzer - INFO - Saved market data to data/market_data_btcusdt.json
2024-11-29 03:53:24,391 - liquidity_analyzer - INFO - Saved market data to data/market_data_btcusdt.json
2024-11-29 03:53:24,450 - liquidity_analyzer - INFO - Saved market data to data/market_data_btcusdt.json
2024-11-29 03:53:24,957 - liquidity_analyzer - INFO - Saved market data to data/market_data_btcusdt.json
2024-11-29 03:53:25,390 - liquidity_analyzer - INFO - Saved market data to data/market_data_btcusdt.json
2024-11-29 03:53:25,880 - liquidity_analyzer - INFO - Saved market data to data/market_data_btcusdt.json
2024-11-29 03:53:26,233 - liquidity_analyzer - INFO - Saved market data to data/market_data_btcusdt.json
2024-11-29 03:53:26,679 - liquidity_analyzer - INFO - Saved market data to data/market_data_btcusdt.json
2024-11-29 03:53:26,805 - liquidity_analyzer - INFO - Saved market data to data/market_data_btcusdt.json
2024-11-29 03:53:27,489 - liquidity_analyzer - INFO - Saved market data to data/market_data_btcusdt.json
2024-11-29 03:53:27,557 - liquidity_analyzer - INFO - Saved market data to data/market_data_btcusdt.json
2024-11-29 03:53:28,198 - liquidity_analyzer - INFO - Saved market data to data/market_data_btcusdt.json
2024-11-29 03:53:28,647 - liquidity_analyzer - INFO - Saved market data to data/market_data_btcusdt.json
2024-11-29 03:53:28,908 - liquidity_analyzer - INFO - Saved market data to data/market_data_btcusdt.json
2024-11-29 03:53:29,151 - liquidity_analyzer - INFO - Saved market data to data/market_data_btcusdt.json
2024-11-29 03:53:29,642 - liquidity_analyzer - INFO - Saved market data to data/market_data_btcusdt.json
2024-11-29 03:53:29,796 - liquidity_analyzer - INFO - Saved market data to data/market_data_btcusdt.json
2024-11-29 03:53:30,352 - liquidity_analyzer - INFO - Saved market data to data/market_data_btcusdt.json
2024-11-29 03:53:30,721 - liquidity_analyzer - INFO - Saved market data to data/market_data_btcusdt.json
2024-11-29 03:53:31,154 - liquidity_analyzer - INFO - Saved market data to data/market_data_btcusdt.json
2024-11-29 03:53:31,766 - liquidity_analyzer - INFO - Saved market data to data/market_data_btcusdt.json
2024-11-29 03:53:32,092 - liquidity_analyzer - INFO - Saved market data to data/market_data_btcusdt.json
2024-11-29 03:53:32,521 - liquidity_analyzer - INFO - Saved market data to data/market_data_btcusdt.json
2024-11-29 03:53:32,731 - liquidity_analyzer - INFO - Saved market data to data/market_data_btcusdt.json
2024-11-29 03:53:33,128 - liquidity_analyzer - INFO - Saved market data to data/market_data_btcusdt.json
2024-11-29 03:53:33,352 - liquidity_analyzer - INFO - Saved market data to data/market_data_btcusdt.json
2024-11-29 03:53:33,451 - liquidity_analyzer - INFO - Saved market data to data/market_data_btcusdt.json
2024-11-29 03:53:33,797 - liquidity_analyzer - INFO - Saved market data to data/market_data_btcusdt.json
2024-11-29 03:53:33,933 - liquidity_analyzer - INFO - Saved market data to data/market_data_btcusdt.json
2024-11-29 03:53:34,204 - liquidity_analyzer - INFO - Saved market data to data/market_data_btcusdt.json
2024-11-29 03:53:34,450 - liquidity_analyzer - INFO - Saved market data to data/market_data_btcusdt.json
2024-11-29 03:53:34,538 - liquidity_analyzer - INFO - Saved market data to data/market_data_btcusdt.json
2024-11-29 03:53:34,587 - liquidity_analyzer - INFO - Saved market data to data/market_data_btcusdt.json
2024-11-29 03:53:34,667 - liquidity_analyzer - INFO - Saved market data to data/market_data_btcusdt.json
2024-11-29 03:53:34,873 - liquidity_analyzer - INFO - Saved market data to data/market_data_btcusdt.json
2024-11-29 03:53:35,246 - liquidity_analyzer - INFO - Saved market data to data/market_data_btcusdt.json
2024-11-29 03:53:35,313 - liquidity_analyzer - INFO - Saved market data to data/market_data_btcusdt.json
2024-11-29 03:53:35,372 - liquidity_analyzer - INFO - Saved market data to data/market_data_btcusdt.json
2024-11-29 03:53:35,525 - liquidity_analyzer - INFO - Saved market data to data/market_data_btcusdt.json
2024-11-29 03:53:35,526 - liquidity_analyzer - INFO - Processed 400 messages
2024-11-29 03:53:36,130 - liquidity_analyzer - INFO - Saved market data to data/market_data_btcusdt.json
2024-11-29 03:53:36,460 - liquidity_analyzer - INFO - Saved market data to data/market_data_btcusdt.json
2024-11-29 03:53:36,653 - liquidity_analyzer - INFO - Saved market data to data/market_data_btcusdt.json
2024-11-29 03:53:36,710 - liquidity_analyzer - INFO - Saved market data to data/market_data_btcusdt.json
2024-11-29 03:53:36,818 - liquidity_analyzer - INFO - Saved market data to data/market_data_btcusdt.json
2024-11-29 03:53:36,880 - liquidity_analyzer - INFO - Saved market data to data/market_data_btcusdt.json
2024-11-29 03:53:36,961 - liquidity_analyzer - INFO - Saved market data to data/market_data_btcusdt.json
2024-11-29 03:53:37,084 - liquidity_analyzer - INFO - Saved market data to data/market_data_btcusdt.json
2024-11-29 03:53:37,389 - liquidity_analyzer - INFO - Saved market data to data/market_data_btcusdt.json
2024-11-29 03:53:37,491 - liquidity_analyzer - INFO - Saved market data to data/market_data_btcusdt.json
2024-11-29 03:53:37,563 - liquidity_analyzer - INFO - Saved market data to data/market_data_btcusdt.json
2024-11-29 03:53:37,640 - liquidity_analyzer - INFO - Saved market data to data/market_data_btcusdt.json
2024-11-29 03:53:37,915 - liquidity_analyzer - INFO - Saved market data to data/market_data_btcusdt.json
2024-11-29 03:53:38,033 - liquidity_analyzer - INFO - Saved market data to data/market_data_btcusdt.json
2024-11-29 03:53:38,089 - liquidity_analyzer - INFO - Saved market data to data/market_data_btcusdt.json
2024-11-29 03:53:38,140 - liquidity_analyzer - INFO - Saved market data to data/market_data_btcusdt.json
2024-11-29 03:53:38,231 - liquidity_analyzer - INFO - Saved market data to data/market_data_btcusdt.json
2024-11-29 03:53:38,640 - liquidity_analyzer - INFO - Saved market data to data/market_data_btcusdt.json
2024-11-29 03:53:38,765 - liquidity_analyzer - INFO - Saved market data to data/market_data_btcusdt.json
2024-11-29 03:53:38,814 - liquidity_analyzer - INFO - Saved market data to data/market_data_btcusdt.json
2024-11-29 03:53:38,885 - liquidity_analyzer - INFO - Saved market data to data/market_data_btcusdt.json
2024-11-29 03:53:38,985 - liquidity_analyzer - INFO - Saved market data to data/market_data_btcusdt.json
2024-11-29 03:53:39,477 - liquidity_analyzer - INFO - Saved market data to data/market_data_btcusdt.json
2024-11-29 03:53:39,904 - liquidity_analyzer - INFO - Saved market data to data/market_data_btcusdt.json
2024-11-29 03:53:40,280 - liquidity_analyzer - INFO - Saved market data to data/market_data_btcusdt.json
2024-11-29 03:53:40,420 - liquidity_analyzer - INFO - Saved market data to data/market_data_btcusdt.json
2024-11-29 03:53:40,752 - liquidity_analyzer - INFO - Saved market data to data/market_data_btcusdt.json
2024-11-29 03:53:40,849 - liquidity_analyzer - INFO - Saved market data to data/market_data_btcusdt.json
2024-11-29 03:53:40,899 - liquidity_analyzer - INFO - Saved market data to data/market_data_btcusdt.json
2024-11-29 03:53:40,960 - liquidity_analyzer - INFO - Saved market data to data/market_data_btcusdt.json
2024-11-29 03:53:41,282 - liquidity_analyzer - INFO - Saved market data to data/market_data_btcusdt.json
2024-11-29 03:53:41,343 - liquidity_analyzer - INFO - Saved market data to data/market_data_btcusdt.json
2024-11-29 03:53:41,410 - liquidity_analyzer - INFO - Saved market data to data/market_data_btcusdt.json
2024-11-29 03:53:41,460 - liquidity_analyzer - INFO - Saved market data to data/market_data_btcusdt.json
2024-11-29 03:53:41,621 - liquidity_analyzer - INFO - Saved market data to data/market_data_btcusdt.json
2024-11-29 03:53:41,950 - liquidity_analyzer - INFO - Saved market data to data/market_data_btcusdt.json
2024-11-29 03:53:42,380 - liquidity_analyzer - INFO - Saved market data to data/market_data_btcusdt.json
2024-11-29 03:53:42,448 - liquidity_analyzer - INFO - Saved market data to data/market_data_btcusdt.json
2024-11-29 03:53:42,541 - liquidity_analyzer - INFO - Saved market data to data/market_data_btcusdt.json
2024-11-29 03:53:42,594 - liquidity_analyzer - INFO - Saved market data to data/market_data_btcusdt.json
2024-11-29 03:53:42,649 - liquidity_analyzer - INFO - Saved market data to data/market_data_btcusdt.json
2024-11-29 03:53:42,750 - liquidity_analyzer - INFO - Saved market data to data/market_data_btcusdt.json
2024-11-29 03:53:43,221 - liquidity_analyzer - INFO - Saved market data to data/market_data_btcusdt.json
2024-11-29 03:53:43,556 - liquidity_analyzer - INFO - Saved market data to data/market_data_btcusdt.json
2024-11-29 03:53:43,711 - liquidity_analyzer - INFO - Saved market data to data/market_data_btcusdt.json
2024-11-29 03:53:43,829 - liquidity_analyzer - INFO - Saved market data to data/market_data_btcusdt.json
2024-11-29 03:53:44,338 - liquidity_analyzer - INFO - Saved market data to data/market_data_btcusdt.json
2024-11-29 03:53:44,802 - liquidity_analyzer - INFO - Saved market data to data/market_data_btcusdt.json
2024-11-29 03:53:45,319 - liquidity_analyzer - INFO - Saved market data to data/market_data_btcusdt.json
2024-11-29 03:53:45,703 - liquidity_analyzer - INFO - Saved market data to data/market_data_btcusdt.json
2024-11-29 03:53:46,160 - liquidity_analyzer - INFO - Saved market data to data/market_data_btcusdt.json
2024-11-29 03:53:46,742 - liquidity_analyzer - INFO - Saved market data to data/market_data_btcusdt.json
2024-11-29 03:53:47,037 - liquidity_analyzer - INFO - Saved market data to data/market_data_btcusdt.json
2024-11-29 03:53:48,035 - liquidity_analyzer - INFO - Saved market data to data/market_data_btcusdt.json
2024-11-29 03:53:48,194 - liquidity_analyzer - INFO - Saved market data to data/market_data_btcusdt.json
2024-11-29 03:53:48,796 - liquidity_analyzer - INFO - Saved market data to data/market_data_btcusdt.json
2024-11-29 03:53:49,328 - liquidity_analyzer - INFO - Saved market data to data/market_data_btcusdt.json
2024-11-29 03:53:49,938 - liquidity_analyzer - INFO - Saved market data to data/market_data_btcusdt.json
2024-11-29 03:53:50,397 - liquidity_analyzer - INFO - Saved market data to data/market_data_btcusdt.json
2024-11-29 03:54:20,400 - liquidity_analyzer - WARNING - WebSocket message timeout, reconnecting...
2024-11-29 03:54:20,401 - liquidity_analyzer - ERROR - Stream error: 'ClientConnection' object has no attribute 'fail_connection'
2024-11-29 03:54:20,401 - liquidity_analyzer - INFO - Reconnecting to WebSocket stream...
2024-11-29 03:54:25,402 - liquidity_analyzer - INFO - Loading 24-hour trade history for BTCUSDT
2024-11-29 03:54:25,641 - liquidity_analyzer - INFO - Retrieved 999 valid trades within the last 24 hours
2024-11-29 03:54:25,648 - liquidity_analyzer - INFO - Successfully processed 999 historical trades
2024-11-29 03:54:25,664 - liquidity_analyzer - INFO - Historical data verification passed
2024-11-29 03:54:26,408 - liquidity_analyzer - INFO - Saved market data to data/market_data_btcusdt.json
2024-11-29 03:54:26,442 - liquidity_analyzer - INFO - Saved market data to data/market_data_btcusdt.json
2024-11-29 03:54:26,470 - liquidity_analyzer - INFO - Saved market data to data/market_data_btcusdt.json
2024-11-29 03:54:26,497 - liquidity_analyzer - INFO - Saved market data to data/market_data_btcusdt.json
2024-11-29 03:54:26,525 - liquidity_analyzer - INFO - Saved market data to data/market_data_btcusdt.json
2024-11-29 03:54:26,556 - liquidity_analyzer - INFO - Saved market data to data/market_data_btcusdt.json
2024-11-29 03:54:26,619 - liquidity_analyzer - INFO - Saved market data to data/market_data_btcusdt.json
2024-11-29 03:54:26,939 - liquidity_analyzer - INFO - Saved market data to data/market_data_btcusdt.json
2024-11-29 03:54:27,016 - liquidity_analyzer - INFO - Saved market data to data/market_data_btcusdt.json
2024-11-29 03:54:27,311 - liquidity_analyzer - INFO - Saved market data to data/market_data_btcusdt.json
2024-11-29 03:54:27,600 - liquidity_analyzer - INFO - Saved market data to data/market_data_btcusdt.json
2024-11-29 03:54:27,748 - liquidity_analyzer - INFO - Saved market data to data/market_data_btcusdt.json
2024-11-29 03:54:27,843 - liquidity_analyzer - INFO - Saved market data to data/market_data_btcusdt.json
2024-11-29 03:54:28,219 - liquidity_analyzer - INFO - Saved market data to data/market_data_btcusdt.json
2024-11-29 03:54:28,570 - liquidity_analyzer - INFO - Saved market data to data/market_data_btcusdt.json
2024-11-29 03:54:28,711 - liquidity_analyzer - INFO - Saved market data to data/market_data_btcusdt.json
2024-11-29 03:54:29,020 - liquidity_analyzer - INFO - Saved market data to data/market_data_btcusdt.json
2024-11-29 03:54:29,094 - liquidity_analyzer - INFO - Saved market data to data/market_data_btcusdt.json
2024-11-29 03:54:29,319 - liquidity_analyzer - INFO - Saved market data to data/market_data_btcusdt.json
2024-11-29 03:54:29,585 - liquidity_analyzer - INFO - Saved market data to data/market_data_btcusdt.json
2024-11-29 03:54:29,674 - liquidity_analyzer - INFO - Saved market data to data/market_data_btcusdt.json
2024-11-29 03:54:29,729 - liquidity_analyzer - INFO - Saved market data to data/market_data_btcusdt.json
2024-11-29 03:54:29,886 - liquidity_analyzer - INFO - Saved market data to data/market_data_btcusdt.json
2024-11-29 03:54:30,279 - liquidity_analyzer - INFO - Saved market data to data/market_data_btcusdt.json
2024-11-29 03:54:30,736 - liquidity_analyzer - INFO - Saved market data to data/market_data_btcusdt.json
2024-11-29 03:54:31,205 - liquidity_analyzer - INFO - Saved market data to data/market_data_btcusdt.json
2024-11-29 03:54:31,671 - liquidity_analyzer - INFO - Saved market data to data/market_data_btcusdt.json
2024-11-29 03:54:32,350 - liquidity_analyzer - INFO - Saved market data to data/market_data_btcusdt.json
2024-11-29 03:54:32,868 - liquidity_analyzer - INFO - Saved market data to data/market_data_btcusdt.json
2024-11-29 03:54:33,006 - liquidity_analyzer - INFO - Saved market data to data/market_data_btcusdt.json
2024-11-29 03:54:33,448 - liquidity_analyzer - INFO - Saved market data to data/market_data_btcusdt.json
2024-11-29 03:54:33,811 - liquidity_analyzer - INFO - Saved market data to data/market_data_btcusdt.json
2024-11-29 03:54:34,245 - liquidity_analyzer - INFO - Saved market data to data/market_data_btcusdt.json
2024-11-29 03:54:34,749 - liquidity_analyzer - INFO - Saved market data to data/market_data_btcusdt.json
2024-11-29 03:54:35,160 - liquidity_analyzer - INFO - Saved market data to data/market_data_btcusdt.json
2024-11-29 03:54:35,416 - liquidity_analyzer - INFO - Saved market data to data/market_data_btcusdt.json
2024-11-29 03:54:36,002 - liquidity_analyzer - INFO - Saved market data to data/market_data_btcusdt.json
2024-11-29 03:54:36,407 - liquidity_analyzer - INFO - Saved market data to data/market_data_btcusdt.json
2024-11-29 03:54:37,059 - liquidity_analyzer - INFO - Saved market data to data/market_data_btcusdt.json
2024-11-29 03:54:37,526 - liquidity_analyzer - INFO - Saved market data to data/market_data_btcusdt.json
2024-11-29 03:54:38,215 - liquidity_analyzer - INFO - Saved market data to data/market_data_btcusdt.json
2024-11-29 03:54:38,651 - liquidity_analyzer - INFO - Saved market data to data/market_data_btcusdt.json
2024-11-29 03:54:39,277 - liquidity_analyzer - INFO - Saved market data to data/market_data_btcusdt.json
2024-11-29 03:54:39,454 - liquidity_analyzer - INFO - Saved market data to data/market_data_btcusdt.json
2024-11-29 03:54:40,086 - liquidity_analyzer - INFO - Saved market data to data/market_data_btcusdt.json
2024-11-29 03:54:40,347 - liquidity_analyzer - INFO - Saved market data to data/market_data_btcusdt.json
2024-11-29 03:54:40,931 - liquidity_analyzer - INFO - Saved market data to data/market_data_btcusdt.json
2024-11-29 03:54:41,452 - liquidity_analyzer - INFO - Saved market data to data/market_data_btcusdt.json
2024-11-29 03:54:42,221 - liquidity_analyzer - INFO - Saved market data to data/market_data_btcusdt.json
2024-11-29 03:54:42,966 - liquidity_analyzer - INFO - Saved market data to data/market_data_btcusdt.json
2024-11-29 03:54:43,220 - liquidity_analyzer - INFO - Saved market data to data/market_data_btcusdt.json
2024-11-29 03:54:44,316 - liquidity_analyzer - INFO - Saved market data to data/market_data_btcusdt.json
2024-11-29 03:54:45,050 - liquidity_analyzer - INFO - Saved market data to data/market_data_btcusdt.json
2024-11-29 03:54:45,421 - liquidity_analyzer - INFO - Saved market data to data/market_data_btcusdt.json
2024-11-29 03:54:45,961 - liquidity_analyzer - INFO - Saved market data to data/market_data_btcusdt.json
2024-11-29 03:54:46,317 - liquidity_analyzer - INFO - Saved market data to data/market_data_btcusdt.json
2024-11-29 03:54:47,224 - liquidity_analyzer - INFO - Saved market data to data/market_data_btcusdt.json
2024-11-29 03:54:47,561 - liquidity_analyzer - INFO - Saved market data to data/market_data_btcusdt.json
2024-11-29 03:54:48,515 - liquidity_analyzer - INFO - Saved market data to data/market_data_btcusdt.json
2024-11-29 03:54:48,910 - liquidity_analyzer - INFO - Saved market data to data/market_data_btcusdt.json
2024-11-29 03:54:49,087 - liquidity_analyzer - INFO - Saved market data to data/market_data_btcusdt.json
2024-11-29 03:54:49,709 - liquidity_analyzer - INFO - Saved market data to data/market_data_btcusdt.json
2024-11-29 03:54:50,220 - liquidity_analyzer - INFO - Saved market data to data/market_data_btcusdt.json
2024-11-29 03:54:51,060 - liquidity_analyzer - INFO - Saved market data to data/market_data_btcusdt.json
2024-11-29 03:54:51,410 - liquidity_analyzer - INFO - Saved market data to data/market_data_btcusdt.json
2024-11-29 03:54:51,999 - liquidity_analyzer - INFO - Saved market data to data/market_data_btcusdt.json
2024-11-29 03:54:52,438 - liquidity_analyzer - INFO - Saved market data to data/market_data_btcusdt.json
2024-11-29 03:54:53,064 - liquidity_analyzer - INFO - Saved market data to data/market_data_btcusdt.json
2024-11-29 03:54:53,796 - liquidity_analyzer - INFO - Saved market data to data/market_data_btcusdt.json
2024-11-29 03:54:54,812 - liquidity_analyzer - INFO - Saved market data to data/market_data_btcusdt.json
2024-11-29 03:54:55,323 - liquidity_analyzer - INFO - Saved market data to data/market_data_btcusdt.json
2024-11-29 03:54:56,299 - liquidity_analyzer - INFO - Saved market data to data/market_data_btcusdt.json
2024-11-29 03:54:56,837 - liquidity_analyzer - INFO - Saved market data to data/market_data_btcusdt.json
2024-11-29 03:54:57,871 - liquidity_analyzer - INFO - Saved market data to data/market_data_btcusdt.json
2024-11-29 03:54:58,419 - liquidity_analyzer - INFO - Saved market data to data/market_data_btcusdt.json
2024-11-29 03:54:58,902 - liquidity_analyzer - INFO - Saved market data to data/market_data_btcusdt.json
2024-11-29 03:54:59,565 - liquidity_analyzer - INFO - Saved market data to data/market_data_btcusdt.json
2024-11-29 03:55:00,351 - liquidity_analyzer - INFO - Saved market data to data/market_data_btcusdt.json
2024-11-29 03:55:00,978 - liquidity_analyzer - INFO - Saved market data to data/market_data_btcusdt.json
2024-11-29 03:55:01,700 - liquidity_analyzer - INFO - Saved market data to data/market_data_btcusdt.json
2024-11-29 03:55:02,816 - liquidity_analyzer - INFO - Saved market data to data/market_data_btcusdt.json
2024-11-29 03:55:03,435 - liquidity_analyzer - INFO - Saved market data to data/market_data_btcusdt.json
2024-11-29 03:55:04,262 - liquidity_analyzer - INFO - Saved market data to data/market_data_btcusdt.json
2024-11-29 03:55:04,834 - liquidity_analyzer - INFO - Saved market data to data/market_data_btcusdt.json
2024-11-29 03:55:05,894 - liquidity_analyzer - INFO - Saved market data to data/market_data_btcusdt.json
2024-11-29 03:55:06,747 - liquidity_analyzer - INFO - Saved market data to data/market_data_btcusdt.json
2024-11-29 03:55:07,702 - liquidity_analyzer - INFO - Saved market data to data/market_data_btcusdt.json
2024-11-29 03:55:08,386 - liquidity_analyzer - INFO - Saved market data to data/market_data_btcusdt.json
2024-11-29 03:55:08,974 - liquidity_analyzer - INFO - Saved market data to data/market_data_btcusdt.json
2024-11-29 03:55:09,846 - liquidity_analyzer - INFO - Saved market data to data/market_data_btcusdt.json
2024-11-29 03:55:10,457 - liquidity_analyzer - INFO - Saved market data to data/market_data_btcusdt.json
2024-11-29 03:55:11,094 - liquidity_analyzer - INFO - Saved market data to data/market_data_btcusdt.json
2024-11-29 03:55:11,484 - liquidity_analyzer - INFO - Saved market data to data/market_data_btcusdt.json
2024-11-29 03:55:12,423 - liquidity_analyzer - INFO - Saved market data to data/market_data_btcusdt.json
2024-11-29 03:55:12,754 - liquidity_analyzer - INFO - Saved market data to data/market_data_btcusdt.json
2024-11-29 03:55:13,263 - liquidity_analyzer - INFO - Saved market data to data/market_data_btcusdt.json
2024-11-29 03:55:13,511 - liquidity_analyzer - INFO - Saved market data to data/market_data_btcusdt.json
2024-11-29 03:55:14,479 - liquidity_analyzer - INFO - Saved market data to data/market_data_btcusdt.json
2024-11-29 03:55:15,056 - liquidity_analyzer - INFO - Saved market data to data/market_data_btcusdt.json
2024-11-29 03:55:15,056 - liquidity_analyzer - INFO - Processed 100 messages
2024-11-29 03:55:15,830 - liquidity_analyzer - INFO - Saved market data to data/market_data_btcusdt.json
2024-11-29 03:55:16,583 - liquidity_analyzer - INFO - Saved market data to data/market_data_btcusdt.json
2024-11-29 03:55:17,564 - liquidity_analyzer - INFO - Saved market data to data/market_data_btcusdt.json
2024-11-29 03:55:18,429 - liquidity_analyzer - INFO - Saved market data to data/market_data_btcusdt.json
2024-11-29 03:55:19,388 - liquidity_analyzer - INFO - Saved market data to data/market_data_btcusdt.json
2024-11-29 03:55:20,002 - liquidity_analyzer - INFO - Saved market data to data/market_data_btcusdt.json
2024-11-29 03:55:20,583 - liquidity_analyzer - INFO - Saved market data to data/market_data_btcusdt.json
2024-11-29 03:55:21,831 - liquidity_analyzer - INFO - Saved market data to data/market_data_btcusdt.json
2024-11-29 03:55:22,424 - liquidity_analyzer - INFO - Saved market data to data/market_data_btcusdt.json
2024-11-29 03:55:23,446 - liquidity_analyzer - INFO - Saved market data to data/market_data_btcusdt.json
2024-11-29 03:55:24,093 - liquidity_analyzer - INFO - Saved market data to data/market_data_btcusdt.json
2024-11-29 03:55:24,909 - liquidity_analyzer - INFO - Saved market data to data/market_data_btcusdt.json
2024-11-29 03:55:26,744 - liquidity_analyzer - INFO - Saved market data to data/market_data_btcusdt.json
2024-11-29 03:55:27,744 - liquidity_analyzer - INFO - Saved market data to data/market_data_btcusdt.json
2024-11-29 03:55:28,169 - liquidity_analyzer - INFO - Saved market data to data/market_data_btcusdt.json
2024-11-29 03:55:28,810 - liquidity_analyzer - INFO - Saved market data to data/market_data_btcusdt.json
2024-11-29 03:55:29,608 - liquidity_analyzer - INFO - Saved market data to data/market_data_btcusdt.json
2024-11-29 03:55:30,720 - liquidity_analyzer - INFO - Saved market data to data/market_data_btcusdt.json
2024-11-29 03:55:31,027 - liquidity_analyzer - INFO - Saved market data to data/market_data_btcusdt.json
2024-11-29 03:55:32,081 - liquidity_analyzer - INFO - Saved market data to data/market_data_btcusdt.json
2024-11-29 03:55:32,663 - liquidity_analyzer - INFO - Saved market data to data/market_data_btcusdt.json
2024-11-29 03:55:33,343 - liquidity_analyzer - INFO - Saved market data to data/market_data_btcusdt.json
2024-11-29 03:55:34,135 - liquidity_analyzer - INFO - Saved market data to data/market_data_btcusdt.json
2024-11-29 03:55:34,933 - liquidity_analyzer - INFO - Saved market data to data/market_data_btcusdt.json
2024-11-29 03:55:36,163 - liquidity_analyzer - INFO - Saved market data to data/market_data_btcusdt.json
2024-11-29 03:55:37,156 - liquidity_analyzer - INFO - Saved market data to data/market_data_btcusdt.json
2024-11-29 03:55:37,916 - liquidity_analyzer - INFO - Saved market data to data/market_data_btcusdt.json
2024-11-29 03:55:39,039 - liquidity_analyzer - INFO - Saved market data to data/market_data_btcusdt.json
2024-11-29 03:55:39,786 - liquidity_analyzer - INFO - Saved market data to data/market_data_btcusdt.json
2024-11-29 03:55:40,994 - liquidity_analyzer - INFO - Saved market data to data/market_data_btcusdt.json
2024-11-29 03:55:41,786 - liquidity_analyzer - INFO - Saved market data to data/market_data_btcusdt.json
2024-11-29 03:55:42,514 - liquidity_analyzer - INFO - Saved market data to data/market_data_btcusdt.json
2024-11-29 03:55:42,952 - liquidity_analyzer - INFO - Saved market data to data/market_data_btcusdt.json
2024-11-29 03:55:44,106 - liquidity_analyzer - INFO - Saved market data to data/market_data_btcusdt.json
2024-11-29 03:55:45,110 - liquidity_analyzer - INFO - Saved market data to data/market_data_btcusdt.json
2024-11-29 03:55:45,525 - liquidity_analyzer - INFO - Saved market data to data/market_data_btcusdt.json
2024-11-29 03:55:46,143 - liquidity_analyzer - INFO - Saved market data to data/market_data_btcusdt.json
2024-11-29 03:55:47,447 - liquidity_analyzer - INFO - Saved market data to data/market_data_btcusdt.json
2024-11-29 03:55:47,692 - liquidity_analyzer - INFO - Saved market data to data/market_data_btcusdt.json
2024-11-29 03:55:48,751 - liquidity_analyzer - INFO - Saved market data to data/market_data_btcusdt.json
2024-11-29 03:55:49,274 - liquidity_analyzer - INFO - Saved market data to data/market_data_btcusdt.json
2024-11-29 03:56:19,277 - liquidity_analyzer - WARNING - WebSocket message timeout, reconnecting...
2024-11-29 03:56:19,278 - liquidity_analyzer - ERROR - Stream error: 'ClientConnection' object has no attribute 'fail_connection'
2024-11-29 03:56:19,279 - liquidity_analyzer - INFO - Reconnecting to WebSocket stream...
2024-11-29 03:56:24,280 - liquidity_analyzer - INFO - Loading 24-hour trade history for BTCUSDT
2024-11-29 03:56:24,510 - liquidity_analyzer - INFO - Retrieved 1000 valid trades within the last 24 hours
2024-11-29 03:56:24,514 - liquidity_analyzer - INFO - Successfully processed 1000 historical trades
2024-11-29 03:56:24,530 - liquidity_analyzer - INFO - Historical data verification passed
2024-11-29 03:56:25,480 - liquidity_analyzer - INFO - Saved market data to data/market_data_btcusdt.json
2024-11-29 03:56:25,548 - liquidity_analyzer - INFO - Saved market data to data/market_data_btcusdt.json
2024-11-29 03:56:25,610 - liquidity_analyzer - INFO - Saved market data to data/market_data_btcusdt.json
2024-11-29 03:56:25,674 - liquidity_analyzer - INFO - Saved market data to data/market_data_btcusdt.json
2024-11-29 03:56:25,794 - liquidity_analyzer - INFO - Saved market data to data/market_data_btcusdt.json
2024-11-29 03:56:25,967 - liquidity_analyzer - INFO - Saved market data to data/market_data_btcusdt.json
2024-11-29 03:56:26,208 - liquidity_analyzer - INFO - Saved market data to data/market_data_btcusdt.json
2024-11-29 03:56:26,517 - liquidity_analyzer - INFO - Saved market data to data/market_data_btcusdt.json
2024-11-29 03:56:26,693 - liquidity_analyzer - INFO - Saved market data to data/market_data_btcusdt.json
2024-11-29 03:56:26,910 - liquidity_analyzer - INFO - Saved market data to data/market_data_btcusdt.json
2024-11-29 03:56:27,110 - liquidity_analyzer - INFO - Saved market data to data/market_data_btcusdt.json
2024-11-29 03:56:27,402 - liquidity_analyzer - INFO - Saved market data to data/market_data_btcusdt.json
2024-11-29 03:56:27,518 - liquidity_analyzer - INFO - Saved market data to data/market_data_btcusdt.json
2024-11-29 03:56:27,611 - liquidity_analyzer - INFO - Saved market data to data/market_data_btcusdt.json
2024-11-29 03:56:27,709 - liquidity_analyzer - INFO - Saved market data to data/market_data_btcusdt.json
2024-11-29 03:56:27,818 - liquidity_analyzer - INFO - Saved market data to data/market_data_btcusdt.json
2024-11-29 03:56:28,733 - liquidity_analyzer - INFO - Saved market data to data/market_data_btcusdt.json
2024-11-29 03:56:29,236 - liquidity_analyzer - INFO - Saved market data to data/market_data_btcusdt.json
2024-11-29 03:56:29,529 - liquidity_analyzer - INFO - Saved market data to data/market_data_btcusdt.json
2024-11-29 03:56:30,150 - liquidity_analyzer - INFO - Saved market data to data/market_data_btcusdt.json
2024-11-29 03:56:30,744 - liquidity_analyzer - INFO - Saved market data to data/market_data_btcusdt.json
2024-11-29 03:56:31,518 - liquidity_analyzer - INFO - Saved market data to data/market_data_btcusdt.json
2024-11-29 03:56:31,951 - liquidity_analyzer - INFO - Saved market data to data/market_data_btcusdt.json
2024-11-29 03:56:32,547 - liquidity_analyzer - INFO - Saved market data to data/market_data_btcusdt.json
2024-11-29 03:56:32,973 - liquidity_analyzer - INFO - Saved market data to data/market_data_btcusdt.json
2024-11-29 03:56:33,711 - liquidity_analyzer - INFO - Saved market data to data/market_data_btcusdt.json
2024-11-29 03:56:34,197 - liquidity_analyzer - INFO - Saved market data to data/market_data_btcusdt.json
2024-11-29 03:56:35,722 - liquidity_analyzer - INFO - Saved market data to data/market_data_btcusdt.json
2024-11-29 03:56:36,329 - liquidity_analyzer - INFO - Saved market data to data/market_data_btcusdt.json
2024-11-29 03:56:37,176 - liquidity_analyzer - INFO - Saved market data to data/market_data_btcusdt.json
2024-11-29 03:56:37,654 - liquidity_analyzer - INFO - Saved market data to data/market_data_btcusdt.json
2024-11-29 03:56:38,229 - liquidity_analyzer - INFO - Saved market data to data/market_data_btcusdt.json
2024-11-29 03:56:38,916 - liquidity_analyzer - INFO - Saved market data to data/market_data_btcusdt.json
2024-11-29 03:56:39,547 - liquidity_analyzer - INFO - Saved market data to data/market_data_btcusdt.json
2024-11-29 03:56:40,419 - liquidity_analyzer - INFO - Saved market data to data/market_data_btcusdt.json
2024-11-29 03:56:41,255 - liquidity_analyzer - INFO - Saved market data to data/market_data_btcusdt.json
2024-11-29 03:56:42,232 - liquidity_analyzer - INFO - Saved market data to data/market_data_btcusdt.json
2024-11-29 03:56:42,979 - liquidity_analyzer - INFO - Saved market data to data/market_data_btcusdt.json
2024-11-29 03:56:43,753 - liquidity_analyzer - INFO - Saved market data to data/market_data_btcusdt.json
2024-11-29 03:56:44,753 - liquidity_analyzer - INFO - Saved market data to data/market_data_btcusdt.json
2024-11-29 03:56:45,715 - liquidity_analyzer - INFO - Saved market data to data/market_data_btcusdt.json
2024-11-29 03:56:46,674 - liquidity_analyzer - INFO - Saved market data to data/market_data_btcusdt.json
2024-11-29 03:56:47,888 - liquidity_analyzer - INFO - Saved market data to data/market_data_btcusdt.json
2024-11-29 03:56:48,213 - liquidity_analyzer - INFO - Saved market data to data/market_data_btcusdt.json
2024-11-29 03:56:49,618 - liquidity_analyzer - INFO - Saved market data to data/market_data_btcusdt.json
2024-11-29 03:56:50,534 - liquidity_analyzer - INFO - Saved market data to data/market_data_btcusdt.json
2024-11-29 03:56:51,497 - liquidity_analyzer - INFO - Saved market data to data/market_data_btcusdt.json
2024-11-29 03:56:52,478 - liquidity_analyzer - INFO - Saved market data to data/market_data_btcusdt.json
2024-11-29 03:56:53,197 - liquidity_analyzer - INFO - Saved market data to data/market_data_btcusdt.json
2024-11-29 03:56:54,327 - liquidity_analyzer - INFO - Saved market data to data/market_data_btcusdt.json
2024-11-29 03:56:55,348 - liquidity_analyzer - INFO - Saved market data to data/market_data_btcusdt.json
2024-11-29 03:56:56,292 - liquidity_analyzer - INFO - Saved market data to data/market_data_btcusdt.json
2024-11-29 03:56:57,687 - liquidity_analyzer - INFO - Saved market data to data/market_data_btcusdt.json
2024-11-29 03:56:58,412 - liquidity_analyzer - INFO - Saved market data to data/market_data_btcusdt.json
2024-11-29 03:56:59,867 - liquidity_analyzer - INFO - Saved market data to data/market_data_btcusdt.json
2024-11-29 03:57:01,409 - liquidity_analyzer - INFO - Saved market data to data/market_data_btcusdt.json
2024-11-29 03:57:02,597 - liquidity_analyzer - INFO - Saved market data to data/market_data_btcusdt.json
2024-11-29 03:57:03,912 - liquidity_analyzer - INFO - Saved market data to data/market_data_btcusdt.json
2024-11-29 03:57:04,965 - liquidity_analyzer - INFO - Saved market data to data/market_data_btcusdt.json
2024-11-29 03:57:06,111 - liquidity_analyzer - INFO - Saved market data to data/market_data_btcusdt.json
2024-11-29 03:57:07,517 - liquidity_analyzer - INFO - Saved market data to data/market_data_btcusdt.json
2024-11-29 03:57:08,777 - liquidity_analyzer - INFO - Saved market data to data/market_data_btcusdt.json
2024-11-29 03:57:09,713 - liquidity_analyzer - INFO - Saved market data to data/market_data_btcusdt.json
2024-11-29 03:57:10,280 - liquidity_analyzer - INFO - Saved market data to data/market_data_btcusdt.json
2024-11-29 03:57:11,147 - liquidity_analyzer - INFO - Saved market data to data/market_data_btcusdt.json
2024-11-29 03:57:12,463 - liquidity_analyzer - INFO - Saved market data to data/market_data_btcusdt.json
2024-11-29 03:57:13,576 - liquidity_analyzer - INFO - Saved market data to data/market_data_btcusdt.json
2024-11-29 03:57:14,474 - liquidity_analyzer - INFO - Saved market data to data/market_data_btcusdt.json
2024-11-29 03:57:15,593 - liquidity_analyzer - INFO - Saved market data to data/market_data_btcusdt.json
2024-11-29 03:57:16,457 - liquidity_analyzer - INFO - Saved market data to data/market_data_btcusdt.json
2024-11-29 03:57:17,877 - liquidity_analyzer - INFO - Saved market data to data/market_data_btcusdt.json
2024-11-29 03:57:18,482 - liquidity_analyzer - INFO - Saved market data to data/market_data_btcusdt.json
2024-11-29 03:57:19,438 - liquidity_analyzer - INFO - Saved market data to data/market_data_btcusdt.json
2024-11-29 03:57:20,477 - liquidity_analyzer - INFO - Saved market data to data/market_data_btcusdt.json
2024-11-29 03:57:21,619 - liquidity_analyzer - INFO - Saved market data to data/market_data_btcusdt.json
2024-11-29 03:57:22,692 - liquidity_analyzer - INFO - Saved market data to data/market_data_btcusdt.json
2024-11-29 03:57:23,681 - liquidity_analyzer - INFO - Saved market data to data/market_data_btcusdt.json
2024-11-29 03:57:25,048 - liquidity_analyzer - INFO - Saved market data to data/market_data_btcusdt.json
2024-11-29 03:57:25,939 - liquidity_analyzer - INFO - Saved market data to data/market_data_btcusdt.json
2024-11-29 03:57:26,810 - liquidity_analyzer - INFO - Saved market data to data/market_data_btcusdt.json
2024-11-29 03:57:27,895 - liquidity_analyzer - INFO - Saved market data to data/market_data_btcusdt.json
2024-11-29 03:57:29,006 - liquidity_analyzer - INFO - Saved market data to data/market_data_btcusdt.json
2024-11-29 03:57:29,935 - liquidity_analyzer - INFO - Saved market data to data/market_data_btcusdt.json
2024-11-29 03:57:30,838 - liquidity_analyzer - INFO - Saved market data to data/market_data_btcusdt.json
2024-11-29 03:57:32,046 - liquidity_analyzer - INFO - Saved market data to data/market_data_btcusdt.json
2024-11-29 03:57:32,978 - liquidity_analyzer - INFO - Saved market data to data/market_data_btcusdt.json
2024-11-29 03:57:34,034 - liquidity_analyzer - INFO - Saved market data to data/market_data_btcusdt.json
2024-11-29 03:57:34,912 - liquidity_analyzer - INFO - Saved market data to data/market_data_btcusdt.json
2024-11-29 03:57:36,077 - liquidity_analyzer - INFO - Saved market data to data/market_data_btcusdt.json
2024-11-29 03:57:36,981 - liquidity_analyzer - INFO - Saved market data to data/market_data_btcusdt.json
2024-11-29 03:57:38,294 - liquidity_analyzer - INFO - Saved market data to data/market_data_btcusdt.json
2024-11-29 03:57:39,170 - liquidity_analyzer - INFO - Saved market data to data/market_data_btcusdt.json
2024-11-29 03:57:40,172 - liquidity_analyzer - INFO - Saved market data to data/market_data_btcusdt.json
2024-11-29 03:57:41,271 - liquidity_analyzer - INFO - Saved market data to data/market_data_btcusdt.json
2024-11-29 03:57:41,862 - liquidity_analyzer - INFO - Saved market data to data/market_data_btcusdt.json
2024-11-29 03:57:43,292 - liquidity_analyzer - INFO - Saved market data to data/market_data_btcusdt.json
2024-11-29 03:57:44,356 - liquidity_analyzer - INFO - Saved market data to data/market_data_btcusdt.json
2024-11-29 03:57:45,666 - liquidity_analyzer - INFO - Saved market data to data/market_data_btcusdt.json
2024-11-29 03:57:46,716 - liquidity_analyzer - INFO - Saved market data to data/market_data_btcusdt.json
2024-11-29 03:57:46,719 - liquidity_analyzer - INFO - Processed 100 messages
2024-11-29 03:57:47,870 - liquidity_analyzer - INFO - Saved market data to data/market_data_btcusdt.json
2024-11-29 03:57:48,892 - liquidity_analyzer - INFO - Saved market data to data/market_data_btcusdt.json
2024-11-29 03:57:50,123 - liquidity_analyzer - INFO - Saved market data to data/market_data_btcusdt.json
2024-11-29 03:57:51,275 - liquidity_analyzer - INFO - Saved market data to data/market_data_btcusdt.json
2024-11-29 03:57:52,055 - liquidity_analyzer - INFO - Saved market data to data/market_data_btcusdt.json
2024-11-29 03:57:52,917 - liquidity_analyzer - INFO - Saved market data to data/market_data_btcusdt.json
2024-11-29 03:57:54,086 - liquidity_analyzer - INFO - Saved market data to data/market_data_btcusdt.json
2024-11-29 03:57:55,887 - liquidity_analyzer - INFO - Saved market data to data/market_data_btcusdt.json
2024-11-29 03:57:57,354 - liquidity_analyzer - INFO - Saved market data to data/market_data_btcusdt.json
2024-11-29 03:57:58,347 - liquidity_analyzer - INFO - Saved market data to data/market_data_btcusdt.json
2024-11-29 03:57:59,114 - liquidity_analyzer - INFO - Saved market data to data/market_data_btcusdt.json
2024-11-29 03:57:59,811 - liquidity_analyzer - INFO - Saved market data to data/market_data_btcusdt.json
2024-11-29 03:58:01,827 - liquidity_analyzer - INFO - Saved market data to data/market_data_btcusdt.json
2024-11-29 03:58:03,411 - liquidity_analyzer - INFO - Saved market data to data/market_data_btcusdt.json
2024-11-29 03:58:04,476 - liquidity_analyzer - INFO - Saved market data to data/market_data_btcusdt.json
2024-11-29 03:58:05,463 - liquidity_analyzer - INFO - Saved market data to data/market_data_btcusdt.json
2024-11-29 03:58:06,424 - liquidity_analyzer - INFO - Saved market data to data/market_data_btcusdt.json
2024-11-29 03:58:07,347 - liquidity_analyzer - INFO - Saved market data to data/market_data_btcusdt.json
2024-11-29 03:58:08,590 - liquidity_analyzer - INFO - Saved market data to data/market_data_btcusdt.json
2024-11-29 03:58:09,502 - liquidity_analyzer - INFO - Saved market data to data/market_data_btcusdt.json
2024-11-29 03:58:11,079 - liquidity_analyzer - INFO - Saved market data to data/market_data_btcusdt.json
2024-11-29 03:58:12,792 - liquidity_analyzer - INFO - Saved market data to data/market_data_btcusdt.json
2024-11-29 03:58:13,980 - liquidity_analyzer - INFO - Saved market data to data/market_data_btcusdt.json
2024-11-29 03:58:15,301 - liquidity_analyzer - INFO - Saved market data to data/market_data_btcusdt.json
2024-11-29 03:58:17,158 - liquidity_analyzer - INFO - Saved market data to data/market_data_btcusdt.json
2024-11-29 03:58:18,516 - liquidity_analyzer - INFO - Saved market data to data/market_data_btcusdt.json
2024-11-29 03:58:20,194 - liquidity_analyzer - INFO - Saved market data to data/market_data_btcusdt.json
2024-11-29 03:58:21,729 - liquidity_analyzer - INFO - Saved market data to data/market_data_btcusdt.json
2024-11-29 03:58:23,180 - liquidity_analyzer - INFO - Saved market data to data/market_data_btcusdt.json
2024-11-29 03:58:24,631 - liquidity_analyzer - INFO - Saved market data to data/market_data_btcusdt.json
2024-11-29 03:58:25,819 - liquidity_analyzer - INFO - Saved market data to data/market_data_btcusdt.json
2024-11-29 03:58:55,835 - liquidity_analyzer - WARNING - WebSocket message timeout, reconnecting...
2024-11-29 03:58:55,840 - liquidity_analyzer - ERROR - Stream error: 'ClientConnection' object has no attribute 'fail_connection'
2024-11-29 03:58:55,849 - liquidity_analyzer - INFO - Reconnecting to WebSocket stream...
2024-11-29 03:59:00,853 - liquidity_analyzer - INFO - Loading 24-hour trade history for BTCUSDT
2024-11-29 03:59:01,163 - liquidity_analyzer - INFO - Retrieved 998 valid trades within the last 24 hours
2024-11-29 03:59:01,174 - liquidity_analyzer - INFO - Successfully processed 998 historical trades
2024-11-29 03:59:01,403 - liquidity_analyzer - INFO - Historical data verification passed
2024-11-29 03:59:03,252 - liquidity_analyzer - INFO - Saved market data to data/market_data_btcusdt.json
2024-11-29 03:59:04,605 - liquidity_analyzer - INFO - Saved market data to data/market_data_btcusdt.json
2024-11-29 03:59:05,932 - liquidity_analyzer - INFO - Saved market data to data/market_data_btcusdt.json
2024-11-29 03:59:07,082 - liquidity_analyzer - INFO - Saved market data to data/market_data_btcusdt.json
2024-11-29 03:59:08,181 - liquidity_analyzer - INFO - Saved market data to data/market_data_btcusdt.json
2024-11-29 03:59:09,528 - liquidity_analyzer - INFO - Saved market data to data/market_data_btcusdt.json
2024-11-29 03:59:10,880 - liquidity_analyzer - INFO - Saved market data to data/market_data_btcusdt.json
2024-11-29 03:59:12,034 - liquidity_analyzer - INFO - Saved market data to data/market_data_btcusdt.json
2024-11-29 03:59:12,654 - liquidity_analyzer - INFO - Saved market data to data/market_data_btcusdt.json
2024-11-29 03:59:13,578 - liquidity_analyzer - INFO - Saved market data to data/market_data_btcusdt.json
2024-11-29 03:59:15,022 - liquidity_analyzer - INFO - Saved market data to data/market_data_btcusdt.json
2024-11-29 03:59:16,232 - liquidity_analyzer - INFO - Saved market data to data/market_data_btcusdt.json
2024-11-29 03:59:17,297 - liquidity_analyzer - INFO - Saved market data to data/market_data_btcusdt.json
2024-11-29 03:59:18,298 - liquidity_analyzer - INFO - Saved market data to data/market_data_btcusdt.json
2024-11-29 03:59:19,557 - liquidity_analyzer - INFO - Saved market data to data/market_data_btcusdt.json
2024-11-29 03:59:20,584 - liquidity_analyzer - INFO - Saved market data to data/market_data_btcusdt.json
2024-11-29 03:59:21,755 - liquidity_analyzer - INFO - Saved market data to data/market_data_btcusdt.json
2024-11-29 03:59:23,088 - liquidity_analyzer - INFO - Saved market data to data/market_data_btcusdt.json
2024-11-29 03:59:24,031 - liquidity_analyzer - INFO - Saved market data to data/market_data_btcusdt.json
2024-11-29 03:59:26,214 - liquidity_analyzer - INFO - Saved market data to data/market_data_btcusdt.json
2024-11-29 03:59:27,323 - liquidity_analyzer - INFO - Saved market data to data/market_data_btcusdt.json
2024-11-29 03:59:28,875 - liquidity_analyzer - INFO - Saved market data to data/market_data_btcusdt.json
2024-11-29 03:59:30,325 - liquidity_analyzer - INFO - Saved market data to data/market_data_btcusdt.json
2024-11-29 03:59:32,348 - liquidity_analyzer - INFO - Saved market data to data/market_data_btcusdt.json
2024-11-29 03:59:33,568 - liquidity_analyzer - INFO - Saved market data to data/market_data_btcusdt.json
2024-11-29 03:59:34,762 - liquidity_analyzer - INFO - Saved market data to data/market_data_btcusdt.json
2024-11-29 03:59:36,706 - liquidity_analyzer - INFO - Saved market data to data/market_data_btcusdt.json
2024-11-29 03:59:38,271 - liquidity_analyzer - INFO - Saved market data to data/market_data_btcusdt.json
2024-11-29 03:59:40,022 - liquidity_analyzer - INFO - Saved market data to data/market_data_btcusdt.json
2024-11-29 03:59:40,991 - liquidity_analyzer - INFO - Saved market data to data/market_data_btcusdt.json
2024-11-29 03:59:43,371 - liquidity_analyzer - INFO - Saved market data to data/market_data_btcusdt.json
2024-11-29 03:59:45,830 - liquidity_analyzer - INFO - Saved market data to data/market_data_btcusdt.json
2024-11-29 03:59:47,212 - liquidity_analyzer - INFO - Saved market data to data/market_data_btcusdt.json
2024-11-29 03:59:48,666 - liquidity_analyzer - INFO - Saved market data to data/market_data_btcusdt.json
2024-11-29 03:59:49,900 - liquidity_analyzer - INFO - Saved market data to data/market_data_btcusdt.json
2024-11-29 03:59:51,242 - liquidity_analyzer - INFO - Saved market data to data/market_data_btcusdt.json
2024-11-29 03:59:52,953 - liquidity_analyzer - INFO - Saved market data to data/market_data_btcusdt.json
2024-11-29 03:59:54,700 - liquidity_analyzer - INFO - Saved market data to data/market_data_btcusdt.json
2024-11-29 03:59:56,136 - liquidity_analyzer - INFO - Saved market data to data/market_data_btcusdt.json
2024-11-29 03:59:57,637 - liquidity_analyzer - INFO - Saved market data to data/market_data_btcusdt.json
2024-11-29 03:59:58,965 - liquidity_analyzer - INFO - Saved market data to data/market_data_btcusdt.json
2024-11-29 04:00:00,953 - liquidity_analyzer - INFO - Saved market data to data/market_data_btcusdt.json
2024-11-29 04:00:02,263 - liquidity_analyzer - INFO - Saved market data to data/market_data_btcusdt.json
2024-11-29 04:00:03,340 - liquidity_analyzer - INFO - Saved market data to data/market_data_btcusdt.json
2024-11-29 04:00:04,598 - liquidity_analyzer - INFO - Saved market data to data/market_data_btcusdt.json
2024-11-29 04:00:05,485 - liquidity_analyzer - INFO - Saved market data to data/market_data_btcusdt.json
2024-11-29 04:00:07,550 - liquidity_analyzer - INFO - Saved market data to data/market_data_btcusdt.json
2024-11-29 04:00:10,093 - liquidity_analyzer - INFO - Saved market data to data/market_data_btcusdt.json
2024-11-29 04:00:12,409 - liquidity_analyzer - INFO - Saved market data to data/market_data_btcusdt.json
2024-11-29 04:00:14,931 - liquidity_analyzer - INFO - Saved market data to data/market_data_btcusdt.json
2024-11-29 04:00:16,532 - liquidity_analyzer - INFO - Saved market data to data/market_data_btcusdt.json
2024-11-29 04:00:18,408 - liquidity_analyzer - INFO - Saved market data to data/market_data_btcusdt.json
2024-11-29 04:00:20,504 - liquidity_analyzer - INFO - Saved market data to data/market_data_btcusdt.json
2024-11-29 04:00:21,756 - liquidity_analyzer - INFO - Saved market data to data/market_data_btcusdt.json
2024-11-29 04:00:23,076 - liquidity_analyzer - INFO - Saved market data to data/market_data_btcusdt.json
2024-11-29 04:00:24,310 - liquidity_analyzer - INFO - Saved market data to data/market_data_btcusdt.json
2024-11-29 04:00:25,479 - liquidity_analyzer - INFO - Saved market data to data/market_data_btcusdt.json
2024-11-29 04:00:26,823 - liquidity_analyzer - INFO - Saved market data to data/market_data_btcusdt.json
2024-11-29 04:00:28,052 - liquidity_analyzer - INFO - Saved market data to data/market_data_btcusdt.json
2024-11-29 04:00:30,945 - liquidity_analyzer - INFO - Saved market data to data/market_data_btcusdt.json
2024-11-29 04:00:31,979 - liquidity_analyzer - INFO - Saved market data to data/market_data_btcusdt.json
2024-11-29 04:00:32,676 - liquidity_analyzer - INFO - Saved market data to data/market_data_btcusdt.json
2024-11-29 04:00:34,483 - liquidity_analyzer - INFO - Saved market data to data/market_data_btcusdt.json
2024-11-29 04:00:36,335 - liquidity_analyzer - INFO - Saved market data to data/market_data_btcusdt.json
2024-11-29 04:00:38,146 - liquidity_analyzer - INFO - Saved market data to data/market_data_btcusdt.json
2024-11-29 04:00:39,287 - liquidity_analyzer - INFO - Saved market data to data/market_data_btcusdt.json
2024-11-29 04:00:41,040 - liquidity_analyzer - INFO - Saved market data to data/market_data_btcusdt.json
2024-11-29 04:00:41,907 - liquidity_analyzer - INFO - Saved market data to data/market_data_btcusdt.json
2024-11-29 04:00:44,192 - liquidity_analyzer - INFO - Saved market data to data/market_data_btcusdt.json
2024-11-29 04:00:45,388 - liquidity_analyzer - INFO - Saved market data to data/market_data_btcusdt.json
2024-11-29 04:00:46,978 - liquidity_analyzer - INFO - Saved market data to data/market_data_btcusdt.json
2024-11-29 04:00:49,311 - liquidity_analyzer - INFO - Saved market data to data/market_data_btcusdt.json
2024-11-29 04:00:50,742 - liquidity_analyzer - INFO - Saved market data to data/market_data_btcusdt.json
2024-11-29 04:00:52,001 - liquidity_analyzer - INFO - Saved market data to data/market_data_btcusdt.json
2024-11-29 04:00:53,135 - liquidity_analyzer - INFO - Saved market data to data/market_data_btcusdt.json
2024-11-29 04:00:54,655 - liquidity_analyzer - INFO - Saved market data to data/market_data_btcusdt.json
2024-11-29 04:00:56,703 - liquidity_analyzer - INFO - Saved market data to data/market_data_btcusdt.json
2024-11-29 04:00:58,442 - liquidity_analyzer - INFO - Saved market data to data/market_data_btcusdt.json
2024-11-29 04:00:59,733 - liquidity_analyzer - INFO - Saved market data to data/market_data_btcusdt.json
2024-11-29 04:01:01,889 - liquidity_analyzer - INFO - Saved market data to data/market_data_btcusdt.json
2024-11-29 04:01:03,678 - liquidity_analyzer - INFO - Saved market data to data/market_data_btcusdt.json
2024-11-29 04:01:06,045 - liquidity_analyzer - INFO - Saved market data to data/market_data_btcusdt.json
2024-11-29 04:01:08,089 - liquidity_analyzer - INFO - Saved market data to data/market_data_btcusdt.json
2024-11-29 04:01:09,761 - liquidity_analyzer - INFO - Saved market data to data/market_data_btcusdt.json
2024-11-29 04:01:11,815 - liquidity_analyzer - INFO - Saved market data to data/market_data_btcusdt.json
2024-11-29 04:01:13,661 - liquidity_analyzer - INFO - Saved market data to data/market_data_btcusdt.json
2024-11-29 04:01:16,003 - liquidity_analyzer - INFO - Saved market data to data/market_data_btcusdt.json
2024-11-29 04:01:17,380 - liquidity_analyzer - INFO - Saved market data to data/market_data_btcusdt.json
2024-11-29 04:01:18,554 - liquidity_analyzer - INFO - Saved market data to data/market_data_btcusdt.json
2024-11-29 04:01:19,875 - liquidity_analyzer - INFO - Saved market data to data/market_data_btcusdt.json
2024-11-29 04:01:21,338 - liquidity_analyzer - INFO - Saved market data to data/market_data_btcusdt.json
2024-11-29 04:01:22,031 - liquidity_analyzer - INFO - Saved market data to data/market_data_btcusdt.json
2024-11-29 04:01:23,631 - liquidity_analyzer - INFO - Saved market data to data/market_data_btcusdt.json
2024-11-29 04:01:24,746 - liquidity_analyzer - INFO - Saved market data to data/market_data_btcusdt.json
2024-11-29 04:01:26,488 - liquidity_analyzer - INFO - Saved market data to data/market_data_btcusdt.json
2024-11-29 04:01:27,825 - liquidity_analyzer - INFO - Saved market data to data/market_data_btcusdt.json
2024-11-29 04:01:28,818 - liquidity_analyzer - INFO - Saved market data to data/market_data_btcusdt.json
2024-11-29 04:01:30,561 - liquidity_analyzer - INFO - Saved market data to data/market_data_btcusdt.json
2024-11-29 04:01:31,584 - liquidity_analyzer - INFO - Saved market data to data/market_data_btcusdt.json
2024-11-29 04:01:31,597 - liquidity_analyzer - INFO - Processed 100 messages
2024-11-29 04:01:33,125 - liquidity_analyzer - INFO - Saved market data to data/market_data_btcusdt.json
2024-11-29 04:01:34,381 - liquidity_analyzer - INFO - Saved market data to data/market_data_btcusdt.json
2024-11-29 04:01:35,278 - liquidity_analyzer - INFO - Saved market data to data/market_data_btcusdt.json
2024-11-29 04:01:36,246 - liquidity_analyzer - INFO - Saved market data to data/market_data_btcusdt.json
2024-11-29 04:01:37,169 - liquidity_analyzer - INFO - Saved market data to data/market_data_btcusdt.json
2024-11-29 04:01:38,278 - liquidity_analyzer - INFO - Saved market data to data/market_data_btcusdt.json
2024-11-29 04:01:39,572 - liquidity_analyzer - INFO - Saved market data to data/market_data_btcusdt.json
2024-11-29 04:01:40,907 - liquidity_analyzer - INFO - Saved market data to data/market_data_btcusdt.json
2024-11-29 04:01:41,637 - liquidity_analyzer - INFO - Saved market data to data/market_data_btcusdt.json
2024-11-29 04:01:42,771 - liquidity_analyzer - INFO - Saved market data to data/market_data_btcusdt.json
2024-11-29 04:01:44,625 - liquidity_analyzer - INFO - Saved market data to data/market_data_btcusdt.json
2024-11-29 04:01:46,067 - liquidity_analyzer - INFO - Saved market data to data/market_data_btcusdt.json
2024-11-29 04:01:47,265 - liquidity_analyzer - INFO - Saved market data to data/market_data_btcusdt.json
2024-11-29 04:01:48,316 - liquidity_analyzer - INFO - Saved market data to data/market_data_btcusdt.json
2024-11-29 04:01:49,945 - liquidity_analyzer - INFO - Saved market data to data/market_data_btcusdt.json
2024-11-29 04:01:51,084 - liquidity_analyzer - INFO - Saved market data to data/market_data_btcusdt.json
2024-11-29 04:01:52,273 - liquidity_analyzer - INFO - Saved market data to data/market_data_btcusdt.json
2024-11-29 04:01:53,458 - liquidity_analyzer - INFO - Saved market data to data/market_data_btcusdt.json
2024-11-29 04:01:54,557 - liquidity_analyzer - INFO - Saved market data to data/market_data_btcusdt.json
2024-11-29 04:01:55,133 - liquidity_analyzer - INFO - Saved market data to data/market_data_btcusdt.json
2024-11-29 04:01:55,183 - liquidity_analyzer - ERROR - Stream error: 'ClientConnection' object has no attribute 'fail_connection'
2024-11-29 04:01:55,183 - liquidity_analyzer - INFO - Reconnecting to WebSocket stream...
2024-11-29 04:01:55,272 - liquidity_analyzer - INFO - Shutting down gracefully...
