2024-11-29 03:34:11,584 - liquidity_analyzer - DEBUG - Initializing MarketDataAnalyzer
2024-11-29 03:34:11,832 - liquidity_analyzer - INFO - Successfully initialized Binance client
2024-11-29 03:34:11,832 - liquidity_analyzer - INFO - Starting market stream for btcusdt
2024-11-29 03:34:11,832 - liquidity_analyzer - INFO - Loading 24-hour trade history for BTCUSDT
2024-11-29 03:34:11,955 - liquidity_analyzer - INFO - Retrieved 1000 valid trades within the last 24 hours
2024-11-29 03:34:11,961 - liquidity_analyzer - INFO - Successfully processed 1000 historical trades
2024-11-29 03:34:11,969 - liquidity_analyzer - INFO - Historical data verification passed
2024-11-29 03:34:12,668 - liquidity_analyzer - INFO - Saved market data to data/market_data_btcusdt.json
2024-11-29 03:34:12,717 - liquidity_analyzer - INFO - Saved market data to data/market_data_btcusdt.json
2024-11-29 03:34:12,757 - liquidity_analyzer - INFO - Saved market data to data/market_data_btcusdt.json
2024-11-29 03:34:12,776 - liquidity_analyzer - INFO - Saved market data to data/market_data_btcusdt.json
2024-11-29 03:34:12,856 - liquidity_analyzer - INFO - Saved market data to data/market_data_btcusdt.json
2024-11-29 03:34:12,990 - liquidity_analyzer - INFO - Saved market data to data/market_data_btcusdt.json
2024-11-29 03:34:13,010 - liquidity_analyzer - INFO - Saved market data to data/market_data_btcusdt.json
2024-11-29 03:34:13,052 - liquidity_analyzer - INFO - Saved market data to data/market_data_btcusdt.json
2024-11-29 03:34:13,067 - liquidity_analyzer - INFO - Saved market data to data/market_data_btcusdt.json
2024-11-29 03:34:13,111 - liquidity_analyzer - INFO - Saved market data to data/market_data_btcusdt.json
2024-11-29 03:34:13,128 - liquidity_analyzer - INFO - Saved market data to data/market_data_btcusdt.json
2024-11-29 03:34:13,152 - liquidity_analyzer - INFO - Saved market data to data/market_data_btcusdt.json
2024-11-29 03:34:13,256 - liquidity_analyzer - INFO - Saved market data to data/market_data_btcusdt.json
2024-11-29 03:34:13,356 - liquidity_analyzer - INFO - Saved market data to data/market_data_btcusdt.json
2024-11-29 03:34:13,451 - liquidity_analyzer - INFO - Saved market data to data/market_data_btcusdt.json
2024-11-29 03:34:13,495 - liquidity_analyzer - INFO - Saved market data to data/market_data_btcusdt.json
2024-11-29 03:34:13,556 - liquidity_analyzer - INFO - Saved market data to data/market_data_btcusdt.json
2024-11-29 03:34:13,653 - liquidity_analyzer - INFO - Saved market data to data/market_data_btcusdt.json
2024-11-29 03:34:13,767 - liquidity_analyzer - INFO - Saved market data to data/market_data_btcusdt.json
2024-11-29 03:34:13,856 - liquidity_analyzer - INFO - Saved market data to data/market_data_btcusdt.json
2024-11-29 03:34:13,871 - liquidity_analyzer - INFO - Saved market data to data/market_data_btcusdt.json
2024-11-29 03:34:13,962 - liquidity_analyzer - INFO - Saved market data to data/market_data_btcusdt.json
2024-11-29 03:34:14,052 - liquidity_analyzer - INFO - Saved market data to data/market_data_btcusdt.json
2024-11-29 03:34:14,114 - liquidity_analyzer - INFO - Saved market data to data/market_data_btcusdt.json
2024-11-29 03:34:14,130 - liquidity_analyzer - INFO - Saved market data to data/market_data_btcusdt.json
2024-11-29 03:34:14,152 - liquidity_analyzer - INFO - Saved market data to data/market_data_btcusdt.json
2024-11-29 03:34:14,220 - liquidity_analyzer - INFO - Saved market data to data/market_data_btcusdt.json
2024-11-29 03:34:14,235 - liquidity_analyzer - INFO - Saved market data to data/market_data_btcusdt.json
2024-11-29 03:34:14,250 - liquidity_analyzer - INFO - Saved market data to data/market_data_btcusdt.json
2024-11-29 03:34:14,265 - liquidity_analyzer - INFO - Saved market data to data/market_data_btcusdt.json
2024-11-29 03:34:14,281 - liquidity_analyzer - INFO - Saved market data to data/market_data_btcusdt.json
2024-11-29 03:34:14,297 - liquidity_analyzer - INFO - Saved market data to data/market_data_btcusdt.json
2024-11-29 03:34:14,314 - liquidity_analyzer - INFO - Saved market data to data/market_data_btcusdt.json
2024-11-29 03:34:14,331 - liquidity_analyzer - INFO - Saved market data to data/market_data_btcusdt.json
2024-11-29 03:34:14,346 - liquidity_analyzer - INFO - Saved market data to data/market_data_btcusdt.json
2024-11-29 03:34:14,361 - liquidity_analyzer - INFO - Saved market data to data/market_data_btcusdt.json
2024-11-29 03:34:14,375 - liquidity_analyzer - INFO - Saved market data to data/market_data_btcusdt.json
2024-11-29 03:34:14,390 - liquidity_analyzer - INFO - Saved market data to data/market_data_btcusdt.json
2024-11-29 03:34:14,404 - liquidity_analyzer - INFO - Saved market data to data/market_data_btcusdt.json
2024-11-29 03:34:14,419 - liquidity_analyzer - INFO - Saved market data to data/market_data_btcusdt.json
2024-11-29 03:34:14,434 - liquidity_analyzer - INFO - Saved market data to data/market_data_btcusdt.json
2024-11-29 03:34:14,448 - liquidity_analyzer - INFO - Saved market data to data/market_data_btcusdt.json
2024-11-29 03:34:14,464 - liquidity_analyzer - INFO - Saved market data to data/market_data_btcusdt.json
2024-11-29 03:34:14,497 - liquidity_analyzer - INFO - Saved market data to data/market_data_btcusdt.json
2024-11-29 03:34:14,512 - liquidity_analyzer - INFO - Saved market data to data/market_data_btcusdt.json
2024-11-29 03:34:14,528 - liquidity_analyzer - INFO - Saved market data to data/market_data_btcusdt.json
2024-11-29 03:34:14,543 - liquidity_analyzer - INFO - Saved market data to data/market_data_btcusdt.json
2024-11-29 03:34:14,558 - liquidity_analyzer - INFO - Saved market data to data/market_data_btcusdt.json
2024-11-29 03:34:14,575 - liquidity_analyzer - INFO - Saved market data to data/market_data_btcusdt.json
2024-11-29 03:34:14,591 - liquidity_analyzer - INFO - Saved market data to data/market_data_btcusdt.json
2024-11-29 03:34:14,656 - liquidity_analyzer - INFO - Saved market data to data/market_data_btcusdt.json
2024-11-29 03:34:14,753 - liquidity_analyzer - INFO - Saved market data to data/market_data_btcusdt.json
2024-11-29 03:34:14,771 - liquidity_analyzer - INFO - Saved market data to data/market_data_btcusdt.json
2024-11-29 03:34:14,858 - liquidity_analyzer - INFO - Saved market data to data/market_data_btcusdt.json
2024-11-29 03:34:14,876 - liquidity_analyzer - INFO - Saved market data to data/market_data_btcusdt.json
2024-11-29 03:34:14,990 - liquidity_analyzer - INFO - Saved market data to data/market_data_btcusdt.json
2024-11-29 03:34:15,055 - liquidity_analyzer - INFO - Saved market data to data/market_data_btcusdt.json
2024-11-29 03:34:15,072 - liquidity_analyzer - INFO - Saved market data to data/market_data_btcusdt.json
2024-11-29 03:34:15,096 - liquidity_analyzer - INFO - Saved market data to data/market_data_btcusdt.json
2024-11-29 03:34:15,153 - liquidity_analyzer - INFO - Saved market data to data/market_data_btcusdt.json
2024-11-29 03:34:15,257 - liquidity_analyzer - INFO - Saved market data to data/market_data_btcusdt.json
2024-11-29 03:34:15,353 - liquidity_analyzer - INFO - Saved market data to data/market_data_btcusdt.json
2024-11-29 03:34:15,457 - liquidity_analyzer - INFO - Saved market data to data/market_data_btcusdt.json
2024-11-29 03:34:15,551 - liquidity_analyzer - INFO - Saved market data to data/market_data_btcusdt.json
2024-11-29 03:34:15,656 - liquidity_analyzer - INFO - Saved market data to data/market_data_btcusdt.json
2024-11-29 03:34:15,752 - liquidity_analyzer - INFO - Saved market data to data/market_data_btcusdt.json
2024-11-29 03:34:15,857 - liquidity_analyzer - INFO - Saved market data to data/market_data_btcusdt.json
2024-11-29 03:34:15,958 - liquidity_analyzer - INFO - Saved market data to data/market_data_btcusdt.json
2024-11-29 03:34:16,053 - liquidity_analyzer - INFO - Saved market data to data/market_data_btcusdt.json
2024-11-29 03:34:16,153 - liquidity_analyzer - INFO - Saved market data to data/market_data_btcusdt.json
2024-11-29 03:34:16,254 - liquidity_analyzer - INFO - Saved market data to data/market_data_btcusdt.json
2024-11-29 03:34:16,364 - liquidity_analyzer - INFO - Saved market data to data/market_data_btcusdt.json
2024-11-29 03:34:16,389 - liquidity_analyzer - INFO - Saved market data to data/market_data_btcusdt.json
2024-11-29 03:34:16,456 - liquidity_analyzer - INFO - Saved market data to data/market_data_btcusdt.json
2024-11-29 03:34:16,585 - liquidity_analyzer - INFO - Saved market data to data/market_data_btcusdt.json
2024-11-29 03:34:16,609 - liquidity_analyzer - INFO - Saved market data to data/market_data_btcusdt.json
2024-11-29 03:34:16,641 - liquidity_analyzer - INFO - Saved market data to data/market_data_btcusdt.json
2024-11-29 03:34:16,656 - liquidity_analyzer - INFO - Saved market data to data/market_data_btcusdt.json
2024-11-29 03:34:16,758 - liquidity_analyzer - INFO - Saved market data to data/market_data_btcusdt.json
2024-11-29 03:34:16,777 - liquidity_analyzer - INFO - Saved market data to data/market_data_btcusdt.json
2024-11-29 03:34:16,852 - liquidity_analyzer - INFO - Saved market data to data/market_data_btcusdt.json
2024-11-29 03:34:16,953 - liquidity_analyzer - INFO - Saved market data to data/market_data_btcusdt.json
2024-11-29 03:34:17,063 - liquidity_analyzer - INFO - Saved market data to data/market_data_btcusdt.json
2024-11-29 03:34:17,154 - liquidity_analyzer - INFO - Saved market data to data/market_data_btcusdt.json
2024-11-29 03:34:17,218 - liquidity_analyzer - INFO - Saved market data to data/market_data_btcusdt.json
2024-11-29 03:34:17,252 - liquidity_analyzer - INFO - Saved market data to data/market_data_btcusdt.json
2024-11-29 03:34:17,400 - liquidity_analyzer - INFO - Saved market data to data/market_data_btcusdt.json
2024-11-29 03:34:17,480 - liquidity_analyzer - INFO - Saved market data to data/market_data_btcusdt.json
2024-11-29 03:34:17,628 - liquidity_analyzer - INFO - Saved market data to data/market_data_btcusdt.json
2024-11-29 03:34:17,909 - liquidity_analyzer - INFO - Saved market data to data/market_data_btcusdt.json
2024-11-29 03:34:17,947 - liquidity_analyzer - INFO - Saved market data to data/market_data_btcusdt.json
2024-11-29 03:34:18,224 - liquidity_analyzer - INFO - Saved market data to data/market_data_btcusdt.json
2024-11-29 03:34:18,247 - liquidity_analyzer - INFO - Saved market data to data/market_data_btcusdt.json
2024-11-29 03:34:18,268 - liquidity_analyzer - INFO - Saved market data to data/market_data_btcusdt.json
2024-11-29 03:34:18,298 - liquidity_analyzer - INFO - Saved market data to data/market_data_btcusdt.json
2024-11-29 03:34:18,317 - liquidity_analyzer - INFO - Saved market data to data/market_data_btcusdt.json
2024-11-29 03:34:18,332 - liquidity_analyzer - INFO - Saved market data to data/market_data_btcusdt.json
2024-11-29 03:34:18,350 - liquidity_analyzer - INFO - Saved market data to data/market_data_btcusdt.json
2024-11-29 03:34:18,367 - liquidity_analyzer - INFO - Saved market data to data/market_data_btcusdt.json
2024-11-29 03:34:18,367 - liquidity_analyzer - INFO - Processed 100 messages
2024-11-29 03:34:18,383 - liquidity_analyzer - INFO - Saved market data to data/market_data_btcusdt.json
2024-11-29 03:34:18,453 - liquidity_analyzer - INFO - Saved market data to data/market_data_btcusdt.json
2024-11-29 03:34:18,562 - liquidity_analyzer - INFO - Saved market data to data/market_data_btcusdt.json
2024-11-29 03:34:18,720 - liquidity_analyzer - INFO - Saved market data to data/market_data_btcusdt.json
2024-11-29 03:34:18,994 - liquidity_analyzer - INFO - Saved market data to data/market_data_btcusdt.json
2024-11-29 03:34:19,025 - liquidity_analyzer - INFO - Saved market data to data/market_data_btcusdt.json
2024-11-29 03:34:19,083 - liquidity_analyzer - INFO - Saved market data to data/market_data_btcusdt.json
2024-11-29 03:34:19,105 - liquidity_analyzer - INFO - Saved market data to data/market_data_btcusdt.json
2024-11-29 03:34:19,125 - liquidity_analyzer - INFO - Saved market data to data/market_data_btcusdt.json
2024-11-29 03:34:19,160 - liquidity_analyzer - INFO - Saved market data to data/market_data_btcusdt.json
2024-11-29 03:34:19,178 - liquidity_analyzer - INFO - Saved market data to data/market_data_btcusdt.json
2024-11-29 03:34:19,197 - liquidity_analyzer - INFO - Saved market data to data/market_data_btcusdt.json
2024-11-29 03:34:19,226 - liquidity_analyzer - INFO - Saved market data to data/market_data_btcusdt.json
2024-11-29 03:34:19,259 - liquidity_analyzer - INFO - Saved market data to data/market_data_btcusdt.json
2024-11-29 03:34:19,362 - liquidity_analyzer - INFO - Saved market data to data/market_data_btcusdt.json
2024-11-29 03:34:19,473 - liquidity_analyzer - INFO - Saved market data to data/market_data_btcusdt.json
2024-11-29 03:34:19,593 - liquidity_analyzer - INFO - Saved market data to data/market_data_btcusdt.json
2024-11-29 03:34:19,944 - liquidity_analyzer - INFO - Saved market data to data/market_data_btcusdt.json
2024-11-29 03:34:20,007 - liquidity_analyzer - INFO - Saved market data to data/market_data_btcusdt.json
2024-11-29 03:34:20,029 - liquidity_analyzer - INFO - Saved market data to data/market_data_btcusdt.json
2024-11-29 03:34:20,050 - liquidity_analyzer - INFO - Saved market data to data/market_data_btcusdt.json
2024-11-29 03:34:20,068 - liquidity_analyzer - INFO - Saved market data to data/market_data_btcusdt.json
2024-11-29 03:34:20,089 - liquidity_analyzer - INFO - Saved market data to data/market_data_btcusdt.json
2024-11-29 03:34:20,160 - liquidity_analyzer - INFO - Saved market data to data/market_data_btcusdt.json
2024-11-29 03:34:20,267 - liquidity_analyzer - INFO - Saved market data to data/market_data_btcusdt.json
2024-11-29 03:34:20,285 - liquidity_analyzer - INFO - Saved market data to data/market_data_btcusdt.json
2024-11-29 03:34:20,427 - liquidity_analyzer - INFO - Saved market data to data/market_data_btcusdt.json
2024-11-29 03:34:20,632 - liquidity_analyzer - INFO - Saved market data to data/market_data_btcusdt.json
2024-11-29 03:34:20,655 - liquidity_analyzer - INFO - Saved market data to data/market_data_btcusdt.json
2024-11-29 03:34:20,720 - liquidity_analyzer - INFO - Saved market data to data/market_data_btcusdt.json
2024-11-29 03:34:20,790 - liquidity_analyzer - INFO - Saved market data to data/market_data_btcusdt.json
2024-11-29 03:34:20,827 - liquidity_analyzer - INFO - Saved market data to data/market_data_btcusdt.json
2024-11-29 03:34:20,858 - liquidity_analyzer - INFO - Saved market data to data/market_data_btcusdt.json
2024-11-29 03:34:20,958 - liquidity_analyzer - INFO - Saved market data to data/market_data_btcusdt.json
2024-11-29 03:34:21,071 - liquidity_analyzer - INFO - Saved market data to data/market_data_btcusdt.json
2024-11-29 03:34:21,206 - liquidity_analyzer - INFO - Saved market data to data/market_data_btcusdt.json
2024-11-29 03:34:21,392 - liquidity_analyzer - INFO - Saved market data to data/market_data_btcusdt.json
2024-11-29 03:34:21,418 - liquidity_analyzer - INFO - Saved market data to data/market_data_btcusdt.json
2024-11-29 03:34:21,438 - liquidity_analyzer - INFO - Saved market data to data/market_data_btcusdt.json
2024-11-29 03:34:21,455 - liquidity_analyzer - INFO - Saved market data to data/market_data_btcusdt.json
2024-11-29 03:34:21,472 - liquidity_analyzer - INFO - Saved market data to data/market_data_btcusdt.json
2024-11-29 03:34:21,489 - liquidity_analyzer - INFO - Saved market data to data/market_data_btcusdt.json
2024-11-29 03:34:21,512 - liquidity_analyzer - INFO - Saved market data to data/market_data_btcusdt.json
2024-11-29 03:34:21,528 - liquidity_analyzer - INFO - Saved market data to data/market_data_btcusdt.json
2024-11-29 03:34:21,544 - liquidity_analyzer - INFO - Saved market data to data/market_data_btcusdt.json
2024-11-29 03:34:21,564 - liquidity_analyzer - INFO - Saved market data to data/market_data_btcusdt.json
2024-11-29 03:34:21,583 - liquidity_analyzer - INFO - Saved market data to data/market_data_btcusdt.json
2024-11-29 03:34:21,607 - liquidity_analyzer - INFO - Saved market data to data/market_data_btcusdt.json
2024-11-29 03:34:21,656 - liquidity_analyzer - INFO - Saved market data to data/market_data_btcusdt.json
2024-11-29 03:34:21,761 - liquidity_analyzer - INFO - Saved market data to data/market_data_btcusdt.json
2024-11-29 03:34:21,788 - liquidity_analyzer - INFO - Saved market data to data/market_data_btcusdt.json
2024-11-29 03:34:21,812 - liquidity_analyzer - INFO - Saved market data to data/market_data_btcusdt.json
2024-11-29 03:34:21,874 - liquidity_analyzer - INFO - Saved market data to data/market_data_btcusdt.json
2024-11-29 03:34:21,981 - liquidity_analyzer - INFO - Saved market data to data/market_data_btcusdt.json
2024-11-29 03:34:22,055 - liquidity_analyzer - INFO - Saved market data to data/market_data_btcusdt.json
2024-11-29 03:34:22,139 - liquidity_analyzer - INFO - Saved market data to data/market_data_btcusdt.json
2024-11-29 03:34:22,327 - liquidity_analyzer - INFO - Saved market data to data/market_data_btcusdt.json
2024-11-29 03:34:22,368 - liquidity_analyzer - INFO - Saved market data to data/market_data_btcusdt.json
2024-11-29 03:34:22,403 - liquidity_analyzer - INFO - Saved market data to data/market_data_btcusdt.json
2024-11-29 03:34:22,429 - liquidity_analyzer - INFO - Saved market data to data/market_data_btcusdt.json
2024-11-29 03:34:22,462 - liquidity_analyzer - INFO - Saved market data to data/market_data_btcusdt.json
2024-11-29 03:34:22,552 - liquidity_analyzer - INFO - Saved market data to data/market_data_btcusdt.json
2024-11-29 03:34:22,713 - liquidity_analyzer - INFO - Saved market data to data/market_data_btcusdt.json
2024-11-29 03:34:22,739 - liquidity_analyzer - INFO - Saved market data to data/market_data_btcusdt.json
2024-11-29 03:34:22,892 - liquidity_analyzer - INFO - Saved market data to data/market_data_btcusdt.json
2024-11-29 03:34:22,923 - liquidity_analyzer - INFO - Saved market data to data/market_data_btcusdt.json
2024-11-29 03:34:22,954 - liquidity_analyzer - INFO - Saved market data to data/market_data_btcusdt.json
2024-11-29 03:34:23,031 - liquidity_analyzer - INFO - Saved market data to data/market_data_btcusdt.json
2024-11-29 03:34:23,153 - liquidity_analyzer - INFO - Saved market data to data/market_data_btcusdt.json
2024-11-29 03:34:23,214 - liquidity_analyzer - INFO - Saved market data to data/market_data_btcusdt.json
2024-11-29 03:34:23,341 - liquidity_analyzer - INFO - Saved market data to data/market_data_btcusdt.json
2024-11-29 03:34:23,381 - liquidity_analyzer - INFO - Saved market data to data/market_data_btcusdt.json
2024-11-29 03:34:23,417 - liquidity_analyzer - INFO - Saved market data to data/market_data_btcusdt.json
2024-11-29 03:34:23,441 - liquidity_analyzer - INFO - Saved market data to data/market_data_btcusdt.json
2024-11-29 03:34:23,462 - liquidity_analyzer - INFO - Saved market data to data/market_data_btcusdt.json
2024-11-29 03:34:23,481 - liquidity_analyzer - INFO - Saved market data to data/market_data_btcusdt.json
2024-11-29 03:34:23,553 - liquidity_analyzer - INFO - Saved market data to data/market_data_btcusdt.json
2024-11-29 03:34:23,669 - liquidity_analyzer - INFO - Saved market data to data/market_data_btcusdt.json
2024-11-29 03:34:23,786 - liquidity_analyzer - INFO - Saved market data to data/market_data_btcusdt.json
2024-11-29 03:34:23,816 - liquidity_analyzer - INFO - Saved market data to data/market_data_btcusdt.json
2024-11-29 03:34:23,896 - liquidity_analyzer - INFO - Saved market data to data/market_data_btcusdt.json
2024-11-29 03:34:23,974 - liquidity_analyzer - INFO - Saved market data to data/market_data_btcusdt.json
2024-11-29 03:34:24,116 - liquidity_analyzer - INFO - Saved market data to data/market_data_btcusdt.json
2024-11-29 03:34:24,190 - liquidity_analyzer - INFO - Saved market data to data/market_data_btcusdt.json
2024-11-29 03:34:24,289 - liquidity_analyzer - INFO - Saved market data to data/market_data_btcusdt.json
2024-11-29 03:34:24,311 - liquidity_analyzer - INFO - Saved market data to data/market_data_btcusdt.json
2024-11-29 03:34:24,354 - liquidity_analyzer - INFO - Saved market data to data/market_data_btcusdt.json
2024-11-29 03:34:24,390 - liquidity_analyzer - INFO - Saved market data to data/market_data_btcusdt.json
2024-11-29 03:34:24,447 - liquidity_analyzer - INFO - Saved market data to data/market_data_btcusdt.json
2024-11-29 03:34:24,478 - liquidity_analyzer - INFO - Saved market data to data/market_data_btcusdt.json
2024-11-29 03:34:24,502 - liquidity_analyzer - INFO - Saved market data to data/market_data_btcusdt.json
2024-11-29 03:34:24,524 - liquidity_analyzer - INFO - Saved market data to data/market_data_btcusdt.json
2024-11-29 03:34:24,625 - liquidity_analyzer - INFO - Saved market data to data/market_data_btcusdt.json
2024-11-29 03:34:24,647 - liquidity_analyzer - INFO - Saved market data to data/market_data_btcusdt.json
2024-11-29 03:34:24,666 - liquidity_analyzer - INFO - Saved market data to data/market_data_btcusdt.json
2024-11-29 03:34:24,684 - liquidity_analyzer - INFO - Saved market data to data/market_data_btcusdt.json
2024-11-29 03:34:24,704 - liquidity_analyzer - INFO - Saved market data to data/market_data_btcusdt.json
2024-11-29 03:34:24,892 - liquidity_analyzer - INFO - Saved market data to data/market_data_btcusdt.json
2024-11-29 03:34:24,921 - liquidity_analyzer - INFO - Saved market data to data/market_data_btcusdt.json
2024-11-29 03:34:24,941 - liquidity_analyzer - INFO - Saved market data to data/market_data_btcusdt.json
2024-11-29 03:34:24,946 - liquidity_analyzer - INFO - Processed 200 messages
2024-11-29 03:34:24,965 - liquidity_analyzer - INFO - Saved market data to data/market_data_btcusdt.json
2024-11-29 03:34:25,084 - liquidity_analyzer - INFO - Saved market data to data/market_data_btcusdt.json
2024-11-29 03:34:25,193 - liquidity_analyzer - INFO - Saved market data to data/market_data_btcusdt.json
2024-11-29 03:34:25,273 - liquidity_analyzer - INFO - Saved market data to data/market_data_btcusdt.json
2024-11-29 03:34:25,381 - liquidity_analyzer - INFO - Saved market data to data/market_data_btcusdt.json
2024-11-29 03:34:25,480 - liquidity_analyzer - INFO - Saved market data to data/market_data_btcusdt.json
2024-11-29 03:34:25,596 - liquidity_analyzer - INFO - Saved market data to data/market_data_btcusdt.json
2024-11-29 03:34:25,676 - liquidity_analyzer - INFO - Saved market data to data/market_data_btcusdt.json
2024-11-29 03:34:25,792 - liquidity_analyzer - INFO - Saved market data to data/market_data_btcusdt.json
2024-11-29 03:34:25,832 - liquidity_analyzer - INFO - Saved market data to data/market_data_btcusdt.json
2024-11-29 03:34:26,164 - liquidity_analyzer - INFO - Saved market data to data/market_data_btcusdt.json
2024-11-29 03:34:26,218 - liquidity_analyzer - INFO - Saved market data to data/market_data_btcusdt.json
2024-11-29 03:34:26,241 - liquidity_analyzer - INFO - Saved market data to data/market_data_btcusdt.json
2024-11-29 03:34:26,261 - liquidity_analyzer - INFO - Saved market data to data/market_data_btcusdt.json
2024-11-29 03:34:26,289 - liquidity_analyzer - INFO - Saved market data to data/market_data_btcusdt.json
2024-11-29 03:34:26,395 - liquidity_analyzer - INFO - Saved market data to data/market_data_btcusdt.json
2024-11-29 03:34:26,489 - liquidity_analyzer - INFO - Saved market data to data/market_data_btcusdt.json
2024-11-29 03:34:26,592 - liquidity_analyzer - INFO - Saved market data to data/market_data_btcusdt.json
2024-11-29 03:34:26,798 - liquidity_analyzer - INFO - Saved market data to data/market_data_btcusdt.json
2024-11-29 03:34:26,836 - liquidity_analyzer - INFO - Saved market data to data/market_data_btcusdt.json
2024-11-29 03:34:26,870 - liquidity_analyzer - INFO - Saved market data to data/market_data_btcusdt.json
2024-11-29 03:34:26,894 - liquidity_analyzer - INFO - Saved market data to data/market_data_btcusdt.json
2024-11-29 03:34:26,923 - liquidity_analyzer - INFO - Saved market data to data/market_data_btcusdt.json
2024-11-29 03:34:26,942 - liquidity_analyzer - INFO - Saved market data to data/market_data_btcusdt.json
2024-11-29 03:34:26,962 - liquidity_analyzer - INFO - Saved market data to data/market_data_btcusdt.json
2024-11-29 03:34:26,992 - liquidity_analyzer - INFO - Saved market data to data/market_data_btcusdt.json
2024-11-29 03:34:27,060 - liquidity_analyzer - INFO - Saved market data to data/market_data_btcusdt.json
2024-11-29 03:34:27,157 - liquidity_analyzer - INFO - Saved market data to data/market_data_btcusdt.json
2024-11-29 03:34:27,348 - liquidity_analyzer - INFO - Saved market data to data/market_data_btcusdt.json
2024-11-29 03:34:27,428 - liquidity_analyzer - INFO - Saved market data to data/market_data_btcusdt.json
2024-11-29 03:34:27,482 - liquidity_analyzer - INFO - Saved market data to data/market_data_btcusdt.json
2024-11-29 03:34:27,597 - liquidity_analyzer - INFO - Saved market data to data/market_data_btcusdt.json
2024-11-29 03:34:27,688 - liquidity_analyzer - INFO - Saved market data to data/market_data_btcusdt.json
2024-11-29 03:34:27,732 - liquidity_analyzer - INFO - Saved market data to data/market_data_btcusdt.json
2024-11-29 03:34:27,759 - liquidity_analyzer - INFO - Saved market data to data/market_data_btcusdt.json
2024-11-29 03:34:27,820 - liquidity_analyzer - INFO - Saved market data to data/market_data_btcusdt.json
2024-11-29 03:34:27,860 - liquidity_analyzer - INFO - Saved market data to data/market_data_btcusdt.json
2024-11-29 03:34:27,919 - liquidity_analyzer - INFO - Saved market data to data/market_data_btcusdt.json
2024-11-29 03:34:27,953 - liquidity_analyzer - INFO - Saved market data to data/market_data_btcusdt.json
2024-11-29 03:34:28,051 - liquidity_analyzer - INFO - Saved market data to data/market_data_btcusdt.json
2024-11-29 03:34:28,500 - liquidity_analyzer - INFO - Saved market data to data/market_data_btcusdt.json
2024-11-29 03:34:28,555 - liquidity_analyzer - INFO - Saved market data to data/market_data_btcusdt.json
2024-11-29 03:34:29,001 - liquidity_analyzer - INFO - Saved market data to data/market_data_btcusdt.json
2024-11-29 03:34:29,110 - liquidity_analyzer - INFO - Saved market data to data/market_data_btcusdt.json
2024-11-29 03:34:29,156 - liquidity_analyzer - INFO - Saved market data to data/market_data_btcusdt.json
2024-11-29 03:34:29,540 - liquidity_analyzer - INFO - Saved market data to data/market_data_btcusdt.json
2024-11-29 03:34:29,579 - liquidity_analyzer - INFO - Saved market data to data/market_data_btcusdt.json
2024-11-29 03:34:29,737 - liquidity_analyzer - INFO - Saved market data to data/market_data_btcusdt.json
2024-11-29 03:34:29,893 - liquidity_analyzer - INFO - Saved market data to data/market_data_btcusdt.json
2024-11-29 03:34:30,029 - liquidity_analyzer - INFO - Saved market data to data/market_data_btcusdt.json
2024-11-29 03:34:30,079 - liquidity_analyzer - INFO - Saved market data to data/market_data_btcusdt.json
2024-11-29 03:34:30,104 - liquidity_analyzer - INFO - Saved market data to data/market_data_btcusdt.json
2024-11-29 03:34:30,128 - liquidity_analyzer - INFO - Saved market data to data/market_data_btcusdt.json
2024-11-29 03:34:30,160 - liquidity_analyzer - INFO - Saved market data to data/market_data_btcusdt.json
2024-11-29 03:34:30,181 - liquidity_analyzer - INFO - Saved market data to data/market_data_btcusdt.json
2024-11-29 03:34:30,202 - liquidity_analyzer - INFO - Saved market data to data/market_data_btcusdt.json
2024-11-29 03:34:30,232 - liquidity_analyzer - INFO - Saved market data to data/market_data_btcusdt.json
2024-11-29 03:34:30,260 - liquidity_analyzer - INFO - Saved market data to data/market_data_btcusdt.json
2024-11-29 03:34:30,283 - liquidity_analyzer - INFO - Saved market data to data/market_data_btcusdt.json
2024-11-29 03:34:30,304 - liquidity_analyzer - INFO - Saved market data to data/market_data_btcusdt.json
2024-11-29 03:34:30,326 - liquidity_analyzer - INFO - Saved market data to data/market_data_btcusdt.json
2024-11-29 03:34:30,346 - liquidity_analyzer - INFO - Saved market data to data/market_data_btcusdt.json
2024-11-29 03:34:30,366 - liquidity_analyzer - INFO - Saved market data to data/market_data_btcusdt.json
2024-11-29 03:34:30,385 - liquidity_analyzer - INFO - Saved market data to data/market_data_btcusdt.json
2024-11-29 03:34:30,404 - liquidity_analyzer - INFO - Saved market data to data/market_data_btcusdt.json
2024-11-29 03:34:30,430 - liquidity_analyzer - INFO - Saved market data to data/market_data_btcusdt.json
2024-11-29 03:34:30,451 - liquidity_analyzer - INFO - Saved market data to data/market_data_btcusdt.json
2024-11-29 03:34:30,472 - liquidity_analyzer - INFO - Saved market data to data/market_data_btcusdt.json
2024-11-29 03:34:30,493 - liquidity_analyzer - INFO - Saved market data to data/market_data_btcusdt.json
2024-11-29 03:34:30,511 - liquidity_analyzer - INFO - Saved market data to data/market_data_btcusdt.json
2024-11-29 03:34:30,527 - liquidity_analyzer - INFO - Saved market data to data/market_data_btcusdt.json
2024-11-29 03:34:30,545 - liquidity_analyzer - INFO - Saved market data to data/market_data_btcusdt.json
2024-11-29 03:34:30,566 - liquidity_analyzer - INFO - Saved market data to data/market_data_btcusdt.json
2024-11-29 03:34:30,608 - liquidity_analyzer - INFO - Saved market data to data/market_data_btcusdt.json
2024-11-29 03:34:30,635 - liquidity_analyzer - INFO - Saved market data to data/market_data_btcusdt.json
2024-11-29 03:34:30,668 - liquidity_analyzer - INFO - Saved market data to data/market_data_btcusdt.json
2024-11-29 03:34:30,695 - liquidity_analyzer - INFO - Saved market data to data/market_data_btcusdt.json
2024-11-29 03:34:30,714 - liquidity_analyzer - INFO - Saved market data to data/market_data_btcusdt.json
2024-11-29 03:34:30,730 - liquidity_analyzer - INFO - Saved market data to data/market_data_btcusdt.json
2024-11-29 03:34:30,746 - liquidity_analyzer - INFO - Saved market data to data/market_data_btcusdt.json
2024-11-29 03:34:30,763 - liquidity_analyzer - INFO - Saved market data to data/market_data_btcusdt.json
2024-11-29 03:34:30,781 - liquidity_analyzer - INFO - Saved market data to data/market_data_btcusdt.json
2024-11-29 03:34:30,856 - liquidity_analyzer - INFO - Saved market data to data/market_data_btcusdt.json
2024-11-29 03:34:30,957 - liquidity_analyzer - INFO - Saved market data to data/market_data_btcusdt.json
2024-11-29 03:34:31,143 - liquidity_analyzer - INFO - Saved market data to data/market_data_btcusdt.json
2024-11-29 03:34:31,343 - liquidity_analyzer - INFO - Saved market data to data/market_data_btcusdt.json
2024-11-29 03:34:31,431 - liquidity_analyzer - INFO - Saved market data to data/market_data_btcusdt.json
2024-11-29 03:34:31,495 - liquidity_analyzer - INFO - Saved market data to data/market_data_btcusdt.json
2024-11-29 03:34:31,517 - liquidity_analyzer - INFO - Saved market data to data/market_data_btcusdt.json
2024-11-29 03:34:31,594 - liquidity_analyzer - INFO - Saved market data to data/market_data_btcusdt.json
2024-11-29 03:34:31,877 - liquidity_analyzer - INFO - Saved market data to data/market_data_btcusdt.json
2024-11-29 03:34:31,952 - liquidity_analyzer - INFO - Saved market data to data/market_data_btcusdt.json
2024-11-29 03:34:32,011 - liquidity_analyzer - INFO - Saved market data to data/market_data_btcusdt.json
2024-11-29 03:34:32,059 - liquidity_analyzer - INFO - Saved market data to data/market_data_btcusdt.json
2024-11-29 03:34:32,191 - liquidity_analyzer - INFO - Saved market data to data/market_data_btcusdt.json
2024-11-29 03:34:32,221 - liquidity_analyzer - INFO - Saved market data to data/market_data_btcusdt.json
2024-11-29 03:34:32,245 - liquidity_analyzer - INFO - Saved market data to data/market_data_btcusdt.json
2024-11-29 03:34:32,311 - liquidity_analyzer - INFO - Saved market data to data/market_data_btcusdt.json
2024-11-29 03:34:32,352 - liquidity_analyzer - INFO - Saved market data to data/market_data_btcusdt.json
2024-11-29 03:34:32,391 - liquidity_analyzer - INFO - Saved market data to data/market_data_btcusdt.json
2024-11-29 03:34:32,391 - liquidity_analyzer - INFO - Processed 300 messages
2024-11-29 03:34:32,470 - liquidity_analyzer - INFO - Saved market data to data/market_data_btcusdt.json
2024-11-29 03:34:32,505 - liquidity_analyzer - INFO - Saved market data to data/market_data_btcusdt.json
2024-11-29 03:34:32,531 - liquidity_analyzer - INFO - Saved market data to data/market_data_btcusdt.json
2024-11-29 03:34:32,557 - liquidity_analyzer - INFO - Saved market data to data/market_data_btcusdt.json
2024-11-29 03:34:32,594 - liquidity_analyzer - INFO - Saved market data to data/market_data_btcusdt.json
2024-11-29 03:34:32,628 - liquidity_analyzer - INFO - Saved market data to data/market_data_btcusdt.json
2024-11-29 03:34:32,689 - liquidity_analyzer - INFO - Saved market data to data/market_data_btcusdt.json
2024-11-29 03:34:32,716 - liquidity_analyzer - INFO - Saved market data to data/market_data_btcusdt.json
2024-11-29 03:34:32,746 - liquidity_analyzer - INFO - Saved market data to data/market_data_btcusdt.json
2024-11-29 03:34:32,788 - liquidity_analyzer - INFO - Saved market data to data/market_data_btcusdt.json
2024-11-29 03:34:32,842 - liquidity_analyzer - INFO - Saved market data to data/market_data_btcusdt.json
2024-11-29 03:34:32,894 - liquidity_analyzer - INFO - Saved market data to data/market_data_btcusdt.json
2024-11-29 03:34:32,939 - liquidity_analyzer - INFO - Saved market data to data/market_data_btcusdt.json
2024-11-29 03:34:33,057 - liquidity_analyzer - INFO - Saved market data to data/market_data_btcusdt.json
2024-11-29 03:34:33,077 - liquidity_analyzer - INFO - Saved market data to data/market_data_btcusdt.json
2024-11-29 03:34:33,210 - liquidity_analyzer - INFO - Saved market data to data/market_data_btcusdt.json
2024-11-29 03:34:33,262 - liquidity_analyzer - INFO - Saved market data to data/market_data_btcusdt.json
2024-11-29 03:34:33,297 - liquidity_analyzer - INFO - Saved market data to data/market_data_btcusdt.json
2024-11-29 03:34:33,356 - liquidity_analyzer - INFO - Saved market data to data/market_data_btcusdt.json
2024-11-29 03:34:33,408 - liquidity_analyzer - INFO - Saved market data to data/market_data_btcusdt.json
2024-11-29 03:34:33,481 - liquidity_analyzer - INFO - Saved market data to data/market_data_btcusdt.json
2024-11-29 03:34:33,522 - liquidity_analyzer - INFO - Saved market data to data/market_data_btcusdt.json
2024-11-29 03:34:33,546 - liquidity_analyzer - INFO - Saved market data to data/market_data_btcusdt.json
2024-11-29 03:34:33,580 - liquidity_analyzer - INFO - Saved market data to data/market_data_btcusdt.json
2024-11-29 03:34:33,656 - liquidity_analyzer - INFO - Saved market data to data/market_data_btcusdt.json
2024-11-29 03:34:33,685 - liquidity_analyzer - INFO - Saved market data to data/market_data_btcusdt.json
2024-11-29 03:34:33,756 - liquidity_analyzer - INFO - Saved market data to data/market_data_btcusdt.json
2024-11-29 03:34:33,957 - liquidity_analyzer - INFO - Saved market data to data/market_data_btcusdt.json
2024-11-29 03:34:34,036 - liquidity_analyzer - INFO - Saved market data to data/market_data_btcusdt.json
2024-11-29 03:34:34,082 - liquidity_analyzer - INFO - Saved market data to data/market_data_btcusdt.json
2024-11-29 03:34:34,229 - liquidity_analyzer - INFO - Saved market data to data/market_data_btcusdt.json
2024-11-29 03:34:34,392 - liquidity_analyzer - INFO - Saved market data to data/market_data_btcusdt.json
2024-11-29 03:34:34,448 - liquidity_analyzer - INFO - Saved market data to data/market_data_btcusdt.json
2024-11-29 03:34:34,514 - liquidity_analyzer - INFO - Saved market data to data/market_data_btcusdt.json
2024-11-29 03:34:34,593 - liquidity_analyzer - INFO - Saved market data to data/market_data_btcusdt.json
2024-11-29 03:34:34,632 - liquidity_analyzer - INFO - Saved market data to data/market_data_btcusdt.json
2024-11-29 03:34:34,669 - liquidity_analyzer - INFO - Saved market data to data/market_data_btcusdt.json
2024-11-29 03:34:34,713 - liquidity_analyzer - INFO - Saved market data to data/market_data_btcusdt.json
2024-11-29 03:34:34,918 - liquidity_analyzer - INFO - Saved market data to data/market_data_btcusdt.json
2024-11-29 03:34:34,995 - liquidity_analyzer - INFO - Saved market data to data/market_data_btcusdt.json
2024-11-29 03:34:35,046 - liquidity_analyzer - INFO - Saved market data to data/market_data_btcusdt.json
2024-11-29 03:34:35,076 - liquidity_analyzer - INFO - Saved market data to data/market_data_btcusdt.json
2024-11-29 03:34:35,101 - liquidity_analyzer - INFO - Saved market data to data/market_data_btcusdt.json
2024-11-29 03:34:35,159 - liquidity_analyzer - INFO - Saved market data to data/market_data_btcusdt.json
2024-11-29 03:34:35,201 - liquidity_analyzer - INFO - Saved market data to data/market_data_btcusdt.json
2024-11-29 03:34:35,232 - liquidity_analyzer - INFO - Saved market data to data/market_data_btcusdt.json
2024-11-29 03:34:35,268 - liquidity_analyzer - INFO - Saved market data to data/market_data_btcusdt.json
2024-11-29 03:34:35,294 - liquidity_analyzer - INFO - Saved market data to data/market_data_btcusdt.json
2024-11-29 03:34:35,336 - liquidity_analyzer - INFO - Saved market data to data/market_data_btcusdt.json
2024-11-29 03:34:35,376 - liquidity_analyzer - INFO - Saved market data to data/market_data_btcusdt.json
2024-11-29 03:34:35,402 - liquidity_analyzer - INFO - Saved market data to data/market_data_btcusdt.json
2024-11-29 03:34:35,424 - liquidity_analyzer - INFO - Saved market data to data/market_data_btcusdt.json
2024-11-29 03:34:35,448 - liquidity_analyzer - INFO - Saved market data to data/market_data_btcusdt.json
2024-11-29 03:34:35,472 - liquidity_analyzer - INFO - Saved market data to data/market_data_btcusdt.json
2024-11-29 03:34:35,506 - liquidity_analyzer - INFO - Saved market data to data/market_data_btcusdt.json
2024-11-29 03:34:35,658 - liquidity_analyzer - INFO - Saved market data to data/market_data_btcusdt.json
2024-11-29 03:34:35,685 - liquidity_analyzer - INFO - Saved market data to data/market_data_btcusdt.json
2024-11-29 03:34:35,710 - liquidity_analyzer - INFO - Saved market data to data/market_data_btcusdt.json
2024-11-29 03:34:35,741 - liquidity_analyzer - INFO - Saved market data to data/market_data_btcusdt.json
2024-11-29 03:34:35,764 - liquidity_analyzer - INFO - Saved market data to data/market_data_btcusdt.json
2024-11-29 03:34:35,786 - liquidity_analyzer - INFO - Saved market data to data/market_data_btcusdt.json
2024-11-29 03:34:35,806 - liquidity_analyzer - INFO - Saved market data to data/market_data_btcusdt.json
2024-11-29 03:34:35,826 - liquidity_analyzer - INFO - Saved market data to data/market_data_btcusdt.json
2024-11-29 03:34:35,845 - liquidity_analyzer - INFO - Saved market data to data/market_data_btcusdt.json
2024-11-29 03:34:35,864 - liquidity_analyzer - INFO - Saved market data to data/market_data_btcusdt.json
2024-11-29 03:34:35,882 - liquidity_analyzer - INFO - Saved market data to data/market_data_btcusdt.json
2024-11-29 03:34:35,899 - liquidity_analyzer - INFO - Saved market data to data/market_data_btcusdt.json
2024-11-29 03:34:35,923 - liquidity_analyzer - INFO - Saved market data to data/market_data_btcusdt.json
2024-11-29 03:34:35,943 - liquidity_analyzer - INFO - Saved market data to data/market_data_btcusdt.json
2024-11-29 03:34:35,964 - liquidity_analyzer - INFO - Saved market data to data/market_data_btcusdt.json
2024-11-29 03:34:35,983 - liquidity_analyzer - INFO - Saved market data to data/market_data_btcusdt.json
2024-11-29 03:34:36,003 - liquidity_analyzer - INFO - Saved market data to data/market_data_btcusdt.json
2024-11-29 03:34:36,021 - liquidity_analyzer - INFO - Saved market data to data/market_data_btcusdt.json
2024-11-29 03:34:36,042 - liquidity_analyzer - INFO - Saved market data to data/market_data_btcusdt.json
2024-11-29 03:34:36,064 - liquidity_analyzer - INFO - Saved market data to data/market_data_btcusdt.json
2024-11-29 03:34:36,084 - liquidity_analyzer - INFO - Saved market data to data/market_data_btcusdt.json
2024-11-29 03:34:36,111 - liquidity_analyzer - INFO - Saved market data to data/market_data_btcusdt.json
2024-11-29 03:34:36,132 - liquidity_analyzer - INFO - Saved market data to data/market_data_btcusdt.json
2024-11-29 03:34:36,151 - liquidity_analyzer - INFO - Saved market data to data/market_data_btcusdt.json
2024-11-29 03:34:36,170 - liquidity_analyzer - INFO - Saved market data to data/market_data_btcusdt.json
2024-11-29 03:34:36,192 - liquidity_analyzer - INFO - Saved market data to data/market_data_btcusdt.json
2024-11-29 03:34:36,210 - liquidity_analyzer - INFO - Saved market data to data/market_data_btcusdt.json
2024-11-29 03:34:36,227 - liquidity_analyzer - INFO - Saved market data to data/market_data_btcusdt.json
2024-11-29 03:34:36,251 - liquidity_analyzer - INFO - Saved market data to data/market_data_btcusdt.json
2024-11-29 03:34:36,341 - liquidity_analyzer - INFO - Saved market data to data/market_data_btcusdt.json
2024-11-29 03:34:36,401 - liquidity_analyzer - INFO - Saved market data to data/market_data_btcusdt.json
2024-11-29 03:34:36,463 - liquidity_analyzer - INFO - Saved market data to data/market_data_btcusdt.json
2024-11-29 03:34:36,519 - liquidity_analyzer - INFO - Saved market data to data/market_data_btcusdt.json
2024-11-29 03:34:36,693 - liquidity_analyzer - INFO - Saved market data to data/market_data_btcusdt.json
2024-11-29 03:34:37,154 - liquidity_analyzer - INFO - Saved market data to data/market_data_btcusdt.json
2024-11-29 03:34:37,181 - liquidity_analyzer - INFO - Saved market data to data/market_data_btcusdt.json
2024-11-29 03:34:37,506 - liquidity_analyzer - INFO - Saved market data to data/market_data_btcusdt.json
2024-11-29 03:34:37,585 - liquidity_analyzer - INFO - Saved market data to data/market_data_btcusdt.json
2024-11-29 03:34:37,657 - liquidity_analyzer - INFO - Saved market data to data/market_data_btcusdt.json
2024-11-29 03:34:37,689 - liquidity_analyzer - INFO - Saved market data to data/market_data_btcusdt.json
2024-11-29 03:34:37,741 - liquidity_analyzer - INFO - Saved market data to data/market_data_btcusdt.json
2024-11-29 03:34:37,783 - liquidity_analyzer - INFO - Saved market data to data/market_data_btcusdt.json
2024-11-29 03:34:37,846 - liquidity_analyzer - INFO - Saved market data to data/market_data_btcusdt.json
2024-11-29 03:34:37,967 - liquidity_analyzer - INFO - Saved market data to data/market_data_btcusdt.json
2024-11-29 03:34:38,037 - liquidity_analyzer - INFO - Saved market data to data/market_data_btcusdt.json
2024-11-29 03:34:38,038 - liquidity_analyzer - INFO - Processed 400 messages
2024-11-29 03:34:38,093 - liquidity_analyzer - INFO - Saved market data to data/market_data_btcusdt.json
2024-11-29 03:34:38,123 - liquidity_analyzer - INFO - Saved market data to data/market_data_btcusdt.json
2024-11-29 03:34:38,174 - liquidity_analyzer - INFO - Saved market data to data/market_data_btcusdt.json
2024-11-29 03:34:38,225 - liquidity_analyzer - INFO - Saved market data to data/market_data_btcusdt.json
2024-11-29 03:34:38,283 - liquidity_analyzer - INFO - Saved market data to data/market_data_btcusdt.json
2024-11-29 03:34:38,305 - liquidity_analyzer - INFO - Saved market data to data/market_data_btcusdt.json
2024-11-29 03:34:38,329 - liquidity_analyzer - INFO - Saved market data to data/market_data_btcusdt.json
2024-11-29 03:34:38,355 - liquidity_analyzer - INFO - Saved market data to data/market_data_btcusdt.json
2024-11-29 03:34:38,381 - liquidity_analyzer - INFO - Saved market data to data/market_data_btcusdt.json
2024-11-29 03:34:38,456 - liquidity_analyzer - INFO - Saved market data to data/market_data_btcusdt.json
2024-11-29 03:34:38,619 - liquidity_analyzer - INFO - Saved market data to data/market_data_btcusdt.json
2024-11-29 03:34:38,789 - liquidity_analyzer - INFO - Saved market data to data/market_data_btcusdt.json
2024-11-29 03:34:38,835 - liquidity_analyzer - INFO - Saved market data to data/market_data_btcusdt.json
2024-11-29 03:34:38,894 - liquidity_analyzer - INFO - Saved market data to data/market_data_btcusdt.json
2024-11-29 03:34:39,014 - liquidity_analyzer - INFO - Saved market data to data/market_data_btcusdt.json
2024-11-29 03:34:39,071 - liquidity_analyzer - INFO - Saved market data to data/market_data_btcusdt.json
2024-11-29 03:34:39,137 - liquidity_analyzer - INFO - Saved market data to data/market_data_btcusdt.json
2024-11-29 03:34:39,186 - liquidity_analyzer - INFO - Saved market data to data/market_data_btcusdt.json
2024-11-29 03:34:39,242 - liquidity_analyzer - INFO - Saved market data to data/market_data_btcusdt.json
2024-11-29 03:34:39,269 - liquidity_analyzer - INFO - Saved market data to data/market_data_btcusdt.json
2024-11-29 03:34:39,300 - liquidity_analyzer - INFO - Saved market data to data/market_data_btcusdt.json
2024-11-29 03:34:39,354 - liquidity_analyzer - INFO - Saved market data to data/market_data_btcusdt.json
2024-11-29 03:34:39,399 - liquidity_analyzer - INFO - Saved market data to data/market_data_btcusdt.json
2024-11-29 03:34:39,439 - liquidity_analyzer - INFO - Saved market data to data/market_data_btcusdt.json
2024-11-29 03:34:39,475 - liquidity_analyzer - INFO - Saved market data to data/market_data_btcusdt.json
2024-11-29 03:34:39,520 - liquidity_analyzer - INFO - Saved market data to data/market_data_btcusdt.json
2024-11-29 03:34:39,571 - liquidity_analyzer - INFO - Saved market data to data/market_data_btcusdt.json
2024-11-29 03:34:39,593 - liquidity_analyzer - INFO - Saved market data to data/market_data_btcusdt.json
2024-11-29 03:34:39,612 - liquidity_analyzer - INFO - Saved market data to data/market_data_btcusdt.json
2024-11-29 03:34:39,631 - liquidity_analyzer - INFO - Saved market data to data/market_data_btcusdt.json
2024-11-29 03:34:39,662 - liquidity_analyzer - INFO - Saved market data to data/market_data_btcusdt.json
2024-11-29 03:34:39,805 - liquidity_analyzer - INFO - Saved market data to data/market_data_btcusdt.json
2024-11-29 03:34:40,038 - liquidity_analyzer - INFO - Saved market data to data/market_data_btcusdt.json
2024-11-29 03:34:40,089 - liquidity_analyzer - INFO - Saved market data to data/market_data_btcusdt.json
2024-11-29 03:34:40,124 - liquidity_analyzer - INFO - Saved market data to data/market_data_btcusdt.json
2024-11-29 03:34:40,175 - liquidity_analyzer - INFO - Saved market data to data/market_data_btcusdt.json
2024-11-29 03:34:40,218 - liquidity_analyzer - INFO - Saved market data to data/market_data_btcusdt.json
2024-11-29 03:34:40,252 - liquidity_analyzer - INFO - Saved market data to data/market_data_btcusdt.json
2024-11-29 03:34:40,282 - liquidity_analyzer - INFO - Saved market data to data/market_data_btcusdt.json
2024-11-29 03:34:40,305 - liquidity_analyzer - INFO - Saved market data to data/market_data_btcusdt.json
2024-11-29 03:34:40,327 - liquidity_analyzer - INFO - Saved market data to data/market_data_btcusdt.json
2024-11-29 03:34:40,350 - liquidity_analyzer - INFO - Saved market data to data/market_data_btcusdt.json
2024-11-29 03:34:40,373 - liquidity_analyzer - INFO - Saved market data to data/market_data_btcusdt.json
2024-11-29 03:34:40,492 - liquidity_analyzer - INFO - Saved market data to data/market_data_btcusdt.json
2024-11-29 03:34:40,651 - liquidity_analyzer - INFO - Saved market data to data/market_data_btcusdt.json
2024-11-29 03:34:40,710 - liquidity_analyzer - INFO - Saved market data to data/market_data_btcusdt.json
2024-11-29 03:34:40,794 - liquidity_analyzer - INFO - Saved market data to data/market_data_btcusdt.json
2024-11-29 03:34:40,871 - liquidity_analyzer - INFO - Saved market data to data/market_data_btcusdt.json
2024-11-29 03:34:40,908 - liquidity_analyzer - INFO - Saved market data to data/market_data_btcusdt.json
2024-11-29 03:34:41,293 - liquidity_analyzer - INFO - Saved market data to data/market_data_btcusdt.json
2024-11-29 03:34:41,351 - liquidity_analyzer - INFO - Saved market data to data/market_data_btcusdt.json
2024-11-29 03:34:41,449 - liquidity_analyzer - INFO - Saved market data to data/market_data_btcusdt.json
2024-11-29 03:34:41,652 - liquidity_analyzer - INFO - Saved market data to data/market_data_btcusdt.json
2024-11-29 03:34:41,698 - liquidity_analyzer - INFO - Saved market data to data/market_data_btcusdt.json
2024-11-29 03:34:41,731 - liquidity_analyzer - INFO - Saved market data to data/market_data_btcusdt.json
2024-11-29 03:34:41,876 - liquidity_analyzer - INFO - Saved market data to data/market_data_btcusdt.json
2024-11-29 03:34:41,906 - liquidity_analyzer - INFO - Saved market data to data/market_data_btcusdt.json
2024-11-29 03:34:41,957 - liquidity_analyzer - INFO - Saved market data to data/market_data_btcusdt.json
2024-11-29 03:34:42,001 - liquidity_analyzer - INFO - Saved market data to data/market_data_btcusdt.json
2024-11-29 03:34:42,034 - liquidity_analyzer - INFO - Saved market data to data/market_data_btcusdt.json
2024-11-29 03:34:42,061 - liquidity_analyzer - INFO - Saved market data to data/market_data_btcusdt.json
2024-11-29 03:34:42,101 - liquidity_analyzer - INFO - Saved market data to data/market_data_btcusdt.json
2024-11-29 03:34:42,134 - liquidity_analyzer - INFO - Saved market data to data/market_data_btcusdt.json
2024-11-29 03:34:42,164 - liquidity_analyzer - INFO - Saved market data to data/market_data_btcusdt.json
2024-11-29 03:34:42,189 - liquidity_analyzer - INFO - Saved market data to data/market_data_btcusdt.json
2024-11-29 03:34:42,214 - liquidity_analyzer - INFO - Saved market data to data/market_data_btcusdt.json
2024-11-29 03:34:42,239 - liquidity_analyzer - INFO - Saved market data to data/market_data_btcusdt.json
2024-11-29 03:34:42,266 - liquidity_analyzer - INFO - Saved market data to data/market_data_btcusdt.json
2024-11-29 03:34:42,292 - liquidity_analyzer - INFO - Saved market data to data/market_data_btcusdt.json
2024-11-29 03:34:42,355 - liquidity_analyzer - INFO - Saved market data to data/market_data_btcusdt.json
2024-11-29 03:34:42,391 - liquidity_analyzer - INFO - Saved market data to data/market_data_btcusdt.json
2024-11-29 03:34:42,419 - liquidity_analyzer - INFO - Saved market data to data/market_data_btcusdt.json
2024-11-29 03:34:42,445 - liquidity_analyzer - INFO - Saved market data to data/market_data_btcusdt.json
2024-11-29 03:34:42,479 - liquidity_analyzer - INFO - Saved market data to data/market_data_btcusdt.json
2024-11-29 03:34:42,519 - liquidity_analyzer - INFO - Saved market data to data/market_data_btcusdt.json
2024-11-29 03:34:42,552 - liquidity_analyzer - INFO - Saved market data to data/market_data_btcusdt.json
2024-11-29 03:34:42,599 - liquidity_analyzer - INFO - Saved market data to data/market_data_btcusdt.json
2024-11-29 03:34:42,644 - liquidity_analyzer - INFO - Saved market data to data/market_data_btcusdt.json
2024-11-29 03:34:42,734 - liquidity_analyzer - INFO - Saved market data to data/market_data_btcusdt.json
2024-11-29 03:34:42,770 - liquidity_analyzer - INFO - Saved market data to data/market_data_btcusdt.json
2024-11-29 03:34:42,797 - liquidity_analyzer - INFO - Saved market data to data/market_data_btcusdt.json
2024-11-29 03:34:42,825 - liquidity_analyzer - INFO - Saved market data to data/market_data_btcusdt.json
2024-11-29 03:34:42,850 - liquidity_analyzer - INFO - Saved market data to data/market_data_btcusdt.json
2024-11-29 03:34:42,879 - liquidity_analyzer - INFO - Saved market data to data/market_data_btcusdt.json
2024-11-29 03:34:42,906 - liquidity_analyzer - INFO - Saved market data to data/market_data_btcusdt.json
2024-11-29 03:34:42,956 - liquidity_analyzer - INFO - Saved market data to data/market_data_btcusdt.json
2024-11-29 03:34:42,994 - liquidity_analyzer - INFO - Saved market data to data/market_data_btcusdt.json
2024-11-29 03:34:43,066 - liquidity_analyzer - INFO - Saved market data to data/market_data_btcusdt.json
2024-11-29 03:34:43,135 - liquidity_analyzer - INFO - Saved market data to data/market_data_btcusdt.json
2024-11-29 03:34:43,168 - liquidity_analyzer - INFO - Saved market data to data/market_data_btcusdt.json
2024-11-29 03:34:43,218 - liquidity_analyzer - INFO - Saved market data to data/market_data_btcusdt.json
2024-11-29 03:34:43,297 - liquidity_analyzer - INFO - Saved market data to data/market_data_btcusdt.json
2024-11-29 03:34:43,333 - liquidity_analyzer - INFO - Saved market data to data/market_data_btcusdt.json
2024-11-29 03:34:43,364 - liquidity_analyzer - INFO - Saved market data to data/market_data_btcusdt.json
2024-11-29 03:34:43,393 - liquidity_analyzer - INFO - Saved market data to data/market_data_btcusdt.json
2024-11-29 03:34:43,474 - liquidity_analyzer - INFO - Saved market data to data/market_data_btcusdt.json
2024-11-29 03:34:43,547 - liquidity_analyzer - INFO - Saved market data to data/market_data_btcusdt.json
2024-11-29 03:34:43,585 - liquidity_analyzer - INFO - Saved market data to data/market_data_btcusdt.json
2024-11-29 03:34:43,632 - liquidity_analyzer - INFO - Saved market data to data/market_data_btcusdt.json
2024-11-29 03:34:43,657 - liquidity_analyzer - INFO - Saved market data to data/market_data_btcusdt.json
2024-11-29 03:35:13,660 - liquidity_analyzer - WARNING - WebSocket message timeout, reconnecting...
2024-11-29 03:35:13,661 - liquidity_analyzer - ERROR - Stream error: 'ClientConnection' object has no attribute 'fail_connection'
2024-11-29 03:35:13,661 - liquidity_analyzer - INFO - Reconnecting to WebSocket stream...
2024-11-29 03:35:18,663 - liquidity_analyzer - INFO - Loading 24-hour trade history for BTCUSDT
2024-11-29 03:35:18,911 - liquidity_analyzer - INFO - Retrieved 998 valid trades within the last 24 hours
2024-11-29 03:35:18,920 - liquidity_analyzer - INFO - Successfully processed 998 historical trades
2024-11-29 03:35:18,943 - liquidity_analyzer - INFO - Historical data verification passed
2024-11-29 03:35:19,659 - liquidity_analyzer - INFO - Saved market data to data/market_data_btcusdt.json
2024-11-29 03:35:19,710 - liquidity_analyzer - INFO - Saved market data to data/market_data_btcusdt.json
2024-11-29 03:35:19,764 - liquidity_analyzer - INFO - Saved market data to data/market_data_btcusdt.json
2024-11-29 03:35:19,864 - liquidity_analyzer - INFO - Saved market data to data/market_data_btcusdt.json
2024-11-29 03:35:19,966 - liquidity_analyzer - INFO - Saved market data to data/market_data_btcusdt.json
2024-11-29 03:35:19,991 - liquidity_analyzer - INFO - Saved market data to data/market_data_btcusdt.json
2024-11-29 03:35:20,064 - liquidity_analyzer - INFO - Saved market data to data/market_data_btcusdt.json
2024-11-29 03:35:20,161 - liquidity_analyzer - INFO - Saved market data to data/market_data_btcusdt.json
2024-11-29 03:35:20,266 - liquidity_analyzer - INFO - Saved market data to data/market_data_btcusdt.json
2024-11-29 03:35:20,362 - liquidity_analyzer - INFO - Saved market data to data/market_data_btcusdt.json
2024-11-29 03:35:20,457 - liquidity_analyzer - INFO - Saved market data to data/market_data_btcusdt.json
2024-11-29 03:35:20,563 - liquidity_analyzer - INFO - Saved market data to data/market_data_btcusdt.json
2024-11-29 03:35:20,663 - liquidity_analyzer - INFO - Saved market data to data/market_data_btcusdt.json
2024-11-29 03:35:20,746 - liquidity_analyzer - INFO - Saved market data to data/market_data_btcusdt.json
2024-11-29 03:35:20,769 - liquidity_analyzer - INFO - Saved market data to data/market_data_btcusdt.json
2024-11-29 03:35:20,792 - liquidity_analyzer - INFO - Saved market data to data/market_data_btcusdt.json
2024-11-29 03:35:20,816 - liquidity_analyzer - INFO - Saved market data to data/market_data_btcusdt.json
2024-11-29 03:35:20,859 - liquidity_analyzer - INFO - Saved market data to data/market_data_btcusdt.json
2024-11-29 03:35:20,889 - liquidity_analyzer - INFO - Saved market data to data/market_data_btcusdt.json
2024-11-29 03:35:20,961 - liquidity_analyzer - INFO - Saved market data to data/market_data_btcusdt.json
2024-11-29 03:35:21,066 - liquidity_analyzer - INFO - Saved market data to data/market_data_btcusdt.json
2024-11-29 03:35:21,166 - liquidity_analyzer - INFO - Saved market data to data/market_data_btcusdt.json
2024-11-29 03:35:21,259 - liquidity_analyzer - INFO - Saved market data to data/market_data_btcusdt.json
2024-11-29 03:35:21,283 - liquidity_analyzer - INFO - Saved market data to data/market_data_btcusdt.json
2024-11-29 03:35:21,363 - liquidity_analyzer - INFO - Saved market data to data/market_data_btcusdt.json
2024-11-29 03:35:21,412 - liquidity_analyzer - INFO - Saved market data to data/market_data_btcusdt.json
2024-11-29 03:35:21,500 - liquidity_analyzer - INFO - Saved market data to data/market_data_btcusdt.json
2024-11-29 03:35:21,545 - liquidity_analyzer - INFO - Saved market data to data/market_data_btcusdt.json
2024-11-29 03:35:21,594 - liquidity_analyzer - INFO - Saved market data to data/market_data_btcusdt.json
2024-11-29 03:35:21,650 - liquidity_analyzer - INFO - Saved market data to data/market_data_btcusdt.json
2024-11-29 03:35:21,692 - liquidity_analyzer - INFO - Saved market data to data/market_data_btcusdt.json
2024-11-29 03:35:21,721 - liquidity_analyzer - INFO - Saved market data to data/market_data_btcusdt.json
2024-11-29 03:35:21,747 - liquidity_analyzer - INFO - Saved market data to data/market_data_btcusdt.json
2024-11-29 03:35:21,774 - liquidity_analyzer - INFO - Saved market data to data/market_data_btcusdt.json
2024-11-29 03:35:21,812 - liquidity_analyzer - INFO - Saved market data to data/market_data_btcusdt.json
2024-11-29 03:35:21,842 - liquidity_analyzer - INFO - Saved market data to data/market_data_btcusdt.json
2024-11-29 03:35:21,868 - liquidity_analyzer - INFO - Saved market data to data/market_data_btcusdt.json
2024-11-29 03:35:21,925 - liquidity_analyzer - INFO - Saved market data to data/market_data_btcusdt.json
2024-11-29 03:35:21,967 - liquidity_analyzer - INFO - Saved market data to data/market_data_btcusdt.json
2024-11-29 03:35:22,005 - liquidity_analyzer - INFO - Saved market data to data/market_data_btcusdt.json
2024-11-29 03:35:22,061 - liquidity_analyzer - INFO - Saved market data to data/market_data_btcusdt.json
2024-11-29 03:35:22,090 - liquidity_analyzer - INFO - Saved market data to data/market_data_btcusdt.json
2024-11-29 03:35:22,121 - liquidity_analyzer - INFO - Saved market data to data/market_data_btcusdt.json
2024-11-29 03:35:22,148 - liquidity_analyzer - INFO - Saved market data to data/market_data_btcusdt.json
2024-11-29 03:35:22,199 - liquidity_analyzer - INFO - Saved market data to data/market_data_btcusdt.json
2024-11-29 03:35:22,228 - liquidity_analyzer - INFO - Saved market data to data/market_data_btcusdt.json
2024-11-29 03:35:22,256 - liquidity_analyzer - INFO - Saved market data to data/market_data_btcusdt.json
2024-11-29 03:35:22,280 - liquidity_analyzer - INFO - Saved market data to data/market_data_btcusdt.json
2024-11-29 03:35:22,303 - liquidity_analyzer - INFO - Saved market data to data/market_data_btcusdt.json
2024-11-29 03:35:22,327 - liquidity_analyzer - INFO - Saved market data to data/market_data_btcusdt.json
2024-11-29 03:35:22,350 - liquidity_analyzer - INFO - Saved market data to data/market_data_btcusdt.json
2024-11-29 03:35:22,375 - liquidity_analyzer - INFO - Saved market data to data/market_data_btcusdt.json
2024-11-29 03:35:22,399 - liquidity_analyzer - INFO - Saved market data to data/market_data_btcusdt.json
2024-11-29 03:35:22,423 - liquidity_analyzer - INFO - Saved market data to data/market_data_btcusdt.json
2024-11-29 03:35:22,447 - liquidity_analyzer - INFO - Saved market data to data/market_data_btcusdt.json
2024-11-29 03:35:22,470 - liquidity_analyzer - INFO - Saved market data to data/market_data_btcusdt.json
2024-11-29 03:35:22,493 - liquidity_analyzer - INFO - Saved market data to data/market_data_btcusdt.json
2024-11-29 03:35:22,517 - liquidity_analyzer - INFO - Saved market data to data/market_data_btcusdt.json
2024-11-29 03:35:22,540 - liquidity_analyzer - INFO - Saved market data to data/market_data_btcusdt.json
2024-11-29 03:35:22,566 - liquidity_analyzer - INFO - Saved market data to data/market_data_btcusdt.json
2024-11-29 03:35:22,591 - liquidity_analyzer - INFO - Saved market data to data/market_data_btcusdt.json
2024-11-29 03:35:22,617 - liquidity_analyzer - INFO - Saved market data to data/market_data_btcusdt.json
2024-11-29 03:35:22,642 - liquidity_analyzer - INFO - Saved market data to data/market_data_btcusdt.json
2024-11-29 03:35:22,666 - liquidity_analyzer - INFO - Saved market data to data/market_data_btcusdt.json
2024-11-29 03:35:22,690 - liquidity_analyzer - INFO - Saved market data to data/market_data_btcusdt.json
2024-11-29 03:35:22,714 - liquidity_analyzer - INFO - Saved market data to data/market_data_btcusdt.json
2024-11-29 03:35:22,739 - liquidity_analyzer - INFO - Saved market data to data/market_data_btcusdt.json
2024-11-29 03:35:22,764 - liquidity_analyzer - INFO - Saved market data to data/market_data_btcusdt.json
2024-11-29 03:35:22,789 - liquidity_analyzer - INFO - Saved market data to data/market_data_btcusdt.json
2024-11-29 03:35:22,812 - liquidity_analyzer - INFO - Saved market data to data/market_data_btcusdt.json
2024-11-29 03:35:22,835 - liquidity_analyzer - INFO - Saved market data to data/market_data_btcusdt.json
2024-11-29 03:35:22,859 - liquidity_analyzer - INFO - Saved market data to data/market_data_btcusdt.json
2024-11-29 03:35:22,883 - liquidity_analyzer - INFO - Saved market data to data/market_data_btcusdt.json
2024-11-29 03:35:22,906 - liquidity_analyzer - INFO - Saved market data to data/market_data_btcusdt.json
2024-11-29 03:35:22,931 - liquidity_analyzer - INFO - Saved market data to data/market_data_btcusdt.json
2024-11-29 03:35:22,956 - liquidity_analyzer - INFO - Saved market data to data/market_data_btcusdt.json
2024-11-29 03:35:22,980 - liquidity_analyzer - INFO - Saved market data to data/market_data_btcusdt.json
2024-11-29 03:35:23,004 - liquidity_analyzer - INFO - Saved market data to data/market_data_btcusdt.json
2024-11-29 03:35:23,027 - liquidity_analyzer - INFO - Saved market data to data/market_data_btcusdt.json
2024-11-29 03:35:23,052 - liquidity_analyzer - INFO - Saved market data to data/market_data_btcusdt.json
2024-11-29 03:35:23,075 - liquidity_analyzer - INFO - Saved market data to data/market_data_btcusdt.json
2024-11-29 03:35:23,099 - liquidity_analyzer - INFO - Saved market data to data/market_data_btcusdt.json
2024-11-29 03:35:23,125 - liquidity_analyzer - INFO - Saved market data to data/market_data_btcusdt.json
2024-11-29 03:35:23,151 - liquidity_analyzer - INFO - Saved market data to data/market_data_btcusdt.json
2024-11-29 03:35:23,175 - liquidity_analyzer - INFO - Saved market data to data/market_data_btcusdt.json
2024-11-29 03:35:23,199 - liquidity_analyzer - INFO - Saved market data to data/market_data_btcusdt.json
2024-11-29 03:35:23,224 - liquidity_analyzer - INFO - Saved market data to data/market_data_btcusdt.json
2024-11-29 03:35:23,248 - liquidity_analyzer - INFO - Saved market data to data/market_data_btcusdt.json
2024-11-29 03:35:23,273 - liquidity_analyzer - INFO - Saved market data to data/market_data_btcusdt.json
2024-11-29 03:35:23,300 - liquidity_analyzer - INFO - Saved market data to data/market_data_btcusdt.json
2024-11-29 03:35:23,325 - liquidity_analyzer - INFO - Saved market data to data/market_data_btcusdt.json
2024-11-29 03:35:23,349 - liquidity_analyzer - INFO - Saved market data to data/market_data_btcusdt.json
2024-11-29 03:35:23,373 - liquidity_analyzer - INFO - Saved market data to data/market_data_btcusdt.json
2024-11-29 03:35:23,397 - liquidity_analyzer - INFO - Saved market data to data/market_data_btcusdt.json
2024-11-29 03:35:23,421 - liquidity_analyzer - INFO - Saved market data to data/market_data_btcusdt.json
2024-11-29 03:35:23,447 - liquidity_analyzer - INFO - Saved market data to data/market_data_btcusdt.json
2024-11-29 03:35:23,474 - liquidity_analyzer - INFO - Saved market data to data/market_data_btcusdt.json
2024-11-29 03:35:23,501 - liquidity_analyzer - INFO - Saved market data to data/market_data_btcusdt.json
2024-11-29 03:35:23,526 - liquidity_analyzer - INFO - Saved market data to data/market_data_btcusdt.json
2024-11-29 03:35:23,527 - liquidity_analyzer - INFO - Processed 100 messages
2024-11-29 03:35:23,553 - liquidity_analyzer - INFO - Saved market data to data/market_data_btcusdt.json
2024-11-29 03:35:23,579 - liquidity_analyzer - INFO - Saved market data to data/market_data_btcusdt.json
2024-11-29 03:35:23,603 - liquidity_analyzer - INFO - Saved market data to data/market_data_btcusdt.json
2024-11-29 03:35:23,628 - liquidity_analyzer - INFO - Saved market data to data/market_data_btcusdt.json
2024-11-29 03:35:23,653 - liquidity_analyzer - INFO - Saved market data to data/market_data_btcusdt.json
2024-11-29 03:35:23,685 - liquidity_analyzer - INFO - Saved market data to data/market_data_btcusdt.json
2024-11-29 03:35:23,766 - liquidity_analyzer - INFO - Saved market data to data/market_data_btcusdt.json
2024-11-29 03:35:23,795 - liquidity_analyzer - INFO - Saved market data to data/market_data_btcusdt.json
2024-11-29 03:35:23,823 - liquidity_analyzer - INFO - Saved market data to data/market_data_btcusdt.json
2024-11-29 03:35:23,851 - liquidity_analyzer - INFO - Saved market data to data/market_data_btcusdt.json
2024-11-29 03:35:23,876 - liquidity_analyzer - INFO - Saved market data to data/market_data_btcusdt.json
2024-11-29 03:35:23,901 - liquidity_analyzer - INFO - Saved market data to data/market_data_btcusdt.json
2024-11-29 03:35:23,927 - liquidity_analyzer - INFO - Saved market data to data/market_data_btcusdt.json
2024-11-29 03:35:23,952 - liquidity_analyzer - INFO - Saved market data to data/market_data_btcusdt.json
2024-11-29 03:35:23,977 - liquidity_analyzer - INFO - Saved market data to data/market_data_btcusdt.json
2024-11-29 03:35:24,003 - liquidity_analyzer - INFO - Saved market data to data/market_data_btcusdt.json
2024-11-29 03:35:24,028 - liquidity_analyzer - INFO - Saved market data to data/market_data_btcusdt.json
2024-11-29 03:35:24,054 - liquidity_analyzer - INFO - Saved market data to data/market_data_btcusdt.json
2024-11-29 03:35:24,079 - liquidity_analyzer - INFO - Saved market data to data/market_data_btcusdt.json
2024-11-29 03:35:24,104 - liquidity_analyzer - INFO - Saved market data to data/market_data_btcusdt.json
2024-11-29 03:35:24,129 - liquidity_analyzer - INFO - Saved market data to data/market_data_btcusdt.json
2024-11-29 03:35:24,153 - liquidity_analyzer - INFO - Saved market data to data/market_data_btcusdt.json
2024-11-29 03:35:24,178 - liquidity_analyzer - INFO - Saved market data to data/market_data_btcusdt.json
2024-11-29 03:35:24,205 - liquidity_analyzer - INFO - Saved market data to data/market_data_btcusdt.json
2024-11-29 03:35:24,231 - liquidity_analyzer - INFO - Saved market data to data/market_data_btcusdt.json
2024-11-29 03:35:24,255 - liquidity_analyzer - INFO - Saved market data to data/market_data_btcusdt.json
2024-11-29 03:35:24,279 - liquidity_analyzer - INFO - Saved market data to data/market_data_btcusdt.json
2024-11-29 03:35:24,303 - liquidity_analyzer - INFO - Saved market data to data/market_data_btcusdt.json
2024-11-29 03:35:24,326 - liquidity_analyzer - INFO - Saved market data to data/market_data_btcusdt.json
2024-11-29 03:35:24,350 - liquidity_analyzer - INFO - Saved market data to data/market_data_btcusdt.json
2024-11-29 03:35:24,376 - liquidity_analyzer - INFO - Saved market data to data/market_data_btcusdt.json
2024-11-29 03:35:24,403 - liquidity_analyzer - INFO - Saved market data to data/market_data_btcusdt.json
2024-11-29 03:35:24,428 - liquidity_analyzer - INFO - Saved market data to data/market_data_btcusdt.json
2024-11-29 03:35:24,453 - liquidity_analyzer - INFO - Saved market data to data/market_data_btcusdt.json
2024-11-29 03:35:24,478 - liquidity_analyzer - INFO - Saved market data to data/market_data_btcusdt.json
2024-11-29 03:35:24,502 - liquidity_analyzer - INFO - Saved market data to data/market_data_btcusdt.json
2024-11-29 03:35:24,526 - liquidity_analyzer - INFO - Saved market data to data/market_data_btcusdt.json
2024-11-29 03:35:24,549 - liquidity_analyzer - INFO - Saved market data to data/market_data_btcusdt.json
2024-11-29 03:35:24,577 - liquidity_analyzer - INFO - Saved market data to data/market_data_btcusdt.json
2024-11-29 03:35:24,604 - liquidity_analyzer - INFO - Saved market data to data/market_data_btcusdt.json
2024-11-29 03:35:24,630 - liquidity_analyzer - INFO - Saved market data to data/market_data_btcusdt.json
2024-11-29 03:35:24,654 - liquidity_analyzer - INFO - Saved market data to data/market_data_btcusdt.json
2024-11-29 03:35:24,679 - liquidity_analyzer - INFO - Saved market data to data/market_data_btcusdt.json
2024-11-29 03:35:24,702 - liquidity_analyzer - INFO - Saved market data to data/market_data_btcusdt.json
2024-11-29 03:35:24,726 - liquidity_analyzer - INFO - Saved market data to data/market_data_btcusdt.json
2024-11-29 03:35:24,760 - liquidity_analyzer - INFO - Saved market data to data/market_data_btcusdt.json
2024-11-29 03:35:24,788 - liquidity_analyzer - INFO - Saved market data to data/market_data_btcusdt.json
2024-11-29 03:35:24,813 - liquidity_analyzer - INFO - Saved market data to data/market_data_btcusdt.json
2024-11-29 03:35:24,838 - liquidity_analyzer - INFO - Saved market data to data/market_data_btcusdt.json
2024-11-29 03:35:24,863 - liquidity_analyzer - INFO - Saved market data to data/market_data_btcusdt.json
2024-11-29 03:35:24,887 - liquidity_analyzer - INFO - Saved market data to data/market_data_btcusdt.json
2024-11-29 03:35:24,911 - liquidity_analyzer - INFO - Saved market data to data/market_data_btcusdt.json
2024-11-29 03:35:24,935 - liquidity_analyzer - INFO - Saved market data to data/market_data_btcusdt.json
2024-11-29 03:35:24,962 - liquidity_analyzer - INFO - Saved market data to data/market_data_btcusdt.json
2024-11-29 03:35:24,986 - liquidity_analyzer - INFO - Saved market data to data/market_data_btcusdt.json
2024-11-29 03:35:25,011 - liquidity_analyzer - INFO - Saved market data to data/market_data_btcusdt.json
2024-11-29 03:35:25,049 - liquidity_analyzer - INFO - Saved market data to data/market_data_btcusdt.json
2024-11-29 03:35:25,076 - liquidity_analyzer - INFO - Saved market data to data/market_data_btcusdt.json
2024-11-29 03:35:25,262 - liquidity_analyzer - INFO - Saved market data to data/market_data_btcusdt.json
2024-11-29 03:35:25,605 - liquidity_analyzer - INFO - Saved market data to data/market_data_btcusdt.json
2024-11-29 03:35:25,650 - liquidity_analyzer - INFO - Saved market data to data/market_data_btcusdt.json
2024-11-29 03:35:25,731 - liquidity_analyzer - INFO - Saved market data to data/market_data_btcusdt.json
2024-11-29 03:35:25,776 - liquidity_analyzer - INFO - Saved market data to data/market_data_btcusdt.json
2024-11-29 03:35:25,821 - liquidity_analyzer - INFO - Saved market data to data/market_data_btcusdt.json
2024-11-29 03:35:25,876 - liquidity_analyzer - INFO - Saved market data to data/market_data_btcusdt.json
2024-11-29 03:35:25,930 - liquidity_analyzer - INFO - Saved market data to data/market_data_btcusdt.json
2024-11-29 03:35:25,979 - liquidity_analyzer - INFO - Saved market data to data/market_data_btcusdt.json
2024-11-29 03:35:26,015 - liquidity_analyzer - INFO - Saved market data to data/market_data_btcusdt.json
2024-11-29 03:35:26,055 - liquidity_analyzer - INFO - Saved market data to data/market_data_btcusdt.json
2024-11-29 03:35:26,098 - liquidity_analyzer - INFO - Saved market data to data/market_data_btcusdt.json
2024-11-29 03:35:26,130 - liquidity_analyzer - INFO - Saved market data to data/market_data_btcusdt.json
2024-11-29 03:35:26,162 - liquidity_analyzer - INFO - Saved market data to data/market_data_btcusdt.json
2024-11-29 03:35:26,195 - liquidity_analyzer - INFO - Saved market data to data/market_data_btcusdt.json
2024-11-29 03:35:26,231 - liquidity_analyzer - INFO - Saved market data to data/market_data_btcusdt.json
2024-11-29 03:35:26,284 - liquidity_analyzer - INFO - Saved market data to data/market_data_btcusdt.json
2024-11-29 03:35:26,320 - liquidity_analyzer - INFO - Saved market data to data/market_data_btcusdt.json
2024-11-29 03:35:26,371 - liquidity_analyzer - INFO - Saved market data to data/market_data_btcusdt.json
2024-11-29 03:35:26,451 - liquidity_analyzer - INFO - Saved market data to data/market_data_btcusdt.json
2024-11-29 03:35:26,703 - liquidity_analyzer - INFO - Saved market data to data/market_data_btcusdt.json
2024-11-29 03:35:26,837 - liquidity_analyzer - INFO - Saved market data to data/market_data_btcusdt.json
2024-11-29 03:35:26,916 - liquidity_analyzer - INFO - Saved market data to data/market_data_btcusdt.json
2024-11-29 03:35:27,016 - liquidity_analyzer - INFO - Saved market data to data/market_data_btcusdt.json
2024-11-29 03:35:27,147 - liquidity_analyzer - INFO - Saved market data to data/market_data_btcusdt.json
2024-11-29 03:35:27,221 - liquidity_analyzer - INFO - Saved market data to data/market_data_btcusdt.json
2024-11-29 03:35:27,612 - liquidity_analyzer - INFO - Saved market data to data/market_data_btcusdt.json
2024-11-29 03:35:27,787 - liquidity_analyzer - INFO - Saved market data to data/market_data_btcusdt.json
2024-11-29 03:35:27,956 - liquidity_analyzer - INFO - Saved market data to data/market_data_btcusdt.json
2024-11-29 03:35:28,235 - liquidity_analyzer - INFO - Saved market data to data/market_data_btcusdt.json
2024-11-29 03:35:28,457 - liquidity_analyzer - INFO - Saved market data to data/market_data_btcusdt.json
2024-11-29 03:35:28,767 - liquidity_analyzer - INFO - Saved market data to data/market_data_btcusdt.json
2024-11-29 03:35:28,973 - liquidity_analyzer - INFO - Saved market data to data/market_data_btcusdt.json
2024-11-29 03:35:29,048 - liquidity_analyzer - INFO - Saved market data to data/market_data_btcusdt.json
2024-11-29 03:35:29,400 - liquidity_analyzer - INFO - Saved market data to data/market_data_btcusdt.json
2024-11-29 03:35:29,739 - liquidity_analyzer - INFO - Saved market data to data/market_data_btcusdt.json
2024-11-29 03:35:29,950 - liquidity_analyzer - INFO - Saved market data to data/market_data_btcusdt.json
2024-11-29 03:35:30,088 - liquidity_analyzer - INFO - Saved market data to data/market_data_btcusdt.json
2024-11-29 03:35:30,411 - liquidity_analyzer - INFO - Saved market data to data/market_data_btcusdt.json
2024-11-29 03:35:30,615 - liquidity_analyzer - INFO - Saved market data to data/market_data_btcusdt.json
2024-11-29 03:35:31,079 - liquidity_analyzer - INFO - Saved market data to data/market_data_btcusdt.json
2024-11-29 03:35:31,358 - liquidity_analyzer - INFO - Saved market data to data/market_data_btcusdt.json
2024-11-29 03:35:31,454 - liquidity_analyzer - INFO - Processed 200 messages
2024-11-29 03:35:31,594 - liquidity_analyzer - INFO - Saved market data to data/market_data_btcusdt.json
2024-11-29 03:35:32,049 - liquidity_analyzer - INFO - Saved market data to data/market_data_btcusdt.json
2024-11-29 03:35:32,289 - liquidity_analyzer - INFO - Saved market data to data/market_data_btcusdt.json
2024-11-29 03:35:32,494 - liquidity_analyzer - INFO - Saved market data to data/market_data_btcusdt.json
2024-11-29 03:35:33,065 - liquidity_analyzer - INFO - Saved market data to data/market_data_btcusdt.json
2024-11-29 03:35:33,341 - liquidity_analyzer - INFO - Saved market data to data/market_data_btcusdt.json
2024-11-29 03:36:03,344 - liquidity_analyzer - WARNING - WebSocket message timeout, reconnecting...
2024-11-29 03:36:03,345 - liquidity_analyzer - ERROR - Stream error: 'ClientConnection' object has no attribute 'fail_connection'
2024-11-29 03:36:03,345 - liquidity_analyzer - INFO - Reconnecting to WebSocket stream...
2024-11-29 03:36:08,349 - liquidity_analyzer - INFO - Loading 24-hour trade history for BTCUSDT
2024-11-29 03:36:08,487 - liquidity_analyzer - INFO - Retrieved 996 valid trades within the last 24 hours
2024-11-29 03:36:08,496 - liquidity_analyzer - INFO - Successfully processed 996 historical trades
2024-11-29 03:36:08,525 - liquidity_analyzer - INFO - Historical data verification passed
2024-11-29 03:36:09,249 - liquidity_analyzer - INFO - Saved market data to data/market_data_btcusdt.json
2024-11-29 03:36:09,286 - liquidity_analyzer - INFO - Saved market data to data/market_data_btcusdt.json
2024-11-29 03:36:09,319 - liquidity_analyzer - INFO - Saved market data to data/market_data_btcusdt.json
2024-11-29 03:36:09,417 - liquidity_analyzer - INFO - Saved market data to data/market_data_btcusdt.json
2024-11-29 03:36:09,452 - liquidity_analyzer - INFO - Saved market data to data/market_data_btcusdt.json
2024-11-29 03:36:09,483 - liquidity_analyzer - INFO - Saved market data to data/market_data_btcusdt.json
2024-11-29 03:36:09,516 - liquidity_analyzer - INFO - Saved market data to data/market_data_btcusdt.json
2024-11-29 03:36:09,587 - liquidity_analyzer - INFO - Saved market data to data/market_data_btcusdt.json
2024-11-29 03:36:09,620 - liquidity_analyzer - INFO - Saved market data to data/market_data_btcusdt.json
2024-11-29 03:36:09,665 - liquidity_analyzer - INFO - Saved market data to data/market_data_btcusdt.json
2024-11-29 03:36:09,768 - liquidity_analyzer - INFO - Saved market data to data/market_data_btcusdt.json
2024-11-29 03:36:09,853 - liquidity_analyzer - INFO - Saved market data to data/market_data_btcusdt.json
2024-11-29 03:36:09,886 - liquidity_analyzer - INFO - Saved market data to data/market_data_btcusdt.json
2024-11-29 03:36:09,999 - liquidity_analyzer - INFO - Saved market data to data/market_data_btcusdt.json
2024-11-29 03:36:10,073 - liquidity_analyzer - INFO - Saved market data to data/market_data_btcusdt.json
2024-11-29 03:36:10,170 - liquidity_analyzer - INFO - Saved market data to data/market_data_btcusdt.json
2024-11-29 03:36:10,268 - liquidity_analyzer - INFO - Saved market data to data/market_data_btcusdt.json
2024-11-29 03:36:10,303 - liquidity_analyzer - INFO - Saved market data to data/market_data_btcusdt.json
2024-11-29 03:36:10,337 - liquidity_analyzer - INFO - Saved market data to data/market_data_btcusdt.json
2024-11-29 03:36:10,380 - liquidity_analyzer - INFO - Saved market data to data/market_data_btcusdt.json
2024-11-29 03:36:10,416 - liquidity_analyzer - INFO - Saved market data to data/market_data_btcusdt.json
2024-11-29 03:36:10,449 - liquidity_analyzer - INFO - Saved market data to data/market_data_btcusdt.json
2024-11-29 03:36:10,484 - liquidity_analyzer - INFO - Saved market data to data/market_data_btcusdt.json
2024-11-29 03:36:10,518 - liquidity_analyzer - INFO - Saved market data to data/market_data_btcusdt.json
2024-11-29 03:36:10,550 - liquidity_analyzer - INFO - Saved market data to data/market_data_btcusdt.json
2024-11-29 03:36:10,586 - liquidity_analyzer - INFO - Saved market data to data/market_data_btcusdt.json
2024-11-29 03:36:10,675 - liquidity_analyzer - INFO - Saved market data to data/market_data_btcusdt.json
2024-11-29 03:36:10,771 - liquidity_analyzer - INFO - Saved market data to data/market_data_btcusdt.json
2024-11-29 03:36:10,873 - liquidity_analyzer - INFO - Saved market data to data/market_data_btcusdt.json
2024-11-29 03:36:10,985 - liquidity_analyzer - INFO - Saved market data to data/market_data_btcusdt.json
2024-11-29 03:36:11,071 - liquidity_analyzer - INFO - Saved market data to data/market_data_btcusdt.json
2024-11-29 03:36:11,106 - liquidity_analyzer - INFO - Saved market data to data/market_data_btcusdt.json
2024-11-29 03:36:11,142 - liquidity_analyzer - INFO - Saved market data to data/market_data_btcusdt.json
2024-11-29 03:36:11,179 - liquidity_analyzer - INFO - Saved market data to data/market_data_btcusdt.json
2024-11-29 03:36:11,214 - liquidity_analyzer - INFO - Saved market data to data/market_data_btcusdt.json
2024-11-29 03:36:11,255 - liquidity_analyzer - INFO - Saved market data to data/market_data_btcusdt.json
2024-11-29 03:36:11,294 - liquidity_analyzer - INFO - Saved market data to data/market_data_btcusdt.json
2024-11-29 03:36:11,328 - liquidity_analyzer - INFO - Saved market data to data/market_data_btcusdt.json
2024-11-29 03:36:11,365 - liquidity_analyzer - INFO - Saved market data to data/market_data_btcusdt.json
2024-11-29 03:36:11,400 - liquidity_analyzer - INFO - Saved market data to data/market_data_btcusdt.json
2024-11-29 03:36:11,435 - liquidity_analyzer - INFO - Saved market data to data/market_data_btcusdt.json
2024-11-29 03:36:11,471 - liquidity_analyzer - INFO - Saved market data to data/market_data_btcusdt.json
2024-11-29 03:36:11,507 - liquidity_analyzer - INFO - Saved market data to data/market_data_btcusdt.json
2024-11-29 03:36:11,541 - liquidity_analyzer - INFO - Saved market data to data/market_data_btcusdt.json
2024-11-29 03:36:11,573 - liquidity_analyzer - INFO - Saved market data to data/market_data_btcusdt.json
2024-11-29 03:36:11,608 - liquidity_analyzer - INFO - Saved market data to data/market_data_btcusdt.json
2024-11-29 03:36:11,645 - liquidity_analyzer - INFO - Saved market data to data/market_data_btcusdt.json
2024-11-29 03:36:11,679 - liquidity_analyzer - INFO - Saved market data to data/market_data_btcusdt.json
2024-11-29 03:36:11,712 - liquidity_analyzer - INFO - Saved market data to data/market_data_btcusdt.json
2024-11-29 03:36:11,745 - liquidity_analyzer - INFO - Saved market data to data/market_data_btcusdt.json
2024-11-29 03:36:11,778 - liquidity_analyzer - INFO - Saved market data to data/market_data_btcusdt.json
2024-11-29 03:36:11,813 - liquidity_analyzer - INFO - Saved market data to data/market_data_btcusdt.json
2024-11-29 03:36:11,847 - liquidity_analyzer - INFO - Saved market data to data/market_data_btcusdt.json
2024-11-29 03:36:11,880 - liquidity_analyzer - INFO - Saved market data to data/market_data_btcusdt.json
2024-11-29 03:36:11,913 - liquidity_analyzer - INFO - Saved market data to data/market_data_btcusdt.json
2024-11-29 03:36:11,946 - liquidity_analyzer - INFO - Saved market data to data/market_data_btcusdt.json
2024-11-29 03:36:11,978 - liquidity_analyzer - INFO - Saved market data to data/market_data_btcusdt.json
2024-11-29 03:36:12,012 - liquidity_analyzer - INFO - Saved market data to data/market_data_btcusdt.json
2024-11-29 03:36:12,046 - liquidity_analyzer - INFO - Saved market data to data/market_data_btcusdt.json
2024-11-29 03:36:12,078 - liquidity_analyzer - INFO - Saved market data to data/market_data_btcusdt.json
2024-11-29 03:36:12,110 - liquidity_analyzer - INFO - Saved market data to data/market_data_btcusdt.json
2024-11-29 03:36:12,144 - liquidity_analyzer - INFO - Saved market data to data/market_data_btcusdt.json
2024-11-29 03:36:12,182 - liquidity_analyzer - INFO - Saved market data to data/market_data_btcusdt.json
2024-11-29 03:36:12,215 - liquidity_analyzer - INFO - Saved market data to data/market_data_btcusdt.json
2024-11-29 03:36:12,248 - liquidity_analyzer - INFO - Saved market data to data/market_data_btcusdt.json
2024-11-29 03:36:12,283 - liquidity_analyzer - INFO - Saved market data to data/market_data_btcusdt.json
2024-11-29 03:36:12,316 - liquidity_analyzer - INFO - Saved market data to data/market_data_btcusdt.json
2024-11-29 03:36:12,349 - liquidity_analyzer - INFO - Saved market data to data/market_data_btcusdt.json
2024-11-29 03:36:12,386 - liquidity_analyzer - INFO - Saved market data to data/market_data_btcusdt.json
2024-11-29 03:36:12,434 - liquidity_analyzer - INFO - Saved market data to data/market_data_btcusdt.json
2024-11-29 03:36:12,468 - liquidity_analyzer - INFO - Saved market data to data/market_data_btcusdt.json
2024-11-29 03:36:12,502 - liquidity_analyzer - INFO - Saved market data to data/market_data_btcusdt.json
2024-11-29 03:36:12,536 - liquidity_analyzer - INFO - Saved market data to data/market_data_btcusdt.json
2024-11-29 03:36:12,572 - liquidity_analyzer - INFO - Saved market data to data/market_data_btcusdt.json
2024-11-29 03:36:12,608 - liquidity_analyzer - INFO - Saved market data to data/market_data_btcusdt.json
2024-11-29 03:36:12,643 - liquidity_analyzer - INFO - Saved market data to data/market_data_btcusdt.json
2024-11-29 03:36:12,680 - liquidity_analyzer - INFO - Saved market data to data/market_data_btcusdt.json
2024-11-29 03:36:12,772 - liquidity_analyzer - INFO - Saved market data to data/market_data_btcusdt.json
2024-11-29 03:36:12,809 - liquidity_analyzer - INFO - Saved market data to data/market_data_btcusdt.json
2024-11-29 03:36:12,846 - liquidity_analyzer - INFO - Saved market data to data/market_data_btcusdt.json
2024-11-29 03:36:12,892 - liquidity_analyzer - INFO - Saved market data to data/market_data_btcusdt.json
2024-11-29 03:36:12,929 - liquidity_analyzer - INFO - Saved market data to data/market_data_btcusdt.json
2024-11-29 03:36:12,966 - liquidity_analyzer - INFO - Saved market data to data/market_data_btcusdt.json
2024-11-29 03:36:12,999 - liquidity_analyzer - INFO - Saved market data to data/market_data_btcusdt.json
2024-11-29 03:36:13,034 - liquidity_analyzer - INFO - Saved market data to data/market_data_btcusdt.json
2024-11-29 03:36:13,066 - liquidity_analyzer - INFO - Saved market data to data/market_data_btcusdt.json
2024-11-29 03:36:13,100 - liquidity_analyzer - INFO - Saved market data to data/market_data_btcusdt.json
2024-11-29 03:36:13,134 - liquidity_analyzer - INFO - Saved market data to data/market_data_btcusdt.json
2024-11-29 03:36:13,171 - liquidity_analyzer - INFO - Saved market data to data/market_data_btcusdt.json
2024-11-29 03:36:13,205 - liquidity_analyzer - INFO - Saved market data to data/market_data_btcusdt.json
2024-11-29 03:36:13,240 - liquidity_analyzer - INFO - Saved market data to data/market_data_btcusdt.json
2024-11-29 03:36:13,274 - liquidity_analyzer - INFO - Saved market data to data/market_data_btcusdt.json
2024-11-29 03:36:13,307 - liquidity_analyzer - INFO - Saved market data to data/market_data_btcusdt.json
2024-11-29 03:36:13,342 - liquidity_analyzer - INFO - Saved market data to data/market_data_btcusdt.json
2024-11-29 03:36:13,380 - liquidity_analyzer - INFO - Saved market data to data/market_data_btcusdt.json
2024-11-29 03:36:13,414 - liquidity_analyzer - INFO - Saved market data to data/market_data_btcusdt.json
2024-11-29 03:36:13,448 - liquidity_analyzer - INFO - Saved market data to data/market_data_btcusdt.json
2024-11-29 03:36:13,482 - liquidity_analyzer - INFO - Saved market data to data/market_data_btcusdt.json
2024-11-29 03:36:13,515 - liquidity_analyzer - INFO - Saved market data to data/market_data_btcusdt.json
2024-11-29 03:36:13,516 - liquidity_analyzer - INFO - Processed 100 messages
2024-11-29 03:36:13,548 - liquidity_analyzer - INFO - Saved market data to data/market_data_btcusdt.json
2024-11-29 03:36:13,582 - liquidity_analyzer - INFO - Saved market data to data/market_data_btcusdt.json
2024-11-29 03:36:13,616 - liquidity_analyzer - INFO - Saved market data to data/market_data_btcusdt.json
2024-11-29 03:36:13,650 - liquidity_analyzer - INFO - Saved market data to data/market_data_btcusdt.json
2024-11-29 03:36:13,684 - liquidity_analyzer - INFO - Saved market data to data/market_data_btcusdt.json
2024-11-29 03:36:13,718 - liquidity_analyzer - INFO - Saved market data to data/market_data_btcusdt.json
2024-11-29 03:36:13,750 - liquidity_analyzer - INFO - Saved market data to data/market_data_btcusdt.json
2024-11-29 03:36:13,782 - liquidity_analyzer - INFO - Saved market data to data/market_data_btcusdt.json
2024-11-29 03:36:13,814 - liquidity_analyzer - INFO - Saved market data to data/market_data_btcusdt.json
2024-11-29 03:36:13,854 - liquidity_analyzer - INFO - Saved market data to data/market_data_btcusdt.json
2024-11-29 03:36:13,903 - liquidity_analyzer - INFO - Saved market data to data/market_data_btcusdt.json
2024-11-29 03:36:13,946 - liquidity_analyzer - INFO - Saved market data to data/market_data_btcusdt.json
2024-11-29 03:36:13,987 - liquidity_analyzer - INFO - Saved market data to data/market_data_btcusdt.json
2024-11-29 03:36:14,029 - liquidity_analyzer - INFO - Saved market data to data/market_data_btcusdt.json
2024-11-29 03:36:14,073 - liquidity_analyzer - INFO - Saved market data to data/market_data_btcusdt.json
2024-11-29 03:36:14,114 - liquidity_analyzer - INFO - Saved market data to data/market_data_btcusdt.json
2024-11-29 03:36:14,154 - liquidity_analyzer - INFO - Saved market data to data/market_data_btcusdt.json
2024-11-29 03:36:14,192 - liquidity_analyzer - INFO - Saved market data to data/market_data_btcusdt.json
2024-11-29 03:36:14,237 - liquidity_analyzer - INFO - Saved market data to data/market_data_btcusdt.json
2024-11-29 03:36:14,387 - liquidity_analyzer - INFO - Saved market data to data/market_data_btcusdt.json
2024-11-29 03:36:14,766 - liquidity_analyzer - INFO - Saved market data to data/market_data_btcusdt.json
2024-11-29 03:36:14,922 - liquidity_analyzer - INFO - Saved market data to data/market_data_btcusdt.json
2024-11-29 03:36:15,133 - liquidity_analyzer - INFO - Saved market data to data/market_data_btcusdt.json
2024-11-29 03:36:15,260 - liquidity_analyzer - INFO - Saved market data to data/market_data_btcusdt.json
2024-11-29 03:36:15,448 - liquidity_analyzer - INFO - Saved market data to data/market_data_btcusdt.json
2024-11-29 03:36:15,799 - liquidity_analyzer - INFO - Saved market data to data/market_data_btcusdt.json
2024-11-29 03:36:16,133 - liquidity_analyzer - INFO - Saved market data to data/market_data_btcusdt.json
2024-11-29 03:36:16,502 - liquidity_analyzer - INFO - Saved market data to data/market_data_btcusdt.json
2024-11-29 03:36:16,875 - liquidity_analyzer - INFO - Saved market data to data/market_data_btcusdt.json
2024-11-29 03:36:17,199 - liquidity_analyzer - INFO - Saved market data to data/market_data_btcusdt.json
2024-11-29 03:36:17,416 - liquidity_analyzer - INFO - Saved market data to data/market_data_btcusdt.json
2024-11-29 03:36:17,534 - liquidity_analyzer - INFO - Saved market data to data/market_data_btcusdt.json
2024-11-29 03:36:18,051 - liquidity_analyzer - INFO - Saved market data to data/market_data_btcusdt.json
2024-11-29 03:36:18,409 - liquidity_analyzer - INFO - Saved market data to data/market_data_btcusdt.json
2024-11-29 03:36:18,783 - liquidity_analyzer - INFO - Saved market data to data/market_data_btcusdt.json
2024-11-29 03:36:19,170 - liquidity_analyzer - INFO - Saved market data to data/market_data_btcusdt.json
2024-11-29 03:36:19,640 - liquidity_analyzer - INFO - Saved market data to data/market_data_btcusdt.json
2024-11-29 03:36:19,829 - liquidity_analyzer - INFO - Saved market data to data/market_data_btcusdt.json
2024-11-29 03:36:20,289 - liquidity_analyzer - INFO - Saved market data to data/market_data_btcusdt.json
2024-11-29 03:36:20,635 - liquidity_analyzer - INFO - Saved market data to data/market_data_btcusdt.json
2024-11-29 03:36:21,111 - liquidity_analyzer - INFO - Saved market data to data/market_data_btcusdt.json
2024-11-29 03:36:21,934 - liquidity_analyzer - INFO - Saved market data to data/market_data_btcusdt.json
2024-11-29 03:36:22,372 - liquidity_analyzer - INFO - Saved market data to data/market_data_btcusdt.json
2024-11-29 03:36:22,897 - liquidity_analyzer - INFO - Saved market data to data/market_data_btcusdt.json
2024-11-29 03:36:24,097 - liquidity_analyzer - INFO - Saved market data to data/market_data_btcusdt.json
2024-11-29 03:36:24,540 - liquidity_analyzer - INFO - Saved market data to data/market_data_btcusdt.json
2024-11-29 03:36:25,985 - liquidity_analyzer - INFO - Saved market data to data/market_data_btcusdt.json
2024-11-29 03:36:26,532 - liquidity_analyzer - INFO - Saved market data to data/market_data_btcusdt.json
2024-11-29 03:36:27,233 - liquidity_analyzer - INFO - Saved market data to data/market_data_btcusdt.json
2024-11-29 03:36:28,126 - liquidity_analyzer - INFO - Saved market data to data/market_data_btcusdt.json
2024-11-29 03:36:28,757 - liquidity_analyzer - INFO - Saved market data to data/market_data_btcusdt.json
2024-11-29 03:36:29,664 - liquidity_analyzer - INFO - Saved market data to data/market_data_btcusdt.json
2024-11-29 03:36:30,046 - liquidity_analyzer - INFO - Saved market data to data/market_data_btcusdt.json
2024-11-29 03:36:31,198 - liquidity_analyzer - INFO - Saved market data to data/market_data_btcusdt.json
2024-11-29 03:36:31,572 - liquidity_analyzer - INFO - Saved market data to data/market_data_btcusdt.json
2024-11-29 03:36:32,876 - liquidity_analyzer - INFO - Saved market data to data/market_data_btcusdt.json
2024-11-29 03:36:33,600 - liquidity_analyzer - INFO - Saved market data to data/market_data_btcusdt.json
2024-11-29 03:36:34,240 - liquidity_analyzer - INFO - Saved market data to data/market_data_btcusdt.json
2024-11-29 03:36:35,361 - liquidity_analyzer - INFO - Saved market data to data/market_data_btcusdt.json
2024-11-29 03:36:36,109 - liquidity_analyzer - INFO - Saved market data to data/market_data_btcusdt.json
2024-11-29 03:36:36,438 - liquidity_analyzer - INFO - Saved market data to data/market_data_btcusdt.json
2024-11-29 03:36:37,492 - liquidity_analyzer - INFO - Saved market data to data/market_data_btcusdt.json
2024-11-29 03:36:37,912 - liquidity_analyzer - INFO - Saved market data to data/market_data_btcusdt.json
2024-11-29 03:36:38,408 - liquidity_analyzer - INFO - Saved market data to data/market_data_btcusdt.json
2024-11-29 03:36:39,418 - liquidity_analyzer - INFO - Saved market data to data/market_data_btcusdt.json
2024-11-29 03:36:40,283 - liquidity_analyzer - INFO - Saved market data to data/market_data_btcusdt.json
2024-11-29 03:36:40,823 - liquidity_analyzer - INFO - Saved market data to data/market_data_btcusdt.json
2024-11-29 03:36:41,670 - liquidity_analyzer - INFO - Saved market data to data/market_data_btcusdt.json
2024-11-29 03:36:42,326 - liquidity_analyzer - INFO - Saved market data to data/market_data_btcusdt.json
2024-11-29 03:36:43,193 - liquidity_analyzer - INFO - Saved market data to data/market_data_btcusdt.json
2024-11-29 03:36:44,129 - liquidity_analyzer - INFO - Saved market data to data/market_data_btcusdt.json
2024-11-29 03:36:44,955 - liquidity_analyzer - INFO - Saved market data to data/market_data_btcusdt.json
2024-11-29 03:36:45,547 - liquidity_analyzer - INFO - Saved market data to data/market_data_btcusdt.json
2024-11-29 03:36:45,711 - liquidity_analyzer - INFO - Saved market data to data/market_data_btcusdt.json
2024-11-29 03:36:47,026 - liquidity_analyzer - INFO - Saved market data to data/market_data_btcusdt.json
2024-11-29 03:36:47,679 - liquidity_analyzer - INFO - Saved market data to data/market_data_btcusdt.json
2024-11-29 03:36:48,926 - liquidity_analyzer - INFO - Saved market data to data/market_data_btcusdt.json
2024-11-29 03:36:49,744 - liquidity_analyzer - INFO - Saved market data to data/market_data_btcusdt.json
2024-11-29 03:36:50,437 - liquidity_analyzer - INFO - Saved market data to data/market_data_btcusdt.json
2024-11-29 03:36:50,967 - liquidity_analyzer - INFO - Saved market data to data/market_data_btcusdt.json
2024-11-29 03:36:51,623 - liquidity_analyzer - INFO - Saved market data to data/market_data_btcusdt.json
2024-11-29 03:36:52,565 - liquidity_analyzer - INFO - Saved market data to data/market_data_btcusdt.json
2024-11-29 03:36:53,483 - liquidity_analyzer - INFO - Saved market data to data/market_data_btcusdt.json
