2024-11-29 16:08:26,020 - liquidity_analyzer - DEBUG - Initializing MarketDataAnalyzer
2024-11-29 16:08:26,360 - liquidity_analyzer - INFO - Successfully initialized Binance client
2024-11-29 16:08:26,360 - liquidity_analyzer - INFO - Starting market stream for btcusdt
2024-11-29 16:08:26,360 - liquidity_analyzer - INFO - Loading 24-hour trade history for BTCUSDT
2024-11-29 16:08:26,507 - liquidity_analyzer - INFO - Retrieved 991 valid trades within the last 24 hours
2024-11-29 16:08:26,510 - liquidity_analyzer - INFO - Successfully processed 991 historical trades
2024-11-29 16:08:26,515 - liquidity_analyzer - INFO - Historical data verification passed
2024-11-29 16:08:27,280 - liquidity_analyzer - INFO - Saved market data to data/market_data_btcusdt.json
2024-11-29 16:08:27,511 - liquidity_analyzer - INFO - Saved market data to data/market_data_btcusdt.json
2024-11-29 16:08:27,562 - liquidity_analyzer - INFO - Saved market data to data/market_data_btcusdt.json
2024-11-29 16:08:27,605 - liquidity_analyzer - INFO - Saved market data to data/market_data_btcusdt.json
2024-11-29 16:08:27,668 - liquidity_analyzer - INFO - Saved market data to data/market_data_btcusdt.json
2024-11-29 16:08:27,815 - liquidity_analyzer - INFO - Saved market data to data/market_data_btcusdt.json
2024-11-29 16:08:27,873 - liquidity_analyzer - INFO - Saved market data to data/market_data_btcusdt.json
2024-11-29 16:08:28,184 - liquidity_analyzer - INFO - Saved market data to data/market_data_btcusdt.json
2024-11-29 16:08:28,215 - liquidity_analyzer - INFO - Saved market data to data/market_data_btcusdt.json
2024-11-29 16:08:28,242 - liquidity_analyzer - INFO - Saved market data to data/market_data_btcusdt.json
2024-11-29 16:08:28,267 - liquidity_analyzer - INFO - Saved market data to data/market_data_btcusdt.json
2024-11-29 16:08:28,287 - liquidity_analyzer - INFO - Saved market data to data/market_data_btcusdt.json
2024-11-29 16:08:28,309 - liquidity_analyzer - INFO - Saved market data to data/market_data_btcusdt.json
2024-11-29 16:08:28,331 - liquidity_analyzer - INFO - Saved market data to data/market_data_btcusdt.json
2024-11-29 16:08:28,350 - liquidity_analyzer - INFO - Saved market data to data/market_data_btcusdt.json
2024-11-29 16:08:28,369 - liquidity_analyzer - INFO - Saved market data to data/market_data_btcusdt.json
2024-11-29 16:08:28,389 - liquidity_analyzer - INFO - Saved market data to data/market_data_btcusdt.json
2024-11-29 16:08:28,409 - liquidity_analyzer - INFO - Saved market data to data/market_data_btcusdt.json
2024-11-29 16:08:28,431 - liquidity_analyzer - INFO - Saved market data to data/market_data_btcusdt.json
2024-11-29 16:08:28,452 - liquidity_analyzer - INFO - Saved market data to data/market_data_btcusdt.json
2024-11-29 16:08:28,473 - liquidity_analyzer - INFO - Saved market data to data/market_data_btcusdt.json
2024-11-29 16:08:28,492 - liquidity_analyzer - INFO - Saved market data to data/market_data_btcusdt.json
2024-11-29 16:08:28,511 - liquidity_analyzer - INFO - Saved market data to data/market_data_btcusdt.json
2024-11-29 16:08:28,530 - liquidity_analyzer - INFO - Saved market data to data/market_data_btcusdt.json
2024-11-29 16:08:28,549 - liquidity_analyzer - INFO - Saved market data to data/market_data_btcusdt.json
2024-11-29 16:08:28,569 - liquidity_analyzer - INFO - Saved market data to data/market_data_btcusdt.json
2024-11-29 16:08:28,708 - liquidity_analyzer - INFO - Saved market data to data/market_data_btcusdt.json
2024-11-29 16:08:28,743 - liquidity_analyzer - INFO - Saved market data to data/market_data_btcusdt.json
2024-11-29 16:08:28,879 - liquidity_analyzer - INFO - Saved market data to data/market_data_btcusdt.json
2024-11-29 16:08:28,952 - liquidity_analyzer - INFO - Saved market data to data/market_data_btcusdt.json
2024-11-29 16:08:29,245 - liquidity_analyzer - INFO - Saved market data to data/market_data_btcusdt.json
2024-11-29 16:08:29,273 - liquidity_analyzer - INFO - Saved market data to data/market_data_btcusdt.json
2024-11-29 16:08:29,295 - liquidity_analyzer - INFO - Saved market data to data/market_data_btcusdt.json
2024-11-29 16:08:29,317 - liquidity_analyzer - INFO - Saved market data to data/market_data_btcusdt.json
2024-11-29 16:08:29,346 - liquidity_analyzer - INFO - Saved market data to data/market_data_btcusdt.json
2024-11-29 16:08:29,392 - liquidity_analyzer - INFO - Saved market data to data/market_data_btcusdt.json
2024-11-29 16:08:29,452 - liquidity_analyzer - INFO - Saved market data to data/market_data_btcusdt.json
2024-11-29 16:08:29,521 - liquidity_analyzer - INFO - Saved market data to data/market_data_btcusdt.json
2024-11-29 16:08:29,593 - liquidity_analyzer - INFO - Saved market data to data/market_data_btcusdt.json
2024-11-29 16:08:29,626 - liquidity_analyzer - INFO - Saved market data to data/market_data_btcusdt.json
2024-11-29 16:08:29,651 - liquidity_analyzer - INFO - Saved market data to data/market_data_btcusdt.json
2024-11-29 16:08:29,698 - liquidity_analyzer - INFO - Saved market data to data/market_data_btcusdt.json
2024-11-29 16:08:29,736 - liquidity_analyzer - INFO - Saved market data to data/market_data_btcusdt.json
2024-11-29 16:08:29,759 - liquidity_analyzer - INFO - Saved market data to data/market_data_btcusdt.json
2024-11-29 16:08:29,786 - liquidity_analyzer - INFO - Saved market data to data/market_data_btcusdt.json
2024-11-29 16:08:29,818 - liquidity_analyzer - INFO - Saved market data to data/market_data_btcusdt.json
2024-11-29 16:08:29,863 - liquidity_analyzer - INFO - Saved market data to data/market_data_btcusdt.json
2024-11-29 16:08:29,887 - liquidity_analyzer - INFO - Saved market data to data/market_data_btcusdt.json
2024-11-29 16:08:29,909 - liquidity_analyzer - INFO - Saved market data to data/market_data_btcusdt.json
2024-11-29 16:08:29,966 - liquidity_analyzer - INFO - Saved market data to data/market_data_btcusdt.json
2024-11-29 16:08:29,988 - liquidity_analyzer - INFO - Saved market data to data/market_data_btcusdt.json
2024-11-29 16:08:30,009 - liquidity_analyzer - INFO - Saved market data to data/market_data_btcusdt.json
2024-11-29 16:08:30,029 - liquidity_analyzer - INFO - Saved market data to data/market_data_btcusdt.json
2024-11-29 16:08:30,051 - liquidity_analyzer - INFO - Saved market data to data/market_data_btcusdt.json
2024-11-29 16:08:30,078 - liquidity_analyzer - INFO - Saved market data to data/market_data_btcusdt.json
2024-11-29 16:08:30,099 - liquidity_analyzer - INFO - Saved market data to data/market_data_btcusdt.json
2024-11-29 16:08:30,125 - liquidity_analyzer - INFO - Saved market data to data/market_data_btcusdt.json
2024-11-29 16:08:30,149 - liquidity_analyzer - INFO - Saved market data to data/market_data_btcusdt.json
2024-11-29 16:08:30,170 - liquidity_analyzer - INFO - Saved market data to data/market_data_btcusdt.json
2024-11-29 16:08:30,191 - liquidity_analyzer - INFO - Saved market data to data/market_data_btcusdt.json
2024-11-29 16:08:30,212 - liquidity_analyzer - INFO - Saved market data to data/market_data_btcusdt.json
2024-11-29 16:08:30,233 - liquidity_analyzer - INFO - Saved market data to data/market_data_btcusdt.json
2024-11-29 16:08:30,253 - liquidity_analyzer - INFO - Saved market data to data/market_data_btcusdt.json
2024-11-29 16:08:30,273 - liquidity_analyzer - INFO - Saved market data to data/market_data_btcusdt.json
2024-11-29 16:08:30,292 - liquidity_analyzer - INFO - Saved market data to data/market_data_btcusdt.json
2024-11-29 16:08:30,313 - liquidity_analyzer - INFO - Saved market data to data/market_data_btcusdt.json
2024-11-29 16:08:30,333 - liquidity_analyzer - INFO - Saved market data to data/market_data_btcusdt.json
2024-11-29 16:08:30,355 - liquidity_analyzer - INFO - Saved market data to data/market_data_btcusdt.json
2024-11-29 16:08:30,376 - liquidity_analyzer - INFO - Saved market data to data/market_data_btcusdt.json
2024-11-29 16:08:30,396 - liquidity_analyzer - INFO - Saved market data to data/market_data_btcusdt.json
2024-11-29 16:08:30,416 - liquidity_analyzer - INFO - Saved market data to data/market_data_btcusdt.json
2024-11-29 16:08:30,435 - liquidity_analyzer - INFO - Saved market data to data/market_data_btcusdt.json
2024-11-29 16:08:30,454 - liquidity_analyzer - INFO - Saved market data to data/market_data_btcusdt.json
2024-11-29 16:08:30,473 - liquidity_analyzer - INFO - Saved market data to data/market_data_btcusdt.json
2024-11-29 16:08:30,492 - liquidity_analyzer - INFO - Saved market data to data/market_data_btcusdt.json
2024-11-29 16:08:30,511 - liquidity_analyzer - INFO - Saved market data to data/market_data_btcusdt.json
2024-11-29 16:08:30,530 - liquidity_analyzer - INFO - Saved market data to data/market_data_btcusdt.json
2024-11-29 16:08:30,549 - liquidity_analyzer - INFO - Saved market data to data/market_data_btcusdt.json
2024-11-29 16:08:30,568 - liquidity_analyzer - INFO - Saved market data to data/market_data_btcusdt.json
2024-11-29 16:08:30,588 - liquidity_analyzer - INFO - Saved market data to data/market_data_btcusdt.json
2024-11-29 16:08:30,616 - liquidity_analyzer - INFO - Saved market data to data/market_data_btcusdt.json
2024-11-29 16:08:30,647 - liquidity_analyzer - INFO - Saved market data to data/market_data_btcusdt.json
2024-11-29 16:08:30,672 - liquidity_analyzer - INFO - Saved market data to data/market_data_btcusdt.json
2024-11-29 16:08:30,788 - liquidity_analyzer - INFO - Saved market data to data/market_data_btcusdt.json
2024-11-29 16:08:30,890 - liquidity_analyzer - INFO - Saved market data to data/market_data_btcusdt.json
2024-11-29 16:08:30,963 - liquidity_analyzer - INFO - Saved market data to data/market_data_btcusdt.json
2024-11-29 16:08:31,130 - liquidity_analyzer - INFO - Saved market data to data/market_data_btcusdt.json
2024-11-29 16:08:31,243 - liquidity_analyzer - INFO - Saved market data to data/market_data_btcusdt.json
2024-11-29 16:08:31,376 - liquidity_analyzer - INFO - Saved market data to data/market_data_btcusdt.json
2024-11-29 16:08:31,492 - liquidity_analyzer - INFO - Saved market data to data/market_data_btcusdt.json
2024-11-29 16:08:31,513 - liquidity_analyzer - INFO - Saved market data to data/market_data_btcusdt.json
2024-11-29 16:08:31,539 - liquidity_analyzer - INFO - Saved market data to data/market_data_btcusdt.json
2024-11-29 16:08:31,590 - liquidity_analyzer - INFO - Saved market data to data/market_data_btcusdt.json
2024-11-29 16:08:31,642 - liquidity_analyzer - INFO - Saved market data to data/market_data_btcusdt.json
2024-11-29 16:08:31,791 - liquidity_analyzer - INFO - Saved market data to data/market_data_btcusdt.json
2024-11-29 16:08:31,842 - liquidity_analyzer - INFO - Saved market data to data/market_data_btcusdt.json
2024-11-29 16:08:31,933 - liquidity_analyzer - INFO - Saved market data to data/market_data_btcusdt.json
2024-11-29 16:08:31,984 - liquidity_analyzer - INFO - Saved market data to data/market_data_btcusdt.json
2024-11-29 16:08:32,097 - liquidity_analyzer - INFO - Saved market data to data/market_data_btcusdt.json
2024-11-29 16:08:32,098 - liquidity_analyzer - INFO - Processed 100 messages
2024-11-29 16:08:32,138 - liquidity_analyzer - INFO - Saved market data to data/market_data_btcusdt.json
2024-11-29 16:08:32,196 - liquidity_analyzer - INFO - Saved market data to data/market_data_btcusdt.json
2024-11-29 16:08:32,220 - liquidity_analyzer - INFO - Saved market data to data/market_data_btcusdt.json
2024-11-29 16:08:32,245 - liquidity_analyzer - INFO - Saved market data to data/market_data_btcusdt.json
2024-11-29 16:08:32,267 - liquidity_analyzer - INFO - Saved market data to data/market_data_btcusdt.json
2024-11-29 16:08:32,288 - liquidity_analyzer - INFO - Saved market data to data/market_data_btcusdt.json
2024-11-29 16:08:32,308 - liquidity_analyzer - INFO - Saved market data to data/market_data_btcusdt.json
2024-11-29 16:08:32,331 - liquidity_analyzer - INFO - Saved market data to data/market_data_btcusdt.json
2024-11-29 16:08:32,351 - liquidity_analyzer - INFO - Saved market data to data/market_data_btcusdt.json
2024-11-29 16:08:32,373 - liquidity_analyzer - INFO - Saved market data to data/market_data_btcusdt.json
2024-11-29 16:08:32,393 - liquidity_analyzer - INFO - Saved market data to data/market_data_btcusdt.json
2024-11-29 16:08:32,413 - liquidity_analyzer - INFO - Saved market data to data/market_data_btcusdt.json
2024-11-29 16:08:32,432 - liquidity_analyzer - INFO - Saved market data to data/market_data_btcusdt.json
2024-11-29 16:08:32,452 - liquidity_analyzer - INFO - Saved market data to data/market_data_btcusdt.json
2024-11-29 16:08:32,472 - liquidity_analyzer - INFO - Saved market data to data/market_data_btcusdt.json
2024-11-29 16:08:32,494 - liquidity_analyzer - INFO - Saved market data to data/market_data_btcusdt.json
2024-11-29 16:08:32,515 - liquidity_analyzer - INFO - Saved market data to data/market_data_btcusdt.json
2024-11-29 16:08:32,541 - liquidity_analyzer - INFO - Saved market data to data/market_data_btcusdt.json
2024-11-29 16:08:32,563 - liquidity_analyzer - INFO - Saved market data to data/market_data_btcusdt.json
2024-11-29 16:08:32,582 - liquidity_analyzer - INFO - Saved market data to data/market_data_btcusdt.json
2024-11-29 16:08:32,602 - liquidity_analyzer - INFO - Saved market data to data/market_data_btcusdt.json
2024-11-29 16:08:32,626 - liquidity_analyzer - INFO - Saved market data to data/market_data_btcusdt.json
2024-11-29 16:08:32,646 - liquidity_analyzer - INFO - Saved market data to data/market_data_btcusdt.json
2024-11-29 16:08:32,667 - liquidity_analyzer - INFO - Saved market data to data/market_data_btcusdt.json
2024-11-29 16:08:32,693 - liquidity_analyzer - INFO - Saved market data to data/market_data_btcusdt.json
2024-11-29 16:08:32,715 - liquidity_analyzer - INFO - Saved market data to data/market_data_btcusdt.json
2024-11-29 16:08:32,749 - liquidity_analyzer - INFO - Saved market data to data/market_data_btcusdt.json
2024-11-29 16:08:32,781 - liquidity_analyzer - INFO - Saved market data to data/market_data_btcusdt.json
2024-11-29 16:08:32,804 - liquidity_analyzer - INFO - Saved market data to data/market_data_btcusdt.json
2024-11-29 16:08:32,824 - liquidity_analyzer - INFO - Saved market data to data/market_data_btcusdt.json
2024-11-29 16:08:32,845 - liquidity_analyzer - INFO - Saved market data to data/market_data_btcusdt.json
2024-11-29 16:08:32,865 - liquidity_analyzer - INFO - Saved market data to data/market_data_btcusdt.json
2024-11-29 16:08:32,886 - liquidity_analyzer - INFO - Saved market data to data/market_data_btcusdt.json
2024-11-29 16:08:32,906 - liquidity_analyzer - INFO - Saved market data to data/market_data_btcusdt.json
2024-11-29 16:08:32,981 - liquidity_analyzer - INFO - Saved market data to data/market_data_btcusdt.json
2024-11-29 16:08:33,018 - liquidity_analyzer - INFO - Saved market data to data/market_data_btcusdt.json
2024-11-29 16:08:33,046 - liquidity_analyzer - INFO - Saved market data to data/market_data_btcusdt.json
2024-11-29 16:08:33,078 - liquidity_analyzer - INFO - Saved market data to data/market_data_btcusdt.json
2024-11-29 16:08:33,103 - liquidity_analyzer - INFO - Saved market data to data/market_data_btcusdt.json
2024-11-29 16:08:33,125 - liquidity_analyzer - INFO - Saved market data to data/market_data_btcusdt.json
2024-11-29 16:08:33,150 - liquidity_analyzer - INFO - Saved market data to data/market_data_btcusdt.json
2024-11-29 16:09:03,153 - liquidity_analyzer - WARNING - WebSocket message timeout, reconnecting...
2024-11-29 16:09:03,155 - liquidity_analyzer - ERROR - Stream error: 'ClientConnection' object has no attribute 'fail_connection'
2024-11-29 16:09:03,155 - liquidity_analyzer - INFO - Reconnecting to WebSocket stream...
2024-11-29 16:09:08,157 - liquidity_analyzer - INFO - Loading 24-hour trade history for BTCUSDT
2024-11-29 16:09:08,170 - liquidity_analyzer - ERROR - Error loading historical data: ('Connection aborted.', ConnectionResetError(54, 'Connection reset by peer'))
2024-11-29 16:09:08,170 - liquidity_analyzer - ERROR - Stream error: ('Connection aborted.', ConnectionResetError(54, 'Connection reset by peer'))
2024-11-29 16:09:08,170 - liquidity_analyzer - INFO - Reconnecting to WebSocket stream...
2024-11-29 16:09:13,171 - liquidity_analyzer - INFO - Loading 24-hour trade history for BTCUSDT
2024-11-29 16:09:13,416 - liquidity_analyzer - INFO - Retrieved 998 valid trades within the last 24 hours
2024-11-29 16:09:13,425 - liquidity_analyzer - INFO - Successfully processed 998 historical trades
2024-11-29 16:09:13,445 - liquidity_analyzer - INFO - Historical data verification passed
2024-11-29 16:09:14,197 - liquidity_analyzer - INFO - Saved market data to data/market_data_btcusdt.json
2024-11-29 16:09:14,280 - liquidity_analyzer - INFO - Saved market data to data/market_data_btcusdt.json
2024-11-29 16:09:14,398 - liquidity_analyzer - INFO - Saved market data to data/market_data_btcusdt.json
2024-11-29 16:09:14,489 - liquidity_analyzer - INFO - Saved market data to data/market_data_btcusdt.json
2024-11-29 16:09:14,711 - liquidity_analyzer - INFO - Saved market data to data/market_data_btcusdt.json
2024-11-29 16:09:14,779 - liquidity_analyzer - INFO - Saved market data to data/market_data_btcusdt.json
2024-11-29 16:09:14,908 - liquidity_analyzer - INFO - Saved market data to data/market_data_btcusdt.json
2024-11-29 16:09:15,166 - liquidity_analyzer - INFO - Saved market data to data/market_data_btcusdt.json
2024-11-29 16:09:15,270 - liquidity_analyzer - INFO - Saved market data to data/market_data_btcusdt.json
2024-11-29 16:09:15,321 - liquidity_analyzer - INFO - Saved market data to data/market_data_btcusdt.json
2024-11-29 16:09:15,394 - liquidity_analyzer - INFO - Saved market data to data/market_data_btcusdt.json
2024-11-29 16:09:15,444 - liquidity_analyzer - INFO - Saved market data to data/market_data_btcusdt.json
2024-11-29 16:09:15,474 - liquidity_analyzer - INFO - Saved market data to data/market_data_btcusdt.json
2024-11-29 16:09:15,527 - liquidity_analyzer - INFO - Saved market data to data/market_data_btcusdt.json
2024-11-29 16:09:15,611 - liquidity_analyzer - INFO - Saved market data to data/market_data_btcusdt.json
2024-11-29 16:09:15,663 - liquidity_analyzer - INFO - Saved market data to data/market_data_btcusdt.json
2024-11-29 16:09:15,701 - liquidity_analyzer - INFO - Saved market data to data/market_data_btcusdt.json
2024-11-29 16:09:15,749 - liquidity_analyzer - INFO - Saved market data to data/market_data_btcusdt.json
2024-11-29 16:09:15,780 - liquidity_analyzer - INFO - Saved market data to data/market_data_btcusdt.json
2024-11-29 16:09:15,809 - liquidity_analyzer - INFO - Saved market data to data/market_data_btcusdt.json
2024-11-29 16:09:15,838 - liquidity_analyzer - INFO - Saved market data to data/market_data_btcusdt.json
2024-11-29 16:09:15,868 - liquidity_analyzer - INFO - Saved market data to data/market_data_btcusdt.json
2024-11-29 16:09:15,897 - liquidity_analyzer - INFO - Saved market data to data/market_data_btcusdt.json
2024-11-29 16:09:15,928 - liquidity_analyzer - INFO - Saved market data to data/market_data_btcusdt.json
2024-11-29 16:09:15,958 - liquidity_analyzer - INFO - Saved market data to data/market_data_btcusdt.json
2024-11-29 16:09:15,986 - liquidity_analyzer - INFO - Saved market data to data/market_data_btcusdt.json
2024-11-29 16:09:16,014 - liquidity_analyzer - INFO - Saved market data to data/market_data_btcusdt.json
2024-11-29 16:09:16,042 - liquidity_analyzer - INFO - Saved market data to data/market_data_btcusdt.json
2024-11-29 16:09:16,072 - liquidity_analyzer - INFO - Saved market data to data/market_data_btcusdt.json
2024-11-29 16:09:16,101 - liquidity_analyzer - INFO - Saved market data to data/market_data_btcusdt.json
2024-11-29 16:09:16,131 - liquidity_analyzer - INFO - Saved market data to data/market_data_btcusdt.json
2024-11-29 16:09:16,159 - liquidity_analyzer - INFO - Saved market data to data/market_data_btcusdt.json
2024-11-29 16:09:16,187 - liquidity_analyzer - INFO - Saved market data to data/market_data_btcusdt.json
2024-11-29 16:09:16,215 - liquidity_analyzer - INFO - Saved market data to data/market_data_btcusdt.json
2024-11-29 16:09:16,246 - liquidity_analyzer - INFO - Saved market data to data/market_data_btcusdt.json
2024-11-29 16:09:16,277 - liquidity_analyzer - INFO - Saved market data to data/market_data_btcusdt.json
2024-11-29 16:09:16,305 - liquidity_analyzer - INFO - Saved market data to data/market_data_btcusdt.json
2024-11-29 16:09:16,332 - liquidity_analyzer - INFO - Saved market data to data/market_data_btcusdt.json
2024-11-29 16:09:16,360 - liquidity_analyzer - INFO - Saved market data to data/market_data_btcusdt.json
2024-11-29 16:09:16,388 - liquidity_analyzer - INFO - Saved market data to data/market_data_btcusdt.json
2024-11-29 16:09:16,415 - liquidity_analyzer - INFO - Saved market data to data/market_data_btcusdt.json
2024-11-29 16:09:16,442 - liquidity_analyzer - INFO - Saved market data to data/market_data_btcusdt.json
2024-11-29 16:09:16,469 - liquidity_analyzer - INFO - Saved market data to data/market_data_btcusdt.json
2024-11-29 16:09:16,496 - liquidity_analyzer - INFO - Saved market data to data/market_data_btcusdt.json
2024-11-29 16:09:16,523 - liquidity_analyzer - INFO - Saved market data to data/market_data_btcusdt.json
2024-11-29 16:09:16,549 - liquidity_analyzer - INFO - Saved market data to data/market_data_btcusdt.json
2024-11-29 16:09:16,576 - liquidity_analyzer - INFO - Saved market data to data/market_data_btcusdt.json
2024-11-29 16:09:16,606 - liquidity_analyzer - INFO - Saved market data to data/market_data_btcusdt.json
2024-11-29 16:09:16,635 - liquidity_analyzer - INFO - Saved market data to data/market_data_btcusdt.json
2024-11-29 16:09:16,663 - liquidity_analyzer - INFO - Saved market data to data/market_data_btcusdt.json
2024-11-29 16:09:16,692 - liquidity_analyzer - INFO - Saved market data to data/market_data_btcusdt.json
2024-11-29 16:09:16,721 - liquidity_analyzer - INFO - Saved market data to data/market_data_btcusdt.json
2024-11-29 16:09:16,753 - liquidity_analyzer - INFO - Saved market data to data/market_data_btcusdt.json
2024-11-29 16:09:16,811 - liquidity_analyzer - INFO - Saved market data to data/market_data_btcusdt.json
2024-11-29 16:09:16,854 - liquidity_analyzer - INFO - Saved market data to data/market_data_btcusdt.json
2024-11-29 16:09:16,943 - liquidity_analyzer - INFO - Saved market data to data/market_data_btcusdt.json
2024-11-29 16:09:16,995 - liquidity_analyzer - INFO - Saved market data to data/market_data_btcusdt.json
2024-11-29 16:09:17,027 - liquidity_analyzer - INFO - Saved market data to data/market_data_btcusdt.json
2024-11-29 16:09:17,063 - liquidity_analyzer - INFO - Saved market data to data/market_data_btcusdt.json
2024-11-29 16:09:17,156 - liquidity_analyzer - INFO - Saved market data to data/market_data_btcusdt.json
2024-11-29 16:09:17,359 - liquidity_analyzer - INFO - Saved market data to data/market_data_btcusdt.json
2024-11-29 16:09:17,430 - liquidity_analyzer - INFO - Saved market data to data/market_data_btcusdt.json
2024-11-29 16:09:17,467 - liquidity_analyzer - INFO - Saved market data to data/market_data_btcusdt.json
2024-11-29 16:09:17,495 - liquidity_analyzer - INFO - Saved market data to data/market_data_btcusdt.json
2024-11-29 16:09:17,522 - liquidity_analyzer - INFO - Saved market data to data/market_data_btcusdt.json
2024-11-29 16:09:17,550 - liquidity_analyzer - INFO - Saved market data to data/market_data_btcusdt.json
2024-11-29 16:09:17,577 - liquidity_analyzer - INFO - Saved market data to data/market_data_btcusdt.json
2024-11-29 16:09:17,604 - liquidity_analyzer - INFO - Saved market data to data/market_data_btcusdt.json
2024-11-29 16:09:17,631 - liquidity_analyzer - INFO - Saved market data to data/market_data_btcusdt.json
2024-11-29 16:09:17,658 - liquidity_analyzer - INFO - Saved market data to data/market_data_btcusdt.json
2024-11-29 16:09:17,684 - liquidity_analyzer - INFO - Saved market data to data/market_data_btcusdt.json
2024-11-29 16:09:17,712 - liquidity_analyzer - INFO - Saved market data to data/market_data_btcusdt.json
2024-11-29 16:09:17,810 - liquidity_analyzer - INFO - Saved market data to data/market_data_btcusdt.json
2024-11-29 16:09:17,838 - liquidity_analyzer - INFO - Saved market data to data/market_data_btcusdt.json
2024-11-29 16:09:17,869 - liquidity_analyzer - INFO - Saved market data to data/market_data_btcusdt.json
2024-11-29 16:09:17,925 - liquidity_analyzer - INFO - Saved market data to data/market_data_btcusdt.json
2024-11-29 16:09:17,975 - liquidity_analyzer - INFO - Saved market data to data/market_data_btcusdt.json
2024-11-29 16:09:18,038 - liquidity_analyzer - INFO - Saved market data to data/market_data_btcusdt.json
2024-11-29 16:09:18,070 - liquidity_analyzer - INFO - Saved market data to data/market_data_btcusdt.json
2024-11-29 16:09:18,110 - liquidity_analyzer - INFO - Saved market data to data/market_data_btcusdt.json
2024-11-29 16:09:18,157 - liquidity_analyzer - INFO - Saved market data to data/market_data_btcusdt.json
2024-11-29 16:09:18,196 - liquidity_analyzer - INFO - Saved market data to data/market_data_btcusdt.json
2024-11-29 16:09:18,229 - liquidity_analyzer - INFO - Saved market data to data/market_data_btcusdt.json
2024-11-29 16:09:18,260 - liquidity_analyzer - INFO - Saved market data to data/market_data_btcusdt.json
2024-11-29 16:09:18,288 - liquidity_analyzer - INFO - Saved market data to data/market_data_btcusdt.json
2024-11-29 16:09:18,317 - liquidity_analyzer - INFO - Saved market data to data/market_data_btcusdt.json
2024-11-29 16:09:18,345 - liquidity_analyzer - INFO - Saved market data to data/market_data_btcusdt.json
2024-11-29 16:09:18,385 - liquidity_analyzer - INFO - Saved market data to data/market_data_btcusdt.json
2024-11-29 16:09:18,414 - liquidity_analyzer - INFO - Saved market data to data/market_data_btcusdt.json
2024-11-29 16:09:18,442 - liquidity_analyzer - INFO - Saved market data to data/market_data_btcusdt.json
2024-11-29 16:09:18,469 - liquidity_analyzer - INFO - Saved market data to data/market_data_btcusdt.json
2024-11-29 16:09:18,497 - liquidity_analyzer - INFO - Saved market data to data/market_data_btcusdt.json
2024-11-29 16:09:18,530 - liquidity_analyzer - INFO - Saved market data to data/market_data_btcusdt.json
2024-11-29 16:09:18,557 - liquidity_analyzer - INFO - Saved market data to data/market_data_btcusdt.json
2024-11-29 16:09:18,584 - liquidity_analyzer - INFO - Saved market data to data/market_data_btcusdt.json
2024-11-29 16:09:18,610 - liquidity_analyzer - INFO - Saved market data to data/market_data_btcusdt.json
2024-11-29 16:09:18,637 - liquidity_analyzer - INFO - Saved market data to data/market_data_btcusdt.json
2024-11-29 16:09:18,670 - liquidity_analyzer - INFO - Saved market data to data/market_data_btcusdt.json
2024-11-29 16:09:18,728 - liquidity_analyzer - INFO - Saved market data to data/market_data_btcusdt.json
2024-11-29 16:09:18,728 - liquidity_analyzer - INFO - Processed 100 messages
2024-11-29 16:09:18,785 - liquidity_analyzer - INFO - Saved market data to data/market_data_btcusdt.json
2024-11-29 16:09:18,816 - liquidity_analyzer - INFO - Saved market data to data/market_data_btcusdt.json
2024-11-29 16:09:18,845 - liquidity_analyzer - INFO - Saved market data to data/market_data_btcusdt.json
2024-11-29 16:09:18,874 - liquidity_analyzer - INFO - Saved market data to data/market_data_btcusdt.json
2024-11-29 16:09:18,914 - liquidity_analyzer - INFO - Saved market data to data/market_data_btcusdt.json
2024-11-29 16:09:18,946 - liquidity_analyzer - INFO - Saved market data to data/market_data_btcusdt.json
2024-11-29 16:09:18,977 - liquidity_analyzer - INFO - Saved market data to data/market_data_btcusdt.json
2024-11-29 16:09:19,006 - liquidity_analyzer - INFO - Saved market data to data/market_data_btcusdt.json
2024-11-29 16:09:19,038 - liquidity_analyzer - INFO - Saved market data to data/market_data_btcusdt.json
2024-11-29 16:09:19,068 - liquidity_analyzer - INFO - Saved market data to data/market_data_btcusdt.json
2024-11-29 16:09:19,096 - liquidity_analyzer - INFO - Saved market data to data/market_data_btcusdt.json
2024-11-29 16:09:19,127 - liquidity_analyzer - INFO - Saved market data to data/market_data_btcusdt.json
2024-11-29 16:09:19,157 - liquidity_analyzer - INFO - Saved market data to data/market_data_btcusdt.json
2024-11-29 16:09:19,190 - liquidity_analyzer - INFO - Saved market data to data/market_data_btcusdt.json
2024-11-29 16:09:19,254 - liquidity_analyzer - INFO - Saved market data to data/market_data_btcusdt.json
2024-11-29 16:09:19,317 - liquidity_analyzer - INFO - Saved market data to data/market_data_btcusdt.json
2024-11-29 16:09:19,482 - liquidity_analyzer - INFO - Saved market data to data/market_data_btcusdt.json
2024-11-29 16:09:19,543 - liquidity_analyzer - INFO - Saved market data to data/market_data_btcusdt.json
2024-11-29 16:09:19,587 - liquidity_analyzer - INFO - Saved market data to data/market_data_btcusdt.json
2024-11-29 16:09:19,615 - liquidity_analyzer - INFO - Saved market data to data/market_data_btcusdt.json
2024-11-29 16:09:19,643 - liquidity_analyzer - INFO - Saved market data to data/market_data_btcusdt.json
2024-11-29 16:09:19,673 - liquidity_analyzer - INFO - Saved market data to data/market_data_btcusdt.json
2024-11-29 16:09:19,705 - liquidity_analyzer - INFO - Saved market data to data/market_data_btcusdt.json
2024-11-29 16:09:19,734 - liquidity_analyzer - INFO - Saved market data to data/market_data_btcusdt.json
2024-11-29 16:09:19,763 - liquidity_analyzer - INFO - Saved market data to data/market_data_btcusdt.json
2024-11-29 16:09:19,793 - liquidity_analyzer - INFO - Saved market data to data/market_data_btcusdt.json
2024-11-29 16:09:19,825 - liquidity_analyzer - INFO - Saved market data to data/market_data_btcusdt.json
2024-11-29 16:09:19,858 - liquidity_analyzer - INFO - Saved market data to data/market_data_btcusdt.json
2024-11-29 16:09:19,888 - liquidity_analyzer - INFO - Saved market data to data/market_data_btcusdt.json
2024-11-29 16:09:19,918 - liquidity_analyzer - INFO - Saved market data to data/market_data_btcusdt.json
2024-11-29 16:09:19,970 - liquidity_analyzer - INFO - Saved market data to data/market_data_btcusdt.json
2024-11-29 16:09:20,025 - liquidity_analyzer - INFO - Saved market data to data/market_data_btcusdt.json
2024-11-29 16:09:20,088 - liquidity_analyzer - INFO - Saved market data to data/market_data_btcusdt.json
2024-11-29 16:09:20,160 - liquidity_analyzer - INFO - Saved market data to data/market_data_btcusdt.json
2024-11-29 16:09:20,219 - liquidity_analyzer - INFO - Saved market data to data/market_data_btcusdt.json
2024-11-29 16:09:20,253 - liquidity_analyzer - INFO - Saved market data to data/market_data_btcusdt.json
2024-11-29 16:09:20,286 - liquidity_analyzer - INFO - Saved market data to data/market_data_btcusdt.json
2024-11-29 16:09:20,316 - liquidity_analyzer - INFO - Saved market data to data/market_data_btcusdt.json
2024-11-29 16:09:20,345 - liquidity_analyzer - INFO - Saved market data to data/market_data_btcusdt.json
2024-11-29 16:09:20,376 - liquidity_analyzer - INFO - Saved market data to data/market_data_btcusdt.json
2024-11-29 16:09:20,408 - liquidity_analyzer - INFO - Saved market data to data/market_data_btcusdt.json
2024-11-29 16:09:20,437 - liquidity_analyzer - INFO - Saved market data to data/market_data_btcusdt.json
2024-11-29 16:09:20,466 - liquidity_analyzer - INFO - Saved market data to data/market_data_btcusdt.json
2024-11-29 16:09:20,516 - liquidity_analyzer - INFO - Saved market data to data/market_data_btcusdt.json
2024-11-29 16:09:20,546 - liquidity_analyzer - INFO - Saved market data to data/market_data_btcusdt.json
2024-11-29 16:09:20,574 - liquidity_analyzer - INFO - Saved market data to data/market_data_btcusdt.json
2024-11-29 16:09:20,603 - liquidity_analyzer - INFO - Saved market data to data/market_data_btcusdt.json
2024-11-29 16:09:20,631 - liquidity_analyzer - INFO - Saved market data to data/market_data_btcusdt.json
2024-11-29 16:09:20,660 - liquidity_analyzer - INFO - Saved market data to data/market_data_btcusdt.json
2024-11-29 16:09:20,689 - liquidity_analyzer - INFO - Saved market data to data/market_data_btcusdt.json
2024-11-29 16:09:20,719 - liquidity_analyzer - INFO - Saved market data to data/market_data_btcusdt.json
2024-11-29 16:09:20,747 - liquidity_analyzer - INFO - Saved market data to data/market_data_btcusdt.json
2024-11-29 16:09:20,775 - liquidity_analyzer - INFO - Saved market data to data/market_data_btcusdt.json
2024-11-29 16:09:20,803 - liquidity_analyzer - INFO - Saved market data to data/market_data_btcusdt.json
2024-11-29 16:09:20,831 - liquidity_analyzer - INFO - Saved market data to data/market_data_btcusdt.json
2024-11-29 16:09:20,860 - liquidity_analyzer - INFO - Saved market data to data/market_data_btcusdt.json
2024-11-29 16:09:20,889 - liquidity_analyzer - INFO - Saved market data to data/market_data_btcusdt.json
2024-11-29 16:09:20,917 - liquidity_analyzer - INFO - Saved market data to data/market_data_btcusdt.json
2024-11-29 16:09:20,951 - liquidity_analyzer - INFO - Saved market data to data/market_data_btcusdt.json
2024-11-29 16:09:21,122 - liquidity_analyzer - INFO - Saved market data to data/market_data_btcusdt.json
2024-11-29 16:09:21,304 - liquidity_analyzer - INFO - Saved market data to data/market_data_btcusdt.json
2024-11-29 16:09:21,412 - liquidity_analyzer - INFO - Saved market data to data/market_data_btcusdt.json
2024-11-29 16:09:21,454 - liquidity_analyzer - INFO - Saved market data to data/market_data_btcusdt.json
2024-11-29 16:09:21,512 - liquidity_analyzer - INFO - Saved market data to data/market_data_btcusdt.json
2024-11-29 16:09:21,574 - liquidity_analyzer - INFO - Saved market data to data/market_data_btcusdt.json
2024-11-29 16:09:21,726 - liquidity_analyzer - INFO - Saved market data to data/market_data_btcusdt.json
2024-11-29 16:09:21,762 - liquidity_analyzer - INFO - Saved market data to data/market_data_btcusdt.json
2024-11-29 16:09:21,822 - liquidity_analyzer - INFO - Saved market data to data/market_data_btcusdt.json
2024-11-29 16:09:21,867 - liquidity_analyzer - INFO - Saved market data to data/market_data_btcusdt.json
2024-11-29 16:09:21,902 - liquidity_analyzer - INFO - Saved market data to data/market_data_btcusdt.json
2024-11-29 16:09:21,944 - liquidity_analyzer - INFO - Saved market data to data/market_data_btcusdt.json
2024-11-29 16:09:21,980 - liquidity_analyzer - INFO - Saved market data to data/market_data_btcusdt.json
2024-11-29 16:09:22,013 - liquidity_analyzer - INFO - Saved market data to data/market_data_btcusdt.json
2024-11-29 16:09:22,051 - liquidity_analyzer - INFO - Saved market data to data/market_data_btcusdt.json
2024-11-29 16:09:22,080 - liquidity_analyzer - INFO - Saved market data to data/market_data_btcusdt.json
2024-11-29 16:09:22,110 - liquidity_analyzer - INFO - Saved market data to data/market_data_btcusdt.json
2024-11-29 16:09:22,139 - liquidity_analyzer - INFO - Saved market data to data/market_data_btcusdt.json
2024-11-29 16:09:22,171 - liquidity_analyzer - INFO - Saved market data to data/market_data_btcusdt.json
2024-11-29 16:09:22,200 - liquidity_analyzer - INFO - Saved market data to data/market_data_btcusdt.json
2024-11-29 16:09:22,228 - liquidity_analyzer - INFO - Saved market data to data/market_data_btcusdt.json
2024-11-29 16:09:22,257 - liquidity_analyzer - INFO - Saved market data to data/market_data_btcusdt.json
2024-11-29 16:09:22,304 - liquidity_analyzer - INFO - Saved market data to data/market_data_btcusdt.json
2024-11-29 16:09:22,335 - liquidity_analyzer - INFO - Saved market data to data/market_data_btcusdt.json
2024-11-29 16:09:22,363 - liquidity_analyzer - INFO - Saved market data to data/market_data_btcusdt.json
2024-11-29 16:09:22,392 - liquidity_analyzer - INFO - Saved market data to data/market_data_btcusdt.json
2024-11-29 16:09:22,421 - liquidity_analyzer - INFO - Saved market data to data/market_data_btcusdt.json
2024-11-29 16:09:22,451 - liquidity_analyzer - INFO - Saved market data to data/market_data_btcusdt.json
2024-11-29 16:09:22,480 - liquidity_analyzer - INFO - Saved market data to data/market_data_btcusdt.json
2024-11-29 16:09:22,509 - liquidity_analyzer - INFO - Saved market data to data/market_data_btcusdt.json
2024-11-29 16:09:22,538 - liquidity_analyzer - INFO - Saved market data to data/market_data_btcusdt.json
2024-11-29 16:09:22,566 - liquidity_analyzer - INFO - Saved market data to data/market_data_btcusdt.json
2024-11-29 16:09:22,594 - liquidity_analyzer - INFO - Saved market data to data/market_data_btcusdt.json
2024-11-29 16:09:22,623 - liquidity_analyzer - INFO - Saved market data to data/market_data_btcusdt.json
2024-11-29 16:09:22,651 - liquidity_analyzer - INFO - Saved market data to data/market_data_btcusdt.json
2024-11-29 16:09:52,653 - liquidity_analyzer - WARNING - WebSocket message timeout, reconnecting...
2024-11-29 16:09:52,654 - liquidity_analyzer - ERROR - Stream error: 'ClientConnection' object has no attribute 'fail_connection'
2024-11-29 16:09:52,654 - liquidity_analyzer - INFO - Reconnecting to WebSocket stream...
2024-11-29 16:09:57,656 - liquidity_analyzer - INFO - Loading 24-hour trade history for BTCUSDT
2024-11-29 16:09:57,791 - liquidity_analyzer - INFO - Retrieved 1000 valid trades within the last 24 hours
2024-11-29 16:09:57,800 - liquidity_analyzer - INFO - Successfully processed 1000 historical trades
2024-11-29 16:09:57,828 - liquidity_analyzer - INFO - Historical data verification passed
2024-11-29 16:09:58,590 - liquidity_analyzer - INFO - Saved market data to data/market_data_btcusdt.json
2024-11-29 16:09:58,628 - liquidity_analyzer - INFO - Saved market data to data/market_data_btcusdt.json
2024-11-29 16:09:58,662 - liquidity_analyzer - INFO - Saved market data to data/market_data_btcusdt.json
2024-11-29 16:09:58,697 - liquidity_analyzer - INFO - Saved market data to data/market_data_btcusdt.json
2024-11-29 16:09:58,735 - liquidity_analyzer - INFO - Saved market data to data/market_data_btcusdt.json
2024-11-29 16:09:58,781 - liquidity_analyzer - INFO - Saved market data to data/market_data_btcusdt.json
2024-11-29 16:09:58,963 - liquidity_analyzer - INFO - Saved market data to data/market_data_btcusdt.json
2024-11-29 16:09:59,109 - liquidity_analyzer - INFO - Saved market data to data/market_data_btcusdt.json
2024-11-29 16:09:59,249 - liquidity_analyzer - INFO - Saved market data to data/market_data_btcusdt.json
2024-11-29 16:09:59,746 - liquidity_analyzer - INFO - Saved market data to data/market_data_btcusdt.json
2024-11-29 16:10:00,201 - liquidity_analyzer - INFO - Saved market data to data/market_data_btcusdt.json
2024-11-29 16:10:00,331 - liquidity_analyzer - INFO - Saved market data to data/market_data_btcusdt.json
2024-11-29 16:10:00,416 - liquidity_analyzer - INFO - Saved market data to data/market_data_btcusdt.json
2024-11-29 16:10:00,493 - liquidity_analyzer - INFO - Saved market data to data/market_data_btcusdt.json
2024-11-29 16:10:00,570 - liquidity_analyzer - INFO - Saved market data to data/market_data_btcusdt.json
2024-11-29 16:10:00,616 - liquidity_analyzer - INFO - Saved market data to data/market_data_btcusdt.json
2024-11-29 16:10:00,659 - liquidity_analyzer - INFO - Saved market data to data/market_data_btcusdt.json
2024-11-29 16:10:00,701 - liquidity_analyzer - INFO - Saved market data to data/market_data_btcusdt.json
2024-11-29 16:10:00,746 - liquidity_analyzer - INFO - Saved market data to data/market_data_btcusdt.json
2024-11-29 16:10:00,802 - liquidity_analyzer - INFO - Saved market data to data/market_data_btcusdt.json
2024-11-29 16:10:00,848 - liquidity_analyzer - INFO - Saved market data to data/market_data_btcusdt.json
2024-11-29 16:10:00,893 - liquidity_analyzer - INFO - Saved market data to data/market_data_btcusdt.json
2024-11-29 16:10:00,937 - liquidity_analyzer - INFO - Saved market data to data/market_data_btcusdt.json
2024-11-29 16:10:00,978 - liquidity_analyzer - INFO - Saved market data to data/market_data_btcusdt.json
2024-11-29 16:10:01,016 - liquidity_analyzer - INFO - Saved market data to data/market_data_btcusdt.json
2024-11-29 16:10:01,064 - liquidity_analyzer - INFO - Saved market data to data/market_data_btcusdt.json
2024-11-29 16:10:01,105 - liquidity_analyzer - INFO - Saved market data to data/market_data_btcusdt.json
2024-11-29 16:10:01,147 - liquidity_analyzer - INFO - Saved market data to data/market_data_btcusdt.json
2024-11-29 16:10:01,190 - liquidity_analyzer - INFO - Saved market data to data/market_data_btcusdt.json
2024-11-29 16:10:01,236 - liquidity_analyzer - INFO - Saved market data to data/market_data_btcusdt.json
2024-11-29 16:10:01,279 - liquidity_analyzer - INFO - Saved market data to data/market_data_btcusdt.json
2024-11-29 16:10:01,320 - liquidity_analyzer - INFO - Saved market data to data/market_data_btcusdt.json
2024-11-29 16:10:01,361 - liquidity_analyzer - INFO - Saved market data to data/market_data_btcusdt.json
2024-11-29 16:10:01,400 - liquidity_analyzer - INFO - Saved market data to data/market_data_btcusdt.json
2024-11-29 16:10:01,440 - liquidity_analyzer - INFO - Saved market data to data/market_data_btcusdt.json
2024-11-29 16:10:01,478 - liquidity_analyzer - INFO - Saved market data to data/market_data_btcusdt.json
2024-11-29 16:10:01,517 - liquidity_analyzer - INFO - Saved market data to data/market_data_btcusdt.json
2024-11-29 16:10:01,568 - liquidity_analyzer - INFO - Saved market data to data/market_data_btcusdt.json
2024-11-29 16:10:01,609 - liquidity_analyzer - INFO - Saved market data to data/market_data_btcusdt.json
2024-11-29 16:10:01,647 - liquidity_analyzer - INFO - Saved market data to data/market_data_btcusdt.json
2024-11-29 16:10:01,688 - liquidity_analyzer - INFO - Saved market data to data/market_data_btcusdt.json
2024-11-29 16:10:01,726 - liquidity_analyzer - INFO - Saved market data to data/market_data_btcusdt.json
2024-11-29 16:10:01,767 - liquidity_analyzer - INFO - Saved market data to data/market_data_btcusdt.json
2024-11-29 16:10:01,807 - liquidity_analyzer - INFO - Saved market data to data/market_data_btcusdt.json
2024-11-29 16:10:01,855 - liquidity_analyzer - INFO - Saved market data to data/market_data_btcusdt.json
2024-11-29 16:10:01,964 - liquidity_analyzer - INFO - Saved market data to data/market_data_btcusdt.json
2024-11-29 16:10:02,004 - liquidity_analyzer - INFO - Saved market data to data/market_data_btcusdt.json
2024-11-29 16:10:02,065 - liquidity_analyzer - INFO - Saved market data to data/market_data_btcusdt.json
2024-11-29 16:10:02,151 - liquidity_analyzer - INFO - Saved market data to data/market_data_btcusdt.json
2024-11-29 16:10:02,244 - liquidity_analyzer - INFO - Saved market data to data/market_data_btcusdt.json
2024-11-29 16:10:02,424 - liquidity_analyzer - INFO - Saved market data to data/market_data_btcusdt.json
2024-11-29 16:10:02,467 - liquidity_analyzer - INFO - Saved market data to data/market_data_btcusdt.json
2024-11-29 16:10:02,521 - liquidity_analyzer - INFO - Saved market data to data/market_data_btcusdt.json
2024-11-29 16:10:02,600 - liquidity_analyzer - INFO - Saved market data to data/market_data_btcusdt.json
2024-11-29 16:10:02,657 - liquidity_analyzer - INFO - Saved market data to data/market_data_btcusdt.json
2024-11-29 16:10:02,701 - liquidity_analyzer - INFO - Saved market data to data/market_data_btcusdt.json
2024-11-29 16:10:02,791 - liquidity_analyzer - INFO - Saved market data to data/market_data_btcusdt.json
2024-11-29 16:10:02,840 - liquidity_analyzer - INFO - Saved market data to data/market_data_btcusdt.json
2024-11-29 16:10:02,900 - liquidity_analyzer - INFO - Saved market data to data/market_data_btcusdt.json
2024-11-29 16:10:02,981 - liquidity_analyzer - INFO - Saved market data to data/market_data_btcusdt.json
2024-11-29 16:10:03,046 - liquidity_analyzer - INFO - Saved market data to data/market_data_btcusdt.json
2024-11-29 16:10:03,084 - liquidity_analyzer - INFO - Saved market data to data/market_data_btcusdt.json
2024-11-29 16:10:03,147 - liquidity_analyzer - INFO - Saved market data to data/market_data_btcusdt.json
2024-11-29 16:10:03,196 - liquidity_analyzer - INFO - Saved market data to data/market_data_btcusdt.json
2024-11-29 16:10:03,288 - liquidity_analyzer - INFO - Saved market data to data/market_data_btcusdt.json
2024-11-29 16:10:03,333 - liquidity_analyzer - INFO - Saved market data to data/market_data_btcusdt.json
2024-11-29 16:10:03,497 - liquidity_analyzer - INFO - Saved market data to data/market_data_btcusdt.json
2024-11-29 16:10:03,584 - liquidity_analyzer - INFO - Saved market data to data/market_data_btcusdt.json
2024-11-29 16:10:03,665 - liquidity_analyzer - INFO - Saved market data to data/market_data_btcusdt.json
2024-11-29 16:10:03,814 - liquidity_analyzer - INFO - Saved market data to data/market_data_btcusdt.json
2024-11-29 16:10:03,884 - liquidity_analyzer - INFO - Saved market data to data/market_data_btcusdt.json
2024-11-29 16:10:03,981 - liquidity_analyzer - INFO - Saved market data to data/market_data_btcusdt.json
2024-11-29 16:10:04,209 - liquidity_analyzer - INFO - Saved market data to data/market_data_btcusdt.json
2024-11-29 16:10:04,493 - liquidity_analyzer - INFO - Saved market data to data/market_data_btcusdt.json
2024-11-29 16:10:04,553 - liquidity_analyzer - INFO - Saved market data to data/market_data_btcusdt.json
2024-11-29 16:10:04,619 - liquidity_analyzer - INFO - Saved market data to data/market_data_btcusdt.json
2024-11-29 16:10:04,713 - liquidity_analyzer - INFO - Saved market data to data/market_data_btcusdt.json
2024-11-29 16:10:04,816 - liquidity_analyzer - INFO - Saved market data to data/market_data_btcusdt.json
2024-11-29 16:10:04,971 - liquidity_analyzer - INFO - Saved market data to data/market_data_btcusdt.json
2024-11-29 16:10:05,359 - liquidity_analyzer - INFO - Saved market data to data/market_data_btcusdt.json
2024-11-29 16:10:05,464 - liquidity_analyzer - INFO - Saved market data to data/market_data_btcusdt.json
2024-11-29 16:10:06,341 - liquidity_analyzer - INFO - Saved market data to data/market_data_btcusdt.json
2024-11-29 16:10:07,176 - liquidity_analyzer - INFO - Saved market data to data/market_data_btcusdt.json
2024-11-29 16:10:07,804 - liquidity_analyzer - INFO - Saved market data to data/market_data_btcusdt.json
2024-11-29 16:10:08,130 - liquidity_analyzer - INFO - Saved market data to data/market_data_btcusdt.json
2024-11-29 16:10:08,835 - liquidity_analyzer - INFO - Saved market data to data/market_data_btcusdt.json
2024-11-29 16:10:09,748 - liquidity_analyzer - INFO - Saved market data to data/market_data_btcusdt.json
2024-11-29 16:10:10,132 - liquidity_analyzer - INFO - Saved market data to data/market_data_btcusdt.json
2024-11-29 16:10:10,759 - liquidity_analyzer - INFO - Saved market data to data/market_data_btcusdt.json
2024-11-29 16:10:11,418 - liquidity_analyzer - INFO - Saved market data to data/market_data_btcusdt.json
2024-11-29 16:10:11,977 - liquidity_analyzer - INFO - Saved market data to data/market_data_btcusdt.json
2024-11-29 16:10:12,047 - liquidity_analyzer - INFO - Saved market data to data/market_data_btcusdt.json
2024-11-29 16:10:12,197 - liquidity_analyzer - INFO - Saved market data to data/market_data_btcusdt.json
2024-11-29 16:10:12,735 - liquidity_analyzer - INFO - Saved market data to data/market_data_btcusdt.json
2024-11-29 16:10:12,881 - liquidity_analyzer - INFO - Saved market data to data/market_data_btcusdt.json
2024-11-29 16:10:13,124 - liquidity_analyzer - INFO - Saved market data to data/market_data_btcusdt.json
2024-11-29 16:10:13,220 - liquidity_analyzer - INFO - Saved market data to data/market_data_btcusdt.json
2024-11-29 16:10:13,664 - liquidity_analyzer - INFO - Saved market data to data/market_data_btcusdt.json
2024-11-29 16:10:14,014 - liquidity_analyzer - INFO - Saved market data to data/market_data_btcusdt.json
2024-11-29 16:10:14,250 - liquidity_analyzer - INFO - Processed 100 messages
2024-11-29 16:10:14,449 - liquidity_analyzer - INFO - Saved market data to data/market_data_btcusdt.json
2024-11-29 16:10:14,811 - liquidity_analyzer - INFO - Saved market data to data/market_data_btcusdt.json
2024-11-29 16:10:15,266 - liquidity_analyzer - INFO - Saved market data to data/market_data_btcusdt.json
2024-11-29 16:10:15,707 - liquidity_analyzer - INFO - Saved market data to data/market_data_btcusdt.json
2024-11-29 16:10:17,056 - liquidity_analyzer - INFO - Saved market data to data/market_data_btcusdt.json
2024-11-29 16:10:17,997 - liquidity_analyzer - INFO - Saved market data to data/market_data_btcusdt.json
2024-11-29 16:10:18,471 - liquidity_analyzer - INFO - Saved market data to data/market_data_btcusdt.json
2024-11-29 16:10:19,192 - liquidity_analyzer - INFO - Saved market data to data/market_data_btcusdt.json
2024-11-29 16:10:19,923 - liquidity_analyzer - INFO - Saved market data to data/market_data_btcusdt.json
2024-11-29 16:10:20,219 - liquidity_analyzer - INFO - Saved market data to data/market_data_btcusdt.json
2024-11-29 16:10:20,814 - liquidity_analyzer - INFO - Saved market data to data/market_data_btcusdt.json
2024-11-29 16:10:21,285 - liquidity_analyzer - INFO - Saved market data to data/market_data_btcusdt.json
2024-11-29 16:10:21,870 - liquidity_analyzer - INFO - Saved market data to data/market_data_btcusdt.json
2024-11-29 16:10:22,338 - liquidity_analyzer - INFO - Saved market data to data/market_data_btcusdt.json
2024-11-29 16:10:22,888 - liquidity_analyzer - INFO - Saved market data to data/market_data_btcusdt.json
2024-11-29 16:10:22,960 - liquidity_analyzer - INFO - Saved market data to data/market_data_btcusdt.json
2024-11-29 16:10:23,737 - liquidity_analyzer - INFO - Saved market data to data/market_data_btcusdt.json
2024-11-29 16:10:24,255 - liquidity_analyzer - INFO - Saved market data to data/market_data_btcusdt.json
2024-11-29 16:10:24,528 - liquidity_analyzer - INFO - Saved market data to data/market_data_btcusdt.json
2024-11-29 16:10:24,877 - liquidity_analyzer - INFO - Saved market data to data/market_data_btcusdt.json
2024-11-29 16:10:25,290 - liquidity_analyzer - INFO - Saved market data to data/market_data_btcusdt.json
2024-11-29 16:10:55,359 - liquidity_analyzer - WARNING - WebSocket message timeout, reconnecting...
2024-11-29 16:10:55,360 - liquidity_analyzer - ERROR - Stream error: 'ClientConnection' object has no attribute 'fail_connection'
2024-11-29 16:10:55,360 - liquidity_analyzer - INFO - Reconnecting to WebSocket stream...
2024-11-29 16:11:00,362 - liquidity_analyzer - INFO - Loading 24-hour trade history for BTCUSDT
2024-11-29 16:11:00,605 - liquidity_analyzer - INFO - Retrieved 915 valid trades within the last 24 hours
2024-11-29 16:11:00,608 - liquidity_analyzer - INFO - Successfully processed 915 historical trades
2024-11-29 16:11:00,627 - liquidity_analyzer - INFO - Historical data verification passed
2024-11-29 16:11:01,397 - liquidity_analyzer - INFO - Saved market data to data/market_data_btcusdt.json
2024-11-29 16:11:01,492 - liquidity_analyzer - INFO - Saved market data to data/market_data_btcusdt.json
2024-11-29 16:11:01,581 - liquidity_analyzer - INFO - Saved market data to data/market_data_btcusdt.json
2024-11-29 16:11:01,836 - liquidity_analyzer - INFO - Saved market data to data/market_data_btcusdt.json
2024-11-29 16:11:02,201 - liquidity_analyzer - INFO - Saved market data to data/market_data_btcusdt.json
2024-11-29 16:11:02,415 - liquidity_analyzer - INFO - Saved market data to data/market_data_btcusdt.json
2024-11-29 16:11:02,545 - liquidity_analyzer - INFO - Saved market data to data/market_data_btcusdt.json
2024-11-29 16:11:02,745 - liquidity_analyzer - INFO - Saved market data to data/market_data_btcusdt.json
2024-11-29 16:11:02,940 - liquidity_analyzer - INFO - Saved market data to data/market_data_btcusdt.json
2024-11-29 16:11:03,069 - liquidity_analyzer - INFO - Saved market data to data/market_data_btcusdt.json
2024-11-29 16:11:03,195 - liquidity_analyzer - INFO - Saved market data to data/market_data_btcusdt.json
2024-11-29 16:11:03,282 - liquidity_analyzer - INFO - Saved market data to data/market_data_btcusdt.json
2024-11-29 16:11:03,501 - liquidity_analyzer - INFO - Saved market data to data/market_data_btcusdt.json
2024-11-29 16:11:03,720 - liquidity_analyzer - INFO - Saved market data to data/market_data_btcusdt.json
2024-11-29 16:11:03,863 - liquidity_analyzer - INFO - Saved market data to data/market_data_btcusdt.json
2024-11-29 16:11:04,063 - liquidity_analyzer - INFO - Saved market data to data/market_data_btcusdt.json
2024-11-29 16:11:04,152 - liquidity_analyzer - INFO - Saved market data to data/market_data_btcusdt.json
2024-11-29 16:11:04,247 - liquidity_analyzer - INFO - Saved market data to data/market_data_btcusdt.json
2024-11-29 16:11:04,309 - liquidity_analyzer - INFO - Saved market data to data/market_data_btcusdt.json
2024-11-29 16:11:04,383 - liquidity_analyzer - INFO - Saved market data to data/market_data_btcusdt.json
2024-11-29 16:11:04,444 - liquidity_analyzer - INFO - Saved market data to data/market_data_btcusdt.json
2024-11-29 16:11:04,521 - liquidity_analyzer - INFO - Saved market data to data/market_data_btcusdt.json
2024-11-29 16:11:04,579 - liquidity_analyzer - INFO - Saved market data to data/market_data_btcusdt.json
2024-11-29 16:11:04,734 - liquidity_analyzer - INFO - Saved market data to data/market_data_btcusdt.json
2024-11-29 16:11:04,896 - liquidity_analyzer - INFO - Saved market data to data/market_data_btcusdt.json
2024-11-29 16:11:05,152 - liquidity_analyzer - INFO - Saved market data to data/market_data_btcusdt.json
2024-11-29 16:11:05,362 - liquidity_analyzer - INFO - Saved market data to data/market_data_btcusdt.json
2024-11-29 16:11:05,478 - liquidity_analyzer - INFO - Saved market data to data/market_data_btcusdt.json
2024-11-29 16:11:05,564 - liquidity_analyzer - INFO - Saved market data to data/market_data_btcusdt.json
2024-11-29 16:11:05,808 - liquidity_analyzer - INFO - Saved market data to data/market_data_btcusdt.json
2024-11-29 16:11:05,960 - liquidity_analyzer - INFO - Saved market data to data/market_data_btcusdt.json
2024-11-29 16:11:06,131 - liquidity_analyzer - INFO - Saved market data to data/market_data_btcusdt.json
2024-11-29 16:11:06,325 - liquidity_analyzer - INFO - Saved market data to data/market_data_btcusdt.json
2024-11-29 16:11:06,753 - liquidity_analyzer - INFO - Saved market data to data/market_data_btcusdt.json
2024-11-29 16:11:06,849 - liquidity_analyzer - INFO - Saved market data to data/market_data_btcusdt.json
2024-11-29 16:11:06,953 - liquidity_analyzer - INFO - Saved market data to data/market_data_btcusdt.json
2024-11-29 16:11:07,339 - liquidity_analyzer - INFO - Saved market data to data/market_data_btcusdt.json
2024-11-29 16:11:07,497 - liquidity_analyzer - INFO - Saved market data to data/market_data_btcusdt.json
2024-11-29 16:11:07,661 - liquidity_analyzer - INFO - Saved market data to data/market_data_btcusdt.json
2024-11-29 16:11:07,955 - liquidity_analyzer - INFO - Saved market data to data/market_data_btcusdt.json
2024-11-29 16:11:08,121 - liquidity_analyzer - INFO - Saved market data to data/market_data_btcusdt.json
2024-11-29 16:11:08,450 - liquidity_analyzer - INFO - Saved market data to data/market_data_btcusdt.json
2024-11-29 16:11:08,838 - liquidity_analyzer - INFO - Saved market data to data/market_data_btcusdt.json
2024-11-29 16:11:08,936 - liquidity_analyzer - INFO - Saved market data to data/market_data_btcusdt.json
2024-11-29 16:11:09,042 - liquidity_analyzer - INFO - Saved market data to data/market_data_btcusdt.json
2024-11-29 16:11:09,563 - liquidity_analyzer - INFO - Saved market data to data/market_data_btcusdt.json
2024-11-29 16:11:09,752 - liquidity_analyzer - INFO - Saved market data to data/market_data_btcusdt.json
2024-11-29 16:11:10,156 - liquidity_analyzer - INFO - Saved market data to data/market_data_btcusdt.json
2024-11-29 16:11:10,446 - liquidity_analyzer - INFO - Saved market data to data/market_data_btcusdt.json
2024-11-29 16:11:10,617 - liquidity_analyzer - INFO - Saved market data to data/market_data_btcusdt.json
2024-11-29 16:11:10,971 - liquidity_analyzer - INFO - Saved market data to data/market_data_btcusdt.json
2024-11-29 16:11:11,120 - liquidity_analyzer - INFO - Saved market data to data/market_data_btcusdt.json
2024-11-29 16:11:11,315 - liquidity_analyzer - INFO - Saved market data to data/market_data_btcusdt.json
2024-11-29 16:11:11,515 - liquidity_analyzer - INFO - Saved market data to data/market_data_btcusdt.json
2024-11-29 16:11:11,980 - liquidity_analyzer - INFO - Saved market data to data/market_data_btcusdt.json
2024-11-29 16:11:12,602 - liquidity_analyzer - INFO - Saved market data to data/market_data_btcusdt.json
2024-11-29 16:11:13,045 - liquidity_analyzer - INFO - Saved market data to data/market_data_btcusdt.json
2024-11-29 16:11:13,804 - liquidity_analyzer - INFO - Saved market data to data/market_data_btcusdt.json
2024-11-29 16:11:14,074 - liquidity_analyzer - INFO - Saved market data to data/market_data_btcusdt.json
2024-11-29 16:11:14,583 - liquidity_analyzer - INFO - Saved market data to data/market_data_btcusdt.json
2024-11-29 16:11:14,900 - liquidity_analyzer - INFO - Saved market data to data/market_data_btcusdt.json
2024-11-29 16:11:15,813 - liquidity_analyzer - INFO - Saved market data to data/market_data_btcusdt.json
2024-11-29 16:11:16,394 - liquidity_analyzer - INFO - Saved market data to data/market_data_btcusdt.json
2024-11-29 16:11:16,956 - liquidity_analyzer - INFO - Saved market data to data/market_data_btcusdt.json
2024-11-29 16:11:17,143 - liquidity_analyzer - INFO - Saved market data to data/market_data_btcusdt.json
2024-11-29 16:11:17,781 - liquidity_analyzer - INFO - Saved market data to data/market_data_btcusdt.json
2024-11-29 16:11:18,134 - liquidity_analyzer - INFO - Saved market data to data/market_data_btcusdt.json
2024-11-29 16:11:19,253 - liquidity_analyzer - INFO - Saved market data to data/market_data_btcusdt.json
2024-11-29 16:11:20,206 - liquidity_analyzer - INFO - Saved market data to data/market_data_btcusdt.json
2024-11-29 16:11:20,875 - liquidity_analyzer - INFO - Saved market data to data/market_data_btcusdt.json
2024-11-29 16:11:22,246 - liquidity_analyzer - INFO - Saved market data to data/market_data_btcusdt.json
2024-11-29 16:11:23,560 - liquidity_analyzer - INFO - Saved market data to data/market_data_btcusdt.json
2024-11-29 16:11:24,213 - liquidity_analyzer - INFO - Saved market data to data/market_data_btcusdt.json
2024-11-29 16:11:25,150 - liquidity_analyzer - INFO - Saved market data to data/market_data_btcusdt.json
2024-11-29 16:11:25,788 - liquidity_analyzer - INFO - Saved market data to data/market_data_btcusdt.json
2024-11-29 16:11:26,715 - liquidity_analyzer - INFO - Saved market data to data/market_data_btcusdt.json
2024-11-29 16:11:27,212 - liquidity_analyzer - INFO - Saved market data to data/market_data_btcusdt.json
2024-11-29 16:11:27,618 - liquidity_analyzer - INFO - Saved market data to data/market_data_btcusdt.json
2024-11-29 16:11:28,198 - liquidity_analyzer - INFO - Saved market data to data/market_data_btcusdt.json
2024-11-29 16:11:28,826 - liquidity_analyzer - INFO - Saved market data to data/market_data_btcusdt.json
2024-11-29 16:11:29,626 - liquidity_analyzer - INFO - Saved market data to data/market_data_btcusdt.json
2024-11-29 16:11:30,479 - liquidity_analyzer - INFO - Saved market data to data/market_data_btcusdt.json
2024-11-29 16:11:30,896 - liquidity_analyzer - INFO - Saved market data to data/market_data_btcusdt.json
2024-11-29 16:11:31,836 - liquidity_analyzer - INFO - Saved market data to data/market_data_btcusdt.json
2024-11-29 16:11:32,268 - liquidity_analyzer - INFO - Saved market data to data/market_data_btcusdt.json
2024-11-29 16:11:33,047 - liquidity_analyzer - INFO - Saved market data to data/market_data_btcusdt.json
2024-11-29 16:11:33,624 - liquidity_analyzer - INFO - Saved market data to data/market_data_btcusdt.json
2024-11-29 16:11:34,257 - liquidity_analyzer - INFO - Saved market data to data/market_data_btcusdt.json
2024-11-29 16:11:34,777 - liquidity_analyzer - INFO - Saved market data to data/market_data_btcusdt.json
2024-11-29 16:11:35,620 - liquidity_analyzer - INFO - Saved market data to data/market_data_btcusdt.json
2024-11-29 16:11:36,731 - liquidity_analyzer - INFO - Saved market data to data/market_data_btcusdt.json
2024-11-29 16:11:37,931 - liquidity_analyzer - INFO - Saved market data to data/market_data_btcusdt.json
2024-11-29 16:11:38,763 - liquidity_analyzer - INFO - Saved market data to data/market_data_btcusdt.json
2024-11-29 16:11:39,809 - liquidity_analyzer - INFO - Saved market data to data/market_data_btcusdt.json
2024-11-29 16:11:40,427 - liquidity_analyzer - INFO - Saved market data to data/market_data_btcusdt.json
2024-11-29 16:11:40,997 - liquidity_analyzer - INFO - Saved market data to data/market_data_btcusdt.json
2024-11-29 16:11:42,075 - liquidity_analyzer - INFO - Saved market data to data/market_data_btcusdt.json
2024-11-29 16:11:43,083 - liquidity_analyzer - INFO - Saved market data to data/market_data_btcusdt.json
2024-11-29 16:11:44,079 - liquidity_analyzer - INFO - Saved market data to data/market_data_btcusdt.json
2024-11-29 16:11:44,109 - liquidity_analyzer - INFO - Processed 100 messages
2024-11-29 16:11:44,640 - liquidity_analyzer - INFO - Saved market data to data/market_data_btcusdt.json
2024-11-29 16:11:45,392 - liquidity_analyzer - INFO - Saved market data to data/market_data_btcusdt.json
2024-11-29 16:11:46,125 - liquidity_analyzer - INFO - Saved market data to data/market_data_btcusdt.json
2024-11-29 16:11:46,824 - liquidity_analyzer - INFO - Saved market data to data/market_data_btcusdt.json
2024-11-29 16:11:47,444 - liquidity_analyzer - INFO - Saved market data to data/market_data_btcusdt.json
2024-11-29 16:11:47,976 - liquidity_analyzer - INFO - Saved market data to data/market_data_btcusdt.json
2024-11-29 16:11:48,436 - liquidity_analyzer - INFO - Saved market data to data/market_data_btcusdt.json
2024-11-29 16:11:48,739 - liquidity_analyzer - INFO - Saved market data to data/market_data_btcusdt.json
2024-11-29 16:11:49,637 - liquidity_analyzer - INFO - Saved market data to data/market_data_btcusdt.json
2024-11-29 16:11:50,325 - liquidity_analyzer - INFO - Saved market data to data/market_data_btcusdt.json
2024-11-29 16:11:50,479 - liquidity_analyzer - INFO - Saved market data to data/market_data_btcusdt.json
2024-11-29 16:11:51,206 - liquidity_analyzer - INFO - Saved market data to data/market_data_btcusdt.json
2024-11-29 16:11:51,727 - liquidity_analyzer - INFO - Saved market data to data/market_data_btcusdt.json
2024-11-29 16:11:52,268 - liquidity_analyzer - INFO - Saved market data to data/market_data_btcusdt.json
2024-11-29 16:11:52,698 - liquidity_analyzer - INFO - Saved market data to data/market_data_btcusdt.json
2024-11-29 16:11:53,158 - liquidity_analyzer - INFO - Saved market data to data/market_data_btcusdt.json
2024-11-29 16:11:53,266 - liquidity_analyzer - INFO - Saved market data to data/market_data_btcusdt.json
2024-11-29 16:11:53,774 - liquidity_analyzer - INFO - Saved market data to data/market_data_btcusdt.json
2024-11-29 16:11:54,485 - liquidity_analyzer - INFO - Saved market data to data/market_data_btcusdt.json
2024-11-29 16:11:55,043 - liquidity_analyzer - INFO - Saved market data to data/market_data_btcusdt.json
2024-11-29 16:11:55,649 - liquidity_analyzer - INFO - Saved market data to data/market_data_btcusdt.json
2024-11-29 16:11:56,425 - liquidity_analyzer - INFO - Saved market data to data/market_data_btcusdt.json
2024-11-29 16:11:56,901 - liquidity_analyzer - INFO - Saved market data to data/market_data_btcusdt.json
2024-11-29 16:11:57,183 - liquidity_analyzer - INFO - Saved market data to data/market_data_btcusdt.json
2024-11-29 16:11:57,435 - liquidity_analyzer - INFO - Saved market data to data/market_data_btcusdt.json
2024-11-29 16:11:57,548 - liquidity_analyzer - INFO - Saved market data to data/market_data_btcusdt.json
2024-11-29 16:11:58,005 - liquidity_analyzer - INFO - Saved market data to data/market_data_btcusdt.json
2024-11-29 16:11:58,337 - liquidity_analyzer - INFO - Saved market data to data/market_data_btcusdt.json
2024-11-29 16:11:58,792 - liquidity_analyzer - INFO - Saved market data to data/market_data_btcusdt.json
2024-11-29 16:11:58,937 - liquidity_analyzer - INFO - Saved market data to data/market_data_btcusdt.json
2024-11-29 16:11:59,813 - liquidity_analyzer - INFO - Saved market data to data/market_data_btcusdt.json
2024-11-29 16:12:00,508 - liquidity_analyzer - INFO - Saved market data to data/market_data_btcusdt.json
2024-11-29 16:12:01,111 - liquidity_analyzer - INFO - Saved market data to data/market_data_btcusdt.json
2024-11-29 16:12:01,417 - liquidity_analyzer - INFO - Saved market data to data/market_data_btcusdt.json
2024-11-29 16:12:01,557 - liquidity_analyzer - INFO - Saved market data to data/market_data_btcusdt.json
2024-11-29 16:12:01,994 - liquidity_analyzer - INFO - Saved market data to data/market_data_btcusdt.json
2024-11-29 16:12:02,211 - liquidity_analyzer - INFO - Saved market data to data/market_data_btcusdt.json
2024-11-29 16:12:02,331 - liquidity_analyzer - INFO - Saved market data to data/market_data_btcusdt.json
2024-11-29 16:12:02,465 - liquidity_analyzer - INFO - Saved market data to data/market_data_btcusdt.json
2024-11-29 16:12:02,889 - liquidity_analyzer - INFO - Saved market data to data/market_data_btcusdt.json
2024-11-29 16:12:03,241 - liquidity_analyzer - INFO - Saved market data to data/market_data_btcusdt.json
2024-11-29 16:12:03,870 - liquidity_analyzer - INFO - Saved market data to data/market_data_btcusdt.json
2024-11-29 16:12:04,349 - liquidity_analyzer - INFO - Saved market data to data/market_data_btcusdt.json
2024-11-29 16:12:05,088 - liquidity_analyzer - INFO - Saved market data to data/market_data_btcusdt.json
2024-11-29 16:12:05,477 - liquidity_analyzer - INFO - Saved market data to data/market_data_btcusdt.json
2024-11-29 16:12:05,654 - liquidity_analyzer - INFO - Saved market data to data/market_data_btcusdt.json
2024-11-29 16:12:05,888 - liquidity_analyzer - INFO - Saved market data to data/market_data_btcusdt.json
2024-11-29 16:12:06,355 - liquidity_analyzer - INFO - Saved market data to data/market_data_btcusdt.json
2024-11-29 16:12:06,870 - liquidity_analyzer - INFO - Saved market data to data/market_data_btcusdt.json
2024-11-29 16:12:07,315 - liquidity_analyzer - INFO - Saved market data to data/market_data_btcusdt.json
2024-11-29 16:12:07,895 - liquidity_analyzer - INFO - Saved market data to data/market_data_btcusdt.json
2024-11-29 16:12:08,430 - liquidity_analyzer - INFO - Saved market data to data/market_data_btcusdt.json
2024-11-29 16:12:09,821 - liquidity_analyzer - INFO - Saved market data to data/market_data_btcusdt.json
2024-11-29 16:12:11,123 - liquidity_analyzer - INFO - Saved market data to data/market_data_btcusdt.json
2024-11-29 16:12:12,053 - liquidity_analyzer - INFO - Saved market data to data/market_data_btcusdt.json
2024-11-29 16:12:12,245 - liquidity_analyzer - ERROR - Stream error: 'ClientConnection' object has no attribute 'fail_connection'
2024-11-29 16:12:12,245 - liquidity_analyzer - INFO - Reconnecting to WebSocket stream...
2024-11-29 16:12:12,260 - liquidity_analyzer - INFO - Shutting down gracefully...
