2024-11-29 03:22:53,106 - liquidity_analyzer - DEBUG - Initializing MarketDataAnalyzer
2024-11-29 03:22:53,308 - liquidity_analyzer - INFO - Successfully initialized Binance client
2024-11-29 03:22:53,308 - liquidity_analyzer - INFO - Starting market stream for btcusdt
2024-11-29 03:22:53,308 - liquidity_analyzer - INFO - Loading 24-hour trade history for BTCUSDT
2024-11-29 03:22:54,444 - liquidity_analyzer - INFO - Retrieved 1000 trades within the last 24 hours
2024-11-29 03:22:54,447 - liquidity_analyzer - INFO - Successfully processed 1000 historical trades
2024-11-29 03:22:54,448 - liquidity_analyzer - WARNING - Found outdated trade data: 2024-11-27 20:52:53 UTC
2024-11-29 03:22:54,448 - liquidity_analyzer - ERROR - Historical data verification failed
2024-11-29 03:22:59,449 - liquidity_analyzer - INFO - Loading 24-hour trade history for BTCUSDT
2024-11-29 03:23:00,584 - liquidity_analyzer - INFO - Retrieved 1000 trades within the last 24 hours
2024-11-29 03:23:00,591 - liquidity_analyzer - INFO - Successfully processed 1000 historical trades
2024-11-29 03:23:00,593 - liquidity_analyzer - WARNING - Found outdated trade data: 2024-11-27 20:52:53 UTC
2024-11-29 03:23:00,593 - liquidity_analyzer - ERROR - Historical data verification failed
2024-11-29 03:23:05,596 - liquidity_analyzer - INFO - Loading 24-hour trade history for BTCUSDT
2024-11-29 03:23:06,758 - liquidity_analyzer - INFO - Retrieved 1000 trades within the last 24 hours
2024-11-29 03:23:06,766 - liquidity_analyzer - INFO - Successfully processed 1000 historical trades
2024-11-29 03:23:06,767 - liquidity_analyzer - WARNING - Found outdated trade data: 2024-11-27 20:52:53 UTC
2024-11-29 03:23:06,767 - liquidity_analyzer - ERROR - Historical data verification failed
2024-11-29 03:23:11,769 - liquidity_analyzer - INFO - Loading 24-hour trade history for BTCUSDT
2024-11-29 03:23:13,183 - liquidity_analyzer - INFO - Retrieved 1000 trades within the last 24 hours
2024-11-29 03:23:13,194 - liquidity_analyzer - INFO - Successfully processed 1000 historical trades
2024-11-29 03:23:13,195 - liquidity_analyzer - WARNING - Found outdated trade data: 2024-11-27 20:52:53 UTC
2024-11-29 03:23:13,195 - liquidity_analyzer - ERROR - Historical data verification failed
2024-11-29 03:23:18,196 - liquidity_analyzer - INFO - Loading 24-hour trade history for BTCUSDT
2024-11-29 03:23:19,496 - liquidity_analyzer - INFO - Retrieved 1000 trades within the last 24 hours
2024-11-29 03:23:19,501 - liquidity_analyzer - INFO - Successfully processed 1000 historical trades
2024-11-29 03:23:19,503 - liquidity_analyzer - WARNING - Found outdated trade data: 2024-11-27 20:52:53 UTC
2024-11-29 03:23:19,503 - liquidity_analyzer - ERROR - Historical data verification failed
2024-11-29 03:23:24,504 - liquidity_analyzer - INFO - Loading 24-hour trade history for BTCUSDT
2024-11-29 03:23:25,651 - liquidity_analyzer - INFO - Retrieved 1000 trades within the last 24 hours
2024-11-29 03:23:25,660 - liquidity_analyzer - INFO - Successfully processed 1000 historical trades
2024-11-29 03:23:25,661 - liquidity_analyzer - WARNING - Found outdated trade data: 2024-11-27 20:52:53 UTC
2024-11-29 03:23:25,661 - liquidity_analyzer - ERROR - Historical data verification failed
2024-11-29 03:23:30,663 - liquidity_analyzer - INFO - Loading 24-hour trade history for BTCUSDT
2024-11-29 03:23:31,832 - liquidity_analyzer - INFO - Retrieved 1000 trades within the last 24 hours
2024-11-29 03:23:31,840 - liquidity_analyzer - INFO - Successfully processed 1000 historical trades
2024-11-29 03:23:31,842 - liquidity_analyzer - WARNING - Found outdated trade data: 2024-11-27 20:52:53 UTC
2024-11-29 03:23:31,842 - liquidity_analyzer - ERROR - Historical data verification failed
2024-11-29 03:23:36,844 - liquidity_analyzer - INFO - Loading 24-hour trade history for BTCUSDT
2024-11-29 03:23:37,992 - liquidity_analyzer - INFO - Retrieved 1000 trades within the last 24 hours
2024-11-29 03:23:37,995 - liquidity_analyzer - INFO - Successfully processed 1000 historical trades
2024-11-29 03:23:37,996 - liquidity_analyzer - WARNING - Found outdated trade data: 2024-11-27 20:52:53 UTC
2024-11-29 03:23:37,996 - liquidity_analyzer - ERROR - Historical data verification failed
2024-11-29 03:23:42,998 - liquidity_analyzer - INFO - Loading 24-hour trade history for BTCUSDT
2024-11-29 03:23:44,135 - liquidity_analyzer - INFO - Retrieved 1000 trades within the last 24 hours
2024-11-29 03:23:44,144 - liquidity_analyzer - INFO - Successfully processed 1000 historical trades
2024-11-29 03:23:44,146 - liquidity_analyzer - WARNING - Found outdated trade data: 2024-11-27 20:52:53 UTC
2024-11-29 03:23:44,146 - liquidity_analyzer - ERROR - Historical data verification failed
2024-11-29 03:23:49,147 - liquidity_analyzer - INFO - Loading 24-hour trade history for BTCUSDT
2024-11-29 03:23:50,400 - liquidity_analyzer - INFO - Retrieved 1000 trades within the last 24 hours
2024-11-29 03:23:50,405 - liquidity_analyzer - INFO - Successfully processed 1000 historical trades
2024-11-29 03:23:50,407 - liquidity_analyzer - WARNING - Found outdated trade data: 2024-11-27 20:52:53 UTC
2024-11-29 03:23:50,407 - liquidity_analyzer - ERROR - Historical data verification failed
